   [junit4] Suite: org.apache.lucene.codecs.simpletext.TestSimpleTextPostingsFormat
   [junit4]   2> лют 02, 2018 2:43:31 AM com.carrotsearch.randomizedtesting.RandomizedRunner$QueueUncaughtExceptionsHandler uncaughtException
   [junit4]   2> WARNING: Uncaught exception in thread: Thread[Thread-24,5,TGRP-TestSimpleTextPostingsFormat]
   [junit4]   2> java.lang.RuntimeException: java.lang.AssertionError: position is wrong expected:<0> but was:<-1>
   [junit4]   2> 	at __randomizedtesting.SeedInfo.seed([305C644F49CC26AA]:0)
   [junit4]   2> 	at org.apache.lucene.index.RandomPostingsTester$TestThread.run(RandomPostingsTester.java:1208)
   [junit4]   2> Caused by: java.lang.AssertionError: position is wrong expected:<0> but was:<-1>
   [junit4]   2> 	at org.junit.Assert.fail(Assert.java:93)
   [junit4]   2> 	at org.junit.Assert.failNotEquals(Assert.java:647)
   [junit4]   2> 	at org.junit.Assert.assertEquals(Assert.java:128)
   [junit4]   2> 	at org.junit.Assert.assertEquals(Assert.java:472)
   [junit4]   2> 	at org.apache.lucene.index.RandomPostingsTester.verifyEnum(RandomPostingsTester.java:1099)
   [junit4]   2> 	at org.apache.lucene.index.RandomPostingsTester.testTermsOneThread(RandomPostingsTester.java:1330)
   [junit4]   2> 	at org.apache.lucene.index.RandomPostingsTester.access$100(RandomPostingsTester.java:65)
   [junit4]   2> 	at org.apache.lucene.index.RandomPostingsTester$TestThread.run(RandomPostingsTester.java:1206)
   [junit4]   2> 
   [junit4]   2> лют 02, 2018 2:43:31 AM com.carrotsearch.randomizedtesting.RandomizedRunner$QueueUncaughtExceptionsHandler uncaughtException
   [junit4]   2> WARNING: Uncaught exception in thread: Thread[Thread-25,5,TGRP-TestSimpleTextPostingsFormat]
   [junit4]   2> java.lang.RuntimeException: java.lang.AssertionError: position is wrong expected:<0> but was:<-1>
   [junit4]   2> 	at __randomizedtesting.SeedInfo.seed([305C644F49CC26AA]:0)
   [junit4]   2> 	at org.apache.lucene.index.RandomPostingsTester$TestThread.run(RandomPostingsTester.java:1208)
   [junit4]   2> Caused by: java.lang.AssertionError: position is wrong expected:<0> but was:<-1>
   [junit4]   2> 	at org.junit.Assert.fail(Assert.java:93)
   [junit4]   2> 	at org.junit.Assert.failNotEquals(Assert.java:647)
   [junit4]   2> 	at org.junit.Assert.assertEquals(Assert.java:128)
   [junit4]   2> 	at org.junit.Assert.assertEquals(Assert.java:472)
   [junit4]   2> 	at org.apache.lucene.index.RandomPostingsTester.verifyEnum(RandomPostingsTester.java:1099)
   [junit4]   2> 	at org.apache.lucene.index.RandomPostingsTester.testTermsOneThread(RandomPostingsTester.java:1330)
   [junit4]   2> 	at org.apache.lucene.index.RandomPostingsTester.access$100(RandomPostingsTester.java:65)
   [junit4]   2> 	at org.apache.lucene.index.RandomPostingsTester$TestThread.run(RandomPostingsTester.java:1206)
   [junit4]   2> 
   [junit4]   2> лют 02, 2018 2:43:33 AM com.carrotsearch.randomizedtesting.RandomizedRunner$QueueUncaughtExceptionsHandler uncaughtException
   [junit4]   2> WARNING: Uncaught exception in thread: Thread[Thread-23,5,TGRP-TestSimpleTextPostingsFormat]
   [junit4]   2> java.lang.RuntimeException: java.lang.AssertionError: position is wrong expected:<4> but was:<-1>
   [junit4]   2> 	at __randomizedtesting.SeedInfo.seed([305C644F49CC26AA]:0)
   [junit4]   2> 	at org.apache.lucene.index.RandomPostingsTester$TestThread.run(RandomPostingsTester.java:1208)
   [junit4]   2> Caused by: java.lang.AssertionError: position is wrong expected:<4> but was:<-1>
   [junit4]   2> 	at org.junit.Assert.fail(Assert.java:93)
   [junit4]   2> 	at org.junit.Assert.failNotEquals(Assert.java:647)
   [junit4]   2> 	at org.junit.Assert.assertEquals(Assert.java:128)
   [junit4]   2> 	at org.junit.Assert.assertEquals(Assert.java:472)
   [junit4]   2> 	at org.apache.lucene.index.RandomPostingsTester.verifyEnum(RandomPostingsTester.java:1099)
   [junit4]   2> 	at org.apache.lucene.index.RandomPostingsTester.testTermsOneThread(RandomPostingsTester.java:1330)
   [junit4]   2> 	at org.apache.lucene.index.RandomPostingsTester.access$100(RandomPostingsTester.java:65)
   [junit4]   2> 	at org.apache.lucene.index.RandomPostingsTester$TestThread.run(RandomPostingsTester.java:1206)
   [junit4]   2> 
   [junit4]   2> лют 02, 2018 2:43:33 AM com.carrotsearch.randomizedtesting.RandomizedRunner$QueueUncaughtExceptionsHandler uncaughtException
   [junit4]   2> WARNING: Uncaught exception in thread: Thread[Thread-27,5,TGRP-TestSimpleTextPostingsFormat]
   [junit4]   2> java.lang.RuntimeException: java.lang.AssertionError: position is wrong expected:<0> but was:<-1>
   [junit4]   2> 	at __randomizedtesting.SeedInfo.seed([305C644F49CC26AA]:0)
   [junit4]   2> 	at org.apache.lucene.index.RandomPostingsTester$TestThread.run(RandomPostingsTester.java:1208)
   [junit4]   2> Caused by: java.lang.AssertionError: position is wrong expected:<0> but was:<-1>
   [junit4]   2> 	at org.junit.Assert.fail(Assert.java:93)
   [junit4]   2> 	at org.junit.Assert.failNotEquals(Assert.java:647)
   [junit4]   2> 	at org.junit.Assert.assertEquals(Assert.java:128)
   [junit4]   2> 	at org.junit.Assert.assertEquals(Assert.java:472)
   [junit4]   2> 	at org.apache.lucene.index.RandomPostingsTester.verifyEnum(RandomPostingsTester.java:1099)
   [junit4]   2> 	at org.apache.lucene.index.RandomPostingsTester.testTermsOneThread(RandomPostingsTester.java:1330)
   [junit4]   2> 	at org.apache.lucene.index.RandomPostingsTester.access$100(RandomPostingsTester.java:65)
   [junit4]   2> 	at org.apache.lucene.index.RandomPostingsTester$TestThread.run(RandomPostingsTester.java:1206)
   [junit4]   2> 
   [junit4]   2> лют 02, 2018 2:43:33 AM com.carrotsearch.randomizedtesting.RandomizedRunner$QueueUncaughtExceptionsHandler uncaughtException
   [junit4]   2> WARNING: Uncaught exception in thread: Thread[Thread-28,5,TGRP-TestSimpleTextPostingsFormat]
   [junit4]   2> java.lang.RuntimeException: java.lang.AssertionError: position is wrong expected:<60> but was:<-1>
   [junit4]   2> 	at __randomizedtesting.SeedInfo.seed([305C644F49CC26AA]:0)
   [junit4]   2> 	at org.apache.lucene.index.RandomPostingsTester$TestThread.run(RandomPostingsTester.java:1208)
   [junit4]   2> Caused by: java.lang.AssertionError: position is wrong expected:<60> but was:<-1>
   [junit4]   2> 	at org.junit.Assert.fail(Assert.java:93)
   [junit4]   2> 	at org.junit.Assert.failNotEquals(Assert.java:647)
   [junit4]   2> 	at org.junit.Assert.assertEquals(Assert.java:128)
   [junit4]   2> 	at org.junit.Assert.assertEquals(Assert.java:472)
   [junit4]   2> 	at org.apache.lucene.index.RandomPostingsTester.verifyEnum(RandomPostingsTester.java:1099)
   [junit4]   2> 	at org.apache.lucene.index.RandomPostingsTester.testTermsOneThread(RandomPostingsTester.java:1330)
   [junit4]   2> 	at org.apache.lucene.index.RandomPostingsTester.access$100(RandomPostingsTester.java:65)
   [junit4]   2> 	at org.apache.lucene.index.RandomPostingsTester$TestThread.run(RandomPostingsTester.java:1206)
   [junit4]   2> 
   [junit4]   2> лют 02, 2018 2:43:33 AM com.carrotsearch.randomizedtesting.RandomizedRunner$QueueUncaughtExceptionsHandler uncaughtException
   [junit4]   2> WARNING: Uncaught exception in thread: Thread[Thread-26,5,TGRP-TestSimpleTextPostingsFormat]
   [junit4]   2> java.lang.RuntimeException: java.lang.AssertionError: position is wrong expected:<2> but was:<-1>
   [junit4]   2> 	at __randomizedtesting.SeedInfo.seed([305C644F49CC26AA]:0)
   [junit4]   2> 	at org.apache.lucene.index.RandomPostingsTester$TestThread.run(RandomPostingsTester.java:1208)
   [junit4]   2> Caused by: java.lang.AssertionError: position is wrong expected:<2> but was:<-1>
   [junit4]   2> 	at org.junit.Assert.fail(Assert.java:93)
   [junit4]   2> 	at org.junit.Assert.failNotEquals(Assert.java:647)
   [junit4]   2> 	at org.junit.Assert.assertEquals(Assert.java:128)
   [junit4]   2> 	at org.junit.Assert.assertEquals(Assert.java:472)
   [junit4]   2> 	at org.apache.lucene.index.RandomPostingsTester.verifyEnum(RandomPostingsTester.java:1099)
   [junit4]   2> 	at org.apache.lucene.index.RandomPostingsTester.testTermsOneThread(RandomPostingsTester.java:1330)
   [junit4]   2> 	at org.apache.lucene.index.RandomPostingsTester.access$100(RandomPostingsTester.java:65)
   [junit4]   2> 	at org.apache.lucene.index.RandomPostingsTester$TestThread.run(RandomPostingsTester.java:1206)
   [junit4]   2> 
   [junit4]   2> лют 02, 2018 2:43:33 AM com.carrotsearch.randomizedtesting.RandomizedRunner$QueueUncaughtExceptionsHandler uncaughtException
   [junit4]   2> WARNING: Uncaught exception in thread: Thread[Thread-29,5,TGRP-TestSimpleTextPostingsFormat]
   [junit4]   2> java.lang.RuntimeException: java.lang.AssertionError: position is wrong expected:<0> but was:<-1>
   [junit4]   2> 	at __randomizedtesting.SeedInfo.seed([305C644F49CC26AA]:0)
   [junit4]   2> 	at org.apache.lucene.index.RandomPostingsTester$TestThread.run(RandomPostingsTester.java:1208)
   [junit4]   2> Caused by: java.lang.AssertionError: position is wrong expected:<0> but was:<-1>
   [junit4]   2> 	at org.junit.Assert.fail(Assert.java:93)
   [junit4]   2> 	at org.junit.Assert.failNotEquals(Assert.java:647)
   [junit4]   2> 	at org.junit.Assert.assertEquals(Assert.java:128)
   [junit4]   2> 	at org.junit.Assert.assertEquals(Assert.java:472)
   [junit4]   2> 	at org.apache.lucene.index.RandomPostingsTester.verifyEnum(RandomPostingsTester.java:1099)
   [junit4]   2> 	at org.apache.lucene.index.RandomPostingsTester.testTermsOneThread(RandomPostingsTester.java:1330)
   [junit4]   2> 	at org.apache.lucene.index.RandomPostingsTester.access$100(RandomPostingsTester.java:65)
   [junit4]   2> 	at org.apache.lucene.index.RandomPostingsTester$TestThread.run(RandomPostingsTester.java:1206)
   [junit4]   2> 
   [junit4]   2> лют 02, 2018 2:43:33 AM com.carrotsearch.randomizedtesting.RandomizedRunner$QueueUncaughtExceptionsHandler uncaughtException
   [junit4]   2> WARNING: Uncaught exception in thread: Thread[Thread-30,5,TGRP-TestSimpleTextPostingsFormat]
   [junit4]   2> java.lang.RuntimeException: java.lang.AssertionError: position is wrong expected:<0> but was:<-1>
   [junit4]   2> 	at __randomizedtesting.SeedInfo.seed([305C644F49CC26AA]:0)
   [junit4]   2> 	at org.apache.lucene.index.RandomPostingsTester$TestThread.run(RandomPostingsTester.java:1208)
   [junit4]   2> Caused by: java.lang.AssertionError: position is wrong expected:<0> but was:<-1>
   [junit4]   2> 	at org.junit.Assert.fail(Assert.java:93)
   [junit4]   2> 	at org.junit.Assert.failNotEquals(Assert.java:647)
   [junit4]   2> 	at org.junit.Assert.assertEquals(Assert.java:128)
   [junit4]   2> 	at org.junit.Assert.assertEquals(Assert.java:472)
   [junit4]   2> 	at org.apache.lucene.index.RandomPostingsTester.verifyEnum(RandomPostingsTester.java:1099)
   [junit4]   2> 	at org.apache.lucene.index.RandomPostingsTester.testTermsOneThread(RandomPostingsTester.java:1330)
   [junit4]   2> 	at org.apache.lucene.index.RandomPostingsTester.access$100(RandomPostingsTester.java:65)
   [junit4]   2> 	at org.apache.lucene.index.RandomPostingsTester$TestThread.run(RandomPostingsTester.java:1206)
   [junit4]   2> 
   [junit4]   2> лют 02, 2018 2:43:33 AM com.carrotsearch.randomizedtesting.RandomizedRunner$QueueUncaughtExceptionsHandler uncaughtException
   [junit4]   2> WARNING: Uncaught exception in thread: Thread[Thread-31,5,TGRP-TestSimpleTextPostingsFormat]
   [junit4]   2> java.lang.RuntimeException: java.lang.AssertionError: position is wrong expected:<0> but was:<-1>
   [junit4]   2> 	at __randomizedtesting.SeedInfo.seed([305C644F49CC26AA]:0)
   [junit4]   2> 	at org.apache.lucene.index.RandomPostingsTester$TestThread.run(RandomPostingsTester.java:1208)
   [junit4]   2> Caused by: java.lang.AssertionError: position is wrong expected:<0> but was:<-1>
   [junit4]   2> 	at org.junit.Assert.fail(Assert.java:93)
   [junit4]   2> 	at org.junit.Assert.failNotEquals(Assert.java:647)
   [junit4]   2> 	at org.junit.Assert.assertEquals(Assert.java:128)
   [junit4]   2> 	at org.junit.Assert.assertEquals(Assert.java:472)
   [junit4]   2> 	at org.apache.lucene.index.RandomPostingsTester.verifyEnum(RandomPostingsTester.java:1099)
   [junit4]   2> 	at org.apache.lucene.index.RandomPostingsTester.testTermsOneThread(RandomPostingsTester.java:1330)
   [junit4]   2> 	at org.apache.lucene.index.RandomPostingsTester.access$100(RandomPostingsTester.java:65)
   [junit4]   2> 	at org.apache.lucene.index.RandomPostingsTester$TestThread.run(RandomPostingsTester.java:1206)
   [junit4]   2> 
   [junit4]   2> лют 02, 2018 2:43:33 AM com.carrotsearch.randomizedtesting.RandomizedRunner$QueueUncaughtExceptionsHandler uncaughtException
   [junit4]   2> WARNING: Uncaught exception in thread: Thread[Thread-33,5,TGRP-TestSimpleTextPostingsFormat]
   [junit4]   2> java.lang.RuntimeException: java.lang.AssertionError: position is wrong expected:<0> but was:<-1>
   [junit4]   2> 	at __randomizedtesting.SeedInfo.seed([305C644F49CC26AA]:0)
   [junit4]   2> 	at org.apache.lucene.index.RandomPostingsTester$TestThread.run(RandomPostingsTester.java:1208)
   [junit4]   2> Caused by: java.lang.AssertionError: position is wrong expected:<0> but was:<-1>
   [junit4]   2> 	at org.junit.Assert.fail(Assert.java:93)
   [junit4]   2> 	at org.junit.Assert.failNotEquals(Assert.java:647)
   [junit4]   2> 	at org.junit.Assert.assertEquals(Assert.java:128)
   [junit4]   2> 	at org.junit.Assert.assertEquals(Assert.java:472)
   [junit4]   2> 	at org.apache.lucene.index.RandomPostingsTester.verifyEnum(RandomPostingsTester.java:1099)
   [junit4]   2> 	at org.apache.lucene.index.RandomPostingsTester.testTermsOneThread(RandomPostingsTester.java:1330)
   [junit4]   2> 	at org.apache.lucene.index.RandomPostingsTester.access$100(RandomPostingsTester.java:65)
   [junit4]   2> 	at org.apache.lucene.index.RandomPostingsTester$TestThread.run(RandomPostingsTester.java:1206)
   [junit4]   2> 
   [junit4]   2> лют 02, 2018 2:43:33 AM com.carrotsearch.randomizedtesting.RandomizedRunner$QueueUncaughtExceptionsHandler uncaughtException
   [junit4]   2> WARNING: Uncaught exception in thread: Thread[Thread-32,5,TGRP-TestSimpleTextPostingsFormat]
   [junit4]   2> java.lang.RuntimeException: java.lang.AssertionError: position is wrong expected:<0> but was:<-1>
   [junit4]   2> 	at __randomizedtesting.SeedInfo.seed([305C644F49CC26AA]:0)
   [junit4]   2> 	at org.apache.lucene.index.RandomPostingsTester$TestThread.run(RandomPostingsTester.java:1208)
   [junit4]   2> Caused by: java.lang.AssertionError: position is wrong expected:<0> but was:<-1>
   [junit4]   2> 	at org.junit.Assert.fail(Assert.java:93)
   [junit4]   2> 	at org.junit.Assert.failNotEquals(Assert.java:647)
   [junit4]   2> 	at org.junit.Assert.assertEquals(Assert.java:128)
   [junit4]   2> 	at org.junit.Assert.assertEquals(Assert.java:472)
   [junit4]   2> 	at org.apache.lucene.index.RandomPostingsTester.verifyEnum(RandomPostingsTester.java:1099)
   [junit4]   2> 	at org.apache.lucene.index.RandomPostingsTester.testTermsOneThread(RandomPostingsTester.java:1330)
   [junit4]   2> 	at org.apache.lucene.index.RandomPostingsTester.access$100(RandomPostingsTester.java:65)
   [junit4]   2> 	at org.apache.lucene.index.RandomPostingsTester$TestThread.run(RandomPostingsTester.java:1206)
   [junit4]   2> 
   [junit4]   2> NOTE: download the large Jenkins line-docs file by running 'ant get-jenkins-line-docs' in the lucene directory.
   [junit4]   2> NOTE: reproduce with: ant test  -Dtestcase=TestSimpleTextPostingsFormat -Dtests.method=testDocsAndFreqsAndPositionsAndOffsetsAndPayloads -Dtests.seed=305C644F49CC26AA -Dtests.multiplier=2 -Dtests.nightly=true -Dtests.slow=true -Dtests.linedocsfile=/home/jenkins/jenkins-slave/workspace/Lucene-Solr-NightlyTests-master/test-data/enwiki.random.lines.txt -Dtests.locale=be -Dtests.timezone=Asia/Tokyo -Dtests.asserts=true -Dtests.file.encoding=UTF-8
   [junit4] ERROR   1337s J2 | TestSimpleTextPostingsFormat.testDocsAndFreqsAndPositionsAndOffsetsAndPayloads <<<
   [junit4]    > Throwable #1: com.carrotsearch.randomizedtesting.UncaughtExceptionError: Captured an uncaught exception in thread: Thread[id=36, name=Thread-24, state=RUNNABLE, group=TGRP-TestSimpleTextPostingsFormat]
   [junit4]    > Caused by: java.lang.RuntimeException: java.lang.AssertionError: position is wrong expected:<0> but was:<-1>
   [junit4]    > 	at __randomizedtesting.SeedInfo.seed([305C644F49CC26AA]:0)
   [junit4]    > 	at org.apache.lucene.index.RandomPostingsTester$TestThread.run(RandomPostingsTester.java:1208)
   [junit4]    > Caused by: java.lang.AssertionError: position is wrong expected:<0> but was:<-1>
   [junit4]    > 	at org.apache.lucene.index.RandomPostingsTester.verifyEnum(RandomPostingsTester.java:1099)
   [junit4]    > 	at org.apache.lucene.index.RandomPostingsTester.testTermsOneThread(RandomPostingsTester.java:1330)
   [junit4]    > 	at org.apache.lucene.index.RandomPostingsTester.access$100(RandomPostingsTester.java:65)
   [junit4]    > 	at org.apache.lucene.index.RandomPostingsTester$TestThread.run(RandomPostingsTester.java:1206)Throwable #2: com.carrotsearch.randomizedtesting.UncaughtExceptionError: Captured an uncaught exception in thread: Thread[id=37, name=Thread-25, state=RUNNABLE, group=TGRP-TestSimpleTextPostingsFormat]
   [junit4]    > Caused by: java.lang.RuntimeException: java.lang.AssertionError: position is wrong expected:<0> but was:<-1>
   [junit4]    > 	at __randomizedtesting.SeedInfo.seed([305C644F49CC26AA]:0)
   [junit4]    > 	at org.apache.lucene.index.RandomPostingsTester$TestThread.run(RandomPostingsTester.java:1208)
   [junit4]    > Caused by: java.lang.AssertionError: position is wrong expected:<0> but was:<-1>
   [junit4]    > 	at org.apache.lucene.index.RandomPostingsTester.verifyEnum(RandomPostingsTester.java:1099)
   [junit4]    > 	at org.apache.lucene.index.RandomPostingsTester.testTermsOneThread(RandomPostingsTester.java:1330)
   [junit4]    > 	at org.apache.lucene.index.RandomPostingsTester.access$100(RandomPostingsTester.java:65)
   [junit4]    > 	at org.apache.lucene.index.RandomPostingsTester$TestThread.run(RandomPostingsTester.java:1206)Throwable #3: com.carrotsearch.randomizedtesting.UncaughtExceptionError: Captured an uncaught exception in thread: Thread[id=35, name=Thread-23, state=RUNNABLE, group=TGRP-TestSimpleTextPostingsFormat]
   [junit4]    > Caused by: java.lang.RuntimeException: java.lang.AssertionError: position is wrong expected:<4> but was:<-1>
   [junit4]    > 	at __randomizedtesting.SeedInfo.seed([305C644F49CC26AA]:0)
   [junit4]    > 	at org.apache.lucene.index.RandomPostingsTester$TestThread.run(RandomPostingsTester.java:1208)
   [junit4]    > Caused by: java.lang.AssertionError: position is wrong expected:<4> but was:<-1>
   [junit4]    > 	at org.apache.lucene.index.RandomPostingsTester.verifyEnum(RandomPostingsTester.java:1099)
   [junit4]    > 	at org.apache.lucene.index.RandomPostingsTester.testTermsOneThread(RandomPostingsTester.java:1330)
   [junit4]    > 	at org.apache.lucene.index.RandomPostingsTester.access$100(RandomPostingsTester.java:65)
   [junit4]    > 	at org.apache.lucene.index.RandomPostingsTester$TestThread.run(RandomPostingsTester.java:1206)Throwable #4: com.carrotsearch.randomizedtesting.UncaughtExceptionError: Captured an uncaught exception in thread: Thread[id=39, name=Thread-27, state=RUNNABLE, group=TGRP-TestSimpleTextPostingsFormat]
   [junit4]    > Caused by: java.lang.RuntimeException: java.lang.AssertionError: position is wrong expected:<0> but was:<-1>
   [junit4]    > 	at __randomizedtesting.SeedInfo.seed([305C644F49CC26AA]:0)
   [junit4]    > 	at org.apache.lucene.index.RandomPostingsTester$TestThread.run(RandomPostingsTester.java:1208)
   [junit4]    > Caused by: java.lang.AssertionError: position is wrong expected:<0> but was:<-1>
   [junit4]    > 	at org.apache.lucene.index.RandomPostingsTester.verifyEnum(RandomPostingsTester.java:1099)
   [junit4]    > 	at org.apache.lucene.index.RandomPostingsTester.testTermsOneThread(RandomPostingsTester.java:1330)
   [junit4]    > 	at org.apache.lucene.index.RandomPostingsTester.access$100(RandomPostingsTester.java:65)
   [junit4]    > 	at org.apache.lucene.index.RandomPostingsTester$TestThread.run(RandomPostingsTester.java:1206)Throwable #5: com.carrotsearch.randomizedtesting.UncaughtExceptionError: Captured an uncaught exception in thread: Thread[id=40, name=Thread-28, state=RUNNABLE, group=TGRP-TestSimpleTextPostingsFormat]
   [junit4]    > Caused by: java.lang.RuntimeException: java.lang.AssertionError: position is wrong expected:<60> but was:<-1>
   [junit4]    > 	at __randomizedtesting.SeedInfo.seed([305C644F49CC26AA]:0)
   [junit4]    > 	at org.apache.lucene.index.RandomPostingsTester$TestThread.run(RandomPostingsTester.java:1208)
   [junit4]    > Caused by: java.lang.AssertionError: position is wrong expected:<60> but was:<-1>
   [junit4]    > 	at org.apache.lucene.index.RandomPostingsTester.verifyEnum(RandomPostingsTester.java:1099)
   [junit4]    > 	at org.apache.lucene.index.RandomPostingsTester.testTermsOneThread(RandomPostingsTester.java:1330)
   [junit4]    > 	at org.apache.lucene.index.RandomPostingsTester.access$100(RandomPostingsTester.java:65)
   [junit4]    > 	at org.apache.lucene.index.RandomPostingsTester$TestThread.run(RandomPostingsTester.java:1206)Throwable #6: com.carrotsearch.randomizedtesting.UncaughtExceptionError: Captured an uncaught exception in thread: Thread[id=38, name=Thread-26, state=RUNNABLE, group=TGRP-TestSimpleTextPostingsFormat]
   [junit4]    > Caused by: java.lang.RuntimeException: java.lang.AssertionError: position is wrong expected:<2> but was:<-1>
   [junit4]    > 	at __randomizedtesting.SeedInfo.seed([305C644F49CC26AA]:0)
   [junit4]    > 	at org.apache.lucene.index.RandomPostingsTester$TestThread.run(RandomPostingsTester.java:1208)
   [junit4]    > Caused by: java.lang.AssertionError: position is wrong expected:<2> but was:<-1>
   [junit4]    > 	at org.apache.lucene.index.RandomPostingsTester.verifyEnum(RandomPostingsTester.java:1099)
   [junit4]    > 	at org.apache.lucene.index.RandomPostingsTester.testTermsOneThread(RandomPostingsTester.java:1330)
   [junit4]    > 	at org.apache.lucene.index.RandomPostingsTester.access$100(RandomPostingsTester.java:65)
   [junit4]    > 	at org.apache.lucene.index.RandomPostingsTester$TestThread.run(RandomPostingsTester.java:1206)Throwable #7: com.carrotsearch.randomizedtesting.UncaughtExceptionError: Captured an uncaught exception in thread: Thread[id=41, name=Thread-29, state=RUNNABLE, group=TGRP-TestSimpleTextPostingsFormat]
   [junit4]    > Caused by: java.lang.RuntimeException: java.lang.AssertionError: position is wrong expected:<0> but was:<-1>
   [junit4]    > 	at __randomizedtesting.SeedInfo.seed([305C644F49CC26AA]:0)
   [junit4]    > 	at org.apache.lucene.index.RandomPostingsTester$TestThread.run(RandomPostingsTester.java:1208)
   [junit4]    > Caused by: java.lang.AssertionError: position is wrong expected:<0> but was:<-1>
   [junit4]    > 	at org.apache.lucene.index.RandomPostingsTester.verifyEnum(RandomPostingsTester.java:1099)
   [junit4]    > 	at org.apache.lucene.index.RandomPostingsTester.testTermsOneThread(RandomPostingsTester.java:1330)
   [junit4]    > 	at org.apache.lucene.index.RandomPostingsTester.access$100(RandomPostingsTester.java:65)
   [junit4]    > 	at org.apache.lucene.index.RandomPostingsTester$TestThread.run(RandomPostingsTester.java:1206)Throwable #8: com.carrotsearch.randomizedtesting.UncaughtExceptionError: Captured an uncaught exception in thread: Thread[id=42, name=Thread-30, state=RUNNABLE, group=TGRP-TestSimpleTextPostingsFormat]
   [junit4]    > Caused by: java.lang.RuntimeException: java.lang.AssertionError: position is wrong expected:<0> but was:<-1>
   [junit4]    > 	at __randomizedtesting.SeedInfo.seed([305C644F49CC26AA]:0)
   [junit4]    > 	at org.apache.lucene.index.RandomPostingsTester$TestThread.run(RandomPostingsTester.java:1208)
   [junit4]    > Caused by: java.lang.AssertionError: position is wrong expected:<0> but was:<-1>
   [junit4]    > 	at org.apache.lucene.index.RandomPostingsTester.verifyEnum(RandomPostingsTester.java:1099)
   [junit4]    > 	at org.apache.lucene.index.RandomPostingsTester.testTermsOneThread(RandomPostingsTester.java:1330)
   [junit4]    > 	at org.apache.lucene.index.RandomPostingsTester.access$100(RandomPostingsTester.java:65)
   [junit4]    > 	at org.apache.lucene.index.RandomPostingsTester$TestThread.run(RandomPostingsTester.java:1206)Throwable #9: com.carrotsearch.randomizedtesting.UncaughtExceptionError: Captured an uncaught exception in thread: Thread[id=43, name=Thread-31, state=RUNNABLE, group=TGRP-TestSimpleTextPostingsFormat]
   [junit4]    > Caused by: java.lang.RuntimeException: java.lang.AssertionError: position is wrong expected:<0> but was:<-1>
   [junit4]    > 	at __randomizedtesting.SeedInfo.seed([305C644F49CC26AA]:0)
   [junit4]    > 	at org.apache.lucene.index.RandomPostingsTester$TestThread.run(RandomPostingsTester.java:1208)
   [junit4]    > Caused by: java.lang.AssertionError: position is wrong expected:<0> but was:<-1>
   [junit4]    > 	at org.apache.lucene.index.RandomPostingsTester.verifyEnum(RandomPostingsTester.java:1099)
   [junit4]    > 	at org.apache.lucene.index.RandomPostingsTester.testTermsOneThread(RandomPostingsTester.java:1330)
   [junit4]    > 	at org.apache.lucene.index.RandomPostingsTester.access$100(RandomPostingsTester.java:65)
   [junit4]    > 	at org.apache.lucene.index.RandomPostingsTester$TestThread.run(RandomPostingsTester.java:1206)Throwable #10: com.carrotsearch.randomizedtesting.UncaughtExceptionError: Captured an uncaught exception in thread: Thread[id=45, name=Thread-33, state=RUNNABLE, group=TGRP-TestSimpleTextPostingsFormat]
   [junit4]    > Caused by: java.lang.RuntimeException: java.lang.AssertionError: position is wrong expected:<0> but was:<-1>
   [junit4]    > 	at __randomizedtesting.SeedInfo.seed([305C644F49CC26AA]:0)
   [junit4]    > 	at org.apache.lucene.index.RandomPostingsTester$TestThread.run(RandomPostingsTester.java:1208)
   [junit4]    > Caused by: java.lang.AssertionError: position is wrong expected:<0> but was:<-1>
   [junit4]    > 	at org.apache.lucene.index.RandomPostingsTester.verifyEnum(RandomPostingsTester.java:1099)
   [junit4]    > 	at org.apache.lucene.index.RandomPostingsTester.testTermsOneThread(RandomPostingsTester.java:1330)
   [junit4]    > 	at org.apache.lucene.index.RandomPostingsTester.access$100(RandomPostingsTester.java:65)
   [junit4]    > 	at org.apache.lucene.index.RandomPostingsTester$TestThread.run(RandomPostingsTester.java:1206)Throwable #11: com.carrotsearch.randomizedtesting.UncaughtExceptionError: Captured an uncaught exception in thread: Thread[id=44, name=Thread-32, state=RUNNABLE, group=TGRP-TestSimpleTextPostingsFormat]
   [junit4]    > Caused by: java.lang.RuntimeException: java.lang.AssertionError: position is wrong expected:<0> but was:<-1>
   [junit4]    > 	at __randomizedtesting.SeedInfo.seed([305C644F49CC26AA]:0)
   [junit4]    > 	at org.apache.lucene.index.RandomPostingsTester$TestThread.run(RandomPostingsTester.java:1208)
   [junit4]    > Caused by: java.lang.AssertionError: position is wrong expected:<0> but was:<-1>
   [junit4]    > 	at org.apache.lucene.index.RandomPostingsTester.verifyEnum(RandomPostingsTester.java:1099)
   [junit4]    > 	at org.apache.lucene.index.RandomPostingsTester.testTermsOneThread(RandomPostingsTester.java:1330)
   [junit4]    > 	at org.apache.lucene.index.RandomPostingsTester.access$100(RandomPostingsTester.java:65)
   [junit4]    > 	at org.apache.lucene.index.RandomPostingsTester$TestThread.run(RandomPostingsTester.java:1206)
   [junit4]   2> лют 02, 2018 2:52:13 AM com.carrotsearch.randomizedtesting.RandomizedRunner$QueueUncaughtExceptionsHandler uncaughtException
   [junit4]   2> WARNING: Uncaught exception in thread: Thread[Thread-45,5,TGRP-TestSimpleTextPostingsFormat]
   [junit4]   2> java.lang.RuntimeException: java.lang.AssertionError: position is wrong expected:<2> but was:<-1>
   [junit4]   2> 	at __randomizedtesting.SeedInfo.seed([305C644F49CC26AA]:0)
   [junit4]   2> 	at org.apache.lucene.index.RandomPostingsTester$TestThread.run(RandomPostingsTester.java:1208)
   [junit4]   2> Caused by: java.lang.AssertionError: position is wrong expected:<2> but was:<-1>
   [junit4]   2> 	at org.junit.Assert.fail(Assert.java:93)
   [junit4]   2> 	at org.junit.Assert.failNotEquals(Assert.java:647)
   [junit4]   2> 	at org.junit.Assert.assertEquals(Assert.java:128)
   [junit4]   2> 	at org.junit.Assert.assertEquals(Assert.java:472)
   [junit4]   2> 	at org.apache.lucene.index.RandomPostingsTester.verifyEnum(RandomPostingsTester.java:1099)
   [junit4]   2> 	at org.apache.lucene.index.RandomPostingsTester.testTermsOneThread(RandomPostingsTester.java:1330)
   [junit4]   2> 	at org.apache.lucene.index.RandomPostingsTester.access$100(RandomPostingsTester.java:65)
   [junit4]   2> 	at org.apache.lucene.index.RandomPostingsTester$TestThread.run(RandomPostingsTester.java:1206)
   [junit4]   2> 
   [junit4]   2> лют 02, 2018 2:52:13 AM com.carrotsearch.randomizedtesting.RandomizedRunner$QueueUncaughtExceptionsHandler uncaughtException
   [junit4]   2> WARNING: Uncaught exception in thread: Thread[Thread-46,5,TGRP-TestSimpleTextPostingsFormat]
   [junit4]   2> java.lang.RuntimeException: java.lang.AssertionError: position is wrong expected:<0> but was:<-1>
   [junit4]   2> 	at __randomizedtesting.SeedInfo.seed([305C644F49CC26AA]:0)
   [junit4]   2> 	at org.apache.lucene.index.RandomPostingsTester$TestThread.run(RandomPostingsTester.java:1208)
   [junit4]   2> Caused by: java.lang.AssertionError: position is wrong expected:<0> but was:<-1>
   [junit4]   2> 	at org.junit.Assert.fail(Assert.java:93)
   [junit4]   2> 	at org.junit.Assert.failNotEquals(Assert.java:647)
   [junit4]   2> 	at org.junit.Assert.assertEquals(Assert.java:128)
   [junit4]   2> 	at org.junit.Assert.assertEquals(Assert.java:472)
   [junit4]   2> 	at org.apache.lucene.index.RandomPostingsTester.verifyEnum(RandomPostingsTester.java:1099)
   [junit4]   2> 	at org.apache.lucene.index.RandomPostingsTester.testTermsOneThread(RandomPostingsTester.java:1330)
   [junit4]   2> 	at org.apache.lucene.index.RandomPostingsTester.access$100(RandomPostingsTester.java:65)
   [junit4]   2> 	at org.apache.lucene.index.RandomPostingsTester$TestThread.run(RandomPostingsTester.java:1206)
   [junit4]   2> 
   [junit4]   2> лют 02, 2018 2:52:13 AM com.carrotsearch.randomizedtesting.RandomizedRunner$QueueUncaughtExceptionsHandler uncaughtException
   [junit4]   2> WARNING: Uncaught exception in thread: Thread[Thread-47,5,TGRP-TestSimpleTextPostingsFormat]
   [junit4]   2> java.lang.RuntimeException: java.lang.AssertionError: position is wrong expected:<0> but was:<-1>
   [junit4]   2> 	at __randomizedtesting.SeedInfo.seed([305C644F49CC26AA]:0)
   [junit4]   2> 	at org.apache.lucene.index.RandomPostingsTester$TestThread.run(RandomPostingsTester.java:1208)
   [junit4]   2> Caused by: java.lang.AssertionError: position is wrong expected:<0> but was:<-1>
   [junit4]   2> 	at org.junit.Assert.fail(Assert.java:93)
   [junit4]   2> 	at org.junit.Assert.failNotEquals(Assert.java:647)
   [junit4]   2> 	at org.junit.Assert.assertEquals(Assert.java:128)
   [junit4]   2> 	at org.junit.Assert.assertEquals(Assert.java:472)
   [junit4]   2> 	at org.apache.lucene.index.RandomPostingsTester.verifyEnum(RandomPostingsTester.java:1099)
   [junit4]   2> 	at org.apache.lucene.index.RandomPostingsTester.testTermsOneThread(RandomPostingsTester.java:1330)
   [junit4]   2> 	at org.apache.lucene.index.RandomPostingsTester.access$100(RandomPostingsTester.java:65)
   [junit4]   2> 	at org.apache.lucene.index.RandomPostingsTester$TestThread.run(RandomPostingsTester.java:1206)
   [junit4]   2> 
   [junit4]   2> лют 02, 2018 2:52:13 AM com.carrotsearch.randomizedtesting.RandomizedRunner$QueueUncaughtExceptionsHandler uncaughtException
   [junit4]   2> WARNING: Uncaught exception in thread: Thread[Thread-48,5,TGRP-TestSimpleTextPostingsFormat]
   [junit4]   2> java.lang.RuntimeException: java.lang.AssertionError: position is wrong expected:<0> but was:<-1>
   [junit4]   2> 	at __randomizedtesting.SeedInfo.seed([305C644F49CC26AA]:0)
   [junit4]   2> 	at org.apache.lucene.index.RandomPostingsTester$TestThread.run(RandomPostingsTester.java:1208)
   [junit4]   2> Caused by: java.lang.AssertionError: position is wrong expected:<0> but was:<-1>
   [junit4]   2> 	at org.junit.Assert.fail(Assert.java:93)
   [junit4]   2> 	at org.junit.Assert.failNotEquals(Assert.java:647)
   [junit4]   2> 	at org.junit.Assert.assertEquals(Assert.java:128)
   [junit4]   2> 	at org.junit.Assert.assertEquals(Assert.java:472)
   [junit4]   2> 	at org.apache.lucene.index.RandomPostingsTester.verifyEnum(RandomPostingsTester.java:1099)
   [junit4]   2> 	at org.apache.lucene.index.RandomPostingsTester.testTermsOneThread(RandomPostingsTester.java:1330)
   [junit4]   2> 	at org.apache.lucene.index.RandomPostingsTester.access$100(RandomPostingsTester.java:65)
   [junit4]   2> 	at org.apache.lucene.index.RandomPostingsTester$TestThread.run(RandomPostingsTester.java:1206)
   [junit4]   2> 
   [junit4]   2> лют 02, 2018 2:52:13 AM com.carrotsearch.randomizedtesting.RandomizedRunner$QueueUncaughtExceptionsHandler uncaughtException
   [junit4]   2> WARNING: Uncaught exception in thread: Thread[Thread-49,5,TGRP-TestSimpleTextPostingsFormat]
   [junit4]   2> java.lang.RuntimeException: java.lang.AssertionError: position is wrong expected:<0> but was:<-1>
   [junit4]   2> 	at __randomizedtesting.SeedInfo.seed([305C644F49CC26AA]:0)
   [junit4]   2> 	at org.apache.lucene.index.RandomPostingsTester$TestThread.run(RandomPostingsTester.java:1208)
   [junit4]   2> Caused by: java.lang.AssertionError: position is wrong expected:<0> but was:<-1>
   [junit4]   2> 	at org.junit.Assert.fail(Assert.java:93)
   [junit4]   2> 	at org.junit.Assert.failNotEquals(Assert.java:647)
   [junit4]   2> 	at org.junit.Assert.assertEquals(Assert.java:128)
   [junit4]   2> 	at org.junit.Assert.assertEquals(Assert.java:472)
   [junit4]   2> 	at org.apache.lucene.index.RandomPostingsTester.verifyEnum(RandomPostingsTester.java:1099)
   [junit4]   2> 	at org.apache.lucene.index.RandomPostingsTester.testTermsOneThread(RandomPostingsTester.java:1330)
   [junit4]   2> 	at org.apache.lucene.index.RandomPostingsTester.access$100(RandomPostingsTester.java:65)
   [junit4]   2> 	at org.apache.lucene.index.RandomPostingsTester$TestThread.run(RandomPostingsTester.java:1206)
   [junit4]   2> 
   [junit4]   2> лют 02, 2018 2:52:13 AM com.carrotsearch.randomizedtesting.RandomizedRunner$QueueUncaughtExceptionsHandler uncaughtException
   [junit4]   2> WARNING: Uncaught exception in thread: Thread[Thread-50,5,TGRP-TestSimpleTextPostingsFormat]
   [junit4]   2> java.lang.RuntimeException: java.lang.AssertionError: position is wrong expected:<0> but was:<-1>
   [junit4]   2> 	at __randomizedtesting.SeedInfo.seed([305C644F49CC26AA]:0)
   [junit4]   2> 	at org.apache.lucene.index.RandomPostingsTester$TestThread.run(RandomPostingsTester.java:1208)
   [junit4]   2> Caused by: java.lang.AssertionError: position is wrong expected:<0> but was:<-1>
   [junit4]   2> 	at org.junit.Assert.fail(Assert.java:93)
   [junit4]   2> 	at org.junit.Assert.failNotEquals(Assert.java:647)
   [junit4]   2> 	at org.junit.Assert.assertEquals(Assert.java:128)
   [junit4]   2> 	at org.junit.Assert.assertEquals(Assert.java:472)
   [junit4]   2> 	at org.apache.lucene.index.RandomPostingsTester.verifyEnum(RandomPostingsTester.java:1099)
   [junit4]   2> 	at org.apache.lucene.index.RandomPostingsTester.testTermsOneThread(RandomPostingsTester.java:1330)
   [junit4]   2> 	at org.apache.lucene.index.RandomPostingsTester.access$100(RandomPostingsTester.java:65)
   [junit4]   2> 	at org.apache.lucene.index.RandomPostingsTester$TestThread.run(RandomPostingsTester.java:1206)
   [junit4]   2> 
   [junit4]   2> NOTE: download the large Jenkins line-docs file by running 'ant get-jenkins-line-docs' in the lucene directory.
   [junit4]   2> NOTE: reproduce with: ant test  -Dtestcase=TestSimpleTextPostingsFormat -Dtests.method=testDocsAndFreqsAndPositionsAndOffsets -Dtests.seed=305C644F49CC26AA -Dtests.multiplier=2 -Dtests.nightly=true -Dtests.slow=true -Dtests.linedocsfile=/home/jenkins/jenkins-slave/workspace/Lucene-Solr-NightlyTests-master/test-data/enwiki.random.lines.txt -Dtests.locale=be -Dtests.timezone=Asia/Tokyo -Dtests.asserts=true -Dtests.file.encoding=UTF-8
   [junit4] ERROR    520s J2 | TestSimpleTextPostingsFormat.testDocsAndFreqsAndPositionsAndOffsets <<<
   [junit4]    > Throwable #1: com.carrotsearch.randomizedtesting.UncaughtExceptionError: Captured an uncaught exception in thread: Thread[id=57, name=Thread-45, state=RUNNABLE, group=TGRP-TestSimpleTextPostingsFormat]
   [junit4]    > Caused by: java.lang.RuntimeException: java.lang.AssertionError: position is wrong expected:<2> but was:<-1>
   [junit4]    > 	at __randomizedtesting.SeedInfo.seed([305C644F49CC26AA]:0)
   [junit4]    > 	at org.apache.lucene.index.RandomPostingsTester$TestThread.run(RandomPostingsTester.java:1208)
   [junit4]    > Caused by: java.lang.AssertionError: position is wrong expected:<2> but was:<-1>
   [junit4]    > 	at org.apache.lucene.index.RandomPostingsTester.verifyEnum(RandomPostingsTester.java:1099)
   [junit4]    > 	at org.apache.lucene.index.RandomPostingsTester.testTermsOneThread(RandomPostingsTester.java:1330)
   [junit4]    > 	at org.apache.lucene.index.RandomPostingsTester.access$100(RandomPostingsTester.java:65)
   [junit4]    > 	at org.apache.lucene.index.RandomPostingsTester$TestThread.run(RandomPostingsTester.java:1206)Throwable #2: com.carrotsearch.randomizedtesting.UncaughtExceptionError: Captured an uncaught exception in thread: Thread[id=58, name=Thread-46, state=RUNNABLE, group=TGRP-TestSimpleTextPostingsFormat]
   [junit4]    > Caused by: java.lang.RuntimeException: java.lang.AssertionError: position is wrong expected:<0> but was:<-1>
   [junit4]    > 	at __randomizedtesting.SeedInfo.seed([305C644F49CC26AA]:0)
   [junit4]    > 	at org.apache.lucene.index.RandomPostingsTester$TestThread.run(RandomPostingsTester.java:1208)
   [junit4]    > Caused by: java.lang.AssertionError: position is wrong expected:<0> but was:<-1>
   [junit4]    > 	at org.apache.lucene.index.RandomPostingsTester.verifyEnum(RandomPostingsTester.java:1099)
   [junit4]    > 	at org.apache.lucene.index.RandomPostingsTester.testTermsOneThread(RandomPostingsTester.java:1330)
   [junit4]    > 	at org.apache.lucene.index.RandomPostingsTester.access$100(RandomPostingsTester.java:65)
   [junit4]    > 	at org.apache.lucene.index.RandomPostingsTester$TestThread.run(RandomPostingsTester.java:1206)Throwable #3: com.carrotsearch.randomizedtesting.UncaughtExceptionError: Captured an uncaught exception in thread: Thread[id=59, name=Thread-47, state=RUNNABLE, group=TGRP-TestSimpleTextPostingsFormat]
   [junit4]    > Caused by: java.lang.RuntimeException: java.lang.AssertionError: position is wrong expected:<0> but was:<-1>
   [junit4]    > 	at __randomizedtesting.SeedInfo.seed([305C644F49CC26AA]:0)
   [junit4]    > 	at org.apache.lucene.index.RandomPostingsTester$TestThread.run(RandomPostingsTester.java:1208)
   [junit4]    > Caused by: java.lang.AssertionError: position is wrong expected:<0> but was:<-1>
   [junit4]    > 	at org.apache.lucene.index.RandomPostingsTester.verifyEnum(RandomPostingsTester.java:1099)
   [junit4]    > 	at org.apache.lucene.index.RandomPostingsTester.testTermsOneThread(RandomPostingsTester.java:1330)
   [junit4]    > 	at org.apache.lucene.index.RandomPostingsTester.access$100(RandomPostingsTester.java:65)
   [junit4]    > 	at org.apache.lucene.index.RandomPostingsTester$TestThread.run(RandomPostingsTester.java:1206)Throwable #4: com.carrotsearch.randomizedtesting.UncaughtExceptionError: Captured an uncaught exception in thread: Thread[id=60, name=Thread-48, state=RUNNABLE, group=TGRP-TestSimpleTextPostingsFormat]
   [junit4]    > Caused by: java.lang.RuntimeException: java.lang.AssertionError: position is wrong expected:<0> but was:<-1>
   [junit4]    > 	at __randomizedtesting.SeedInfo.seed([305C644F49CC26AA]:0)
   [junit4]    > 	at org.apache.lucene.index.RandomPostingsTester$TestThread.run(RandomPostingsTester.java:1208)
   [junit4]    > Caused by: java.lang.AssertionError: position is wrong expected:<0> but was:<-1>
   [junit4]    > 	at org.apache.lucene.index.RandomPostingsTester.verifyEnum(RandomPostingsTester.java:1099)
   [junit4]    > 	at org.apache.lucene.index.RandomPostingsTester.testTermsOneThread(RandomPostingsTester.java:1330)
   [junit4]    > 	at org.apache.lucene.index.RandomPostingsTester.access$100(RandomPostingsTester.java:65)
   [junit4]    > 	at org.apache.lucene.index.RandomPostingsTester$TestThread.run(RandomPostingsTester.java:1206)Throwable #5: com.carrotsearch.randomizedtesting.UncaughtExceptionError: Captured an uncaught exception in thread: Thread[id=61, name=Thread-49, state=RUNNABLE, group=TGRP-TestSimpleTextPostingsFormat]
   [junit4]    > Caused by: java.lang.RuntimeException: java.lang.AssertionError: position is wrong expected:<0> but was:<-1>
   [junit4]    > 	at __randomizedtesting.SeedInfo.seed([305C644F49CC26AA]:0)
   [junit4]    > 	at org.apache.lucene.index.RandomPostingsTester$TestThread.run(RandomPostingsTester.java:1208)
   [junit4]    > Caused by: java.lang.AssertionError: position is wrong expected:<0> but was:<-1>
   [junit4]    > 	at org.apache.lucene.index.RandomPostingsTester.verifyEnum(RandomPostingsTester.java:1099)
   [junit4]    > 	at org.apache.lucene.index.RandomPostingsTester.testTermsOneThread(RandomPostingsTester.java:1330)
   [junit4]    > 	at org.apache.lucene.index.RandomPostingsTester.access$100(RandomPostingsTester.java:65)
   [junit4]    > 	at org.apache.lucene.index.RandomPostingsTester$TestThread.run(RandomPostingsTester.java:1206)Throwable #6: com.carrotsearch.randomizedtesting.UncaughtExceptionError: Captured an uncaught exception in thread: Thread[id=62, name=Thread-50, state=RUNNABLE, group=TGRP-TestSimpleTextPostingsFormat]
   [junit4]    > Caused by: java.lang.RuntimeException: java.lang.AssertionError: position is wrong expected:<0> but was:<-1>
   [junit4]    > 	at __randomizedtesting.SeedInfo.seed([305C644F49CC26AA]:0)
   [junit4]    > 	at org.apache.lucene.index.RandomPostingsTester$TestThread.run(RandomPostingsTester.java:1208)
   [junit4]    > Caused by: java.lang.AssertionError: position is wrong expected:<0> but was:<-1>
   [junit4]    > 	at org.apache.lucene.index.RandomPostingsTester.verifyEnum(RandomPostingsTester.java:1099)
   [junit4]    > 	at org.apache.lucene.index.RandomPostingsTester.testTermsOneThread(RandomPostingsTester.java:1330)
   [junit4]    > 	at org.apache.lucene.index.RandomPostingsTester.access$100(RandomPostingsTester.java:65)
   [junit4]    > 	at org.apache.lucene.index.RandomPostingsTester$TestThread.run(RandomPostingsTester.java:1206)
   [junit4]   2> лют 02, 2018 2:58:00 AM com.carrotsearch.randomizedtesting.RandomizedRunner$QueueUncaughtExceptionsHandler uncaughtException
   [junit4]   2> WARNING: Uncaught exception in thread: Thread[Thread-63,5,TGRP-TestSimpleTextPostingsFormat]
   [junit4]   2> java.lang.RuntimeException: java.lang.AssertionError: position is wrong expected:<0> but was:<-1>
   [junit4]   2> 	at __randomizedtesting.SeedInfo.seed([305C644F49CC26AA]:0)
   [junit4]   2> 	at org.apache.lucene.index.RandomPostingsTester$TestThread.run(RandomPostingsTester.java:1208)
   [junit4]   2> Caused by: java.lang.AssertionError: position is wrong expected:<0> but was:<-1>
   [junit4]   2> 	at org.junit.Assert.fail(Assert.java:93)
   [junit4]   2> 	at org.junit.Assert.failNotEquals(Assert.java:647)
   [junit4]   2> 	at org.junit.Assert.assertEquals(Assert.java:128)
   [junit4]   2> 	at org.junit.Assert.assertEquals(Assert.java:472)
   [junit4]   2> 	at org.apache.lucene.index.RandomPostingsTester.verifyEnum(RandomPostingsTester.java:1099)
   [junit4]   2> 	at org.apache.lucene.index.RandomPostingsTester.testTermsOneThread(RandomPostingsTester.java:1330)
   [junit4]   2> 	at org.apache.lucene.index.RandomPostingsTester.access$100(RandomPostingsTester.java:65)
   [junit4]   2> 	at org.apache.lucene.index.RandomPostingsTester$TestThread.run(RandomPostingsTester.java:1206)
   [junit4]   2> 
   [junit4]   2> лют 02, 2018 2:58:00 AM com.carrotsearch.randomizedtesting.RandomizedRunner$QueueUncaughtExceptionsHandler uncaughtException
   [junit4]   2> WARNING: Uncaught exception in thread: Thread[Thread-65,5,TGRP-TestSimpleTextPostingsFormat]
   [junit4]   2> java.lang.RuntimeException: java.lang.AssertionError: position is wrong expected:<0> but was:<-1>
   [junit4]   2> 	at __randomizedtesting.SeedInfo.seed([305C644F49CC26AA]:0)
   [junit4]   2> 	at org.apache.lucene.index.RandomPostingsTester$TestThread.run(RandomPostingsTester.java:1208)
   [junit4]   2> Caused by: java.lang.AssertionError: position is wrong expected:<0> but was:<-1>
   [junit4]   2> 	at org.junit.Assert.fail(Assert.java:93)
   [junit4]   2> 	at org.junit.Assert.failNotEquals(Assert.java:647)
   [junit4]   2> 	at org.junit.Assert.assertEquals(Assert.java:128)
   [junit4]   2> 	at org.junit.Assert.assertEquals(Assert.java:472)
   [junit4]   2> 	at org.apache.lucene.index.RandomPostingsTester.verifyEnum(RandomPostingsTester.java:1099)
   [junit4]   2> 	at org.apache.lucene.index.RandomPostingsTester.testTermsOneThread(RandomPostingsTester.java:1330)
   [junit4]   2> 	at org.apache.lucene.index.RandomPostingsTester.access$100(RandomPostingsTester.java:65)
   [junit4]   2> 	at org.apache.lucene.index.RandomPostingsTester$TestThread.run(RandomPostingsTester.java:1206)
   [junit4]   2> 
   [junit4]   2> лют 02, 2018 2:58:00 AM com.carrotsearch.randomizedtesting.RandomizedRunner$QueueUncaughtExceptionsHandler uncaughtException
   [junit4]   2> WARNING: Uncaught exception in thread: Thread[Thread-66,5,TGRP-TestSimpleTextPostingsFormat]
   [junit4]   2> java.lang.RuntimeException: java.lang.AssertionError: position is wrong expected:<2> but was:<-1>
   [junit4]   2> 	at __randomizedtesting.SeedInfo.seed([305C644F49CC26AA]:0)
   [junit4]   2> 	at org.apache.lucene.index.RandomPostingsTester$TestThread.run(RandomPostingsTester.java:1208)
   [junit4]   2> Caused by: java.lang.AssertionError: position is wrong expected:<2> but was:<-1>
   [junit4]   2> 	at org.junit.Assert.fail(Assert.java:93)
   [junit4]   2> 	at org.junit.Assert.failNotEquals(Assert.java:647)
   [junit4]   2> 	at org.junit.Assert.assertEquals(Assert.java:128)
   [junit4]   2> 	at org.junit.Assert.assertEquals(Assert.java:472)
   [junit4]   2> 	at org.apache.lucene.index.RandomPostingsTester.verifyEnum(RandomPostingsTester.java:1099)
   [junit4]   2> 	at org.apache.lucene.index.RandomPostingsTester.testTermsOneThread(RandomPostingsTester.java:1330)
   [junit4]   2> 	at org.apache.lucene.index.RandomPostingsTester.access$100(RandomPostingsTester.java:65)
   [junit4]   2> 	at org.apache.lucene.index.RandomPostingsTester$TestThread.run(RandomPostingsTester.java:1206)
   [junit4]   2> 
   [junit4]   2> лют 02, 2018 2:58:00 AM com.carrotsearch.randomizedtesting.RandomizedRunner$QueueUncaughtExceptionsHandler uncaughtException
   [junit4]   2> WARNING: Uncaught exception in thread: Thread[Thread-64,5,TGRP-TestSimpleTextPostingsFormat]
   [junit4]   2> java.lang.RuntimeException: java.lang.AssertionError: position is wrong expected:<0> but was:<-1>
   [junit4]   2> 	at __randomizedtesting.SeedInfo.seed([305C644F49CC26AA]:0)
   [junit4]   2> 	at org.apache.lucene.index.RandomPostingsTester$TestThread.run(RandomPostingsTester.java:1208)
   [junit4]   2> Caused by: java.lang.AssertionError: position is wrong expected:<0> but was:<-1>
   [junit4]   2> 	at org.junit.Assert.fail(Assert.java:93)
   [junit4]   2> 	at org.junit.Assert.failNotEquals(Assert.java:647)
   [junit4]   2> 	at org.junit.Assert.assertEquals(Assert.java:128)
   [junit4]   2> 	at org.junit.Assert.assertEquals(Assert.java:472)
   [junit4]   2> 	at org.apache.lucene.index.RandomPostingsTester.verifyEnum(RandomPostingsTester.java:1099)
   [junit4]   2> 	at org.apache.lucene.index.RandomPostingsTester.testTermsOneThread(RandomPostingsTester.java:1330)
   [junit4]   2> 	at org.apache.lucene.index.RandomPostingsTester.access$100(RandomPostingsTester.java:65)
   [junit4]   2> 	at org.apache.lucene.index.RandomPostingsTester$TestThread.run(RandomPostingsTester.java:1206)
   [junit4]   2> 
   [junit4]   2> NOTE: download the large Jenkins line-docs file by running 'ant get-jenkins-line-docs' in the lucene directory.
   [junit4]   2> NOTE: reproduce with: ant test  -Dtestcase=TestSimpleTextPostingsFormat -Dtests.method=testDocsAndFreqsAndPositions -Dtests.seed=305C644F49CC26AA -Dtests.multiplier=2 -Dtests.nightly=true -Dtests.slow=true -Dtests.linedocsfile=/home/jenkins/jenkins-slave/workspace/Lucene-Solr-NightlyTests-master/test-data/enwiki.random.lines.txt -Dtests.locale=be -Dtests.timezone=Asia/Tokyo -Dtests.asserts=true -Dtests.file.encoding=UTF-8
   [junit4] ERROR    338s J2 | TestSimpleTextPostingsFormat.testDocsAndFreqsAndPositions <<<
   [junit4]    > Throwable #1: com.carrotsearch.randomizedtesting.UncaughtExceptionError: Captured an uncaught exception in thread: Thread[id=75, name=Thread-63, state=RUNNABLE, group=TGRP-TestSimpleTextPostingsFormat]
   [junit4]    > Caused by: java.lang.RuntimeException: java.lang.AssertionError: position is wrong expected:<0> but was:<-1>
   [junit4]    > 	at __randomizedtesting.SeedInfo.seed([305C644F49CC26AA]:0)
   [junit4]    > 	at org.apache.lucene.index.RandomPostingsTester$TestThread.run(RandomPostingsTester.java:1208)
   [junit4]    > Caused by: java.lang.AssertionError: position is wrong expected:<0> but was:<-1>
   [junit4]    > 	at org.apache.lucene.index.RandomPostingsTester.verifyEnum(RandomPostingsTester.java:1099)
   [junit4]    > 	at org.apache.lucene.index.RandomPostingsTester.testTermsOneThread(RandomPostingsTester.java:1330)
   [junit4]    > 	at org.apache.lucene.index.RandomPostingsTester.access$100(RandomPostingsTester.java:65)
   [junit4]    > 	at org.apache.lucene.index.RandomPostingsTester$TestThread.run(RandomPostingsTester.java:1206)Throwable #2: com.carrotsearch.randomizedtesting.UncaughtExceptionError: Captured an uncaught exception in thread: Thread[id=77, name=Thread-65, state=RUNNABLE, group=TGRP-TestSimpleTextPostingsFormat]
   [junit4]    > Caused by: java.lang.RuntimeException: java.lang.AssertionError: position is wrong expected:<0> but was:<-1>
   [junit4]    > 	at __randomizedtesting.SeedInfo.seed([305C644F49CC26AA]:0)
   [junit4]    > 	at org.apache.lucene.index.RandomPostingsTester$TestThread.run(RandomPostingsTester.java:1208)
   [junit4]    > Caused by: java.lang.AssertionError: position is wrong expected:<0> but was:<-1>
   [junit4]    > 	at org.apache.lucene.index.RandomPostingsTester.verifyEnum(RandomPostingsTester.java:1099)
   [junit4]    > 	at org.apache.lucene.index.RandomPostingsTester.testTermsOneThread(RandomPostingsTester.java:1330)
   [junit4]    > 	at org.apache.lucene.index.RandomPostingsTester.access$100(RandomPostingsTester.java:65)
   [junit4]    > 	at org.apache.lucene.index.RandomPostingsTester$TestThread.run(RandomPostingsTester.java:1206)Throwable #3: com.carrotsearch.randomizedtesting.UncaughtExceptionError: Captured an uncaught exception in thread: Thread[id=78, name=Thread-66, state=RUNNABLE, group=TGRP-TestSimpleTextPostingsFormat]
   [junit4]    > Caused by: java.lang.RuntimeException: java.lang.AssertionError: position is wrong expected:<2> but was:<-1>
   [junit4]    > 	at __randomizedtesting.SeedInfo.seed([305C644F49CC26AA]:0)
   [junit4]    > 	at org.apache.lucene.index.RandomPostingsTester$TestThread.run(RandomPostingsTester.java:1208)
   [junit4]    > Caused by: java.lang.AssertionError: position is wrong expected:<2> but was:<-1>
   [junit4]    > 	at org.apache.lucene.index.RandomPostingsTester.verifyEnum(RandomPostingsTester.java:1099)
   [junit4]    > 	at org.apache.lucene.index.RandomPostingsTester.testTermsOneThread(RandomPostingsTester.java:1330)
   [junit4]    > 	at org.apache.lucene.index.RandomPostingsTester.access$100(RandomPostingsTester.java:65)
   [junit4]    > 	at org.apache.lucene.index.RandomPostingsTester$TestThread.run(RandomPostingsTester.java:1206)Throwable #4: com.carrotsearch.randomizedtesting.UncaughtExceptionError: Captured an uncaught exception in thread: Thread[id=76, name=Thread-64, state=RUNNABLE, group=TGRP-TestSimpleTextPostingsFormat]
   [junit4]    > Caused by: java.lang.RuntimeException: java.lang.AssertionError: position is wrong expected:<0> but was:<-1>
   [junit4]    > 	at __randomizedtesting.SeedInfo.seed([305C644F49CC26AA]:0)
   [junit4]    > 	at org.apache.lucene.index.RandomPostingsTester$TestThread.run(RandomPostingsTester.java:1208)
   [junit4]    > Caused by: java.lang.AssertionError: position is wrong expected:<0> but was:<-1>
   [junit4]    > 	at org.apache.lucene.index.RandomPostingsTester.verifyEnum(RandomPostingsTester.java:1099)
   [junit4]    > 	at org.apache.lucene.index.RandomPostingsTester.testTermsOneThread(RandomPostingsTester.java:1330)
   [junit4]    > 	at org.apache.lucene.index.RandomPostingsTester.access$100(RandomPostingsTester.java:65)
   [junit4]    > 	at org.apache.lucene.index.RandomPostingsTester$TestThread.run(RandomPostingsTester.java:1206)
   [junit4]   2> лют 02, 2018 2:58:08 AM com.carrotsearch.randomizedtesting.RandomizedRunner$QueueUncaughtExceptionsHandler uncaughtException
   [junit4]   2> WARNING: Uncaught exception in thread: Thread[Thread-70,5,TGRP-TestSimpleTextPostingsFormat]
   [junit4]   2> java.lang.RuntimeException: java.lang.AssertionError: position is wrong expected:<0> but was:<-1>
   [junit4]   2> 	at __randomizedtesting.SeedInfo.seed([305C644F49CC26AA]:0)
   [junit4]   2> 	at org.apache.lucene.index.RandomPostingsTester$TestThread.run(RandomPostingsTester.java:1208)
   [junit4]   2> Caused by: java.lang.AssertionError: position is wrong expected:<0> but was:<-1>
   [junit4]   2> 	at org.junit.Assert.fail(Assert.java:93)
   [junit4]   2> 	at org.junit.Assert.failNotEquals(Assert.java:647)
   [junit4]   2> 	at org.junit.Assert.assertEquals(Assert.java:128)
   [junit4]   2> 	at org.junit.Assert.assertEquals(Assert.java:472)
   [junit4]   2> 	at org.apache.lucene.index.RandomPostingsTester.verifyEnum(RandomPostingsTester.java:1099)
   [junit4]   2> 	at org.apache.lucene.index.RandomPostingsTester.testTermsOneThread(RandomPostingsTester.java:1330)
   [junit4]   2> 	at org.apache.lucene.index.RandomPostingsTester.access$100(RandomPostingsTester.java:65)
   [junit4]   2> 	at org.apache.lucene.index.RandomPostingsTester$TestThread.run(RandomPostingsTester.java:1206)
   [junit4]   2> 
   [junit4]   2> лют 02, 2018 2:58:08 AM com.carrotsearch.randomizedtesting.RandomizedRunner$QueueUncaughtExceptionsHandler uncaughtException
   [junit4]   2> WARNING: Uncaught exception in thread: Thread[Thread-67,5,TGRP-TestSimpleTextPostingsFormat]
   [junit4]   2> java.lang.RuntimeException: java.lang.AssertionError: position is wrong expected:<0> but was:<-1>
   [junit4]   2> 	at __randomizedtesting.SeedInfo.seed([305C644F49CC26AA]:0)
   [junit4]   2> 	at org.apache.lucene.index.RandomPostingsTester$TestThread.run(RandomPostingsTester.java:1208)
   [junit4]   2> Caused by: java.lang.AssertionError: position is wrong expected:<0> but was:<-1>
   [junit4]   2> 	at org.junit.Assert.fail(Assert.java:93)
   [junit4]   2> 	at org.junit.Assert.failNotEquals(Assert.java:647)
   [junit4]   2> 	at org.junit.Assert.assertEquals(Assert.java:128)
   [junit4]   2> 	at org.junit.Assert.assertEquals(Assert.java:472)
   [junit4]   2> 	at org.apache.lucene.index.RandomPostingsTester.verifyEnum(RandomPostingsTester.java:1099)
   [junit4]   2> 	at org.apache.lucene.index.RandomPostingsTester.testTermsOneThread(RandomPostingsTester.java:1330)
   [junit4]   2> 	at org.apache.lucene.index.RandomPostingsTester.access$100(RandomPostingsTester.java:65)
   [junit4]   2> 	at org.apache.lucene.index.RandomPostingsTester$TestThread.run(RandomPostingsTester.java:1206)
   [junit4]   2> 
   [junit4]   2> лют 02, 2018 2:58:08 AM com.carrotsearch.randomizedtesting.RandomizedRunner$QueueUncaughtExceptionsHandler uncaughtException
   [junit4]   2> WARNING: Uncaught exception in thread: Thread[Thread-68,5,TGRP-TestSimpleTextPostingsFormat]
   [junit4]   2> java.lang.RuntimeException: java.lang.AssertionError: position is wrong expected:<0> but was:<-1>
   [junit4]   2> 	at __randomizedtesting.SeedInfo.seed([305C644F49CC26AA]:0)
   [junit4]   2> 	at org.apache.lucene.index.RandomPostingsTester$TestThread.run(RandomPostingsTester.java:1208)
   [junit4]   2> Caused by: java.lang.AssertionError: position is wrong expected:<0> but was:<-1>
   [junit4]   2> 	at org.junit.Assert.fail(Assert.java:93)
   [junit4]   2> 	at org.junit.Assert.failNotEquals(Assert.java:647)
   [junit4]   2> 	at org.junit.Assert.assertEquals(Assert.java:128)
   [junit4]   2> 	at org.junit.Assert.assertEquals(Assert.java:472)
   [junit4]   2> 	at org.apache.lucene.index.RandomPostingsTester.verifyEnum(RandomPostingsTester.java:1099)
   [junit4]   2> 	at org.apache.lucene.index.RandomPostingsTester.testTermsOneThread(RandomPostingsTester.java:1330)
   [junit4]   2> 	at org.apache.lucene.index.RandomPostingsTester.access$100(RandomPostingsTester.java:65)
   [junit4]   2> 	at org.apache.lucene.index.RandomPostingsTester$TestThread.run(RandomPostingsTester.java:1206)
   [junit4]   2> 
   [junit4]   2> лют 02, 2018 2:58:08 AM com.carrotsearch.randomizedtesting.RandomizedRunner$QueueUncaughtExceptionsHandler uncaughtException
   [junit4]   2> WARNING: Uncaught exception in thread: Thread[Thread-71,5,TGRP-TestSimpleTextPostingsFormat]
   [junit4]   2> java.lang.RuntimeException: java.lang.AssertionError: position is wrong expected:<60> but was:<-1>
   [junit4]   2> 	at __randomizedtesting.SeedInfo.seed([305C644F49CC26AA]:0)
   [junit4]   2> 	at org.apache.lucene.index.RandomPostingsTester$TestThread.run(RandomPostingsTester.java:1208)
   [junit4]   2> Caused by: java.lang.AssertionError: position is wrong expected:<60> but was:<-1>
   [junit4]   2> 	at org.junit.Assert.fail(Assert.java:93)
   [junit4]   2> 	at org.junit.Assert.failNotEquals(Assert.java:647)
   [junit4]   2> 	at org.junit.Assert.assertEquals(Assert.java:128)
   [junit4]   2> 	at org.junit.Assert.assertEquals(Assert.java:472)
   [junit4]   2> 	at org.apache.lucene.index.RandomPostingsTester.verifyEnum(RandomPostingsTester.java:1099)
   [junit4]   2> 	at org.apache.lucene.index.RandomPostingsTester.testTermsOneThread(RandomPostingsTester.java:1330)
   [junit4]   2> 	at org.apache.lucene.index.RandomPostingsTester.access$100(RandomPostingsTester.java:65)
   [junit4]   2> 	at org.apache.lucene.index.RandomPostingsTester$TestThread.run(RandomPostingsTester.java:1206)
   [junit4]   2> 
   [junit4]   2> лют 02, 2018 2:58:08 AM com.carrotsearch.randomizedtesting.RandomizedRunner$QueueUncaughtExceptionsHandler uncaughtException
   [junit4]   2> WARNING: Uncaught exception in thread: Thread[Thread-69,5,TGRP-TestSimpleTextPostingsFormat]
   [junit4]   2> java.lang.RuntimeException: java.lang.AssertionError: position is wrong expected:<2> but was:<-1>
   [junit4]   2> 	at __randomizedtesting.SeedInfo.seed([305C644F49CC26AA]:0)
   [junit4]   2> 	at org.apache.lucene.index.RandomPostingsTester$TestThread.run(RandomPostingsTester.java:1208)
   [junit4]   2> Caused by: java.lang.AssertionError: position is wrong expected:<2> but was:<-1>
   [junit4]   2> 	at org.junit.Assert.fail(Assert.java:93)
   [junit4]   2> 	at org.junit.Assert.failNotEquals(Assert.java:647)
   [junit4]   2> 	at org.junit.Assert.assertEquals(Assert.java:128)
   [junit4]   2> 	at org.junit.Assert.assertEquals(Assert.java:472)
   [junit4]   2> 	at org.apache.lucene.index.RandomPostingsTester.verifyEnum(RandomPostingsTester.java:1099)
   [junit4]   2> 	at org.apache.lucene.index.RandomPostingsTester.testTermsOneThread(RandomPostingsTester.java:1330)
   [junit4]   2> 	at org.apache.lucene.index.RandomPostingsTester.access$100(RandomPostingsTester.java:65)
   [junit4]   2> 	at org.apache.lucene.index.RandomPostingsTester$TestThread.run(RandomPostingsTester.java:1206)
   [junit4]   2> 
   [junit4]   2> лют 02, 2018 2:58:14 AM com.carrotsearch.randomizedtesting.RandomizedRunner$QueueUncaughtExceptionsHandler uncaughtException
   [junit4]   2> WARNING: Uncaught exception in thread: Thread[Thread-72,5,TGRP-TestSimpleTextPostingsFormat]
   [junit4]   2> java.lang.RuntimeException: java.lang.AssertionError: position is wrong expected:<0> but was:<-1>
   [junit4]   2> 	at __randomizedtesting.SeedInfo.seed([305C644F49CC26AA]:0)
   [junit4]   2> 	at org.apache.lucene.index.RandomPostingsTester$TestThread.run(RandomPostingsTester.java:1208)
   [junit4]   2> Caused by: java.lang.AssertionError: position is wrong expected:<0> but was:<-1>
   [junit4]   2> 	at org.junit.Assert.fail(Assert.java:93)
   [junit4]   2> 	at org.junit.Assert.failNotEquals(Assert.java:647)
   [junit4]   2> 	at org.junit.Assert.assertEquals(Assert.java:128)
   [junit4]   2> 	at org.junit.Assert.assertEquals(Assert.java:472)
   [junit4]   2> 	at org.apache.lucene.index.RandomPostingsTester.verifyEnum(RandomPostingsTester.java:1099)
   [junit4]   2> 	at org.apache.lucene.index.RandomPostingsTester.testTermsOneThread(RandomPostingsTester.java:1330)
   [junit4]   2> 	at org.apache.lucene.index.RandomPostingsTester.access$100(RandomPostingsTester.java:65)
   [junit4]   2> 	at org.apache.lucene.index.RandomPostingsTester$TestThread.run(RandomPostingsTester.java:1206)
   [junit4]   2> 
   [junit4]   2> лют 02, 2018 2:58:14 AM com.carrotsearch.randomizedtesting.RandomizedRunner$QueueUncaughtExceptionsHandler uncaughtException
   [junit4]   2> WARNING: Uncaught exception in thread: Thread[Thread-73,5,TGRP-TestSimpleTextPostingsFormat]
   [junit4]   2> java.lang.RuntimeException: java.lang.AssertionError: position is wrong expected:<60> but was:<-1>
   [junit4]   2> 	at __randomizedtesting.SeedInfo.seed([305C644F49CC26AA]:0)
   [junit4]   2> 	at org.apache.lucene.index.RandomPostingsTester$TestThread.run(RandomPostingsTester.java:1208)
   [junit4]   2> Caused by: java.lang.AssertionError: position is wrong expected:<60> but was:<-1>
   [junit4]   2> 	at org.junit.Assert.fail(Assert.java:93)
   [junit4]   2> 	at org.junit.Assert.failNotEquals(Assert.java:647)
   [junit4]   2> 	at org.junit.Assert.assertEquals(Assert.java:128)
   [junit4]   2> 	at org.junit.Assert.assertEquals(Assert.java:472)
   [junit4]   2> 	at org.apache.lucene.index.RandomPostingsTester.verifyEnum(RandomPostingsTester.java:1099)
   [junit4]   2> 	at org.apache.lucene.index.RandomPostingsTester.testTermsOneThread(RandomPostingsTester.java:1330)
   [junit4]   2> 	at org.apache.lucene.index.RandomPostingsTester.access$100(RandomPostingsTester.java:65)
   [junit4]   2> 	at org.apache.lucene.index.RandomPostingsTester$TestThread.run(RandomPostingsTester.java:1206)
   [junit4]   2> 
   [junit4]   2> лют 02, 2018 2:58:14 AM com.carrotsearch.randomizedtesting.RandomizedRunner$QueueUncaughtExceptionsHandler uncaughtException
   [junit4]   2> WARNING: Uncaught exception in thread: Thread[Thread-74,5,TGRP-TestSimpleTextPostingsFormat]
   [junit4]   2> java.lang.RuntimeException: java.lang.AssertionError: position is wrong expected:<0> but was:<-1>
   [junit4]   2> 	at __randomizedtesting.SeedInfo.seed([305C644F49CC26AA]:0)
   [junit4]   2> 	at org.apache.lucene.index.RandomPostingsTester$TestThread.run(RandomPostingsTester.java:1208)
   [junit4]   2> Caused by: java.lang.AssertionError: position is wrong expected:<0> but was:<-1>
   [junit4]   2> 	at org.junit.Assert.fail(Assert.java:93)
   [junit4]   2> 	at org.junit.Assert.failNotEquals(Assert.java:647)
   [junit4]   2> 	at org.junit.Assert.assertEquals(Assert.java:128)
   [junit4]   2> 	at org.junit.Assert.assertEquals(Assert.java:472)
   [junit4]   2> 	at org.apache.lucene.index.RandomPostingsTester.verifyEnum(RandomPostingsTester.java:1099)
   [junit4]   2> 	at org.apache.lucene.index.RandomPostingsTester.testTermsOneThread(RandomPostingsTester.java:1330)
   [junit4]   2> 	at org.apache.lucene.index.RandomPostingsTester.access$100(RandomPostingsTester.java:65)
   [junit4]   2> 	at org.apache.lucene.index.RandomPostingsTester$TestThread.run(RandomPostingsTester.java:1206)
   [junit4]   2> 
   [junit4]   2> лют 02, 2018 2:58:25 AM com.carrotsearch.randomizedtesting.RandomizedRunner$QueueUncaughtExceptionsHandler uncaughtException
   [junit4]   2> WARNING: Uncaught exception in thread: Thread[Thread-75,5,TGRP-TestSimpleTextPostingsFormat]
   [junit4]   2> java.lang.RuntimeException: java.lang.AssertionError: position is wrong expected:<27> but was:<-1>
   [junit4]   2> 	at __randomizedtesting.SeedInfo.seed([305C644F49CC26AA]:0)
   [junit4]   2> 	at org.apache.lucene.index.RandomPostingsTester$TestThread.run(RandomPostingsTester.java:1208)
   [junit4]   2> Caused by: java.lang.AssertionError: position is wrong expected:<27> but was:<-1>
   [junit4]   2> 	at org.junit.Assert.fail(Assert.java:93)
   [junit4]   2> 	at org.junit.Assert.failNotEquals(Assert.java:647)
   [junit4]   2> 	at org.junit.Assert.assertEquals(Assert.java:128)
   [junit4]   2> 	at org.junit.Assert.assertEquals(Assert.java:472)
   [junit4]   2> 	at org.apache.lucene.index.RandomPostingsTester.verifyEnum(RandomPostingsTester.java:1099)
   [junit4]   2> 	at org.apache.lucene.index.RandomPostingsTester.testTermsOneThread(RandomPostingsTester.java:1330)
   [junit4]   2> 	at org.apache.lucene.index.RandomPostingsTester.access$100(RandomPostingsTester.java:65)
   [junit4]   2> 	at org.apache.lucene.index.RandomPostingsTester$TestThread.run(RandomPostingsTester.java:1206)
   [junit4]   2> 
   [junit4]   2> лют 02, 2018 2:58:25 AM com.carrotsearch.randomizedtesting.RandomizedRunner$QueueUncaughtExceptionsHandler uncaughtException
   [junit4]   2> WARNING: Uncaught exception in thread: Thread[Thread-78,5,TGRP-TestSimpleTextPostingsFormat]
   [junit4]   2> java.lang.RuntimeException: java.lang.AssertionError: position is wrong expected:<0> but was:<-1>
   [junit4]   2> 	at __randomizedtesting.SeedInfo.seed([305C644F49CC26AA]:0)
   [junit4]   2> 	at org.apache.lucene.index.RandomPostingsTester$TestThread.run(RandomPostingsTester.java:1208)
   [junit4]   2> Caused by: java.lang.AssertionError: position is wrong expected:<0> but was:<-1>
   [junit4]   2> 	at org.junit.Assert.fail(Assert.java:93)
   [junit4]   2> 	at org.junit.Assert.failNotEquals(Assert.java:647)
   [junit4]   2> 	at org.junit.Assert.assertEquals(Assert.java:128)
   [junit4]   2> 	at org.junit.Assert.assertEquals(Assert.java:472)
   [junit4]   2> 	at org.apache.lucene.index.RandomPostingsTester.verifyEnum(RandomPostingsTester.java:1099)
   [junit4]   2> 	at org.apache.lucene.index.RandomPostingsTester.testTermsOneThread(RandomPostingsTester.java:1330)
   [junit4]   2> 	at org.apache.lucene.index.RandomPostingsTester.access$100(RandomPostingsTester.java:65)
   [junit4]   2> 	at org.apache.lucene.index.RandomPostingsTester$TestThread.run(RandomPostingsTester.java:1206)
   [junit4]   2> 
   [junit4]   2> лют 02, 2018 2:58:25 AM com.carrotsearch.randomizedtesting.RandomizedRunner$QueueUncaughtExceptionsHandler uncaughtException
   [junit4]   2> WARNING: Uncaught exception in thread: Thread[Thread-76,5,TGRP-TestSimpleTextPostingsFormat]
   [junit4]   2> java.lang.RuntimeException: java.lang.AssertionError: position is wrong expected:<0> but was:<-1>
   [junit4]   2> 	at __randomizedtesting.SeedInfo.seed([305C644F49CC26AA]:0)
   [junit4]   2> 	at org.apache.lucene.index.RandomPostingsTester$TestThread.run(RandomPostingsTester.java:1208)
   [junit4]   2> Caused by: java.lang.AssertionError: position is wrong expected:<0> but was:<-1>
   [junit4]   2> 	at org.junit.Assert.fail(Assert.java:93)
   [junit4]   2> 	at org.junit.Assert.failNotEquals(Assert.java:647)
   [junit4]   2> 	at org.junit.Assert.assertEquals(Assert.java:128)
   [junit4]   2> 	at org.junit.Assert.assertEquals(Assert.java:472)
   [junit4]   2> 	at org.apache.lucene.index.RandomPostingsTester.verifyEnum(RandomPostingsTester.java:1099)
   [junit4]   2> 	at org.apache.lucene.index.RandomPostingsTester.testTermsOneThread(RandomPostingsTester.java:1330)
   [junit4]   2> 	at org.apache.lucene.index.RandomPostingsTester.access$100(RandomPostingsTester.java:65)
   [junit4]   2> 	at org.apache.lucene.index.RandomPostingsTester$TestThread.run(RandomPostingsTester.java:1206)
   [junit4]   2> 
   [junit4]   2> лют 02, 2018 2:58:28 AM com.carrotsearch.randomizedtesting.RandomizedRunner$QueueUncaughtExceptionsHandler uncaughtException
   [junit4]   2> WARNING: Uncaught exception in thread: Thread[Thread-77,5,TGRP-TestSimpleTextPostingsFormat]
   [junit4]   2> java.lang.RuntimeException: java.lang.AssertionError: position is wrong expected:<4> but was:<-1>
   [junit4]   2> 	at __randomizedtesting.SeedInfo.seed([305C644F49CC26AA]:0)
   [junit4]   2> 	at org.apache.lucene.index.RandomPostingsTester$TestThread.run(RandomPostingsTester.java:1208)
   [junit4]   2> Caused by: java.lang.AssertionError: position is wrong expected:<4> but was:<-1>
   [junit4]   2> 	at org.junit.Assert.fail(Assert.java:93)
   [junit4]   2> 	at org.junit.Assert.failNotEquals(Assert.java:647)
   [junit4]   2> 	at org.junit.Assert.assertEquals(Assert.java:128)
   [junit4]   2> 	at org.junit.Assert.assertEquals(Assert.java:472)
   [junit4]   2> 	at org.apache.lucene.index.RandomPostingsTester.verifyEnum(RandomPostingsTester.java:1099)
   [junit4]   2> 	at org.apache.lucene.index.RandomPostingsTester.testTermsOneThread(RandomPostingsTester.java:1330)
   [junit4]   2> 	at org.apache.lucene.index.RandomPostingsTester.access$100(RandomPostingsTester.java:65)
   [junit4]   2> 	at org.apache.lucene.index.RandomPostingsTester$TestThread.run(RandomPostingsTester.java:1206)
   [junit4]   2> 
   [junit4]   2> лют 02, 2018 2:59:03 AM com.carrotsearch.randomizedtesting.RandomizedRunner$QueueUncaughtExceptionsHandler uncaughtException
   [junit4]   2> WARNING: Uncaught exception in thread: Thread[Thread-85,5,TGRP-TestSimpleTextPostingsFormat]
   [junit4]   2> java.lang.RuntimeException: java.lang.AssertionError: position is wrong expected:<0> but was:<-1>
   [junit4]   2> 	at __randomizedtesting.SeedInfo.seed([305C644F49CC26AA]:0)
   [junit4]   2> 	at org.apache.lucene.index.RandomPostingsTester$TestThread.run(RandomPostingsTester.java:1208)
   [junit4]   2> Caused by: java.lang.AssertionError: position is wrong expected:<0> but was:<-1>
   [junit4]   2> 	at org.junit.Assert.fail(Assert.java:93)
   [junit4]   2> 	at org.junit.Assert.failNotEquals(Assert.java:647)
   [junit4]   2> 	at org.junit.Assert.assertEquals(Assert.java:128)
   [junit4]   2> 	at org.junit.Assert.assertEquals(Assert.java:472)
   [junit4]   2> 	at org.apache.lucene.index.RandomPostingsTester.verifyEnum(RandomPostingsTester.java:1099)
   [junit4]   2> 	at org.apache.lucene.index.RandomPostingsTester.testTermsOneThread(RandomPostingsTester.java:1330)
   [junit4]   2> 	at org.apache.lucene.index.RandomPostingsTester.access$100(RandomPostingsTester.java:65)
   [junit4]   2> 	at org.apache.lucene.index.RandomPostingsTester$TestThread.run(RandomPostingsTester.java:1206)
   [junit4]   2> 
   [junit4]   2> лют 02, 2018 2:59:03 AM com.carrotsearch.randomizedtesting.RandomizedRunner$QueueUncaughtExceptionsHandler uncaughtException
   [junit4]   2> WARNING: Uncaught exception in thread: Thread[Thread-83,5,TGRP-TestSimpleTextPostingsFormat]
   [junit4]   2> java.lang.RuntimeException: java.lang.AssertionError: position is wrong expected:<27> but was:<-1>
   [junit4]   2> 	at __randomizedtesting.SeedInfo.seed([305C644F49CC26AA]:0)
   [junit4]   2> 	at org.apache.lucene.index.RandomPostingsTester$TestThread.run(RandomPostingsTester.java:1208)
   [junit4]   2> Caused by: java.lang.AssertionError: position is wrong expected:<27> but was:<-1>
   [junit4]   2> 	at org.junit.Assert.fail(Assert.java:93)
   [junit4]   2> 	at org.junit.Assert.failNotEquals(Assert.java:647)
   [junit4]   2> 	at org.junit.Assert.assertEquals(Assert.java:128)
   [junit4]   2> 	at org.junit.Assert.assertEquals(Assert.java:472)
   [junit4]   2> 	at org.apache.lucene.index.RandomPostingsTester.verifyEnum(RandomPostingsTester.java:1099)
   [junit4]   2> 	at org.apache.lucene.index.RandomPostingsTester.testTermsOneThread(RandomPostingsTester.java:1330)
   [junit4]   2> 	at org.apache.lucene.index.RandomPostingsTester.access$100(RandomPostingsTester.java:65)
   [junit4]   2> 	at org.apache.lucene.index.RandomPostingsTester$TestThread.run(RandomPostingsTester.java:1206)
   [junit4]   2> 
   [junit4]   2> лют 02, 2018 2:59:03 AM com.carrotsearch.randomizedtesting.RandomizedRunner$QueueUncaughtExceptionsHandler uncaughtException
   [junit4]   2> WARNING: Uncaught exception in thread: Thread[Thread-84,5,TGRP-TestSimpleTextPostingsFormat]
   [junit4]   2> java.lang.RuntimeException: java.lang.AssertionError: position is wrong expected:<0> but was:<-1>
   [junit4]   2> 	at __randomizedtesting.SeedInfo.seed([305C644F49CC26AA]:0)
   [junit4]   2> 	at org.apache.lucene.index.RandomPostingsTester$TestThread.run(RandomPostingsTester.java:1208)
   [junit4]   2> Caused by: java.lang.AssertionError: position is wrong expected:<0> but was:<-1>
   [junit4]   2> 	at org.junit.Assert.fail(Assert.java:93)
   [junit4]   2> 	at org.junit.Assert.failNotEquals(Assert.java:647)
   [junit4]   2> 	at org.junit.Assert.assertEquals(Assert.java:128)
   [junit4]   2> 	at org.junit.Assert.assertEquals(Assert.java:472)
   [junit4]   2> 	at org.apache.lucene.index.RandomPostingsTester.verifyEnum(RandomPostingsTester.java:1099)
   [junit4]   2> 	at org.apache.lucene.index.RandomPostingsTester.testTermsOneThread(RandomPostingsTester.java:1330)
   [junit4]   2> 	at org.apache.lucene.index.RandomPostingsTester.access$100(RandomPostingsTester.java:65)
   [junit4]   2> 	at org.apache.lucene.index.RandomPostingsTester$TestThread.run(RandomPostingsTester.java:1206)
   [junit4]   2> 
   [junit4]   2> NOTE: download the large Jenkins line-docs file by running 'ant get-jenkins-line-docs' in the lucene directory.
   [junit4]   2> NOTE: reproduce with: ant test  -Dtestcase=TestSimpleTextPostingsFormat -Dtests.method=testRandom -Dtests.seed=305C644F49CC26AA -Dtests.multiplier=2 -Dtests.nightly=true -Dtests.slow=true -Dtests.linedocsfile=/home/jenkins/jenkins-slave/workspace/Lucene-Solr-NightlyTests-master/test-data/enwiki.random.lines.txt -Dtests.locale=be -Dtests.timezone=Asia/Tokyo -Dtests.asserts=true -Dtests.file.encoding=UTF-8
   [junit4] ERROR   60.2s J2 | TestSimpleTextPostingsFormat.testRandom <<<
   [junit4]    > Throwable #1: com.carrotsearch.randomizedtesting.UncaughtExceptionError: Captured an uncaught exception in thread: Thread[id=82, name=Thread-70, state=RUNNABLE, group=TGRP-TestSimpleTextPostingsFormat]
   [junit4]    > Caused by: java.lang.RuntimeException: java.lang.AssertionError: position is wrong expected:<0> but was:<-1>
   [junit4]    > 	at __randomizedtesting.SeedInfo.seed([305C644F49CC26AA]:0)
   [junit4]    > 	at org.apache.lucene.index.RandomPostingsTester$TestThread.run(RandomPostingsTester.java:1208)
   [junit4]    > Caused by: java.lang.AssertionError: position is wrong expected:<0> but was:<-1>
   [junit4]    > 	at org.apache.lucene.index.RandomPostingsTester.verifyEnum(RandomPostingsTester.java:1099)
   [junit4]    > 	at org.apache.lucene.index.RandomPostingsTester.testTermsOneThread(RandomPostingsTester.java:1330)
   [junit4]    > 	at org.apache.lucene.index.RandomPostingsTester.access$100(RandomPostingsTester.java:65)
   [junit4]    > 	at org.apache.lucene.index.RandomPostingsTester$TestThread.run(RandomPostingsTester.java:1206)Throwable #2: com.carrotsearch.randomizedtesting.UncaughtExceptionError: Captured an uncaught exception in thread: Thread[id=81, name=Thread-69, state=RUNNABLE, group=TGRP-TestSimpleTextPostingsFormat]
   [junit4]    > Caused by: java.lang.RuntimeException: java.lang.AssertionError: position is wrong expected:<2> but was:<-1>
   [junit4]    > 	at __randomizedtesting.SeedInfo.seed([305C644F49CC26AA]:0)
   [junit4]    > 	at org.apache.lucene.index.RandomPostingsTester$TestThread.run(RandomPostingsTester.java:1208)
   [junit4]    > Caused by: java.lang.AssertionError: position is wrong expected:<2> but was:<-1>
   [junit4]    > 	at org.apache.lucene.index.RandomPostingsTester.verifyEnum(RandomPostingsTester.java:1099)
   [junit4]    > 	at org.apache.lucene.index.RandomPostingsTester.testTermsOneThread(RandomPostingsTester.java:1330)
   [junit4]    > 	at org.apache.lucene.index.RandomPostingsTester.access$100(RandomPostingsTester.java:65)
   [junit4]    > 	at org.apache.lucene.index.RandomPostingsTester$TestThread.run(RandomPostingsTester.java:1206)Throwable #3: com.carrotsearch.randomizedtesting.UncaughtExceptionError: Captured an uncaught exception in thread: Thread[id=83, name=Thread-71, state=RUNNABLE, group=TGRP-TestSimpleTextPostingsFormat]
   [junit4]    > Caused by: java.lang.RuntimeException: java.lang.AssertionError: position is wrong expected:<60> but was:<-1>
   [junit4]    > 	at __randomizedtesting.SeedInfo.seed([305C644F49CC26AA]:0)
   [junit4]    > 	at org.apache.lucene.index.RandomPostingsTester$TestThread.run(RandomPostingsTester.java:1208)
   [junit4]    > Caused by: java.lang.AssertionError: position is wrong expected:<60> but was:<-1>
   [junit4]    > 	at org.apache.lucene.index.RandomPostingsTester.verifyEnum(RandomPostingsTester.java:1099)
   [junit4]    > 	at org.apache.lucene.index.RandomPostingsTester.testTermsOneThread(RandomPostingsTester.java:1330)
   [junit4]    > 	at org.apache.lucene.index.RandomPostingsTester.access$100(RandomPostingsTester.java:65)
   [junit4]    > 	at org.apache.lucene.index.RandomPostingsTester$TestThread.run(RandomPostingsTester.java:1206)Throwable #4: com.carrotsearch.randomizedtesting.UncaughtExceptionError: Captured an uncaught exception in thread: Thread[id=80, name=Thread-68, state=RUNNABLE, group=TGRP-TestSimpleTextPostingsFormat]
   [junit4]    > Caused by: java.lang.RuntimeException: java.lang.AssertionError: position is wrong expected:<0> but was:<-1>
   [junit4]    > 	at __randomizedtesting.SeedInfo.seed([305C644F49CC26AA]:0)
   [junit4]    > 	at org.apache.lucene.index.RandomPostingsTester$TestThread.run(RandomPostingsTester.java:1208)
   [junit4]    > Caused by: java.lang.AssertionError: position is wrong expected:<0> but was:<-1>
   [junit4]    > 	at org.apache.lucene.index.RandomPostingsTester.verifyEnum(RandomPostingsTester.java:1099)
   [junit4]    > 	at org.apache.lucene.index.RandomPostingsTester.testTermsOneThread(RandomPostingsTester.java:1330)
   [junit4]    > 	at org.apache.lucene.index.RandomPostingsTester.access$100(RandomPostingsTester.java:65)
   [junit4]    > 	at org.apache.lucene.index.RandomPostingsTester$TestThread.run(RandomPostingsTester.java:1206)Throwable #5: com.carrotsearch.randomizedtesting.UncaughtExceptionError: Captured an uncaught exception in thread: Thread[id=79, name=Thread-67, state=RUNNABLE, group=TGRP-TestSimpleTextPostingsFormat]
   [junit4]    > Caused by: java.lang.RuntimeException: java.lang.AssertionError: position is wrong expected:<0> but was:<-1>
   [junit4]    > 	at __randomizedtesting.SeedInfo.seed([305C644F49CC26AA]:0)
   [junit4]    > 	at org.apache.lucene.index.RandomPostingsTester$TestThread.run(RandomPostingsTester.java:1208)
   [junit4]    > Caused by: java.lang.AssertionError: position is wrong expected:<0> but was:<-1>
   [junit4]    > 	at org.apache.lucene.index.RandomPostingsTester.verifyEnum(RandomPostingsTester.java:1099)
   [junit4]    > 	at org.apache.lucene.index.RandomPostingsTester.testTermsOneThread(RandomPostingsTester.java:1330)
   [junit4]    > 	at org.apache.lucene.index.RandomPostingsTester.access$100(RandomPostingsTester.java:65)
   [junit4]    > 	at org.apache.lucene.index.RandomPostingsTester$TestThread.run(RandomPostingsTester.java:1206)Throwable #6: com.carrotsearch.randomizedtesting.UncaughtExceptionError: Captured an uncaught exception in thread: Thread[id=84, name=Thread-72, state=RUNNABLE, group=TGRP-TestSimpleTextPostingsFormat]
   [junit4]    > Caused by: java.lang.RuntimeException: java.lang.AssertionError: position is wrong expected:<0> but was:<-1>
   [junit4]    > 	at __randomizedtesting.SeedInfo.seed([305C644F49CC26AA]:0)
   [junit4]    > 	at org.apache.lucene.index.RandomPostingsTester$TestThread.run(RandomPostingsTester.java:1208)
   [junit4]    > Caused by: java.lang.AssertionError: position is wrong expected:<0> but was:<-1>
   [junit4]    > 	at org.apache.lucene.index.RandomPostingsTester.verifyEnum(RandomPostingsTester.java:1099)
   [junit4]    > 	at org.apache.lucene.index.RandomPostingsTester.testTermsOneThread(RandomPostingsTester.java:1330)
   [junit4]    > 	at org.apache.lucene.index.RandomPostingsTester.access$100(RandomPostingsTester.java:65)
   [junit4]    > 	at org.apache.lucene.index.RandomPostingsTester$TestThread.run(RandomPostingsTester.java:1206)Throwable #7: com.carrotsearch.randomizedtesting.UncaughtExceptionError: Captured an uncaught exception in thread: Thread[id=85, name=Thread-73, state=RUNNABLE, group=TGRP-TestSimpleTextPostingsFormat]
   [junit4]    > Caused by: java.lang.RuntimeException: java.lang.AssertionError: position is wrong expected:<60> but was:<-1>
   [junit4]    > 	at __randomizedtesting.SeedInfo.seed([305C644F49CC26AA]:0)
   [junit4]    > 	at org.apache.lucene.index.RandomPostingsTester$TestThread.run(RandomPostingsTester.java:1208)
   [junit4]    > Caused by: java.lang.AssertionError: position is wrong expected:<60> but was:<-1>
   [junit4]    > 	at org.apache.lucene.index.RandomPostingsTester.verifyEnum(RandomPostingsTester.java:1099)
   [junit4]    > 	at org.apache.lucene.index.RandomPostingsTester.testTermsOneThread(RandomPostingsTester.java:1330)
   [junit4]    > 	at org.apache.lucene.index.RandomPostingsTester.access$100(RandomPostingsTester.java:65)
   [junit4]    > 	at org.apache.lucene.index.RandomPostingsTester$TestThread.run(RandomPostingsTester.java:1206)Throwable #8: com.carrotsearch.randomizedtesting.UncaughtExceptionError: Captured an uncaught exception in thread: Thread[id=86, name=Thread-74, state=RUNNABLE, group=TGRP-TestSimpleTextPostingsFormat]
   [junit4]    > Caused by: java.lang.RuntimeException: java.lang.AssertionError: position is wrong expected:<0> but was:<-1>
   [junit4]    > 	at __randomizedtesting.SeedInfo.seed([305C644F49CC26AA]:0)
   [junit4]    > 	at org.apache.lucene.index.RandomPostingsTester$TestThread.run(RandomPostingsTester.java:1208)
   [junit4]    > Caused by: java.lang.AssertionError: position is wrong expected:<0> but was:<-1>
   [junit4]    > 	at org.apache.lucene.index.RandomPostingsTester.verifyEnum(RandomPostingsTester.java:1099)
   [junit4]    > 	at org.apache.lucene.index.RandomPostingsTester.testTermsOneThread(RandomPostingsTester.java:1330)
   [junit4]    > 	at org.apache.lucene.index.RandomPostingsTester.access$100(RandomPostingsTester.java:65)
   [junit4]    > 	at org.apache.lucene.index.RandomPostingsTester$TestThread.run(RandomPostingsTester.java:1206)Throwable #9: com.carrotsearch.randomizedtesting.UncaughtExceptionError: Captured an uncaught exception in thread: Thread[id=87, name=Thread-75, state=RUNNABLE, group=TGRP-TestSimpleTextPostingsFormat]
   [junit4]    > Caused by: java.lang.RuntimeException: java.lang.AssertionError: position is wrong expected:<27> but was:<-1>
   [junit4]    > 	at __randomizedtesting.SeedInfo.seed([305C644F49CC26AA]:0)
   [junit4]    > 	at org.apache.lucene.index.RandomPostingsTester$TestThread.run(RandomPostingsTester.java:1208)
   [junit4]    > Caused by: java.lang.AssertionError: position is wrong expected:<27> but was:<-1>
   [junit4]    > 	at org.apache.lucene.index.RandomPostingsTester.verifyEnum(RandomPostingsTester.java:1099)
   [junit4]    > 	at org.apache.lucene.index.RandomPostingsTester.testTermsOneThread(RandomPostingsTester.java:1330)
   [junit4]    > 	at org.apache.lucene.index.RandomPostingsTester.access$100(RandomPostingsTester.java:65)
   [junit4]    > 	at org.apache.lucene.index.RandomPostingsTester$TestThread.run(RandomPostingsTester.java:1206)Throwable #10: com.carrotsearch.randomizedtesting.UncaughtExceptionError: Captured an uncaught exception in thread: Thread[id=90, name=Thread-78, state=RUNNABLE, group=TGRP-TestSimpleTextPostingsFormat]
   [junit4]    > Caused by: java.lang.RuntimeException: java.lang.AssertionError: position is wrong expected:<0> but was:<-1>
   [junit4]    > 	at __randomizedtesting.SeedInfo.seed([305C644F49CC26AA]:0)
   [junit4]    > 	at org.apache.lucene.index.RandomPostingsTester$TestThread.run(RandomPostingsTester.java:1208)
   [junit4]    > Caused by: java.lang.AssertionError: position is wrong expected:<0> but was:<-1>
   [junit4]    > 	at org.apache.lucene.index.RandomPostingsTester.verifyEnum(RandomPostingsTester.java:1099)
   [junit4]    > 	at org.apache.lucene.index.RandomPostingsTester.testTermsOneThread(RandomPostingsTester.java:1330)
   [junit4]    > 	at org.apache.lucene.index.RandomPostingsTester.access$100(RandomPostingsTester.java:65)
   [junit4]    > 	at org.apache.lucene.index.RandomPostingsTester$TestThread.run(RandomPostingsTester.java:1206)Throwable #11: com.carrotsearch.randomizedtesting.UncaughtExceptionError: Captured an uncaught exception in thread: Thread[id=88, name=Thread-76, state=RUNNABLE, group=TGRP-TestSimpleTextPostingsFormat]
   [junit4]    > Caused by: java.lang.RuntimeException: java.lang.AssertionError: position is wrong expected:<0> but was:<-1>
   [junit4]    > 	at __randomizedtesting.SeedInfo.seed([305C644F49CC26AA]:0)
   [junit4]    > 	at org.apache.lucene.index.RandomPostingsTester$TestThread.run(RandomPostingsTester.java:1208)
   [junit4]    > Caused by: java.lang.AssertionError: position is wrong expected:<0> but was:<-1>
   [junit4]    > 	at org.apache.lucene.index.RandomPostingsTester.verifyEnum(RandomPostingsTester.java:1099)
   [junit4]    > 	at org.apache.lucene.index.RandomPostingsTester.testTermsOneThread(RandomPostingsTester.java:1330)
   [junit4]    > 	at org.apache.lucene.index.RandomPostingsTester.access$100(RandomPostingsTester.java:65)
   [junit4]    > 	at org.apache.lucene.index.RandomPostingsTester$TestThread.run(RandomPostingsTester.java:1206)Throwable #12: com.carrotsearch.randomizedtesting.UncaughtExceptionError: Captured an uncaught exception in thread: Thread[id=89, name=Thread-77, state=RUNNABLE, group=TGRP-TestSimpleTextPostingsFormat]
   [junit4]    > Caused by: java.lang.RuntimeException: java.lang.AssertionError: position is wrong expected:<4> but was:<-1>
   [junit4]    > 	at __randomizedtesting.SeedInfo.seed([305C644F49CC26AA]:0)
   [junit4]    > 	at org.apache.lucene.index.RandomPostingsTester$TestThread.run(RandomPostingsTester.java:1208)
   [junit4]    > Caused by: java.lang.AssertionError: position is wrong expected:<4> but was:<-1>
   [junit4]    > 	at org.apache.lucene.index.RandomPostingsTester.verifyEnum(RandomPostingsTester.java:1099)
   [junit4]    > 	at org.apache.lucene.index.RandomPostingsTester.testTermsOneThread(RandomPostingsTester.java:1330)
   [junit4]    > 	at org.apache.lucene.index.RandomPostingsTester.access$100(RandomPostingsTester.java:65)
   [junit4]    > 	at org.apache.lucene.index.RandomPostingsTester$TestThread.run(RandomPostingsTester.java:1206)Throwable #13: com.carrotsearch.randomizedtesting.UncaughtExceptionError: Captured an uncaught exception in thread: Thread[id=97, name=Thread-85, state=RUNNABLE, group=TGRP-TestSimpleTextPostingsFormat]
   [junit4]    > Caused by: java.lang.RuntimeException: java.lang.AssertionError: position is wrong expected:<0> but was:<-1>
   [junit4]    > 	at __randomizedtesting.SeedInfo.seed([305C644F49CC26AA]:0)
   [junit4]    > 	at org.apache.lucene.index.RandomPostingsTester$TestThread.run(RandomPostingsTester.java:1208)
   [junit4]    > Caused by: java.lang.AssertionError: position is wrong expected:<0> but was:<-1>
   [junit4]    > 	at org.apache.lucene.index.RandomPostingsTester.verifyEnum(RandomPostingsTester.java:1099)
   [junit4]    > 	at org.apache.lucene.index.RandomPostingsTester.testTermsOneThread(RandomPostingsTester.java:1330)
   [junit4]    > 	at org.apache.lucene.index.RandomPostingsTester.access$100(RandomPostingsTester.java:65)
   [junit4]    > 	at org.apache.lucene.index.RandomPostingsTester$TestThread.run(RandomPostingsTester.java:1206)Throwable #14: com.carrotsearch.randomizedtesting.UncaughtExceptionError: Captured an uncaught exception in thread: Thread[id=95, name=Thread-83, state=RUNNABLE, group=TGRP-TestSimpleTextPostingsFormat]
   [junit4]    > Caused by: java.lang.RuntimeException: java.lang.AssertionError: position is wrong expected:<27> but was:<-1>
   [junit4]    > 	at __randomizedtesting.SeedInfo.seed([305C644F49CC26AA]:0)
   [junit4]    > 	at org.apache.lucene.index.RandomPostingsTester$TestThread.run(RandomPostingsTester.java:1208)
   [junit4]    > Caused by: java.lang.AssertionError: position is wrong expected:<27> but was:<-1>
   [junit4]    > 	at org.apache.lucene.index.RandomPostingsTester.verifyEnum(RandomPostingsTester.java:1099)
   [junit4]    > 	at org.apache.lucene.index.RandomPostingsTester.testTermsOneThread(RandomPostingsTester.java:1330)
   [junit4]    > 	at org.apache.lucene.index.RandomPostingsTester.access$100(RandomPostingsTester.java:65)
   [junit4]    > 	at org.apache.lucene.index.RandomPostingsTester$TestThread.run(RandomPostingsTester.java:1206)Throwable #15: com.carrotsearch.randomizedtesting.UncaughtExceptionError: Captured an uncaught exception in thread: Thread[id=96, name=Thread-84, state=RUNNABLE, group=TGRP-TestSimpleTextPostingsFormat]
   [junit4]    > Caused by: java.lang.RuntimeException: java.lang.AssertionError: position is wrong expected:<0> but was:<-1>
   [junit4]    > 	at __randomizedtesting.SeedInfo.seed([305C644F49CC26AA]:0)
   [junit4]    > 	at org.apache.lucene.index.RandomPostingsTester$TestThread.run(RandomPostingsTester.java:1208)
   [junit4]    > Caused by: java.lang.AssertionError: position is wrong expected:<0> but was:<-1>
   [junit4]    > 	at org.apache.lucene.index.RandomPostingsTester.verifyEnum(RandomPostingsTester.java:1099)
   [junit4]    > 	at org.apache.lucene.index.RandomPostingsTester.testTermsOneThread(RandomPostingsTester.java:1330)
   [junit4]    > 	at org.apache.lucene.index.RandomPostingsTester.access$100(RandomPostingsTester.java:65)
   [junit4]    > 	at org.apache.lucene.index.RandomPostingsTester$TestThread.run(RandomPostingsTester.java:1206)
   [junit4]   2> лют 02, 2018 3:16:51 AM com.carrotsearch.randomizedtesting.RandomizedRunner$QueueUncaughtExceptionsHandler uncaughtException
   [junit4]   2> WARNING: Uncaught exception in thread: Thread[Thread-129,5,TGRP-TestSimpleTextPostingsFormat]
   [junit4]   2> java.lang.RuntimeException: java.lang.AssertionError: position is wrong expected:<0> but was:<-1>
   [junit4]   2> 	at __randomizedtesting.SeedInfo.seed([305C644F49CC26AA]:0)
   [junit4]   2> 	at org.apache.lucene.index.RandomPostingsTester$TestThread.run(RandomPostingsTester.java:1208)
   [junit4]   2> Caused by: java.lang.AssertionError: position is wrong expected:<0> but was:<-1>
   [junit4]   2> 	at org.junit.Assert.fail(Assert.java:93)
   [junit4]   2> 	at org.junit.Assert.failNotEquals(Assert.java:647)
   [junit4]   2> 	at org.junit.Assert.assertEquals(Assert.java:128)
   [junit4]   2> 	at org.junit.Assert.assertEquals(Assert.java:472)
   [junit4]   2> 	at org.apache.lucene.index.RandomPostingsTester.verifyEnum(RandomPostingsTester.java:1099)
   [junit4]   2> 	at org.apache.lucene.index.RandomPostingsTester.testTermsOneThread(RandomPostingsTester.java:1330)
   [junit4]   2> 	at org.apache.lucene.index.RandomPostingsTester.access$100(RandomPostingsTester.java:65)
   [junit4]   2> 	at org.apache.lucene.index.RandomPostingsTester$TestThread.run(RandomPostingsTester.java:1206)
   [junit4]   2> 
   [junit4]   2> лют 02, 2018 3:16:51 AM com.carrotsearch.randomizedtesting.RandomizedRunner$QueueUncaughtExceptionsHandler uncaughtException
   [junit4]   2> WARNING: Uncaught exception in thread: Thread[Thread-133,5,TGRP-TestSimpleTextPostingsFormat]
   [junit4]   2> java.lang.RuntimeException: java.lang.AssertionError: position is wrong expected:<0> but was:<-1>
   [junit4]   2> 	at __randomizedtesting.SeedInfo.seed([305C644F49CC26AA]:0)
   [junit4]   2> 	at org.apache.lucene.index.RandomPostingsTester$TestThread.run(RandomPostingsTester.java:1208)
   [junit4]   2> Caused by: java.lang.AssertionError: position is wrong expected:<0> but was:<-1>
   [junit4]   2> 	at org.junit.Assert.fail(Assert.java:93)
   [junit4]   2> 	at org.junit.Assert.failNotEquals(Assert.java:647)
   [junit4]   2> 	at org.junit.Assert.assertEquals(Assert.java:128)
   [junit4]   2> 	at org.junit.Assert.assertEquals(Assert.java:472)
   [junit4]   2> 	at org.apache.lucene.index.RandomPostingsTester.verifyEnum(RandomPostingsTester.java:1099)
   [junit4]   2> 	at org.apache.lucene.index.RandomPostingsTester.testTermsOneThread(RandomPostingsTester.java:1330)
   [junit4]   2> 	at org.apache.lucene.index.RandomPostingsTester.access$100(RandomPostingsTester.java:65)
   [junit4]   2> 	at org.apache.lucene.index.RandomPostingsTester$TestThread.run(RandomPostingsTester.java:1206)
   [junit4]   2> 
   [junit4]   2> лют 02, 2018 3:16:51 AM com.carrotsearch.randomizedtesting.RandomizedRunner$QueueUncaughtExceptionsHandler uncaughtException
   [junit4]   2> WARNING: Uncaught exception in thread: Thread[Thread-131,5,TGRP-TestSimpleTextPostingsFormat]
   [junit4]   2> java.lang.RuntimeException: java.lang.AssertionError: position is wrong expected:<0> but was:<-1>
   [junit4]   2> 	at __randomizedtesting.SeedInfo.seed([305C644F49CC26AA]:0)
   [junit4]   2> 	at org.apache.lucene.index.RandomPostingsTester$TestThread.run(RandomPostingsTester.java:1208)
   [junit4]   2> Caused by: java.lang.AssertionError: position is wrong expected:<0> but was:<-1>
   [junit4]   2> 	at org.junit.Assert.fail(Assert.java:93)
   [junit4]   2> 	at org.junit.Assert.failNotEquals(Assert.java:647)
   [junit4]   2> 	at org.junit.Assert.assertEquals(Assert.java:128)
   [junit4]   2> 	at org.junit.Assert.assertEquals(Assert.java:472)
   [junit4]   2> 	at org.apache.lucene.index.RandomPostingsTester.verifyEnum(RandomPostingsTester.java:1099)
   [junit4]   2> 	at org.apache.lucene.index.RandomPostingsTester.testTermsOneThread(RandomPostingsTester.java:1330)
   [junit4]   2> 	at org.apache.lucene.index.RandomPostingsTester.access$100(RandomPostingsTester.java:65)
   [junit4]   2> 	at org.apache.lucene.index.RandomPostingsTester$TestThread.run(RandomPostingsTester.java:1206)
   [junit4]   2> 
   [junit4]   2> лют 02, 2018 3:16:51 AM com.carrotsearch.randomizedtesting.RandomizedRunner$QueueUncaughtExceptionsHandler uncaughtException
   [junit4]   2> WARNING: Uncaught exception in thread: Thread[Thread-130,5,TGRP-TestSimpleTextPostingsFormat]
   [junit4]   2> java.lang.RuntimeException: java.lang.AssertionError: position is wrong expected:<0> but was:<-1>
   [junit4]   2> 	at __randomizedtesting.SeedInfo.seed([305C644F49CC26AA]:0)
   [junit4]   2> 	at org.apache.lucene.index.RandomPostingsTester$TestThread.run(RandomPostingsTester.java:1208)
   [junit4]   2> Caused by: java.lang.AssertionError: position is wrong expected:<0> but was:<-1>
   [junit4]   2> 	at org.junit.Assert.fail(Assert.java:93)
   [junit4]   2> 	at org.junit.Assert.failNotEquals(Assert.java:647)
   [junit4]   2> 	at org.junit.Assert.assertEquals(Assert.java:128)
   [junit4]   2> 	at org.junit.Assert.assertEquals(Assert.java:472)
   [junit4]   2> 	at org.apache.lucene.index.RandomPostingsTester.verifyEnum(RandomPostingsTester.java:1099)
   [junit4]   2> 	at org.apache.lucene.index.RandomPostingsTester.testTermsOneThread(RandomPostingsTester.java:1330)
   [junit4]   2> 	at org.apache.lucene.index.RandomPostingsTester.access$100(RandomPostingsTester.java:65)
   [junit4]   2> 	at org.apache.lucene.index.RandomPostingsTester$TestThread.run(RandomPostingsTester.java:1206)
   [junit4]   2> 
   [junit4]   2> лют 02, 2018 3:16:52 AM com.carrotsearch.randomizedtesting.RandomizedRunner$QueueUncaughtExceptionsHandler uncaughtException
   [junit4]   2> WARNING: Uncaught exception in thread: Thread[Thread-132,5,TGRP-TestSimpleTextPostingsFormat]
   [junit4]   2> java.lang.RuntimeException: java.lang.AssertionError: position is wrong expected:<4> but was:<-1>
   [junit4]   2> 	at __randomizedtesting.SeedInfo.seed([305C644F49CC26AA]:0)
   [junit4]   2> 	at org.apache.lucene.index.RandomPostingsTester$TestThread.run(RandomPostingsTester.java:1208)
   [junit4]   2> Caused by: java.lang.AssertionError: position is wrong expected:<4> but was:<-1>
   [junit4]   2> 	at org.junit.Assert.fail(Assert.java:93)
   [junit4]   2> 	at org.junit.Assert.failNotEquals(Assert.java:647)
   [junit4]   2> 	at org.junit.Assert.assertEquals(Assert.java:128)
   [junit4]   2> 	at org.junit.Assert.assertEquals(Assert.java:472)
   [junit4]   2> 	at org.apache.lucene.index.RandomPostingsTester.verifyEnum(RandomPostingsTester.java:1099)
   [junit4]   2> 	at org.apache.lucene.index.RandomPostingsTester.testTermsOneThread(RandomPostingsTester.java:1330)
   [junit4]   2> 	at org.apache.lucene.index.RandomPostingsTester.access$100(RandomPostingsTester.java:65)
   [junit4]   2> 	at org.apache.lucene.index.RandomPostingsTester$TestThread.run(RandomPostingsTester.java:1206)
   [junit4]   2> 
   [junit4]   2> лют 02, 2018 3:16:52 AM com.carrotsearch.randomizedtesting.RandomizedRunner$QueueUncaughtExceptionsHandler uncaughtException
   [junit4]   2> WARNING: Uncaught exception in thread: Thread[Thread-134,5,TGRP-TestSimpleTextPostingsFormat]
   [junit4]   2> java.lang.RuntimeException: java.lang.AssertionError: position is wrong expected:<0> but was:<-1>
   [junit4]   2> 	at __randomizedtesting.SeedInfo.seed([305C644F49CC26AA]:0)
   [junit4]   2> 	at org.apache.lucene.index.RandomPostingsTester$TestThread.run(RandomPostingsTester.java:1208)
   [junit4]   2> Caused by: java.lang.AssertionError: position is wrong expected:<0> but was:<-1>
   [junit4]   2> 	at org.junit.Assert.fail(Assert.java:93)
   [junit4]   2> 	at org.junit.Assert.failNotEquals(Assert.java:647)
   [junit4]   2> 	at org.junit.Assert.assertEquals(Assert.java:128)
   [junit4]   2> 	at org.junit.Assert.assertEquals(Assert.java:472)
   [junit4]   2> 	at org.apache.lucene.index.RandomPostingsTester.verifyEnum(RandomPostingsTester.java:1099)
   [junit4]   2> 	at org.apache.lucene.index.RandomPostingsTester.testTermsOneThread(RandomPostingsTester.java:1330)
   [junit4]   2> 	at org.apache.lucene.index.RandomPostingsTester.access$100(RandomPostingsTester.java:65)
   [junit4]   2> 	at org.apache.lucene.index.RandomPostingsTester$TestThread.run(RandomPostingsTester.java:1206)
   [junit4]   2> 
   [junit4]   2> лют 02, 2018 3:16:52 AM com.carrotsearch.randomizedtesting.RandomizedRunner$QueueUncaughtExceptionsHandler uncaughtException
   [junit4]   2> WARNING: Uncaught exception in thread: Thread[Thread-135,5,TGRP-TestSimpleTextPostingsFormat]
   [junit4]   2> java.lang.RuntimeException: java.lang.AssertionError: position is wrong expected:<0> but was:<-1>
   [junit4]   2> 	at __randomizedtesting.SeedInfo.seed([305C644F49CC26AA]:0)
   [junit4]   2> 	at org.apache.lucene.index.RandomPostingsTester$TestThread.run(RandomPostingsTester.java:1208)
   [junit4]   2> Caused by: java.lang.AssertionError: position is wrong expected:<0> but was:<-1>
   [junit4]   2> 	at org.junit.Assert.fail(Assert.java:93)
   [junit4]   2> 	at org.junit.Assert.failNotEquals(Assert.java:647)
   [junit4]   2> 	at org.junit.Assert.assertEquals(Assert.java:128)
   [junit4]   2> 	at org.junit.Assert.assertEquals(Assert.java:472)
   [junit4]   2> 	at org.apache.lucene.index.RandomPostingsTester.verifyEnum(RandomPostingsTester.java:1099)
   [junit4]   2> 	at org.apache.lucene.index.RandomPostingsTester.testTermsOneThread(RandomPostingsTester.java:1330)
   [junit4]   2> 	at org.apache.lucene.index.RandomPostingsTester.access$100(RandomPostingsTester.java:65)
   [junit4]   2> 	at org.apache.lucene.index.RandomPostingsTester$TestThread.run(RandomPostingsTester.java:1206)
   [junit4]   2> 
   [junit4]   2> NOTE: download the large Jenkins line-docs file by running 'ant get-jenkins-line-docs' in the lucene directory.
   [junit4]   2> NOTE: reproduce with: ant test  -Dtestcase=TestSimpleTextPostingsFormat -Dtests.method=testDocsAndFreqsAndPositionsAndPayloads -Dtests.seed=305C644F49CC26AA -Dtests.multiplier=2 -Dtests.nightly=true -Dtests.slow=true -Dtests.linedocsfile=/home/jenkins/jenkins-slave/workspace/Lucene-Solr-NightlyTests-master/test-data/enwiki.random.lines.txt -Dtests.locale=be -Dtests.timezone=Asia/Tokyo -Dtests.asserts=true -Dtests.file.encoding=UTF-8
   [junit4] ERROR    711s J2 | TestSimpleTextPostingsFormat.testDocsAndFreqsAndPositionsAndPayloads <<<
   [junit4]    > Throwable #1: com.carrotsearch.randomizedtesting.UncaughtExceptionError: Captured an uncaught exception in thread: Thread[id=141, name=Thread-129, state=RUNNABLE, group=TGRP-TestSimpleTextPostingsFormat]
   [junit4]    > Caused by: java.lang.RuntimeException: java.lang.AssertionError: position is wrong expected:<0> but was:<-1>
   [junit4]    > 	at __randomizedtesting.SeedInfo.seed([305C644F49CC26AA]:0)
   [junit4]    > 	at org.apache.lucene.index.RandomPostingsTester$TestThread.run(RandomPostingsTester.java:1208)
   [junit4]    > Caused by: java.lang.AssertionError: position is wrong expected:<0> but was:<-1>
   [junit4]    > 	at org.apache.lucene.index.RandomPostingsTester.verifyEnum(RandomPostingsTester.java:1099)
   [junit4]    > 	at org.apache.lucene.index.RandomPostingsTester.testTermsOneThread(RandomPostingsTester.java:1330)
   [junit4]    > 	at org.apache.lucene.index.RandomPostingsTester.access$100(RandomPostingsTester.java:65)
   [junit4]    > 	at org.apache.lucene.index.RandomPostingsTester$TestThread.run(RandomPostingsTester.java:1206)Throwable #2: com.carrotsearch.randomizedtesting.UncaughtExceptionError: Captured an uncaught exception in thread: Thread[id=145, name=Thread-133, state=RUNNABLE, group=TGRP-TestSimpleTextPostingsFormat]
   [junit4]    > Caused by: java.lang.RuntimeException: java.lang.AssertionError: position is wrong expected:<0> but was:<-1>
   [junit4]    > 	at __randomizedtesting.SeedInfo.seed([305C644F49CC26AA]:0)
   [junit4]    > 	at org.apache.lucene.index.RandomPostingsTester$TestThread.run(RandomPostingsTester.java:1208)
   [junit4]    > Caused by: java.lang.AssertionError: position is wrong expected:<0> but was:<-1>
   [junit4]    > 	at org.apache.lucene.index.RandomPostingsTester.verifyEnum(RandomPostingsTester.java:1099)
   [junit4]    > 	at org.apache.lucene.index.RandomPostingsTester.testTermsOneThread(RandomPostingsTester.java:1330)
   [junit4]    > 	at org.apache.lucene.index.RandomPostingsTester.access$100(RandomPostingsTester.java:65)
   [junit4]    > 	at org.apache.lucene.index.RandomPostingsTester$TestThread.run(RandomPostingsTester.java:1206)Throwable #3: com.carrotsearch.randomizedtesting.UncaughtExceptionError: Captured an uncaught exception in thread: Thread[id=143, name=Thread-131, state=RUNNABLE, group=TGRP-TestSimpleTextPostingsFormat]
   [junit4]    > Caused by: java.lang.RuntimeException: java.lang.AssertionError: position is wrong expected:<0> but was:<-1>
   [junit4]    > 	at __randomizedtesting.SeedInfo.seed([305C644F49CC26AA]:0)
   [junit4]    > 	at org.apache.lucene.index.RandomPostingsTester$TestThread.run(RandomPostingsTester.java:1208)
   [junit4]    > Caused by: java.lang.AssertionError: position is wrong expected:<0> but was:<-1>
   [junit4]    > 	at org.apache.lucene.index.RandomPostingsTester.verifyEnum(RandomPostingsTester.java:1099)
   [junit4]    > 	at org.apache.lucene.index.RandomPostingsTester.testTermsOneThread(RandomPostingsTester.java:1330)
   [junit4]    > 	at org.apache.lucene.index.RandomPostingsTester.access$100(RandomPostingsTester.java:65)
   [junit4]    > 	at org.apache.lucene.index.RandomPostingsTester$TestThread.run(RandomPostingsTester.java:1206)Throwable #4: com.carrotsearch.randomizedtesting.UncaughtExceptionError: Captured an uncaught exception in thread: Thread[id=142, name=Thread-130, state=RUNNABLE, group=TGRP-TestSimpleTextPostingsFormat]
   [junit4]    > Caused by: java.lang.RuntimeException: java.lang.AssertionError: position is wrong expected:<0> but was:<-1>
   [junit4]    > 	at __randomizedtesting.SeedInfo.seed([305C644F49CC26AA]:0)
   [junit4]    > 	at org.apache.lucene.index.RandomPostingsTester$TestThread.run(RandomPostingsTester.java:1208)
   [junit4]    > Caused by: java.lang.AssertionError: position is wrong expected:<0> but was:<-1>
   [junit4]    > 	at org.apache.lucene.index.RandomPostingsTester.verifyEnum(RandomPostingsTester.java:1099)
   [junit4]    > 	at org.apache.lucene.index.RandomPostingsTester.testTermsOneThread(RandomPostingsTester.java:1330)
   [junit4]    > 	at org.apache.lucene.index.RandomPostingsTester.access$100(RandomPostingsTester.java:65)
   [junit4]    > 	at org.apache.lucene.index.RandomPostingsTester$TestThread.run(RandomPostingsTester.java:1206)Throwable #5: com.carrotsearch.randomizedtesting.UncaughtExceptionError: Captured an uncaught exception in thread: Thread[id=144, name=Thread-132, state=RUNNABLE, group=TGRP-TestSimpleTextPostingsFormat]
   [junit4]    > Caused by: java.lang.RuntimeException: java.lang.AssertionError: position is wrong expected:<4> but was:<-1>
   [junit4]    > 	at __randomizedtesting.SeedInfo.seed([305C644F49CC26AA]:0)
   [junit4]    > 	at org.apache.lucene.index.RandomPostingsTester$TestThread.run(RandomPostingsTester.java:1208)
   [junit4]    > Caused by: java.lang.AssertionError: position is wrong expected:<4> but was:<-1>
   [junit4]    > 	at org.apache.lucene.index.RandomPostingsTester.verifyEnum(RandomPostingsTester.java:1099)
   [junit4]    > 	at org.apache.lucene.index.RandomPostingsTester.testTermsOneThread(RandomPostingsTester.java:1330)
   [junit4]    > 	at org.apache.lucene.index.RandomPostingsTester.access$100(RandomPostingsTester.java:65)
   [junit4]    > 	at org.apache.lucene.index.RandomPostingsTester$TestThread.run(RandomPostingsTester.java:1206)Throwable #6: com.carrotsearch.randomizedtesting.UncaughtExceptionError: Captured an uncaught exception in thread: Thread[id=146, name=Thread-134, state=RUNNABLE, group=TGRP-TestSimpleTextPostingsFormat]
   [junit4]    > Caused by: java.lang.RuntimeException: java.lang.AssertionError: position is wrong expected:<0> but was:<-1>
   [junit4]    > 	at __randomizedtesting.SeedInfo.seed([305C644F49CC26AA]:0)
   [junit4]    > 	at org.apache.lucene.index.RandomPostingsTester$TestThread.run(RandomPostingsTester.java:1208)
   [junit4]    > Caused by: java.lang.AssertionError: position is wrong expected:<0> but was:<-1>
   [junit4]    > 	at org.apache.lucene.index.RandomPostingsTester.verifyEnum(RandomPostingsTester.java:1099)
   [junit4]    > 	at org.apache.lucene.index.RandomPostingsTester.testTermsOneThread(RandomPostingsTester.java:1330)
   [junit4]    > 	at org.apache.lucene.index.RandomPostingsTester.access$100(RandomPostingsTester.java:65)
   [junit4]    > 	at org.apache.lucene.index.RandomPostingsTester$TestThread.run(RandomPostingsTester.java:1206)Throwable #7: com.carrotsearch.randomizedtesting.UncaughtExceptionError: Captured an uncaught exception in thread: Thread[id=147, name=Thread-135, state=RUNNABLE, group=TGRP-TestSimpleTextPostingsFormat]
   [junit4]    > Caused by: java.lang.RuntimeException: java.lang.AssertionError: position is wrong expected:<0> but was:<-1>
   [junit4]    > 	at __randomizedtesting.SeedInfo.seed([305C644F49CC26AA]:0)
   [junit4]    > 	at org.apache.lucene.index.RandomPostingsTester$TestThread.run(RandomPostingsTester.java:1208)
   [junit4]    > Caused by: java.lang.AssertionError: position is wrong expected:<0> but was:<-1>
   [junit4]    > 	at org.apache.lucene.index.RandomPostingsTester.verifyEnum(RandomPostingsTester.java:1099)
   [junit4]    > 	at org.apache.lucene.index.RandomPostingsTester.testTermsOneThread(RandomPostingsTester.java:1330)
   [junit4]    > 	at org.apache.lucene.index.RandomPostingsTester.access$100(RandomPostingsTester.java:65)
   [junit4]    > 	at org.apache.lucene.index.RandomPostingsTester$TestThread.run(RandomPostingsTester.java:1206)
   [junit4]   2> NOTE: test params are: codec=Asserting(Lucene70): {}, docValues:{}, maxPointsInLeafNode=1750, maxMBSortInHeap=7.197208351225491, sim=Asserting(org.apache.lucene.search.similarities.AssertingSimilarity@5e4795f4), locale=be, timezone=Asia/Tokyo
   [junit4]   2> NOTE: Linux 4.4.0-104-generic amd64/Oracle Corporation 1.8.0_152 (64-bit)/cpus=4,threads=1,free=172721152,total=225968128
   [junit4]   2> NOTE: All tests run in this JVM: [TestSimpleTextPostingsFormat]
   [junit4]   2> NOTE: download the large Jenkins line-docs file by running 'ant get-jenkins-line-docs' in the lucene directory.
   [junit4]   2> NOTE: reproduce with: ant test  -Dtestcase=TestSimpleTextPostingsFormat -Dtests.seed=305C644F49CC26AA -Dtests.multiplier=2 -Dtests.nightly=true -Dtests.slow=true -Dtests.linedocsfile=/home/jenkins/jenkins-slave/workspace/Lucene-Solr-NightlyTests-master/test-data/enwiki.random.lines.txt -Dtests.locale=be -Dtests.timezone=Asia/Tokyo -Dtests.asserts=true -Dtests.file.encoding=UTF-8
   [junit4] ERROR   0.00s J2 | TestSimpleTextPostingsFormat (suite) <<<
   [junit4]    > Throwable #1: java.lang.AssertionError: The test or suite printed 102728 bytes to stdout and stderr, even though the limit was set to 8192 bytes. Increase the limit with @Limit, ignore it completely with @SuppressSysoutChecks or run with -Dtests.verbose=true
   [junit4]    > 	at __randomizedtesting.SeedInfo.seed([305C644F49CC26AA]:0)
   [junit4]    > 	at java.lang.Thread.run(Thread.java:748)
   [junit4] Completed [12/20 (1!)] on J2 in 3357.63s, 25 tests, 1 failure, 5 errors <<< FAILURES!
