# JRE version: Java(TM) SE Runtime Environment (8.0_71-b15) (build 1.8.0_71-b15)
# Java VM: Java HotSpot(TM) 64-Bit Server VM (25.71-b15 mixed mode linux-amd64 compressed oops)
Heap:
 PSYoungGen      total 993792K, used 594197K [0x000000077ff00000, 0x00000007c0000000, 0x00000007c0000000)
  eden space 993280K, 59% used [0x000000077ff00000,0x00000007a42e0068,0x00000007bc900000)
  from space 512K, 79% used [0x00000007bc900000,0x00000007bc965588,0x00000007bc980000)
  to   space 29184K, 0% used [0x00000007be380000,0x00000007be380000,0x00000007c0000000)
 ParOldGen       total 2100224K, used 1994080K [0x00000006ffc00000, 0x000000077ff00000, 0x000000077ff00000)
  object space 2100224K, 94% used [0x00000006ffc00000,0x00000007797583a8,0x000000077ff00000)
 Metaspace       used 49226K, capacity 50040K, committed 50304K, reserved 1095680K
  class space    used 4699K, capacity 4904K, committed 4992K, reserved 1048576K
GC Heap History (10 events):
Event: 1620206.773 GC heap before
{Heap before GC invocations=25473 (full 1005):
 PSYoungGen      total 1018368K, used 1011880K [0x000000077ff00000, 0x00000007c0000000, 0x00000007c0000000)
  eden space 994304K, 100% used [0x000000077ff00000,0x00000007bca00000,0x00000007bca00000)
  from space 24064K, 73% used [0x00000007be880000,0x00000007bf9aa180,0x00000007c0000000)
  to   space 27648K, 0% used [0x00000007bca00000,0x00000007bca00000,0x00000007be500000)
 ParOldGen       total 2100224K, used 1991339K [0x00000006ffc00000, 0x000000077ff00000, 0x000000077ff00000)
  object space 2100224K, 94% used [0x00000006ffc00000,0x00000007794aae60,0x000000077ff00000)
 Metaspace       used 49226K, capacity 50040K, committed 50304K, reserved 1095680K
  class space    used 4699K, capacity 4904K, committed 4992K, reserved 1048576K
Event: 1620207.009 GC heap after
Heap after GC invocations=25473 (full 1005):
 PSYoungGen      total 1021952K, used 17095K [0x000000077ff00000, 0x00000007c0000000, 0x00000007c0000000)
  eden space 994304K, 0% used [0x000000077ff00000,0x000000077ff00000,0x00000007bca00000)
  from space 27648K, 61% used [0x00000007bca00000,0x00000007bdab1fe8,0x00000007be500000)
  to   space 26624K, 0% used [0x00000007be600000,0x00000007be600000,0x00000007c0000000)
 ParOldGen       total 2100224K, used 1992163K [0x00000006ffc00000, 0x000000077ff00000, 0x000000077ff00000)
  object space 2100224K, 94% used [0x00000006ffc00000,0x0000000779578e60,0x000000077ff00000)
 Metaspace       used 49226K, capacity 50040K, committed 50304K, reserved 1095680K
  class space    used 4699K, capacity 4904K, committed 4992K, reserved 1048576K
}
Event: 1620209.173 GC heap before
{Heap before GC invocations=25474 (full 1005):
 PSYoungGen      total 1021952K, used 1011399K [0x000000077ff00000, 0x00000007c0000000, 0x00000007c0000000)
  eden space 994304K, 100% used [0x000000077ff00000,0x00000007bca00000,0x00000007bca00000)
  from space 27648K, 61% used [0x00000007bca00000,0x00000007bdab1fe8,0x00000007be500000)
  to   space 26624K, 0% used [0x00000007be600000,0x00000007be600000,0x00000007c0000000)
 ParOldGen       total 2100224K, used 1992163K [0x00000006ffc00000, 0x000000077ff00000, 0x000000077ff00000)
  object space 2100224K, 94% used [0x00000006ffc00000,0x0000000779578e60,0x000000077ff00000)
 Metaspace       used 49226K, capacity 50040K, committed 50304K, reserved 1095680K
  class space    used 4699K, capacity 4904K, committed 4992K, reserved 1048576K
Event: 1620209.207 GC heap after
Heap after GC invocations=25474 (full 1005):
 PSYoungGen      total 1020928K, used 4362K [0x000000077ff00000, 0x00000007c0000000, 0x00000007c0000000)
  eden space 994304K, 0% used [0x000000077ff00000,0x000000077ff00000,0x00000007bca00000)
  from space 26624K, 16% used [0x00000007be600000,0x00000007bea428b0,0x00000007c0000000)
  to   space 27648K, 0% used [0x00000007bca00000,0x00000007bca00000,0x00000007be500000)
 ParOldGen       total 2100224K, used 1992235K [0x00000006ffc00000, 0x000000077ff00000, 0x000000077ff00000)
  object space 2100224K, 94% used [0x00000006ffc00000,0x000000077958ae60,0x000000077ff00000)
 Metaspace       used 49226K, capacity 50040K, committed 50304K, reserved 1095680K
  class space    used 4699K, capacity 4904K, committed 4992K, reserved 1048576K
}
Event: 1620211.826 GC heap before
{Heap before GC invocations=25475 (full 1005):
 PSYoungGen      total 1020928K, used 998666K [0x000000077ff00000, 0x00000007c0000000, 0x00000007c0000000)
  eden space 994304K, 100% used [0x000000077ff00000,0x00000007bca00000,0x00000007bca00000)
  from space 26624K, 16% used [0x00000007be600000,0x00000007bea428b0,0x00000007c0000000)
  to   space 27648K, 0% used [0x00000007bca00000,0x00000007bca00000,0x00000007be500000)
 ParOldGen       total 2100224K, used 1992235K [0x00000006ffc00000, 0x000000077ff00000, 0x000000077ff00000)
  object space 2100224K, 94% used [0x00000006ffc00000,0x000000077958ae60,0x000000077ff00000)
 Metaspace       used 49226K, capacity 50040K, committed 50304K, reserved 1095680K
  class space    used 4699K, capacity 4904K, committed 4992K, reserved 1048576K
Event: 1620211.882 GC heap after
Heap after GC invocations=25475 (full 1005):
 PSYoungGen      total 1021952K, used 17039K [0x000000077ff00000, 0x00000007c0000000, 0x00000007c0000000)
  eden space 994304K, 0% used [0x000000077ff00000,0x000000077ff00000,0x00000007bca00000)
  from space 27648K, 61% used [0x00000007bca00000,0x00000007bdaa3fe8,0x00000007be500000)
  to   space 27136K, 0% used [0x00000007be580000,0x00000007be580000,0x00000007c0000000)
 ParOldGen       total 2100224K, used 1992379K [0x00000006ffc00000, 0x000000077ff00000, 0x000000077ff00000)
  object space 2100224K, 94% used [0x00000006ffc00000,0x00000007795aee60,0x000000077ff00000)
 Metaspace       used 49226K, capacity 50040K, committed 50304K, reserved 1095680K
  class space    used 4699K, capacity 4904K, committed 4992K, reserved 1048576K
}
Event: 1620213.317 GC heap before
{Heap before GC invocations=25476 (full 1005):
 PSYoungGen      total 1021952K, used 1011343K [0x000000077ff00000, 0x00000007c0000000, 0x00000007c0000000)
  eden space 994304K, 100% used [0x000000077ff00000,0x00000007bca00000,0x00000007bca00000)
  from space 27648K, 61% used [0x00000007bca00000,0x00000007bdaa3fe8,0x00000007be500000)
  to   space 27136K, 0% used [0x00000007be580000,0x00000007be580000,0x00000007c0000000)
 ParOldGen       total 2100224K, used 1992379K [0x00000006ffc00000, 0x000000077ff00000, 0x000000077ff00000)
  object space 2100224K, 94% used [0x00000006ffc00000,0x00000007795aee60,0x000000077ff00000)
 Metaspace       used 49226K, capacity 50040K, committed 50304K, reserved 1095680K
  class space    used 4699K, capacity 4904K, committed 4992K, reserved 1048576K
Event: 1620213.389 GC heap after
Heap after GC invocations=25476 (full 1005):
 PSYoungGen      total 1020416K, used 1629K [0x000000077ff00000, 0x00000007c0000000, 0x00000007c0000000)
  eden space 993280K, 0% used [0x000000077ff00000,0x000000077ff00000,0x00000007bc900000)
  from space 27136K, 6% used [0x00000007be580000,0x00000007be717450,0x00000007c0000000)
  to   space 28160K, 0% used [0x00000007bc900000,0x00000007bc900000,0x00000007be480000)
 ParOldGen       total 2100224K, used 1992659K [0x00000006ffc00000, 0x000000077ff00000, 0x000000077ff00000)
  object space 2100224K, 94% used [0x00000006ffc00000,0x00000007795f4cc8,0x000000077ff00000)
 Metaspace       used 49226K, capacity 50040K, committed 50304K, reserved 1095680K
  class space    used 4699K, capacity 4904K, committed 4992K, reserved 1048576K
}
Event: 1620214.770 GC heap before
{Heap before GC invocations=25477 (full 1005):
 PSYoungGen      total 1020416K, used 994909K [0x000000077ff00000, 0x00000007c0000000, 0x00000007c0000000)
  eden space 993280K, 100% used [0x000000077ff00000,0x00000007bc900000,0x00000007bc900000)
  from space 27136K, 6% used [0x00000007be580000,0x00000007be717450,0x00000007c0000000)
  to   space 28160K, 0% used [0x00000007bc900000,0x00000007bc900000,0x00000007be480000)
 ParOldGen       total 2100224K, used 1992659K [0x00000006ffc00000, 0x000000077ff00000, 0x000000077ff00000)
  object space 2100224K, 94% used [0x00000006ffc00000,0x00000007795f4cc8,0x000000077ff00000)
 Metaspace       used 49226K, capacity 50040K, committed 50304K, reserved 1095680K
  class space    used 4699K, capacity 4904K, committed 4992K, reserved 1048576K
Event: 1620214.960 GC heap after
Heap after GC invocations=25477 (full 1005):
 PSYoungGen      total 993792K, used 405K [0x000000077ff00000, 0x00000007c0000000, 0x00000007c0000000)
  eden space 993280K, 0% used [0x000000077ff00000,0x000000077ff00000,0x00000007bc900000)
  from space 512K, 79% used [0x00000007bc900000,0x00000007bc965588,0x00000007bc980000)
  to   space 29184K, 0% used [0x00000007be380000,0x00000007be380000,0x00000007c0000000)
 ParOldGen       total 2100224K, used 1994080K [0x00000006ffc00000, 0x000000077ff00000, 0x000000077ff00000)
  object space 2100224K, 94% used [0x00000006ffc00000,0x00000007797583a8,0x000000077ff00000)
 Metaspace       used 49226K, capacity 50040K, committed 50304K, reserved 1095680K
  class space    used 4699K, capacity 4904K, committed 4992K, reserved 1048576K
}

