# JRE version: Java(TM) SE Runtime Environment (8.0_91-b14) (build 1.8.0_91-b14)
# Java VM: Java HotSpot(TM) 64-Bit Server VM (25.91-b14 mixed mode linux-amd64 compressed oops)
Heap:
 PSYoungGen      total 1021952K, used 1001004K [0x000000077ff00000, 0x00000007c0000000, 0x00000007c0000000)
  eden space 993280K, 100% used [0x000000077ff00000,0x00000007bc900000,0x00000007bc900000)
  from space 28672K, 26% used [0x00000007be400000,0x00000007beb8b290,0x00000007c0000000)
  to   space 27648K, 0% used [0x00000007bc900000,0x00000007bc900000,0x00000007be400000)
 ParOldGen       total 2100224K, used 556718K [0x00000006ffc00000, 0x000000077ff00000, 0x000000077ff00000)
  object space 2100224K, 26% used [0x00000006ffc00000,0x0000000721babb00,0x000000077ff00000)
 Metaspace       used 40721K, capacity 41444K, committed 42112K, reserved 1087488K
  class space    used 3924K, capacity 4122K, committed 4224K, reserved 1048576K
GC Heap History (10 events):
Event: 75739.086 GC heap before
{Heap before GC invocations=1251 (full 3):
 PSYoungGen      total 1021440K, used 1010632K [0x000000077ff00000, 0x00000007c0000000, 0x00000007c0000000)
  eden space 993280K, 100% used [0x000000077ff00000,0x00000007bc900000,0x00000007bc900000)
  from space 28160K, 61% used [0x00000007bc900000,0x00000007bd9f2180,0x00000007be480000)
  to   space 27648K, 0% used [0x00000007be500000,0x00000007be500000,0x00000007c0000000)
 ParOldGen       total 2100224K, used 554139K [0x00000006ffc00000, 0x000000077ff00000, 0x000000077ff00000)
  object space 2100224K, 26% used [0x00000006ffc00000,0x0000000721926ee0,0x000000077ff00000)
 Metaspace       used 40721K, capacity 41444K, committed 42112K, reserved 1087488K
  class space    used 3924K, capacity 4122K, committed 4224K, reserved 1048576K
Event: 75739.103 GC heap after
Heap after GC invocations=1251 (full 3):
 PSYoungGen      total 1021952K, used 9218K [0x000000077ff00000, 0x00000007c0000000, 0x00000007c0000000)
  eden space 994304K, 0% used [0x000000077ff00000,0x000000077ff00000,0x00000007bca00000)
  from space 27648K, 33% used [0x00000007be500000,0x00000007bee009d0,0x00000007c0000000)
  to   space 27648K, 0% used [0x00000007bca00000,0x00000007bca00000,0x00000007be500000)
 ParOldGen       total 2100224K, used 554163K [0x00000006ffc00000, 0x000000077ff00000, 0x000000077ff00000)
  object space 2100224K, 26% used [0x00000006ffc00000,0x000000072192cee0,0x000000077ff00000)
 Metaspace       used 40721K, capacity 41444K, committed 42112K, reserved 1087488K
  class space    used 3924K, capacity 4122K, committed 4224K, reserved 1048576K
}
Event: 75740.951 GC heap before
{Heap before GC invocations=1252 (full 3):
 PSYoungGen      total 1021952K, used 1003522K [0x000000077ff00000, 0x00000007c0000000, 0x00000007c0000000)
  eden space 994304K, 100% used [0x000000077ff00000,0x00000007bca00000,0x00000007bca00000)
  from space 27648K, 33% used [0x00000007be500000,0x00000007bee009d0,0x00000007c0000000)
  to   space 27648K, 0% used [0x00000007bca00000,0x00000007bca00000,0x00000007be500000)
 ParOldGen       total 2100224K, used 554163K [0x00000006ffc00000, 0x000000077ff00000, 0x000000077ff00000)
  object space 2100224K, 26% used [0x00000006ffc00000,0x000000072192cee0,0x000000077ff00000)
 Metaspace       used 40721K, capacity 41444K, committed 42112K, reserved 1087488K
  class space    used 3924K, capacity 4122K, committed 4224K, reserved 1048576K
Event: 75740.993 GC heap after
Heap after GC invocations=1252 (full 3):
 PSYoungGen      total 996352K, used 1691K [0x000000077ff00000, 0x00000007c0000000, 0x00000007c0000000)
  eden space 994304K, 0% used [0x000000077ff00000,0x000000077ff00000,0x00000007bca00000)
  from space 2048K, 82% used [0x00000007bca00000,0x00000007bcba6d00,0x00000007bcc00000)
  to   space 28672K, 0% used [0x00000007be400000,0x00000007be400000,0x00000007c0000000)
 ParOldGen       total 2100224K, used 554467K [0x00000006ffc00000, 0x000000077ff00000, 0x000000077ff00000)
  object space 2100224K, 26% used [0x00000006ffc00000,0x0000000721978ee0,0x000000077ff00000)
 Metaspace       used 40721K, capacity 41444K, committed 42112K, reserved 1087488K
  class space    used 3924K, capacity 4122K, committed 4224K, reserved 1048576K
}
Event: 75742.373 GC heap before
{Heap before GC invocations=1253 (full 3):
 PSYoungGen      total 996352K, used 995995K [0x000000077ff00000, 0x00000007c0000000, 0x00000007c0000000)
  eden space 994304K, 100% used [0x000000077ff00000,0x00000007bca00000,0x00000007bca00000)
  from space 2048K, 82% used [0x00000007bca00000,0x00000007bcba6d00,0x00000007bcc00000)
  to   space 28672K, 0% used [0x00000007be400000,0x00000007be400000,0x00000007c0000000)
 ParOldGen       total 2100224K, used 554467K [0x00000006ffc00000, 0x000000077ff00000, 0x000000077ff00000)
  object space 2100224K, 26% used [0x00000006ffc00000,0x0000000721978ee0,0x000000077ff00000)
 Metaspace       used 40721K, capacity 41444K, committed 42112K, reserved 1087488K
  class space    used 3924K, capacity 4122K, committed 4224K, reserved 1048576K
Event: 75742.554 GC heap after
Heap after GC invocations=1253 (full 3):
 PSYoungGen      total 1018880K, used 406K [0x000000077ff00000, 0x00000007c0000000, 0x00000007c0000000)
  eden space 990208K, 0% used [0x000000077ff00000,0x000000077ff00000,0x00000007bc600000)
  from space 28672K, 1% used [0x00000007be400000,0x00000007be465bc0,0x00000007c0000000)
  to   space 29696K, 0% used [0x00000007bc600000,0x00000007bc600000,0x00000007be300000)
 ParOldGen       total 2100224K, used 555948K [0x00000006ffc00000, 0x000000077ff00000, 0x000000077ff00000)
  object space 2100224K, 26% used [0x00000006ffc00000,0x0000000721aeb3c8,0x000000077ff00000)
 Metaspace       used 40721K, capacity 41444K, committed 42112K, reserved 1087488K
  class space    used 3924K, capacity 4122K, committed 4224K, reserved 1048576K
}
Event: 75743.036 GC heap before
{Heap before GC invocations=1254 (full 3):
 PSYoungGen      total 1018880K, used 990614K [0x000000077ff00000, 0x00000007c0000000, 0x00000007c0000000)
  eden space 990208K, 100% used [0x000000077ff00000,0x00000007bc600000,0x00000007bc600000)
  from space 28672K, 1% used [0x00000007be400000,0x00000007be465bc0,0x00000007c0000000)
  to   space 29696K, 0% used [0x00000007bc600000,0x00000007bc600000,0x00000007be300000)
 ParOldGen       total 2100224K, used 555948K [0x00000006ffc00000, 0x000000077ff00000, 0x000000077ff00000)
  object space 2100224K, 26% used [0x00000006ffc00000,0x0000000721aeb3c8,0x000000077ff00000)
 Metaspace       used 40721K, capacity 41444K, committed 42112K, reserved 1087488K
  class space    used 3924K, capacity 4122K, committed 4224K, reserved 1048576K
Event: 75743.090 GC heap after
Heap after GC invocations=1254 (full 3):
 PSYoungGen      total 1019904K, used 8639K [0x000000077ff00000, 0x00000007c0000000, 0x00000007c0000000)
  eden space 990208K, 0% used [0x000000077ff00000,0x000000077ff00000,0x00000007bc600000)
  from space 29696K, 29% used [0x00000007bc600000,0x00000007bce6fdf8,0x00000007be300000)
  to   space 28672K, 0% used [0x00000007be400000,0x00000007be400000,0x00000007c0000000)
 ParOldGen       total 2100224K, used 556230K [0x00000006ffc00000, 0x000000077ff00000, 0x000000077ff00000)
  object space 2100224K, 26% used [0x00000006ffc00000,0x0000000721b31b00,0x000000077ff00000)
 Metaspace       used 40721K, capacity 41444K, committed 42112K, reserved 1087488K
  class space    used 3924K, capacity 4122K, committed 4224K, reserved 1048576K
}
Event: 75743.487 GC heap before
{Heap before GC invocations=1255 (full 3):
 PSYoungGen      total 1019904K, used 998847K [0x000000077ff00000, 0x00000007c0000000, 0x00000007c0000000)
  eden space 990208K, 100% used [0x000000077ff00000,0x00000007bc600000,0x00000007bc600000)
  from space 29696K, 29% used [0x00000007bc600000,0x00000007bce6fdf8,0x00000007be300000)
  to   space 28672K, 0% used [0x00000007be400000,0x00000007be400000,0x00000007c0000000)
 ParOldGen       total 2100224K, used 556230K [0x00000006ffc00000, 0x000000077ff00000, 0x000000077ff00000)
  object space 2100224K, 26% used [0x00000006ffc00000,0x0000000721b31b00,0x000000077ff00000)
 Metaspace       used 40721K, capacity 41444K, committed 42112K, reserved 1087488K
  class space    used 3924K, capacity 4122K, committed 4224K, reserved 1048576K
Event: 75743.556 GC heap after
Heap after GC invocations=1255 (full 3):
 PSYoungGen      total 1021952K, used 7724K [0x000000077ff00000, 0x00000007c0000000, 0x00000007c0000000)
  eden space 993280K, 0% used [0x000000077ff00000,0x000000077ff00000,0x00000007bc900000)
  from space 28672K, 26% used [0x00000007be400000,0x00000007beb8b290,0x00000007c0000000)
  to   space 27648K, 0% used [0x00000007bc900000,0x00000007bc900000,0x00000007be400000)
 ParOldGen       total 2100224K, used 556718K [0x00000006ffc00000, 0x000000077ff00000, 0x000000077ff00000)
  object space 2100224K, 26% used [0x00000006ffc00000,0x0000000721babb00,0x000000077ff00000)
 Metaspace       used 40721K, capacity 41444K, committed 42112K, reserved 1087488K
  class space    used 3924K, capacity 4122K, committed 4224K, reserved 1048576K
}

