# JRE version: Java(TM) SE Runtime Environment (9.0-b72) (build 1.9.0-ea-b72)
# Java VM: Java HotSpot(TM) 64-Bit Server VM (1.9.0-ea-b72 mixed mode linux-amd64 )
Heap:
 def new generation   total 154304K, used 137749K [0x00007fb415000000, 0x00007fb41f760000, 0x00007fb41faa0000)
  eden space 137216K, 100% used [0x00007fb415000000, 0x00007fb41d600000, 0x00007fb41d600000)
  from space 17088K,   3% used [0x00007fb41e6b0000, 0x00007fb41e735520, 0x00007fb41f760000)
  to   space 17088K,   0% used [0x00007fb41d600000, 0x00007fb41d620d98, 0x00007fb41e6b0000)
 tenured generation   total 342720K, used 68414K [0x00007fb41faa0000, 0x00007fb434950000, 0x00007fb435000000)
   the space 342720K,  19% used [0x00007fb41faa0000, 0x00007fb423d6fbe8, 0x00007fb423d6fc00, 0x00007fb434950000)
 Metaspace       used 56523K, capacity 57382K, committed 57600K, reserved 59392K
GC Heap History (10 events):
Event: 83.412 GC heap after
Heap after GC invocations=59 (full 2):
 def new generation   total 154304K, used 11192K [0x00007fb415000000, 0x00007fb41f760000, 0x00007fb41faa0000)
  eden space 137216K,   0% used [0x00007fb415000000, 0x00007fb415000000, 0x00007fb41d600000)
  from space 17088K,  65% used [0x00007fb41e6b0000, 0x00007fb41f19e188, 0x00007fb41f760000)
  to   space 17088K,   0% used [0x00007fb41d600000, 0x00007fb41d600000, 0x00007fb41e6b0000)
 tenured generation   total 342720K, used 33307K [0x00007fb41faa0000, 0x00007fb434950000, 0x00007fb435000000)
   the space 342720K,   9% used [0x00007fb41faa0000, 0x00007fb421b26e78, 0x00007fb421b27000, 0x00007fb434950000)
 Metaspace       used 49622K, capacity 50429K, committed 50688K, reserved 51200K
}
Event: 83.969 GC heap before
{Heap before GC invocations=59 (full 2):
 def new generation   total 154304K, used 148408K [0x00007fb415000000, 0x00007fb41f760000, 0x00007fb41faa0000)
  eden space 137216K, 100% used [0x00007fb415000000, 0x00007fb41d600000, 0x00007fb41d600000)
  from space 17088K,  65% used [0x00007fb41e6b0000, 0x00007fb41f19e188, 0x00007fb41f760000)
  to   space 17088K,   0% used [0x00007fb41d600000, 0x00007fb41d600000, 0x00007fb41e6b0000)
 tenured generation   total 342720K, used 33307K [0x00007fb41faa0000, 0x00007fb434950000, 0x00007fb435000000)
   the space 342720K,   9% used [0x00007fb41faa0000, 0x00007fb421b26e78, 0x00007fb421b27000, 0x00007fb434950000)
 Metaspace       used 49718K, capacity 50557K, committed 50688K, reserved 51200K
Event: 84.031 GC heap after
Heap after GC invocations=60 (full 2):
 def new generation   total 154304K, used 17088K [0x00007fb415000000, 0x00007fb41f760000, 0x00007fb41faa0000)
  eden space 137216K,   0% used [0x00007fb415000000, 0x00007fb415000000, 0x00007fb41d600000)
  from space 17088K, 100% used [0x00007fb41d600000, 0x00007fb41e6b0000, 0x00007fb41e6b0000)
  to   space 17088K,   0% used [0x00007fb41e6b0000, 0x00007fb41e6b0000, 0x00007fb41f760000)
 tenured generation   total 342720K, used 38374K [0x00007fb41faa0000, 0x00007fb434950000, 0x00007fb435000000)
   the space 342720K,  11% used [0x00007fb41faa0000, 0x00007fb422019848, 0x00007fb422019a00, 0x00007fb434950000)
 Metaspace       used 49718K, capacity 50557K, committed 50688K, reserved 51200K
}
Event: 90.419 GC heap before
{Heap before GC invocations=60 (full 2):
 def new generation   total 154304K, used 154304K [0x00007fb415000000, 0x00007fb41f760000, 0x00007fb41faa0000)
  eden space 137216K, 100% used [0x00007fb415000000, 0x00007fb41d600000, 0x00007fb41d600000)
  from space 17088K, 100% used [0x00007fb41d600000, 0x00007fb41e6b0000, 0x00007fb41e6b0000)
  to   space 17088K,   0% used [0x00007fb41e6b0000, 0x00007fb41e6b0000, 0x00007fb41f760000)
 tenured generation   total 342720K, used 38374K [0x00007fb41faa0000, 0x00007fb434950000, 0x00007fb435000000)
   the space 342720K,  11% used [0x00007fb41faa0000, 0x00007fb422019848, 0x00007fb422019a00, 0x00007fb434950000)
 Metaspace       used 53683K, capacity 54546K, committed 54784K, reserved 55296K
Event: 90.461 GC heap after
Heap after GC invocations=61 (full 2):
 def new generation   total 154304K, used 10826K [0x00007fb415000000, 0x00007fb41f760000, 0x00007fb41faa0000)
  eden space 137216K,   0% used [0x00007fb415000000, 0x00007fb415000000, 0x00007fb41d600000)
  from space 17088K,  63% used [0x00007fb41e6b0000, 0x00007fb41f142838, 0x00007fb41f760000)
  to   space 17088K,   0% used [0x00007fb41d600000, 0x00007fb41d600000, 0x00007fb41e6b0000)
 tenured generation   total 342720K, used 55257K [0x00007fb41faa0000, 0x00007fb434950000, 0x00007fb435000000)
   the space 342720K,  16% used [0x00007fb41faa0000, 0x00007fb423096718, 0x00007fb423096800, 0x00007fb434950000)
 Metaspace       used 53683K, capacity 54546K, committed 54784K, reserved 55296K
}
Event: 94.284 GC heap before
{Heap before GC invocations=61 (full 2):
 def new generation   total 154304K, used 148042K [0x00007fb415000000, 0x00007fb41f760000, 0x00007fb41faa0000)
  eden space 137216K, 100% used [0x00007fb415000000, 0x00007fb41d600000, 0x00007fb41d600000)
  from space 17088K,  63% used [0x00007fb41e6b0000, 0x00007fb41f142838, 0x00007fb41f760000)
  to   space 17088K,   0% used [0x00007fb41d600000, 0x00007fb41d600000, 0x00007fb41e6b0000)
 tenured generation   total 342720K, used 55257K [0x00007fb41faa0000, 0x00007fb434950000, 0x00007fb435000000)
   the space 342720K,  16% used [0x00007fb41faa0000, 0x00007fb423096718, 0x00007fb423096800, 0x00007fb434950000)
 Metaspace       used 56423K, capacity 57249K, committed 57600K, reserved 59392K
Event: 94.312 GC heap after
Heap after GC invocations=62 (full 2):
 def new generation   total 154304K, used 8696K [0x00007fb415000000, 0x00007fb41f760000, 0x00007fb41faa0000)
  eden space 137216K,   0% used [0x00007fb415000000, 0x00007fb415000000, 0x00007fb41d600000)
  from space 17088K,  50% used [0x00007fb41d600000, 0x00007fb41de7e3e0, 0x00007fb41e6b0000)
  to   space 17088K,   0% used [0x00007fb41e6b0000, 0x00007fb41e6b0000, 0x00007fb41f760000)
 tenured generation   total 342720K, used 63421K [0x00007fb41faa0000, 0x00007fb434950000, 0x00007fb435000000)
   the space 342720K,  18% used [0x00007fb41faa0000, 0x00007fb42388f528, 0x00007fb42388f600, 0x00007fb434950000)
 Metaspace       used 56423K, capacity 57249K, committed 57600K, reserved 59392K
}
Event: 95.106 GC heap before
{Heap before GC invocations=62 (full 2):
 def new generation   total 154304K, used 145912K [0x00007fb415000000, 0x00007fb41f760000, 0x00007fb41faa0000)
  eden space 137216K, 100% used [0x00007fb415000000, 0x00007fb41d600000, 0x00007fb41d600000)
  from space 17088K,  50% used [0x00007fb41d600000, 0x00007fb41de7e3e0, 0x00007fb41e6b0000)
  to   space 17088K,   0% used [0x00007fb41e6b0000, 0x00007fb41e6b0000, 0x00007fb41f760000)
 tenured generation   total 342720K, used 63421K [0x00007fb41faa0000, 0x00007fb434950000, 0x00007fb435000000)
   the space 342720K,  18% used [0x00007fb41faa0000, 0x00007fb42388f528, 0x00007fb42388f600, 0x00007fb434950000)
 Metaspace       used 56499K, capacity 57377K, committed 57600K, reserved 59392K
Event: 95.116 GC heap after
Heap after GC invocations=63 (full 2):
 def new generation   total 154304K, used 533K [0x00007fb415000000, 0x00007fb41f760000, 0x00007fb41faa0000)
  eden space 137216K,   0% used [0x00007fb415000000, 0x00007fb415000000, 0x00007fb41d600000)
  from space 17088K,   3% used [0x00007fb41e6b0000, 0x00007fb41e735520, 0x00007fb41f760000)
  to   space 17088K,   0% used [0x00007fb41d600000, 0x00007fb41d600000, 0x00007fb41e6b0000)
 tenured generation   total 342720K, used 68414K [0x00007fb41faa0000, 0x00007fb434950000, 0x00007fb435000000)
   the space 342720K,  19% used [0x00007fb41faa0000, 0x00007fb423d6fbe8, 0x00007fb423d6fc00, 0x00007fb434950000)
 Metaspace       used 56499K, capacity 57377K, committed 57600K, reserved 59392K
}
Event: 95.466 GC heap before
{Heap before GC invocations=63 (full 2):
 def new generation   total 154304K, used 137749K [0x00007fb415000000, 0x00007fb41f760000, 0x00007fb41faa0000)
  eden space 137216K, 100% used [0x00007fb415000000, 0x00007fb41d600000, 0x00007fb41d600000)
  from space 17088K,   3% used [0x00007fb41e6b0000, 0x00007fb41e735520, 0x00007fb41f760000)
  to   space 17088K,   0% used [0x00007fb41d600000, 0x00007fb41d600000, 0x00007fb41e6b0000)
 tenured generation   total 342720K, used 68414K [0x00007fb41faa0000, 0x00007fb434950000, 0x00007fb435000000)
   the space 342720K,  19% used [0x00007fb41faa0000, 0x00007fb423d6fbe8, 0x00007fb423d6fc00, 0x00007fb434950000)
 Metaspace       used 56523K, capacity 57382K, committed 57600K, reserved 59392K

