<?xml version="1.0" encoding="UTF-8" ?>
<testsuite errors="0" failures="2" hostname="chrisharris" name="org.apache.lucene.analysis.shingle.ShingleFilterTest" tests="7" time="0.563" timestamp="2009-09-08T20:50:50">
  <properties>
[...]
</properties>
  <testcase classname="org.apache.lucene.analysis.shingle.ShingleFilterTest" name="testBiGramFilter" time="0.063" />
  <testcase classname="org.apache.lucene.analysis.shingle.ShingleFilterTest" name="testBiGramFilterWithHoles" time="0.0" />
  <testcase classname="org.apache.lucene.analysis.shingle.ShingleFilterTest" name="testBiGramFilterWithoutUnigrams" time="0.016">
    <failure message="Wrong termText expected:&lt;please[ divide]&gt; but was:&lt;please[]&gt;" type="junit.framework.ComparisonFailure">junit.framework.ComparisonFailure: Wrong termText expected:&lt;please[ divide]&gt; but was:&lt;please[]&gt;
	at org.apache.lucene.analysis.shingle.ShingleFilterTest.shingleFilterTest(ShingleFilterTest.java:283)
	at org.apache.lucene.analysis.shingle.ShingleFilterTest.testBiGramFilterWithoutUnigrams(ShingleFilterTest.java:222)
	at org.apache.lucene.util.LuceneTestCase.runBare(LuceneTestCase.java:212)
	at org.apache.lucene.analysis.BaseTokenStreamTestCase.runBare(BaseTokenStreamTestCase.java:69)
</failure>
  </testcase>
  <testcase classname="org.apache.lucene.analysis.shingle.ShingleFilterTest" name="testBiGramFilterWithSingleToken" time="0.0" />
  <testcase classname="org.apache.lucene.analysis.shingle.ShingleFilterTest" name="testBiGramFilterWithSingleTokenWithoutUnigrams" time="0.015">
    <failure message="ShingleFilter outputted more tokens than expected" type="junit.framework.AssertionFailedError">	at org.apache.lucene.analysis.shingle.ShingleFilterTest.shingleFilterTest(ShingleFilterTest.java:280)
	at org.apache.lucene.analysis.shingle.ShingleFilterTest.testBiGramFilterWithSingleTokenWithoutUnigrams(ShingleFilterTest.java:234)
	at org.apache.lucene.util.LuceneTestCase.runBare(LuceneTestCase.java:212)
	at org.apache.lucene.analysis.BaseTokenStreamTestCase.runBare(BaseTokenStreamTestCase.java:69)
</failure>
  </testcase>
  <testcase classname="org.apache.lucene.analysis.shingle.ShingleFilterTest" name="testTriGramFilter" time="0.0" />
  <testcase classname="org.apache.lucene.analysis.shingle.ShingleFilterTest" name="testReset" time="0.016" />
  <system-out><![CDATA[Test failure of 'testBiGramFilterWithoutUnigrams' occurred with onlyUseNewAPI=false
Test failure of 'testBiGramFilterWithSingleTokenWithoutUnigrams' occurred with onlyUseNewAPI=false
]]></system-out>
  <system-err><![CDATA[]]></system-err>
</testsuite>
