# JRE version: Java(TM) SE Runtime Environment (7.0_75-b13) (build 1.7.0_75-b13)
# Java VM: Java HotSpot(TM) 64-Bit Server VM (24.75-b04 mixed mode solaris-sparc compressed oops)
Heap
 par new generation   total 3145664K, used 2720260K [0xfffffffd90000000, 0xfffffffe50000000, 0xfffffffe50000000)
  eden space 3145600K,  86% used [0xfffffffd90000000, 0xfffffffe360812f0, 0xfffffffe4ffe0000)
  from space 64K,   0% used [0xfffffffe4ffe0000, 0xfffffffe4ffe0000, 0xfffffffe4fff0000)
  to   space 64K,   0% used [0xfffffffe4fff0000, 0xfffffffe4fff0000, 0xfffffffe50000000)
 concurrent mark-sweep generation total 3145728K, used 2034920K [0xfffffffe50000000, 0xffffffff10000000, 0xffffffff10000000)
 concurrent-mark-sweep perm gen total 1048576K, used 543103K [0xffffffff10000000, 0xffffffff50000000, 0xffffffff50000000)
GC Heap History (10 events):
Event: 1006939.770 GC heap before
{Heap before GC invocations=257 (full 9):
 par new generation   total 3145664K, used 3145600K [0xfffffffd90000000, 0xfffffffe50000000, 0xfffffffe50000000)
  eden space 3145600K, 100% used [0xfffffffd90000000, 0xfffffffe4ffe0000, 0xfffffffe4ffe0000)
  from space 64K,   0% used [0xfffffffe4fff0000, 0xfffffffe4fff0000, 0xfffffffe50000000)
  to   space 64K,   0% used [0xfffffffe4ffe0000, 0xfffffffe4ffe0000, 0xfffffffe4fff0000)
 concurrent mark-sweep generation total 3145728K, used 1809155K [0xfffffffe50000000, 0xffffffff10000000, 0xffffffff10000000)
 concurrent-mark-sweep perm gen total 1048576K, used 539181K [0xffffffff10000000, 0xffffffff50000000, 0xffffffff50000000)
Event: 1006939.860 GC heap after
Heap after GC invocations=258 (full 9):
 par new generation   total 3145664K, used 0K [0xfffffffd90000000, 0xfffffffe50000000, 0xfffffffe50000000)
  eden space 3145600K,   0% used [0xfffffffd90000000, 0xfffffffd90000000, 0xfffffffe4ffe0000)
  from space 64K,   0% used [0xfffffffe4ffe0000, 0xfffffffe4ffe0000, 0xfffffffe4fff0000)
  to   space 64K,   0% used [0xfffffffe4fff0000, 0xfffffffe4fff0000, 0xfffffffe50000000)
 concurrent mark-sweep generation total 3145728K, used 1875533K [0xfffffffe50000000, 0xffffffff10000000, 0xffffffff10000000)
 concurrent-mark-sweep perm gen total 1048576K, used 539181K [0xffffffff10000000, 0xffffffff50000000, 0xffffffff50000000)
}
Event: 1013150.742 GC heap before
{Heap before GC invocations=258 (full 9):
 par new generation   total 3145664K, used 3145600K [0xfffffffd90000000, 0xfffffffe50000000, 0xfffffffe50000000)
  eden space 3145600K, 100% used [0xfffffffd90000000, 0xfffffffe4ffe0000, 0xfffffffe4ffe0000)
  from space 64K,   0% used [0xfffffffe4ffe0000, 0xfffffffe4ffe0000, 0xfffffffe4fff0000)
  to   space 64K,   0% used [0xfffffffe4fff0000, 0xfffffffe4fff0000, 0xfffffffe50000000)
 concurrent mark-sweep generation total 3145728K, used 1875533K [0xfffffffe50000000, 0xffffffff10000000, 0xffffffff10000000)
 concurrent-mark-sweep perm gen total 1048576K, used 539379K [0xffffffff10000000, 0xffffffff50000000, 0xffffffff50000000)
Event: 1013150.829 GC heap after
Heap after GC invocations=259 (full 9):
 par new generation   total 3145664K, used 0K [0xfffffffd90000000, 0xfffffffe50000000, 0xfffffffe50000000)
  eden space 3145600K,   0% used [0xfffffffd90000000, 0xfffffffd90000000, 0xfffffffe4ffe0000)
  from space 64K,   0% used [0xfffffffe4fff0000, 0xfffffffe4fff0000, 0xfffffffe50000000)
  to   space 64K,   0% used [0xfffffffe4ffe0000, 0xfffffffe4ffe0000, 0xfffffffe4fff0000)
 concurrent mark-sweep generation total 3145728K, used 1925216K [0xfffffffe50000000, 0xffffffff10000000, 0xffffffff10000000)
 concurrent-mark-sweep perm gen total 1048576K, used 539379K [0xffffffff10000000, 0xffffffff50000000, 0xffffffff50000000)
}
Event: 1019872.378 GC heap before
{Heap before GC invocations=259 (full 9):
 par new generation   total 3145664K, used 3145600K [0xfffffffd90000000, 0xfffffffe50000000, 0xfffffffe50000000)
  eden space 3145600K, 100% used [0xfffffffd90000000, 0xfffffffe4ffe0000, 0xfffffffe4ffe0000)
  from space 64K,   0% used [0xfffffffe4fff0000, 0xfffffffe4fff0000, 0xfffffffe50000000)
  to   space 64K,   0% used [0xfffffffe4ffe0000, 0xfffffffe4ffe0000, 0xfffffffe4fff0000)
 concurrent mark-sweep generation total 3145728K, used 1925216K [0xfffffffe50000000, 0xffffffff10000000, 0xffffffff10000000)
 concurrent-mark-sweep perm gen total 1048576K, used 539729K [0xffffffff10000000, 0xffffffff50000000, 0xffffffff50000000)
Event: 1019872.447 GC heap after
Heap after GC invocations=260 (full 9):
 par new generation   total 3145664K, used 0K [0xfffffffd90000000, 0xfffffffe50000000, 0xfffffffe50000000)
  eden space 3145600K,   0% used [0xfffffffd90000000, 0xfffffffd90000000, 0xfffffffe4ffe0000)
  from space 64K,   0% used [0xfffffffe4ffe0000, 0xfffffffe4ffe0000, 0xfffffffe4fff0000)
  to   space 64K,   0% used [0xfffffffe4fff0000, 0xfffffffe4fff0000, 0xfffffffe50000000)
 concurrent mark-sweep generation total 3145728K, used 1970935K [0xfffffffe50000000, 0xffffffff10000000, 0xffffffff10000000)
 concurrent-mark-sweep perm gen total 1048576K, used 539729K [0xffffffff10000000, 0xffffffff50000000, 0xffffffff50000000)
}
Event: 1064053.272 GC heap before
{Heap before GC invocations=260 (full 9):
 par new generation   total 3145664K, used 3145600K [0xfffffffd90000000, 0xfffffffe50000000, 0xfffffffe50000000)
  eden space 3145600K, 100% used [0xfffffffd90000000, 0xfffffffe4ffe0000, 0xfffffffe4ffe0000)
  from space 64K,   0% used [0xfffffffe4ffe0000, 0xfffffffe4ffe0000, 0xfffffffe4fff0000)
  to   space 64K,   0% used [0xfffffffe4fff0000, 0xfffffffe4fff0000, 0xfffffffe50000000)
 concurrent mark-sweep generation total 3145728K, used 1970935K [0xfffffffe50000000, 0xffffffff10000000, 0xffffffff10000000)
 concurrent-mark-sweep perm gen total 1048576K, used 539730K [0xffffffff10000000, 0xffffffff50000000, 0xffffffff50000000)
Event: 1064053.360 GC heap after
Heap after GC invocations=261 (full 9):
 par new generation   total 3145664K, used 0K [0xfffffffd90000000, 0xfffffffe50000000, 0xfffffffe50000000)
  eden space 3145600K,   0% used [0xfffffffd90000000, 0xfffffffd90000000, 0xfffffffe4ffe0000)
  from space 64K,   0% used [0xfffffffe4fff0000, 0xfffffffe4fff0000, 0xfffffffe50000000)
  to   space 64K,   0% used [0xfffffffe4ffe0000, 0xfffffffe4ffe0000, 0xfffffffe4fff0000)
 concurrent mark-sweep generation total 3145728K, used 2028532K [0xfffffffe50000000, 0xffffffff10000000, 0xffffffff10000000)
 concurrent-mark-sweep perm gen total 1048576K, used 539730K [0xffffffff10000000, 0xffffffff50000000, 0xffffffff50000000)
}
Event: 1064226.349 GC heap before
{Heap before GC invocations=261 (full 9):
 par new generation   total 3145664K, used 3145600K [0xfffffffd90000000, 0xfffffffe50000000, 0xfffffffe50000000)
  eden space 3145600K, 100% used [0xfffffffd90000000, 0xfffffffe4ffe0000, 0xfffffffe4ffe0000)
  from space 64K,   0% used [0xfffffffe4fff0000, 0xfffffffe4fff0000, 0xfffffffe50000000)
  to   space 64K,   0% used [0xfffffffe4ffe0000, 0xfffffffe4ffe0000, 0xfffffffe4fff0000)
 concurrent mark-sweep generation total 3145728K, used 2028532K [0xfffffffe50000000, 0xffffffff10000000, 0xffffffff10000000)
 concurrent-mark-sweep perm gen total 1048576K, used 539730K [0xffffffff10000000, 0xffffffff50000000, 0xffffffff50000000)
Event: 1064226.406 GC heap after
Heap after GC invocations=262 (full 9):
 par new generation   total 3145664K, used 0K [0xfffffffd90000000, 0xfffffffe50000000, 0xfffffffe50000000)
  eden space 3145600K,   0% used [0xfffffffd90000000, 0xfffffffd90000000, 0xfffffffe4ffe0000)
  from space 64K,   0% used [0xfffffffe4ffe0000, 0xfffffffe4ffe0000, 0xfffffffe4fff0000)
  to   space 64K,   0% used [0xfffffffe4fff0000, 0xfffffffe4fff0000, 0xfffffffe50000000)
 concurrent mark-sweep generation total 3145728K, used 2034920K [0xfffffffe50000000, 0xffffffff10000000, 0xffffffff10000000)
 concurrent-mark-sweep perm gen total 1048576K, used 539730K [0xffffffff10000000, 0xffffffff50000000, 0xffffffff50000000)
}

