# JRE version: Java(TM) SE Runtime Environment (8.0-b121) (build 1.8.0-ea-b121)
# Java VM: Java HotSpot(TM) Server VM (25.0-b63 mixed mode linux-x86 )
Heap:
 par new generation   total 85888K, used 82311K [0xc6200000, 0xcbf30000, 0xd0ca0000)
  eden space 76352K,  95% used [0xc6200000, 0xca911f40, 0xcac90000)
  from space 9536K, 100% used [0xcb5e0000, 0xcbf30000, 0xcbf30000)
  to   space 9536K, 100% used [0xcac90000, 0xcb5e0000, 0xcb5e0000)
 concurrent mark-sweep generation total 349568K, used 193191K [0xd0ca0000, 0xe6200000, 0xe6200000)
 Metaspace       used 15454K, capacity 15544K, committed 15640K, reserved 15664K
GC Heap History (10 events):
Event: 591.028 GC heap after
Heap after GC invocations=2448 (full 22):
 par new generation   total 85888K, used 233K [0xc6200000, 0xcbf30000, 0xd0ca0000)
  eden space 76352K,   0% used [0xc6200000, 0xc6200000, 0xcac90000)
  from space 9536K,   2% used [0xcb5e0000, 0xcb61a530, 0xcbf30000)
  to   space 9536K,   0% used [0xcac90000, 0xcac90000, 0xcb5e0000)
 concurrent mark-sweep generation total 349568K, used 180577K [0xd0ca0000, 0xe6200000, 0xe6200000)
 Metaspace       used 15447K, capacity 15544K, committed 15640K, reserved 15664K
}
Event: 591.176 GC heap before
{Heap before GC invocations=2448 (full 22):
 par new generation   total 85888K, used 76585K [0xc6200000, 0xcbf30000, 0xd0ca0000)
  eden space 76352K, 100% used [0xc6200000, 0xcac90000, 0xcac90000)
  from space 9536K,   2% used [0xcb5e0000, 0xcb61a530, 0xcbf30000)
  to   space 9536K,   0% used [0xcac90000, 0xcac90000, 0xcb5e0000)
 concurrent mark-sweep generation total 349568K, used 180577K [0xd0ca0000, 0xe6200000, 0xe6200000)
 Metaspace       used 15447K, capacity 15544K, committed 15640K, reserved 15664K
Event: 591.178 GC heap after
Heap after GC invocations=2449 (full 22):
 par new generation   total 85888K, used 186K [0xc6200000, 0xcbf30000, 0xd0ca0000)
  eden space 76352K,   0% used [0xc6200000, 0xc6200000, 0xcac90000)
  from space 9536K,   1% used [0xcac90000, 0xcacbea40, 0xcb5e0000)
  to   space 9536K,   0% used [0xcb5e0000, 0xcb5e0000, 0xcbf30000)
 concurrent mark-sweep generation total 349568K, used 180710K [0xd0ca0000, 0xe6200000, 0xe6200000)
 Metaspace       used 15447K, capacity 15544K, committed 15640K, reserved 15664K
}
Event: 591.320 GC heap before
{Heap before GC invocations=2449 (full 22):
 par new generation   total 85888K, used 76538K [0xc6200000, 0xcbf30000, 0xd0ca0000)
  eden space 76352K, 100% used [0xc6200000, 0xcac90000, 0xcac90000)
  from space 9536K,   1% used [0xcac90000, 0xcacbea40, 0xcb5e0000)
  to   space 9536K,   0% used [0xcb5e0000, 0xcb5e0000, 0xcbf30000)
 concurrent mark-sweep generation total 349568K, used 180710K [0xd0ca0000, 0xe6200000, 0xe6200000)
 Metaspace       used 15447K, capacity 15544K, committed 15640K, reserved 15664K
Event: 591.322 GC heap after
Heap after GC invocations=2450 (full 22):
 par new generation   total 85888K, used 73K [0xc6200000, 0xcbf30000, 0xd0ca0000)
  eden space 76352K,   0% used [0xc6200000, 0xc6200000, 0xcac90000)
  from space 9536K,   0% used [0xcb5e0000, 0xcb5f27f0, 0xcbf30000)
  to   space 9536K,   0% used [0xcac90000, 0xcac90000, 0xcb5e0000)
 concurrent mark-sweep generation total 349568K, used 180710K [0xd0ca0000, 0xe6200000, 0xe6200000)
 Metaspace       used 15447K, capacity 15544K, committed 15640K, reserved 15664K
}
Event: 591.624 GC heap before
{Heap before GC invocations=2450 (full 22):
 par new generation   total 85888K, used 71469K [0xc6200000, 0xcbf30000, 0xd0ca0000)
  eden space 76352K,  93% used [0xc6200000, 0xca7b8f88, 0xcac90000)
  from space 9536K,   0% used [0xcb5e0000, 0xcb5f27f0, 0xcbf30000)
  to   space 9536K,   0% used [0xcac90000, 0xcac90000, 0xcb5e0000)
 concurrent mark-sweep generation total 349568K, used 180710K [0xd0ca0000, 0xe6200000, 0xe6200000)
 Metaspace       used 15452K, capacity 15544K, committed 15640K, reserved 15664K
Event: 591.626 GC heap after
Heap after GC invocations=2451 (full 22):
 par new generation   total 85888K, used 97K [0xc6200000, 0xcbf30000, 0xd0ca0000)
  eden space 76352K,   0% used [0xc6200000, 0xc6200000, 0xcac90000)
  from space 9536K,   1% used [0xcac90000, 0xcaca8650, 0xcb5e0000)
  to   space 9536K,   0% used [0xcb5e0000, 0xcb5e0000, 0xcbf30000)
 concurrent mark-sweep generation total 349568K, used 180710K [0xd0ca0000, 0xe6200000, 0xe6200000)
 Metaspace       used 15452K, capacity 15544K, committed 15640K, reserved 15664K
}
Event: 591.857 GC heap before
{Heap before GC invocations=2451 (full 22):
 par new generation   total 85888K, used 76395K [0xc6200000, 0xcbf30000, 0xd0ca0000)
  eden space 76352K,  99% used [0xc6200000, 0xcac82908, 0xcac90000)
  from space 9536K,   1% used [0xcac90000, 0xcaca8650, 0xcb5e0000)
  to   space 9536K,   0% used [0xcb5e0000, 0xcb5e0000, 0xcbf30000)
 concurrent mark-sweep generation total 349568K, used 180710K [0xd0ca0000, 0xe6200000, 0xe6200000)
 Metaspace       used 15454K, capacity 15544K, committed 15640K, reserved 15664K
Event: 591.869 GC heap after
Heap after GC invocations=2452 (full 22):
 par new generation   total 85888K, used 9536K [0xc6200000, 0xcbf30000, 0xd0ca0000)
  eden space 76352K,   0% used [0xc6200000, 0xc6200000, 0xcac90000)
  from space 9536K, 100% used [0xcb5e0000, 0xcbf30000, 0xcbf30000)
  to   space 9536K,   0% used [0xcac90000, 0xcac90000, 0xcb5e0000)
 concurrent mark-sweep generation total 349568K, used 182043K [0xd0ca0000, 0xe6200000, 0xe6200000)
 Metaspace       used 15454K, capacity 15544K, committed 15640K, reserved 15664K
}
Event: 591.991 GC heap before
{Heap before GC invocations=2452 (full 22):
 par new generation   total 85888K, used 82311K [0xc6200000, 0xcbf30000, 0xd0ca0000)
  eden space 76352K,  95% used [0xc6200000, 0xca911f40, 0xcac90000)
  from space 9536K, 100% used [0xcb5e0000, 0xcbf30000, 0xcbf30000)
  to   space 9536K,   0% used [0xcac90000, 0xcac90000, 0xcb5e0000)
 concurrent mark-sweep generation total 349568K, used 182043K [0xd0ca0000, 0xe6200000, 0xe6200000)
 Metaspace       used 15454K, capacity 15544K, committed 15640K, reserved 15664K

