   [junit4] Suite: org.apache.lucene.codecs.simpletext.TestSimpleTextPostingsFormat
   [junit4]   2> Feb 01, 2018 7:10:54 AM com.carrotsearch.randomizedtesting.RandomizedRunner$QueueUncaughtExceptionsHandler uncaughtException
   [junit4]   2> WARNING: Uncaught exception in thread: Thread[Thread-281,5,TGRP-TestSimpleTextPostingsFormat]
   [junit4]   2> java.lang.RuntimeException: java.lang.AssertionError: position is wrong expected:<0> but was:<-1>
   [junit4]   2> 	at __randomizedtesting.SeedInfo.seed([9FD3D7B7292D063A]:0)
   [junit4]   2> 	at org.apache.lucene.index.RandomPostingsTester$TestThread.run(RandomPostingsTester.java:1208)
   [junit4]   2> Caused by: java.lang.AssertionError: position is wrong expected:<0> but was:<-1>
   [junit4]   2> 	at org.junit.Assert.fail(Assert.java:93)
   [junit4]   2> 	at org.junit.Assert.failNotEquals(Assert.java:647)
   [junit4]   2> 	at org.junit.Assert.assertEquals(Assert.java:128)
   [junit4]   2> 	at org.junit.Assert.assertEquals(Assert.java:472)
   [junit4]   2> 	at org.apache.lucene.index.RandomPostingsTester.verifyEnum(RandomPostingsTester.java:1099)
   [junit4]   2> 	at org.apache.lucene.index.RandomPostingsTester.testTermsOneThread(RandomPostingsTester.java:1330)
   [junit4]   2> 	at org.apache.lucene.index.RandomPostingsTester.access$100(RandomPostingsTester.java:65)
   [junit4]   2> 	at org.apache.lucene.index.RandomPostingsTester$TestThread.run(RandomPostingsTester.java:1206)
   [junit4]   2> 
   [junit4]   2> Feb 01, 2018 7:10:54 AM com.carrotsearch.randomizedtesting.RandomizedRunner$QueueUncaughtExceptionsHandler uncaughtException
   [junit4]   2> WARNING: Uncaught exception in thread: Thread[Thread-282,5,TGRP-TestSimpleTextPostingsFormat]
   [junit4]   2> java.lang.RuntimeException: java.lang.AssertionError: position is wrong expected:<27> but was:<-1>
   [junit4]   2> 	at __randomizedtesting.SeedInfo.seed([9FD3D7B7292D063A]:0)
   [junit4]   2> 	at org.apache.lucene.index.RandomPostingsTester$TestThread.run(RandomPostingsTester.java:1208)
   [junit4]   2> Caused by: java.lang.AssertionError: position is wrong expected:<27> but was:<-1>
   [junit4]   2> 	at org.junit.Assert.fail(Assert.java:93)
   [junit4]   2> 	at org.junit.Assert.failNotEquals(Assert.java:647)
   [junit4]   2> 	at org.junit.Assert.assertEquals(Assert.java:128)
   [junit4]   2> 	at org.junit.Assert.assertEquals(Assert.java:472)
   [junit4]   2> 	at org.apache.lucene.index.RandomPostingsTester.verifyEnum(RandomPostingsTester.java:1099)
   [junit4]   2> 	at org.apache.lucene.index.RandomPostingsTester.testTermsOneThread(RandomPostingsTester.java:1330)
   [junit4]   2> 	at org.apache.lucene.index.RandomPostingsTester.access$100(RandomPostingsTester.java:65)
   [junit4]   2> 	at org.apache.lucene.index.RandomPostingsTester$TestThread.run(RandomPostingsTester.java:1206)
   [junit4]   2> 
   [junit4]   2> Feb 01, 2018 7:10:54 AM com.carrotsearch.randomizedtesting.RandomizedRunner$QueueUncaughtExceptionsHandler uncaughtException
   [junit4]   2> WARNING: Uncaught exception in thread: Thread[Thread-284,5,TGRP-TestSimpleTextPostingsFormat]
   [junit4]   2> java.lang.RuntimeException: java.lang.AssertionError: position is wrong expected:<0> but was:<-1>
   [junit4]   2> 	at __randomizedtesting.SeedInfo.seed([9FD3D7B7292D063A]:0)
   [junit4]   2> 	at org.apache.lucene.index.RandomPostingsTester$TestThread.run(RandomPostingsTester.java:1208)
   [junit4]   2> Caused by: java.lang.AssertionError: position is wrong expected:<0> but was:<-1>
   [junit4]   2> 	at org.junit.Assert.fail(Assert.java:93)
   [junit4]   2> 	at org.junit.Assert.failNotEquals(Assert.java:647)
   [junit4]   2> 	at org.junit.Assert.assertEquals(Assert.java:128)
   [junit4]   2> 	at org.junit.Assert.assertEquals(Assert.java:472)
   [junit4]   2> 	at org.apache.lucene.index.RandomPostingsTester.verifyEnum(RandomPostingsTester.java:1099)
   [junit4]   2> 	at org.apache.lucene.index.RandomPostingsTester.testTermsOneThread(RandomPostingsTester.java:1330)
   [junit4]   2> 	at org.apache.lucene.index.RandomPostingsTester.access$100(RandomPostingsTester.java:65)
   [junit4]   2> 	at org.apache.lucene.index.RandomPostingsTester$TestThread.run(RandomPostingsTester.java:1206)
   [junit4]   2> 
   [junit4]   2> Feb 01, 2018 7:10:54 AM com.carrotsearch.randomizedtesting.RandomizedRunner$QueueUncaughtExceptionsHandler uncaughtException
   [junit4]   2> WARNING: Uncaught exception in thread: Thread[Thread-280,5,TGRP-TestSimpleTextPostingsFormat]
   [junit4]   2> java.lang.RuntimeException: java.lang.AssertionError: position is wrong expected:<0> but was:<-1>
   [junit4]   2> 	at __randomizedtesting.SeedInfo.seed([9FD3D7B7292D063A]:0)
   [junit4]   2> 	at org.apache.lucene.index.RandomPostingsTester$TestThread.run(RandomPostingsTester.java:1208)
   [junit4]   2> Caused by: java.lang.AssertionError: position is wrong expected:<0> but was:<-1>
   [junit4]   2> 	at org.junit.Assert.fail(Assert.java:93)
   [junit4]   2> 	at org.junit.Assert.failNotEquals(Assert.java:647)
   [junit4]   2> 	at org.junit.Assert.assertEquals(Assert.java:128)
   [junit4]   2> 	at org.junit.Assert.assertEquals(Assert.java:472)
   [junit4]   2> 	at org.apache.lucene.index.RandomPostingsTester.verifyEnum(RandomPostingsTester.java:1099)
   [junit4]   2> 	at org.apache.lucene.index.RandomPostingsTester.testTermsOneThread(RandomPostingsTester.java:1330)
   [junit4]   2> 	at org.apache.lucene.index.RandomPostingsTester.access$100(RandomPostingsTester.java:65)
   [junit4]   2> 	at org.apache.lucene.index.RandomPostingsTester$TestThread.run(RandomPostingsTester.java:1206)
   [junit4]   2> 
   [junit4]   2> Feb 01, 2018 7:10:54 AM com.carrotsearch.randomizedtesting.RandomizedRunner$QueueUncaughtExceptionsHandler uncaughtException
   [junit4]   2> WARNING: Uncaught exception in thread: Thread[Thread-283,5,TGRP-TestSimpleTextPostingsFormat]
   [junit4]   2> java.lang.RuntimeException: java.lang.AssertionError: position is wrong expected:<25> but was:<-1>
   [junit4]   2> 	at __randomizedtesting.SeedInfo.seed([9FD3D7B7292D063A]:0)
   [junit4]   2> 	at org.apache.lucene.index.RandomPostingsTester$TestThread.run(RandomPostingsTester.java:1208)
   [junit4]   2> Caused by: java.lang.AssertionError: position is wrong expected:<25> but was:<-1>
   [junit4]   2> 	at org.junit.Assert.fail(Assert.java:93)
   [junit4]   2> 	at org.junit.Assert.failNotEquals(Assert.java:647)
   [junit4]   2> 	at org.junit.Assert.assertEquals(Assert.java:128)
   [junit4]   2> 	at org.junit.Assert.assertEquals(Assert.java:472)
   [junit4]   2> 	at org.apache.lucene.index.RandomPostingsTester.verifyEnum(RandomPostingsTester.java:1099)
   [junit4]   2> 	at org.apache.lucene.index.RandomPostingsTester.testTermsOneThread(RandomPostingsTester.java:1330)
   [junit4]   2> 	at org.apache.lucene.index.RandomPostingsTester.access$100(RandomPostingsTester.java:65)
   [junit4]   2> 	at org.apache.lucene.index.RandomPostingsTester$TestThread.run(RandomPostingsTester.java:1206)
   [junit4]   2> 
   [junit4]   2> Feb 01, 2018 7:10:54 AM com.carrotsearch.randomizedtesting.RandomizedRunner$QueueUncaughtExceptionsHandler uncaughtException
   [junit4]   2> WARNING: Uncaught exception in thread: Thread[Thread-286,5,TGRP-TestSimpleTextPostingsFormat]
   [junit4]   2> java.lang.RuntimeException: java.lang.AssertionError: position is wrong expected:<5> but was:<-1>
   [junit4]   2> 	at __randomizedtesting.SeedInfo.seed([9FD3D7B7292D063A]:0)
   [junit4]   2> 	at org.apache.lucene.index.RandomPostingsTester$TestThread.run(RandomPostingsTester.java:1208)
   [junit4]   2> Caused by: java.lang.AssertionError: position is wrong expected:<5> but was:<-1>
   [junit4]   2> 	at org.junit.Assert.fail(Assert.java:93)
   [junit4]   2> 	at org.junit.Assert.failNotEquals(Assert.java:647)
   [junit4]   2> 	at org.junit.Assert.assertEquals(Assert.java:128)
   [junit4]   2> 	at org.junit.Assert.assertEquals(Assert.java:472)
   [junit4]   2> 	at org.apache.lucene.index.RandomPostingsTester.verifyEnum(RandomPostingsTester.java:1099)
   [junit4]   2> 	at org.apache.lucene.index.RandomPostingsTester.testTermsOneThread(RandomPostingsTester.java:1330)
   [junit4]   2> 	at org.apache.lucene.index.RandomPostingsTester.access$100(RandomPostingsTester.java:65)
   [junit4]   2> 	at org.apache.lucene.index.RandomPostingsTester$TestThread.run(RandomPostingsTester.java:1206)
   [junit4]   2> 
   [junit4]   2> Feb 01, 2018 7:10:54 AM com.carrotsearch.randomizedtesting.RandomizedRunner$QueueUncaughtExceptionsHandler uncaughtException
   [junit4]   2> WARNING: Uncaught exception in thread: Thread[Thread-285,5,TGRP-TestSimpleTextPostingsFormat]
   [junit4]   2> java.lang.RuntimeException: java.lang.AssertionError: position is wrong expected:<0> but was:<-1>
   [junit4]   2> 	at __randomizedtesting.SeedInfo.seed([9FD3D7B7292D063A]:0)
   [junit4]   2> 	at org.apache.lucene.index.RandomPostingsTester$TestThread.run(RandomPostingsTester.java:1208)
   [junit4]   2> Caused by: java.lang.AssertionError: position is wrong expected:<0> but was:<-1>
   [junit4]   2> 	at org.junit.Assert.fail(Assert.java:93)
   [junit4]   2> 	at org.junit.Assert.failNotEquals(Assert.java:647)
   [junit4]   2> 	at org.junit.Assert.assertEquals(Assert.java:128)
   [junit4]   2> 	at org.junit.Assert.assertEquals(Assert.java:472)
   [junit4]   2> 	at org.apache.lucene.index.RandomPostingsTester.verifyEnum(RandomPostingsTester.java:1099)
   [junit4]   2> 	at org.apache.lucene.index.RandomPostingsTester.testTermsOneThread(RandomPostingsTester.java:1330)
   [junit4]   2> 	at org.apache.lucene.index.RandomPostingsTester.access$100(RandomPostingsTester.java:65)
   [junit4]   2> 	at org.apache.lucene.index.RandomPostingsTester$TestThread.run(RandomPostingsTester.java:1206)
   [junit4]   2> 
   [junit4]   2> Feb 01, 2018 7:10:54 AM com.carrotsearch.randomizedtesting.RandomizedRunner$QueueUncaughtExceptionsHandler uncaughtException
   [junit4]   2> WARNING: Uncaught exception in thread: Thread[Thread-287,5,TGRP-TestSimpleTextPostingsFormat]
   [junit4]   2> java.lang.RuntimeException: java.lang.AssertionError: position is wrong expected:<0> but was:<-1>
   [junit4]   2> 	at __randomizedtesting.SeedInfo.seed([9FD3D7B7292D063A]:0)
   [junit4]   2> 	at org.apache.lucene.index.RandomPostingsTester$TestThread.run(RandomPostingsTester.java:1208)
   [junit4]   2> Caused by: java.lang.AssertionError: position is wrong expected:<0> but was:<-1>
   [junit4]   2> 	at org.junit.Assert.fail(Assert.java:93)
   [junit4]   2> 	at org.junit.Assert.failNotEquals(Assert.java:647)
   [junit4]   2> 	at org.junit.Assert.assertEquals(Assert.java:128)
   [junit4]   2> 	at org.junit.Assert.assertEquals(Assert.java:472)
   [junit4]   2> 	at org.apache.lucene.index.RandomPostingsTester.verifyEnum(RandomPostingsTester.java:1099)
   [junit4]   2> 	at org.apache.lucene.index.RandomPostingsTester.testTermsOneThread(RandomPostingsTester.java:1330)
   [junit4]   2> 	at org.apache.lucene.index.RandomPostingsTester.access$100(RandomPostingsTester.java:65)
   [junit4]   2> 	at org.apache.lucene.index.RandomPostingsTester$TestThread.run(RandomPostingsTester.java:1206)
   [junit4]   2> 
   [junit4]   2> Feb 01, 2018 7:10:54 AM com.carrotsearch.randomizedtesting.RandomizedRunner$QueueUncaughtExceptionsHandler uncaughtException
   [junit4]   2> WARNING: Uncaught exception in thread: Thread[Thread-289,5,TGRP-TestSimpleTextPostingsFormat]
   [junit4]   2> java.lang.RuntimeException: java.lang.AssertionError: position is wrong expected:<0> but was:<-1>
   [junit4]   2> 	at __randomizedtesting.SeedInfo.seed([9FD3D7B7292D063A]:0)
   [junit4]   2> 	at org.apache.lucene.index.RandomPostingsTester$TestThread.run(RandomPostingsTester.java:1208)
   [junit4]   2> Caused by: java.lang.AssertionError: position is wrong expected:<0> but was:<-1>
   [junit4]   2> 	at org.junit.Assert.fail(Assert.java:93)
   [junit4]   2> 	at org.junit.Assert.failNotEquals(Assert.java:647)
   [junit4]   2> 	at org.junit.Assert.assertEquals(Assert.java:128)
   [junit4]   2> 	at org.junit.Assert.assertEquals(Assert.java:472)
   [junit4]   2> 	at org.apache.lucene.index.RandomPostingsTester.verifyEnum(RandomPostingsTester.java:1099)
   [junit4]   2> 	at org.apache.lucene.index.RandomPostingsTester.testTermsOneThread(RandomPostingsTester.java:1330)
   [junit4]   2> 	at org.apache.lucene.index.RandomPostingsTester.access$100(RandomPostingsTester.java:65)
   [junit4]   2> 	at org.apache.lucene.index.RandomPostingsTester$TestThread.run(RandomPostingsTester.java:1206)
   [junit4]   2> 
   [junit4]   2> Feb 01, 2018 7:10:54 AM com.carrotsearch.randomizedtesting.RandomizedRunner$QueueUncaughtExceptionsHandler uncaughtException
   [junit4]   2> WARNING: Uncaught exception in thread: Thread[Thread-288,5,TGRP-TestSimpleTextPostingsFormat]
   [junit4]   2> java.lang.RuntimeException: java.lang.AssertionError: position is wrong expected:<9> but was:<-1>
   [junit4]   2> 	at __randomizedtesting.SeedInfo.seed([9FD3D7B7292D063A]:0)
   [junit4]   2> 	at org.apache.lucene.index.RandomPostingsTester$TestThread.run(RandomPostingsTester.java:1208)
   [junit4]   2> Caused by: java.lang.AssertionError: position is wrong expected:<9> but was:<-1>
   [junit4]   2> 	at org.junit.Assert.fail(Assert.java:93)
   [junit4]   2> 	at org.junit.Assert.failNotEquals(Assert.java:647)
   [junit4]   2> 	at org.junit.Assert.assertEquals(Assert.java:128)
   [junit4]   2> 	at org.junit.Assert.assertEquals(Assert.java:472)
   [junit4]   2> 	at org.apache.lucene.index.RandomPostingsTester.verifyEnum(RandomPostingsTester.java:1099)
   [junit4]   2> 	at org.apache.lucene.index.RandomPostingsTester.testTermsOneThread(RandomPostingsTester.java:1330)
   [junit4]   2> 	at org.apache.lucene.index.RandomPostingsTester.access$100(RandomPostingsTester.java:65)
   [junit4]   2> 	at org.apache.lucene.index.RandomPostingsTester$TestThread.run(RandomPostingsTester.java:1206)
   [junit4]   2> 
   [junit4]   2> Feb 01, 2018 7:10:54 AM com.carrotsearch.randomizedtesting.RandomizedRunner$QueueUncaughtExceptionsHandler uncaughtException
   [junit4]   2> WARNING: Uncaught exception in thread: Thread[Thread-291,5,TGRP-TestSimpleTextPostingsFormat]
   [junit4]   2> java.lang.RuntimeException: java.lang.AssertionError: position is wrong expected:<0> but was:<-1>
   [junit4]   2> 	at __randomizedtesting.SeedInfo.seed([9FD3D7B7292D063A]:0)
   [junit4]   2> 	at org.apache.lucene.index.RandomPostingsTester$TestThread.run(RandomPostingsTester.java:1208)
   [junit4]   2> Caused by: java.lang.AssertionError: position is wrong expected:<0> but was:<-1>
   [junit4]   2> 	at org.junit.Assert.fail(Assert.java:93)
   [junit4]   2> 	at org.junit.Assert.failNotEquals(Assert.java:647)
   [junit4]   2> 	at org.junit.Assert.assertEquals(Assert.java:128)
   [junit4]   2> 	at org.junit.Assert.assertEquals(Assert.java:472)
   [junit4]   2> 	at org.apache.lucene.index.RandomPostingsTester.verifyEnum(RandomPostingsTester.java:1099)
   [junit4]   2> 	at org.apache.lucene.index.RandomPostingsTester.testTermsOneThread(RandomPostingsTester.java:1330)
   [junit4]   2> 	at org.apache.lucene.index.RandomPostingsTester.access$100(RandomPostingsTester.java:65)
   [junit4]   2> 	at org.apache.lucene.index.RandomPostingsTester$TestThread.run(RandomPostingsTester.java:1206)
   [junit4]   2> 
   [junit4]   2> Feb 01, 2018 7:10:54 AM com.carrotsearch.randomizedtesting.RandomizedRunner$QueueUncaughtExceptionsHandler uncaughtException
   [junit4]   2> WARNING: Uncaught exception in thread: Thread[Thread-292,5,TGRP-TestSimpleTextPostingsFormat]
   [junit4]   2> java.lang.RuntimeException: java.lang.AssertionError: position is wrong expected:<0> but was:<-1>
   [junit4]   2> 	at __randomizedtesting.SeedInfo.seed([9FD3D7B7292D063A]:0)
   [junit4]   2> 	at org.apache.lucene.index.RandomPostingsTester$TestThread.run(RandomPostingsTester.java:1208)
   [junit4]   2> Caused by: java.lang.AssertionError: position is wrong expected:<0> but was:<-1>
   [junit4]   2> 	at org.junit.Assert.fail(Assert.java:93)
   [junit4]   2> 	at org.junit.Assert.failNotEquals(Assert.java:647)
   [junit4]   2> 	at org.junit.Assert.assertEquals(Assert.java:128)
   [junit4]   2> 	at org.junit.Assert.assertEquals(Assert.java:472)
   [junit4]   2> 	at org.apache.lucene.index.RandomPostingsTester.verifyEnum(RandomPostingsTester.java:1099)
   [junit4]   2> 	at org.apache.lucene.index.RandomPostingsTester.testTermsOneThread(RandomPostingsTester.java:1330)
   [junit4]   2> 	at org.apache.lucene.index.RandomPostingsTester.access$100(RandomPostingsTester.java:65)
   [junit4]   2> 	at org.apache.lucene.index.RandomPostingsTester$TestThread.run(RandomPostingsTester.java:1206)
   [junit4]   2> 
   [junit4]   2> Feb 01, 2018 7:10:54 AM com.carrotsearch.randomizedtesting.RandomizedRunner$QueueUncaughtExceptionsHandler uncaughtException
   [junit4]   2> WARNING: Uncaught exception in thread: Thread[Thread-290,5,TGRP-TestSimpleTextPostingsFormat]
   [junit4]   2> java.lang.RuntimeException: java.lang.AssertionError: position is wrong expected:<82> but was:<-1>
   [junit4]   2> 	at __randomizedtesting.SeedInfo.seed([9FD3D7B7292D063A]:0)
   [junit4]   2> 	at org.apache.lucene.index.RandomPostingsTester$TestThread.run(RandomPostingsTester.java:1208)
   [junit4]   2> Caused by: java.lang.AssertionError: position is wrong expected:<82> but was:<-1>
   [junit4]   2> 	at org.junit.Assert.fail(Assert.java:93)
   [junit4]   2> 	at org.junit.Assert.failNotEquals(Assert.java:647)
   [junit4]   2> 	at org.junit.Assert.assertEquals(Assert.java:128)
   [junit4]   2> 	at org.junit.Assert.assertEquals(Assert.java:472)
   [junit4]   2> 	at org.apache.lucene.index.RandomPostingsTester.verifyEnum(RandomPostingsTester.java:1099)
   [junit4]   2> 	at org.apache.lucene.index.RandomPostingsTester.testTermsOneThread(RandomPostingsTester.java:1330)
   [junit4]   2> 	at org.apache.lucene.index.RandomPostingsTester.access$100(RandomPostingsTester.java:65)
   [junit4]   2> 	at org.apache.lucene.index.RandomPostingsTester$TestThread.run(RandomPostingsTester.java:1206)
   [junit4]   2> 
   [junit4]   2> Feb 01, 2018 7:10:54 AM com.carrotsearch.randomizedtesting.RandomizedRunner$QueueUncaughtExceptionsHandler uncaughtException
   [junit4]   2> WARNING: Uncaught exception in thread: Thread[Thread-294,5,TGRP-TestSimpleTextPostingsFormat]
   [junit4]   2> java.lang.RuntimeException: java.lang.AssertionError: position is wrong expected:<0> but was:<-1>
   [junit4]   2> 	at __randomizedtesting.SeedInfo.seed([9FD3D7B7292D063A]:0)
   [junit4]   2> 	at org.apache.lucene.index.RandomPostingsTester$TestThread.run(RandomPostingsTester.java:1208)
   [junit4]   2> Caused by: java.lang.AssertionError: position is wrong expected:<0> but was:<-1>
   [junit4]   2> 	at org.junit.Assert.fail(Assert.java:93)
   [junit4]   2> 	at org.junit.Assert.failNotEquals(Assert.java:647)
   [junit4]   2> 	at org.junit.Assert.assertEquals(Assert.java:128)
   [junit4]   2> 	at org.junit.Assert.assertEquals(Assert.java:472)
   [junit4]   2> 	at org.apache.lucene.index.RandomPostingsTester.verifyEnum(RandomPostingsTester.java:1099)
   [junit4]   2> 	at org.apache.lucene.index.RandomPostingsTester.testTermsOneThread(RandomPostingsTester.java:1330)
   [junit4]   2> 	at org.apache.lucene.index.RandomPostingsTester.access$100(RandomPostingsTester.java:65)
   [junit4]   2> 	at org.apache.lucene.index.RandomPostingsTester$TestThread.run(RandomPostingsTester.java:1206)
   [junit4]   2> 
   [junit4]   2> Feb 01, 2018 7:10:54 AM com.carrotsearch.randomizedtesting.RandomizedRunner$QueueUncaughtExceptionsHandler uncaughtException
   [junit4]   2> WARNING: Uncaught exception in thread: Thread[Thread-293,5,TGRP-TestSimpleTextPostingsFormat]
   [junit4]   2> java.lang.RuntimeException: java.lang.AssertionError: position is wrong expected:<0> but was:<-1>
   [junit4]   2> 	at __randomizedtesting.SeedInfo.seed([9FD3D7B7292D063A]:0)
   [junit4]   2> 	at org.apache.lucene.index.RandomPostingsTester$TestThread.run(RandomPostingsTester.java:1208)
   [junit4]   2> Caused by: java.lang.AssertionError: position is wrong expected:<0> but was:<-1>
   [junit4]   2> 	at org.junit.Assert.fail(Assert.java:93)
   [junit4]   2> 	at org.junit.Assert.failNotEquals(Assert.java:647)
   [junit4]   2> 	at org.junit.Assert.assertEquals(Assert.java:128)
   [junit4]   2> 	at org.junit.Assert.assertEquals(Assert.java:472)
   [junit4]   2> 	at org.apache.lucene.index.RandomPostingsTester.verifyEnum(RandomPostingsTester.java:1099)
   [junit4]   2> 	at org.apache.lucene.index.RandomPostingsTester.testTermsOneThread(RandomPostingsTester.java:1330)
   [junit4]   2> 	at org.apache.lucene.index.RandomPostingsTester.access$100(RandomPostingsTester.java:65)
   [junit4]   2> 	at org.apache.lucene.index.RandomPostingsTester$TestThread.run(RandomPostingsTester.java:1206)
   [junit4]   2> 
   [junit4]   2> NOTE: download the large Jenkins line-docs file by running 'ant get-jenkins-line-docs' in the lucene directory.
   [junit4]   2> NOTE: reproduce with: ant test  -Dtestcase=TestSimpleTextPostingsFormat -Dtests.method=testDocsAndFreqsAndPositionsAndOffsetsAndPayloads -Dtests.seed=9FD3D7B7292D063A -Dtests.multiplier=2 -Dtests.nightly=true -Dtests.slow=true -Dtests.linedocsfile=/home/jenkins/lucene-data/enwiki.random.lines.txt -Dtests.locale=en-MT -Dtests.timezone=W-SU -Dtests.asserts=true -Dtests.file.encoding=US-ASCII
   [junit4] ERROR    336s J5 | TestSimpleTextPostingsFormat.testDocsAndFreqsAndPositionsAndOffsetsAndPayloads <<<
   [junit4]    > Throwable #1: com.carrotsearch.randomizedtesting.UncaughtExceptionError: Captured an uncaught exception in thread: Thread[id=308, name=Thread-281, state=RUNNABLE, group=TGRP-TestSimpleTextPostingsFormat]
   [junit4]    > Caused by: java.lang.RuntimeException: java.lang.AssertionError: position is wrong expected:<0> but was:<-1>
   [junit4]    > 	at __randomizedtesting.SeedInfo.seed([9FD3D7B7292D063A]:0)
   [junit4]    > 	at org.apache.lucene.index.RandomPostingsTester$TestThread.run(RandomPostingsTester.java:1208)
   [junit4]    > Caused by: java.lang.AssertionError: position is wrong expected:<0> but was:<-1>
   [junit4]    > 	at org.apache.lucene.index.RandomPostingsTester.verifyEnum(RandomPostingsTester.java:1099)
   [junit4]    > 	at org.apache.lucene.index.RandomPostingsTester.testTermsOneThread(RandomPostingsTester.java:1330)
   [junit4]    > 	at org.apache.lucene.index.RandomPostingsTester.access$100(RandomPostingsTester.java:65)
   [junit4]    > 	at org.apache.lucene.index.RandomPostingsTester$TestThread.run(RandomPostingsTester.java:1206)Throwable #2: com.carrotsearch.randomizedtesting.UncaughtExceptionError: Captured an uncaught exception in thread: Thread[id=309, name=Thread-282, state=RUNNABLE, group=TGRP-TestSimpleTextPostingsFormat]
   [junit4]    > Caused by: java.lang.RuntimeException: java.lang.AssertionError: position is wrong expected:<27> but was:<-1>
   [junit4]    > 	at __randomizedtesting.SeedInfo.seed([9FD3D7B7292D063A]:0)
   [junit4]    > 	at org.apache.lucene.index.RandomPostingsTester$TestThread.run(RandomPostingsTester.java:1208)
   [junit4]    > Caused by: java.lang.AssertionError: position is wrong expected:<27> but was:<-1>
   [junit4]    > 	at org.apache.lucene.index.RandomPostingsTester.verifyEnum(RandomPostingsTester.java:1099)
   [junit4]    > 	at org.apache.lucene.index.RandomPostingsTester.testTermsOneThread(RandomPostingsTester.java:1330)
   [junit4]    > 	at org.apache.lucene.index.RandomPostingsTester.access$100(RandomPostingsTester.java:65)
   [junit4]    > 	at org.apache.lucene.index.RandomPostingsTester$TestThread.run(RandomPostingsTester.java:1206)Throwable #3: com.carrotsearch.randomizedtesting.UncaughtExceptionError: Captured an uncaught exception in thread: Thread[id=307, name=Thread-280, state=RUNNABLE, group=TGRP-TestSimpleTextPostingsFormat]
   [junit4]    > Caused by: java.lang.RuntimeException: java.lang.AssertionError: position is wrong expected:<0> but was:<-1>
   [junit4]    > 	at __randomizedtesting.SeedInfo.seed([9FD3D7B7292D063A]:0)
   [junit4]    > 	at org.apache.lucene.index.RandomPostingsTester$TestThread.run(RandomPostingsTester.java:1208)
   [junit4]    > Caused by: java.lang.AssertionError: position is wrong expected:<0> but was:<-1>
   [junit4]    > 	at org.apache.lucene.index.RandomPostingsTester.verifyEnum(RandomPostingsTester.java:1099)
   [junit4]    > 	at org.apache.lucene.index.RandomPostingsTester.testTermsOneThread(RandomPostingsTester.java:1330)
   [junit4]    > 	at org.apache.lucene.index.RandomPostingsTester.access$100(RandomPostingsTester.java:65)
   [junit4]    > 	at org.apache.lucene.index.RandomPostingsTester$TestThread.run(RandomPostingsTester.java:1206)Throwable #4: com.carrotsearch.randomizedtesting.UncaughtExceptionError: Captured an uncaught exception in thread: Thread[id=310, name=Thread-283, state=RUNNABLE, group=TGRP-TestSimpleTextPostingsFormat]
   [junit4]    > Caused by: java.lang.RuntimeException: java.lang.AssertionError: position is wrong expected:<25> but was:<-1>
   [junit4]    > 	at __randomizedtesting.SeedInfo.seed([9FD3D7B7292D063A]:0)
   [junit4]    > 	at org.apache.lucene.index.RandomPostingsTester$TestThread.run(RandomPostingsTester.java:1208)
   [junit4]    > Caused by: java.lang.AssertionError: position is wrong expected:<25> but was:<-1>
   [junit4]    > 	at org.apache.lucene.index.RandomPostingsTester.verifyEnum(RandomPostingsTester.java:1099)
   [junit4]    > 	at org.apache.lucene.index.RandomPostingsTester.testTermsOneThread(RandomPostingsTester.java:1330)
   [junit4]    > 	at org.apache.lucene.index.RandomPostingsTester.access$100(RandomPostingsTester.java:65)
   [junit4]    > 	at org.apache.lucene.index.RandomPostingsTester$TestThread.run(RandomPostingsTester.java:1206)Throwable #5: com.carrotsearch.randomizedtesting.UncaughtExceptionError: Captured an uncaught exception in thread: Thread[id=311, name=Thread-284, state=RUNNABLE, group=TGRP-TestSimpleTextPostingsFormat]
   [junit4]    > Caused by: java.lang.RuntimeException: java.lang.AssertionError: position is wrong expected:<0> but was:<-1>
   [junit4]    > 	at __randomizedtesting.SeedInfo.seed([9FD3D7B7292D063A]:0)
   [junit4]    > 	at org.apache.lucene.index.RandomPostingsTester$TestThread.run(RandomPostingsTester.java:1208)
   [junit4]    > Caused by: java.lang.AssertionError: position is wrong expected:<0> but was:<-1>
   [junit4]    > 	at org.apache.lucene.index.RandomPostingsTester.verifyEnum(RandomPostingsTester.java:1099)
   [junit4]    > 	at org.apache.lucene.index.RandomPostingsTester.testTermsOneThread(RandomPostingsTester.java:1330)
   [junit4]    > 	at org.apache.lucene.index.RandomPostingsTester.access$100(RandomPostingsTester.java:65)
   [junit4]    > 	at org.apache.lucene.index.RandomPostingsTester$TestThread.run(RandomPostingsTester.java:1206)Throwable #6: com.carrotsearch.randomizedtesting.UncaughtExceptionError: Captured an uncaught exception in thread: Thread[id=313, name=Thread-286, state=RUNNABLE, group=TGRP-TestSimpleTextPostingsFormat]
   [junit4]    > Caused by: java.lang.RuntimeException: java.lang.AssertionError: position is wrong expected:<5> but was:<-1>
   [junit4]    > 	at __randomizedtesting.SeedInfo.seed([9FD3D7B7292D063A]:0)
   [junit4]    > 	at org.apache.lucene.index.RandomPostingsTester$TestThread.run(RandomPostingsTester.java:1208)
   [junit4]    > Caused by: java.lang.AssertionError: position is wrong expected:<5> but was:<-1>
   [junit4]    > 	at org.apache.lucene.index.RandomPostingsTester.verifyEnum(RandomPostingsTester.java:1099)
   [junit4]    > 	at org.apache.lucene.index.RandomPostingsTester.testTermsOneThread(RandomPostingsTester.java:1330)
   [junit4]    > 	at org.apache.lucene.index.RandomPostingsTester.access$100(RandomPostingsTester.java:65)
   [junit4]    > 	at org.apache.lucene.index.RandomPostingsTester$TestThread.run(RandomPostingsTester.java:1206)Throwable #7: com.carrotsearch.randomizedtesting.UncaughtExceptionError: Captured an uncaught exception in thread: Thread[id=312, name=Thread-285, state=RUNNABLE, group=TGRP-TestSimpleTextPostingsFormat]
   [junit4]    > Caused by: java.lang.RuntimeException: java.lang.AssertionError: position is wrong expected:<0> but was:<-1>
   [junit4]    > 	at __randomizedtesting.SeedInfo.seed([9FD3D7B7292D063A]:0)
   [junit4]    > 	at org.apache.lucene.index.RandomPostingsTester$TestThread.run(RandomPostingsTester.java:1208)
   [junit4]    > Caused by: java.lang.AssertionError: position is wrong expected:<0> but was:<-1>
   [junit4]    > 	at org.apache.lucene.index.RandomPostingsTester.verifyEnum(RandomPostingsTester.java:1099)
   [junit4]    > 	at org.apache.lucene.index.RandomPostingsTester.testTermsOneThread(RandomPostingsTester.java:1330)
   [junit4]    > 	at org.apache.lucene.index.RandomPostingsTester.access$100(RandomPostingsTester.java:65)
   [junit4]    > 	at org.apache.lucene.index.RandomPostingsTester$TestThread.run(RandomPostingsTester.java:1206)Throwable #8: com.carrotsearch.randomizedtesting.UncaughtExceptionError: Captured an uncaught exception in thread: Thread[id=314, name=Thread-287, state=RUNNABLE, group=TGRP-TestSimpleTextPostingsFormat]
   [junit4]    > Caused by: java.lang.RuntimeException: java.lang.AssertionError: position is wrong expected:<0> but was:<-1>
   [junit4]    > 	at __randomizedtesting.SeedInfo.seed([9FD3D7B7292D063A]:0)
   [junit4]    > 	at org.apache.lucene.index.RandomPostingsTester$TestThread.run(RandomPostingsTester.java:1208)
   [junit4]    > Caused by: java.lang.AssertionError: position is wrong expected:<0> but was:<-1>
   [junit4]    > 	at org.apache.lucene.index.RandomPostingsTester.verifyEnum(RandomPostingsTester.java:1099)
   [junit4]    > 	at org.apache.lucene.index.RandomPostingsTester.testTermsOneThread(RandomPostingsTester.java:1330)
   [junit4]    > 	at org.apache.lucene.index.RandomPostingsTester.access$100(RandomPostingsTester.java:65)
   [junit4]    > 	at org.apache.lucene.index.RandomPostingsTester$TestThread.run(RandomPostingsTester.java:1206)Throwable #9: com.carrotsearch.randomizedtesting.UncaughtExceptionError: Captured an uncaught exception in thread: Thread[id=316, name=Thread-289, state=RUNNABLE, group=TGRP-TestSimpleTextPostingsFormat]
   [junit4]    > Caused by: java.lang.RuntimeException: java.lang.AssertionError: position is wrong expected:<0> but was:<-1>
   [junit4]    > 	at __randomizedtesting.SeedInfo.seed([9FD3D7B7292D063A]:0)
   [junit4]    > 	at org.apache.lucene.index.RandomPostingsTester$TestThread.run(RandomPostingsTester.java:1208)
   [junit4]    > Caused by: java.lang.AssertionError: position is wrong expected:<0> but was:<-1>
   [junit4]    > 	at org.apache.lucene.index.RandomPostingsTester.verifyEnum(RandomPostingsTester.java:1099)
   [junit4]    > 	at org.apache.lucene.index.RandomPostingsTester.testTermsOneThread(RandomPostingsTester.java:1330)
   [junit4]    > 	at org.apache.lucene.index.RandomPostingsTester.access$100(RandomPostingsTester.java:65)
   [junit4]    > 	at org.apache.lucene.index.RandomPostingsTester$TestThread.run(RandomPostingsTester.java:1206)Throwable #10: com.carrotsearch.randomizedtesting.UncaughtExceptionError: Captured an uncaught exception in thread: Thread[id=315, name=Thread-288, state=RUNNABLE, group=TGRP-TestSimpleTextPostingsFormat]
   [junit4]    > Caused by: java.lang.RuntimeException: java.lang.AssertionError: position is wrong expected:<9> but was:<-1>
   [junit4]    > 	at __randomizedtesting.SeedInfo.seed([9FD3D7B7292D063A]:0)
   [junit4]    > 	at org.apache.lucene.index.RandomPostingsTester$TestThread.run(RandomPostingsTester.java:1208)
   [junit4]    > Caused by: java.lang.AssertionError: position is wrong expected:<9> but was:<-1>
   [junit4]    > 	at org.apache.lucene.index.RandomPostingsTester.verifyEnum(RandomPostingsTester.java:1099)
   [junit4]    > 	at org.apache.lucene.index.RandomPostingsTester.testTermsOneThread(RandomPostingsTester.java:1330)
   [junit4]    > 	at org.apache.lucene.index.RandomPostingsTester.access$100(RandomPostingsTester.java:65)
   [junit4]    > 	at org.apache.lucene.index.RandomPostingsTester$TestThread.run(RandomPostingsTester.java:1206)Throwable #11: com.carrotsearch.randomizedtesting.UncaughtExceptionError: Captured an uncaught exception in thread: Thread[id=317, name=Thread-290, state=RUNNABLE, group=TGRP-TestSimpleTextPostingsFormat]
   [junit4]    > Caused by: java.lang.RuntimeException: java.lang.AssertionError: position is wrong expected:<82> but was:<-1>
   [junit4]    > 	at __randomizedtesting.SeedInfo.seed([9FD3D7B7292D063A]:0)
   [junit4]    > 	at org.apache.lucene.index.RandomPostingsTester$TestThread.run(RandomPostingsTester.java:1208)
   [junit4]    > Caused by: java.lang.AssertionError: position is wrong expected:<82> but was:<-1>
   [junit4]    > 	at org.apache.lucene.index.RandomPostingsTester.verifyEnum(RandomPostingsTester.java:1099)
   [junit4]    > 	at org.apache.lucene.index.RandomPostingsTester.testTermsOneThread(RandomPostingsTester.java:1330)
   [junit4]    > 	at org.apache.lucene.index.RandomPostingsTester.access$100(RandomPostingsTester.java:65)
   [junit4]    > 	at org.apache.lucene.index.RandomPostingsTester$TestThread.run(RandomPostingsTester.java:1206)Throwable #12: com.carrotsearch.randomizedtesting.UncaughtExceptionError: Captured an uncaught exception in thread: Thread[id=319, name=Thread-292, state=RUNNABLE, group=TGRP-TestSimpleTextPostingsFormat]
   [junit4]    > Caused by: java.lang.RuntimeException: java.lang.AssertionError: position is wrong expected:<0> but was:<-1>
   [junit4]    > 	at __randomizedtesting.SeedInfo.seed([9FD3D7B7292D063A]:0)
   [junit4]    > 	at org.apache.lucene.index.RandomPostingsTester$TestThread.run(RandomPostingsTester.java:1208)
   [junit4]    > Caused by: java.lang.AssertionError: position is wrong expected:<0> but was:<-1>
   [junit4]    > 	at org.apache.lucene.index.RandomPostingsTester.verifyEnum(RandomPostingsTester.java:1099)
   [junit4]    > 	at org.apache.lucene.index.RandomPostingsTester.testTermsOneThread(RandomPostingsTester.java:1330)
   [junit4]    > 	at org.apache.lucene.index.RandomPostingsTester.access$100(RandomPostingsTester.java:65)
   [junit4]    > 	at org.apache.lucene.index.RandomPostingsTester$TestThread.run(RandomPostingsTester.java:1206)Throwable #13: com.carrotsearch.randomizedtesting.UncaughtExceptionError: Captured an uncaught exception in thread: Thread[id=318, name=Thread-291, state=RUNNABLE, group=TGRP-TestSimpleTextPostingsFormat]
   [junit4]    > Caused by: java.lang.RuntimeException: java.lang.AssertionError: position is wrong expected:<0> but was:<-1>
   [junit4]    > 	at __randomizedtesting.SeedInfo.seed([9FD3D7B7292D063A]:0)
   [junit4]    > 	at org.apache.lucene.index.RandomPostingsTester$TestThread.run(RandomPostingsTester.java:1208)
   [junit4]    > Caused by: java.lang.AssertionError: position is wrong expected:<0> but was:<-1>
   [junit4]    > 	at org.apache.lucene.index.RandomPostingsTester.verifyEnum(RandomPostingsTester.java:1099)
   [junit4]    > 	at org.apache.lucene.index.RandomPostingsTester.testTermsOneThread(RandomPostingsTester.java:1330)
   [junit4]    > 	at org.apache.lucene.index.RandomPostingsTester.access$100(RandomPostingsTester.java:65)
   [junit4]    > 	at org.apache.lucene.index.RandomPostingsTester$TestThread.run(RandomPostingsTester.java:1206)Throwable #14: com.carrotsearch.randomizedtesting.UncaughtExceptionError: Captured an uncaught exception in thread: Thread[id=321, name=Thread-294, state=RUNNABLE, group=TGRP-TestSimpleTextPostingsFormat]
   [junit4]    > Caused by: java.lang.RuntimeException: java.lang.AssertionError: position is wrong expected:<0> but was:<-1>
   [junit4]    > 	at __randomizedtesting.SeedInfo.seed([9FD3D7B7292D063A]:0)
   [junit4]    > 	at org.apache.lucene.index.RandomPostingsTester$TestThread.run(RandomPostingsTester.java:1208)
   [junit4]    > Caused by: java.lang.AssertionError: position is wrong expected:<0> but was:<-1>
   [junit4]    > 	at org.apache.lucene.index.RandomPostingsTester.verifyEnum(RandomPostingsTester.java:1099)
   [junit4]    > 	at org.apache.lucene.index.RandomPostingsTester.testTermsOneThread(RandomPostingsTester.java:1330)
   [junit4]    > 	at org.apache.lucene.index.RandomPostingsTester.access$100(RandomPostingsTester.java:65)
   [junit4]    > 	at org.apache.lucene.index.RandomPostingsTester$TestThread.run(RandomPostingsTester.java:1206)Throwable #15: com.carrotsearch.randomizedtesting.UncaughtExceptionError: Captured an uncaught exception in thread: Thread[id=320, name=Thread-293, state=RUNNABLE, group=TGRP-TestSimpleTextPostingsFormat]
   [junit4]    > Caused by: java.lang.RuntimeException: java.lang.AssertionError: position is wrong expected:<0> but was:<-1>
   [junit4]    > 	at __randomizedtesting.SeedInfo.seed([9FD3D7B7292D063A]:0)
   [junit4]    > 	at org.apache.lucene.index.RandomPostingsTester$TestThread.run(RandomPostingsTester.java:1208)
   [junit4]    > Caused by: java.lang.AssertionError: position is wrong expected:<0> but was:<-1>
   [junit4]    > 	at org.apache.lucene.index.RandomPostingsTester.verifyEnum(RandomPostingsTester.java:1099)
   [junit4]    > 	at org.apache.lucene.index.RandomPostingsTester.testTermsOneThread(RandomPostingsTester.java:1330)
   [junit4]    > 	at org.apache.lucene.index.RandomPostingsTester.access$100(RandomPostingsTester.java:65)
   [junit4]    > 	at org.apache.lucene.index.RandomPostingsTester$TestThread.run(RandomPostingsTester.java:1206)
   [junit4]   2> Feb 01, 2018 7:13:38 AM com.carrotsearch.randomizedtesting.RandomizedRunner$QueueUncaughtExceptionsHandler uncaughtException
   [junit4]   2> WARNING: Uncaught exception in thread: Thread[Thread-306,5,TGRP-TestSimpleTextPostingsFormat]
   [junit4]   2> java.lang.RuntimeException: java.lang.AssertionError: position is wrong expected:<0> but was:<-1>
   [junit4]   2> 	at __randomizedtesting.SeedInfo.seed([9FD3D7B7292D063A]:0)
   [junit4]   2> 	at org.apache.lucene.index.RandomPostingsTester$TestThread.run(RandomPostingsTester.java:1208)
   [junit4]   2> Caused by: java.lang.AssertionError: position is wrong expected:<0> but was:<-1>
   [junit4]   2> 	at org.junit.Assert.fail(Assert.java:93)
   [junit4]   2> 	at org.junit.Assert.failNotEquals(Assert.java:647)
   [junit4]   2> 	at org.junit.Assert.assertEquals(Assert.java:128)
   [junit4]   2> 	at org.junit.Assert.assertEquals(Assert.java:472)
   [junit4]   2> 	at org.apache.lucene.index.RandomPostingsTester.verifyEnum(RandomPostingsTester.java:1099)
   [junit4]   2> 	at org.apache.lucene.index.RandomPostingsTester.testTermsOneThread(RandomPostingsTester.java:1330)
   [junit4]   2> 	at org.apache.lucene.index.RandomPostingsTester.access$100(RandomPostingsTester.java:65)
   [junit4]   2> 	at org.apache.lucene.index.RandomPostingsTester$TestThread.run(RandomPostingsTester.java:1206)
   [junit4]   2> 
   [junit4]   2> Feb 01, 2018 7:13:38 AM com.carrotsearch.randomizedtesting.RandomizedRunner$QueueUncaughtExceptionsHandler uncaughtException
   [junit4]   2> WARNING: Uncaught exception in thread: Thread[Thread-307,5,TGRP-TestSimpleTextPostingsFormat]
   [junit4]   2> java.lang.RuntimeException: java.lang.AssertionError: position is wrong expected:<0> but was:<-1>
   [junit4]   2> 	at __randomizedtesting.SeedInfo.seed([9FD3D7B7292D063A]:0)
   [junit4]   2> 	at org.apache.lucene.index.RandomPostingsTester$TestThread.run(RandomPostingsTester.java:1208)
   [junit4]   2> Caused by: java.lang.AssertionError: position is wrong expected:<0> but was:<-1>
   [junit4]   2> 	at org.junit.Assert.fail(Assert.java:93)
   [junit4]   2> 	at org.junit.Assert.failNotEquals(Assert.java:647)
   [junit4]   2> 	at org.junit.Assert.assertEquals(Assert.java:128)
   [junit4]   2> 	at org.junit.Assert.assertEquals(Assert.java:472)
   [junit4]   2> 	at org.apache.lucene.index.RandomPostingsTester.verifyEnum(RandomPostingsTester.java:1099)
   [junit4]   2> 	at org.apache.lucene.index.RandomPostingsTester.testTermsOneThread(RandomPostingsTester.java:1330)
   [junit4]   2> 	at org.apache.lucene.index.RandomPostingsTester.access$100(RandomPostingsTester.java:65)
   [junit4]   2> 	at org.apache.lucene.index.RandomPostingsTester$TestThread.run(RandomPostingsTester.java:1206)
   [junit4]   2> 
   [junit4]   2> Feb 01, 2018 7:13:38 AM com.carrotsearch.randomizedtesting.RandomizedRunner$QueueUncaughtExceptionsHandler uncaughtException
   [junit4]   2> WARNING: Uncaught exception in thread: Thread[Thread-308,5,TGRP-TestSimpleTextPostingsFormat]
   [junit4]   2> java.lang.RuntimeException: java.lang.AssertionError: position is wrong expected:<1> but was:<-1>
   [junit4]   2> 	at __randomizedtesting.SeedInfo.seed([9FD3D7B7292D063A]:0)
   [junit4]   2> 	at org.apache.lucene.index.RandomPostingsTester$TestThread.run(RandomPostingsTester.java:1208)
   [junit4]   2> Caused by: java.lang.AssertionError: position is wrong expected:<1> but was:<-1>
   [junit4]   2> 	at org.junit.Assert.fail(Assert.java:93)
   [junit4]   2> 	at org.junit.Assert.failNotEquals(Assert.java:647)
   [junit4]   2> 	at org.junit.Assert.assertEquals(Assert.java:128)
   [junit4]   2> 	at org.junit.Assert.assertEquals(Assert.java:472)
   [junit4]   2> 	at org.apache.lucene.index.RandomPostingsTester.verifyEnum(RandomPostingsTester.java:1099)
   [junit4]   2> 	at org.apache.lucene.index.RandomPostingsTester.testTermsOneThread(RandomPostingsTester.java:1330)
   [junit4]   2> 	at org.apache.lucene.index.RandomPostingsTester.access$100(RandomPostingsTester.java:65)
   [junit4]   2> 	at org.apache.lucene.index.RandomPostingsTester$TestThread.run(RandomPostingsTester.java:1206)
   [junit4]   2> 
   [junit4]   2> Feb 01, 2018 7:13:38 AM com.carrotsearch.randomizedtesting.RandomizedRunner$QueueUncaughtExceptionsHandler uncaughtException
   [junit4]   2> WARNING: Uncaught exception in thread: Thread[Thread-309,5,TGRP-TestSimpleTextPostingsFormat]
   [junit4]   2> java.lang.RuntimeException: java.lang.AssertionError: position is wrong expected:<0> but was:<-1>
   [junit4]   2> 	at __randomizedtesting.SeedInfo.seed([9FD3D7B7292D063A]:0)
   [junit4]   2> 	at org.apache.lucene.index.RandomPostingsTester$TestThread.run(RandomPostingsTester.java:1208)
   [junit4]   2> Caused by: java.lang.AssertionError: position is wrong expected:<0> but was:<-1>
   [junit4]   2> 	at org.junit.Assert.fail(Assert.java:93)
   [junit4]   2> 	at org.junit.Assert.failNotEquals(Assert.java:647)
   [junit4]   2> 	at org.junit.Assert.assertEquals(Assert.java:128)
   [junit4]   2> 	at org.junit.Assert.assertEquals(Assert.java:472)
   [junit4]   2> 	at org.apache.lucene.index.RandomPostingsTester.verifyEnum(RandomPostingsTester.java:1099)
   [junit4]   2> 	at org.apache.lucene.index.RandomPostingsTester.testTermsOneThread(RandomPostingsTester.java:1330)
   [junit4]   2> 	at org.apache.lucene.index.RandomPostingsTester.access$100(RandomPostingsTester.java:65)
   [junit4]   2> 	at org.apache.lucene.index.RandomPostingsTester$TestThread.run(RandomPostingsTester.java:1206)
   [junit4]   2> 
   [junit4]   2> NOTE: download the large Jenkins line-docs file by running 'ant get-jenkins-line-docs' in the lucene directory.
   [junit4]   2> NOTE: reproduce with: ant test  -Dtestcase=TestSimpleTextPostingsFormat -Dtests.method=testDocsAndFreqsAndPositionsAndOffsets -Dtests.seed=9FD3D7B7292D063A -Dtests.multiplier=2 -Dtests.nightly=true -Dtests.slow=true -Dtests.linedocsfile=/home/jenkins/lucene-data/enwiki.random.lines.txt -Dtests.locale=en-MT -Dtests.timezone=W-SU -Dtests.asserts=true -Dtests.file.encoding=US-ASCII
   [junit4] ERROR    159s J5 | TestSimpleTextPostingsFormat.testDocsAndFreqsAndPositionsAndOffsets <<<
   [junit4]    > Throwable #1: com.carrotsearch.randomizedtesting.UncaughtExceptionError: Captured an uncaught exception in thread: Thread[id=333, name=Thread-306, state=RUNNABLE, group=TGRP-TestSimpleTextPostingsFormat]
   [junit4]    > Caused by: java.lang.RuntimeException: java.lang.AssertionError: position is wrong expected:<0> but was:<-1>
   [junit4]    > 	at __randomizedtesting.SeedInfo.seed([9FD3D7B7292D063A]:0)
   [junit4]    > 	at org.apache.lucene.index.RandomPostingsTester$TestThread.run(RandomPostingsTester.java:1208)
   [junit4]    > Caused by: java.lang.AssertionError: position is wrong expected:<0> but was:<-1>
   [junit4]    > 	at org.apache.lucene.index.RandomPostingsTester.verifyEnum(RandomPostingsTester.java:1099)
   [junit4]    > 	at org.apache.lucene.index.RandomPostingsTester.testTermsOneThread(RandomPostingsTester.java:1330)
   [junit4]    > 	at org.apache.lucene.index.RandomPostingsTester.access$100(RandomPostingsTester.java:65)
   [junit4]    > 	at org.apache.lucene.index.RandomPostingsTester$TestThread.run(RandomPostingsTester.java:1206)Throwable #2: com.carrotsearch.randomizedtesting.UncaughtExceptionError: Captured an uncaught exception in thread: Thread[id=334, name=Thread-307, state=RUNNABLE, group=TGRP-TestSimpleTextPostingsFormat]
   [junit4]    > Caused by: java.lang.RuntimeException: java.lang.AssertionError: position is wrong expected:<0> but was:<-1>
   [junit4]    > 	at __randomizedtesting.SeedInfo.seed([9FD3D7B7292D063A]:0)
   [junit4]    > 	at org.apache.lucene.index.RandomPostingsTester$TestThread.run(RandomPostingsTester.java:1208)
   [junit4]    > Caused by: java.lang.AssertionError: position is wrong expected:<0> but was:<-1>
   [junit4]    > 	at org.apache.lucene.index.RandomPostingsTester.verifyEnum(RandomPostingsTester.java:1099)
   [junit4]    > 	at org.apache.lucene.index.RandomPostingsTester.testTermsOneThread(RandomPostingsTester.java:1330)
   [junit4]    > 	at org.apache.lucene.index.RandomPostingsTester.access$100(RandomPostingsTester.java:65)
   [junit4]    > 	at org.apache.lucene.index.RandomPostingsTester$TestThread.run(RandomPostingsTester.java:1206)Throwable #3: com.carrotsearch.randomizedtesting.UncaughtExceptionError: Captured an uncaught exception in thread: Thread[id=335, name=Thread-308, state=RUNNABLE, group=TGRP-TestSimpleTextPostingsFormat]
   [junit4]    > Caused by: java.lang.RuntimeException: java.lang.AssertionError: position is wrong expected:<1> but was:<-1>
   [junit4]    > 	at __randomizedtesting.SeedInfo.seed([9FD3D7B7292D063A]:0)
   [junit4]    > 	at org.apache.lucene.index.RandomPostingsTester$TestThread.run(RandomPostingsTester.java:1208)
   [junit4]    > Caused by: java.lang.AssertionError: position is wrong expected:<1> but was:<-1>
   [junit4]    > 	at org.apache.lucene.index.RandomPostingsTester.verifyEnum(RandomPostingsTester.java:1099)
   [junit4]    > 	at org.apache.lucene.index.RandomPostingsTester.testTermsOneThread(RandomPostingsTester.java:1330)
   [junit4]    > 	at org.apache.lucene.index.RandomPostingsTester.access$100(RandomPostingsTester.java:65)
   [junit4]    > 	at org.apache.lucene.index.RandomPostingsTester$TestThread.run(RandomPostingsTester.java:1206)Throwable #4: com.carrotsearch.randomizedtesting.UncaughtExceptionError: Captured an uncaught exception in thread: Thread[id=336, name=Thread-309, state=RUNNABLE, group=TGRP-TestSimpleTextPostingsFormat]
   [junit4]    > Caused by: java.lang.RuntimeException: java.lang.AssertionError: position is wrong expected:<0> but was:<-1>
   [junit4]    > 	at __randomizedtesting.SeedInfo.seed([9FD3D7B7292D063A]:0)
   [junit4]    > 	at org.apache.lucene.index.RandomPostingsTester$TestThread.run(RandomPostingsTester.java:1208)
   [junit4]    > Caused by: java.lang.AssertionError: position is wrong expected:<0> but was:<-1>
   [junit4]    > 	at org.apache.lucene.index.RandomPostingsTester.verifyEnum(RandomPostingsTester.java:1099)
   [junit4]    > 	at org.apache.lucene.index.RandomPostingsTester.testTermsOneThread(RandomPostingsTester.java:1330)
   [junit4]    > 	at org.apache.lucene.index.RandomPostingsTester.access$100(RandomPostingsTester.java:65)
   [junit4]    > 	at org.apache.lucene.index.RandomPostingsTester$TestThread.run(RandomPostingsTester.java:1206)
   [junit4]   2> Feb 01, 2018 7:13:39 AM com.carrotsearch.randomizedtesting.RandomizedRunner$QueueUncaughtExceptionsHandler uncaughtException
   [junit4]   2> WARNING: Uncaught exception in thread: Thread[Thread-313,5,TGRP-TestSimpleTextPostingsFormat]
   [junit4]   2> java.lang.RuntimeException: java.lang.AssertionError: position is wrong expected:<0> but was:<-1>
   [junit4]   2> 	at __randomizedtesting.SeedInfo.seed([9FD3D7B7292D063A]:0)
   [junit4]   2> 	at org.apache.lucene.index.RandomPostingsTester$TestThread.run(RandomPostingsTester.java:1208)
   [junit4]   2> Caused by: java.lang.AssertionError: position is wrong expected:<0> but was:<-1>
   [junit4]   2> 	at org.junit.Assert.fail(Assert.java:93)
   [junit4]   2> 	at org.junit.Assert.failNotEquals(Assert.java:647)
   [junit4]   2> 	at org.junit.Assert.assertEquals(Assert.java:128)
   [junit4]   2> 	at org.junit.Assert.assertEquals(Assert.java:472)
   [junit4]   2> 	at org.apache.lucene.index.RandomPostingsTester.verifyEnum(RandomPostingsTester.java:1099)
   [junit4]   2> 	at org.apache.lucene.index.RandomPostingsTester.testTermsOneThread(RandomPostingsTester.java:1330)
   [junit4]   2> 	at org.apache.lucene.index.RandomPostingsTester.access$100(RandomPostingsTester.java:65)
   [junit4]   2> 	at org.apache.lucene.index.RandomPostingsTester$TestThread.run(RandomPostingsTester.java:1206)
   [junit4]   2> 
   [junit4]   2> Feb 01, 2018 7:13:39 AM com.carrotsearch.randomizedtesting.RandomizedRunner$QueueUncaughtExceptionsHandler uncaughtException
   [junit4]   2> WARNING: Uncaught exception in thread: Thread[Thread-314,5,TGRP-TestSimpleTextPostingsFormat]
   [junit4]   2> java.lang.RuntimeException: java.lang.AssertionError: position is wrong expected:<0> but was:<-1>
   [junit4]   2> 	at __randomizedtesting.SeedInfo.seed([9FD3D7B7292D063A]:0)
   [junit4]   2> 	at org.apache.lucene.index.RandomPostingsTester$TestThread.run(RandomPostingsTester.java:1208)
   [junit4]   2> Caused by: java.lang.AssertionError: position is wrong expected:<0> but was:<-1>
   [junit4]   2> 	at org.junit.Assert.fail(Assert.java:93)
   [junit4]   2> 	at org.junit.Assert.failNotEquals(Assert.java:647)
   [junit4]   2> 	at org.junit.Assert.assertEquals(Assert.java:128)
   [junit4]   2> 	at org.junit.Assert.assertEquals(Assert.java:472)
   [junit4]   2> 	at org.apache.lucene.index.RandomPostingsTester.verifyEnum(RandomPostingsTester.java:1099)
   [junit4]   2> 	at org.apache.lucene.index.RandomPostingsTester.testTermsOneThread(RandomPostingsTester.java:1330)
   [junit4]   2> 	at org.apache.lucene.index.RandomPostingsTester.access$100(RandomPostingsTester.java:65)
   [junit4]   2> 	at org.apache.lucene.index.RandomPostingsTester$TestThread.run(RandomPostingsTester.java:1206)
   [junit4]   2> 
   [junit4]   2> Feb 01, 2018 7:13:39 AM com.carrotsearch.randomizedtesting.RandomizedRunner$QueueUncaughtExceptionsHandler uncaughtException
   [junit4]   2> WARNING: Uncaught exception in thread: Thread[Thread-310,5,TGRP-TestSimpleTextPostingsFormat]
   [junit4]   2> java.lang.RuntimeException: java.lang.AssertionError: position is wrong expected:<0> but was:<-1>
   [junit4]   2> 	at __randomizedtesting.SeedInfo.seed([9FD3D7B7292D063A]:0)
   [junit4]   2> 	at org.apache.lucene.index.RandomPostingsTester$TestThread.run(RandomPostingsTester.java:1208)
   [junit4]   2> Caused by: java.lang.AssertionError: position is wrong expected:<0> but was:<-1>
   [junit4]   2> 	at org.junit.Assert.fail(Assert.java:93)
   [junit4]   2> 	at org.junit.Assert.failNotEquals(Assert.java:647)
   [junit4]   2> 	at org.junit.Assert.assertEquals(Assert.java:128)
   [junit4]   2> 	at org.junit.Assert.assertEquals(Assert.java:472)
   [junit4]   2> 	at org.apache.lucene.index.RandomPostingsTester.verifyEnum(RandomPostingsTester.java:1099)
   [junit4]   2> 	at org.apache.lucene.index.RandomPostingsTester.testTermsOneThread(RandomPostingsTester.java:1330)
   [junit4]   2> 	at org.apache.lucene.index.RandomPostingsTester.access$100(RandomPostingsTester.java:65)
   [junit4]   2> 	at org.apache.lucene.index.RandomPostingsTester$TestThread.run(RandomPostingsTester.java:1206)
   [junit4]   2> 
   [junit4]   2> Feb 01, 2018 7:13:39 AM com.carrotsearch.randomizedtesting.RandomizedRunner$QueueUncaughtExceptionsHandler uncaughtException
   [junit4]   2> WARNING: Uncaught exception in thread: Thread[Thread-312,5,TGRP-TestSimpleTextPostingsFormat]
   [junit4]   2> java.lang.RuntimeException: java.lang.AssertionError: position is wrong expected:<0> but was:<-1>
   [junit4]   2> 	at __randomizedtesting.SeedInfo.seed([9FD3D7B7292D063A]:0)
   [junit4]   2> 	at org.apache.lucene.index.RandomPostingsTester$TestThread.run(RandomPostingsTester.java:1208)
   [junit4]   2> Caused by: java.lang.AssertionError: position is wrong expected:<0> but was:<-1>
   [junit4]   2> 	at org.junit.Assert.fail(Assert.java:93)
   [junit4]   2> 	at org.junit.Assert.failNotEquals(Assert.java:647)
   [junit4]   2> 	at org.junit.Assert.assertEquals(Assert.java:128)
   [junit4]   2> 	at org.junit.Assert.assertEquals(Assert.java:472)
   [junit4]   2> 	at org.apache.lucene.index.RandomPostingsTester.verifyEnum(RandomPostingsTester.java:1099)
   [junit4]   2> 	at org.apache.lucene.index.RandomPostingsTester.testTermsOneThread(RandomPostingsTester.java:1330)
   [junit4]   2> 	at org.apache.lucene.index.RandomPostingsTester.access$100(RandomPostingsTester.java:65)
   [junit4]   2> 	at org.apache.lucene.index.RandomPostingsTester$TestThread.run(RandomPostingsTester.java:1206)
   [junit4]   2> 
   [junit4]   2> Feb 01, 2018 7:13:39 AM com.carrotsearch.randomizedtesting.RandomizedRunner$QueueUncaughtExceptionsHandler uncaughtException
   [junit4]   2> WARNING: Uncaught exception in thread: Thread[Thread-311,5,TGRP-TestSimpleTextPostingsFormat]
   [junit4]   2> java.lang.RuntimeException: java.lang.AssertionError: position is wrong expected:<0> but was:<-1>
   [junit4]   2> 	at __randomizedtesting.SeedInfo.seed([9FD3D7B7292D063A]:0)
   [junit4]   2> 	at org.apache.lucene.index.RandomPostingsTester$TestThread.run(RandomPostingsTester.java:1208)
   [junit4]   2> Caused by: java.lang.AssertionError: position is wrong expected:<0> but was:<-1>
   [junit4]   2> 	at org.junit.Assert.fail(Assert.java:93)
   [junit4]   2> 	at org.junit.Assert.failNotEquals(Assert.java:647)
   [junit4]   2> 	at org.junit.Assert.assertEquals(Assert.java:128)
   [junit4]   2> 	at org.junit.Assert.assertEquals(Assert.java:472)
   [junit4]   2> 	at org.apache.lucene.index.RandomPostingsTester.verifyEnum(RandomPostingsTester.java:1099)
   [junit4]   2> 	at org.apache.lucene.index.RandomPostingsTester.testTermsOneThread(RandomPostingsTester.java:1330)
   [junit4]   2> 	at org.apache.lucene.index.RandomPostingsTester.access$100(RandomPostingsTester.java:65)
   [junit4]   2> 	at org.apache.lucene.index.RandomPostingsTester$TestThread.run(RandomPostingsTester.java:1206)
   [junit4]   2> 
   [junit4]   2> Feb 01, 2018 7:13:40 AM com.carrotsearch.randomizedtesting.RandomizedRunner$QueueUncaughtExceptionsHandler uncaughtException
   [junit4]   2> WARNING: Uncaught exception in thread: Thread[Thread-315,5,TGRP-TestSimpleTextPostingsFormat]
   [junit4]   2> java.lang.RuntimeException: java.lang.AssertionError: position is wrong expected:<0> but was:<-1>
   [junit4]   2> 	at __randomizedtesting.SeedInfo.seed([9FD3D7B7292D063A]:0)
   [junit4]   2> 	at org.apache.lucene.index.RandomPostingsTester$TestThread.run(RandomPostingsTester.java:1208)
   [junit4]   2> Caused by: java.lang.AssertionError: position is wrong expected:<0> but was:<-1>
   [junit4]   2> 	at org.junit.Assert.fail(Assert.java:93)
   [junit4]   2> 	at org.junit.Assert.failNotEquals(Assert.java:647)
   [junit4]   2> 	at org.junit.Assert.assertEquals(Assert.java:128)
   [junit4]   2> 	at org.junit.Assert.assertEquals(Assert.java:472)
   [junit4]   2> 	at org.apache.lucene.index.RandomPostingsTester.verifyEnum(RandomPostingsTester.java:1099)
   [junit4]   2> 	at org.apache.lucene.index.RandomPostingsTester.testTermsOneThread(RandomPostingsTester.java:1330)
   [junit4]   2> 	at org.apache.lucene.index.RandomPostingsTester.access$100(RandomPostingsTester.java:65)
   [junit4]   2> 	at org.apache.lucene.index.RandomPostingsTester$TestThread.run(RandomPostingsTester.java:1206)
   [junit4]   2> 
   [junit4]   2> Feb 01, 2018 7:13:40 AM com.carrotsearch.randomizedtesting.RandomizedRunner$QueueUncaughtExceptionsHandler uncaughtException
   [junit4]   2> WARNING: Uncaught exception in thread: Thread[Thread-316,5,TGRP-TestSimpleTextPostingsFormat]
   [junit4]   2> java.lang.RuntimeException: java.lang.AssertionError: position is wrong expected:<0> but was:<-1>
   [junit4]   2> 	at __randomizedtesting.SeedInfo.seed([9FD3D7B7292D063A]:0)
   [junit4]   2> 	at org.apache.lucene.index.RandomPostingsTester$TestThread.run(RandomPostingsTester.java:1208)
   [junit4]   2> Caused by: java.lang.AssertionError: position is wrong expected:<0> but was:<-1>
   [junit4]   2> 	at org.junit.Assert.fail(Assert.java:93)
   [junit4]   2> 	at org.junit.Assert.failNotEquals(Assert.java:647)
   [junit4]   2> 	at org.junit.Assert.assertEquals(Assert.java:128)
   [junit4]   2> 	at org.junit.Assert.assertEquals(Assert.java:472)
   [junit4]   2> 	at org.apache.lucene.index.RandomPostingsTester.verifyEnum(RandomPostingsTester.java:1099)
   [junit4]   2> 	at org.apache.lucene.index.RandomPostingsTester.testTermsOneThread(RandomPostingsTester.java:1330)
   [junit4]   2> 	at org.apache.lucene.index.RandomPostingsTester.access$100(RandomPostingsTester.java:65)
   [junit4]   2> 	at org.apache.lucene.index.RandomPostingsTester$TestThread.run(RandomPostingsTester.java:1206)
   [junit4]   2> 
   [junit4]   2> Feb 01, 2018 7:13:42 AM com.carrotsearch.randomizedtesting.RandomizedRunner$QueueUncaughtExceptionsHandler uncaughtException
   [junit4]   2> WARNING: Uncaught exception in thread: Thread[Thread-317,5,TGRP-TestSimpleTextPostingsFormat]
   [junit4]   2> java.lang.RuntimeException: java.lang.AssertionError: position is wrong expected:<0> but was:<-1>
   [junit4]   2> 	at __randomizedtesting.SeedInfo.seed([9FD3D7B7292D063A]:0)
   [junit4]   2> 	at org.apache.lucene.index.RandomPostingsTester$TestThread.run(RandomPostingsTester.java:1208)
   [junit4]   2> Caused by: java.lang.AssertionError: position is wrong expected:<0> but was:<-1>
   [junit4]   2> 	at org.junit.Assert.fail(Assert.java:93)
   [junit4]   2> 	at org.junit.Assert.failNotEquals(Assert.java:647)
   [junit4]   2> 	at org.junit.Assert.assertEquals(Assert.java:128)
   [junit4]   2> 	at org.junit.Assert.assertEquals(Assert.java:472)
   [junit4]   2> 	at org.apache.lucene.index.RandomPostingsTester.verifyEnum(RandomPostingsTester.java:1099)
   [junit4]   2> 	at org.apache.lucene.index.RandomPostingsTester.testTermsOneThread(RandomPostingsTester.java:1330)
   [junit4]   2> 	at org.apache.lucene.index.RandomPostingsTester.access$100(RandomPostingsTester.java:65)
   [junit4]   2> 	at org.apache.lucene.index.RandomPostingsTester$TestThread.run(RandomPostingsTester.java:1206)
   [junit4]   2> 
   [junit4]   2> Feb 01, 2018 7:13:43 AM com.carrotsearch.randomizedtesting.RandomizedRunner$QueueUncaughtExceptionsHandler uncaughtException
   [junit4]   2> WARNING: Uncaught exception in thread: Thread[Thread-318,5,TGRP-TestSimpleTextPostingsFormat]
   [junit4]   2> java.lang.RuntimeException: java.lang.AssertionError: position is wrong expected:<0> but was:<-1>
   [junit4]   2> 	at __randomizedtesting.SeedInfo.seed([9FD3D7B7292D063A]:0)
   [junit4]   2> 	at org.apache.lucene.index.RandomPostingsTester$TestThread.run(RandomPostingsTester.java:1208)
   [junit4]   2> Caused by: java.lang.AssertionError: position is wrong expected:<0> but was:<-1>
   [junit4]   2> 	at org.junit.Assert.fail(Assert.java:93)
   [junit4]   2> 	at org.junit.Assert.failNotEquals(Assert.java:647)
   [junit4]   2> 	at org.junit.Assert.assertEquals(Assert.java:128)
   [junit4]   2> 	at org.junit.Assert.assertEquals(Assert.java:472)
   [junit4]   2> 	at org.apache.lucene.index.RandomPostingsTester.verifyEnum(RandomPostingsTester.java:1099)
   [junit4]   2> 	at org.apache.lucene.index.RandomPostingsTester.testTermsOneThread(RandomPostingsTester.java:1330)
   [junit4]   2> 	at org.apache.lucene.index.RandomPostingsTester.access$100(RandomPostingsTester.java:65)
   [junit4]   2> 	at org.apache.lucene.index.RandomPostingsTester$TestThread.run(RandomPostingsTester.java:1206)
   [junit4]   2> 
   [junit4]   2> Feb 01, 2018 7:13:45 AM com.carrotsearch.randomizedtesting.RandomizedRunner$QueueUncaughtExceptionsHandler uncaughtException
   [junit4]   2> WARNING: Uncaught exception in thread: Thread[Thread-321,5,TGRP-TestSimpleTextPostingsFormat]
   [junit4]   2> java.lang.RuntimeException: java.lang.AssertionError: position is wrong expected:<44> but was:<-1>
   [junit4]   2> 	at __randomizedtesting.SeedInfo.seed([9FD3D7B7292D063A]:0)
   [junit4]   2> 	at org.apache.lucene.index.RandomPostingsTester$TestThread.run(RandomPostingsTester.java:1208)
   [junit4]   2> Caused by: java.lang.AssertionError: position is wrong expected:<44> but was:<-1>
   [junit4]   2> 	at org.junit.Assert.fail(Assert.java:93)
   [junit4]   2> 	at org.junit.Assert.failNotEquals(Assert.java:647)
   [junit4]   2> 	at org.junit.Assert.assertEquals(Assert.java:128)
   [junit4]   2> 	at org.junit.Assert.assertEquals(Assert.java:472)
   [junit4]   2> 	at org.apache.lucene.index.RandomPostingsTester.verifyEnum(RandomPostingsTester.java:1099)
   [junit4]   2> 	at org.apache.lucene.index.RandomPostingsTester.testTermsOneThread(RandomPostingsTester.java:1330)
   [junit4]   2> 	at org.apache.lucene.index.RandomPostingsTester.access$100(RandomPostingsTester.java:65)
   [junit4]   2> 	at org.apache.lucene.index.RandomPostingsTester$TestThread.run(RandomPostingsTester.java:1206)
   [junit4]   2> 
   [junit4]   2> Feb 01, 2018 7:13:45 AM com.carrotsearch.randomizedtesting.RandomizedRunner$QueueUncaughtExceptionsHandler uncaughtException
   [junit4]   2> WARNING: Uncaught exception in thread: Thread[Thread-320,5,TGRP-TestSimpleTextPostingsFormat]
   [junit4]   2> java.lang.RuntimeException: java.lang.AssertionError: position is wrong expected:<0> but was:<-1>
   [junit4]   2> 	at __randomizedtesting.SeedInfo.seed([9FD3D7B7292D063A]:0)
   [junit4]   2> 	at org.apache.lucene.index.RandomPostingsTester$TestThread.run(RandomPostingsTester.java:1208)
   [junit4]   2> Caused by: java.lang.AssertionError: position is wrong expected:<0> but was:<-1>
   [junit4]   2> 	at org.junit.Assert.fail(Assert.java:93)
   [junit4]   2> 	at org.junit.Assert.failNotEquals(Assert.java:647)
   [junit4]   2> 	at org.junit.Assert.assertEquals(Assert.java:128)
   [junit4]   2> 	at org.junit.Assert.assertEquals(Assert.java:472)
   [junit4]   2> 	at org.apache.lucene.index.RandomPostingsTester.verifyEnum(RandomPostingsTester.java:1099)
   [junit4]   2> 	at org.apache.lucene.index.RandomPostingsTester.testTermsOneThread(RandomPostingsTester.java:1330)
   [junit4]   2> 	at org.apache.lucene.index.RandomPostingsTester.access$100(RandomPostingsTester.java:65)
   [junit4]   2> 	at org.apache.lucene.index.RandomPostingsTester$TestThread.run(RandomPostingsTester.java:1206)
   [junit4]   2> 
   [junit4]   2> Feb 01, 2018 7:13:45 AM com.carrotsearch.randomizedtesting.RandomizedRunner$QueueUncaughtExceptionsHandler uncaughtException
   [junit4]   2> WARNING: Uncaught exception in thread: Thread[Thread-322,5,TGRP-TestSimpleTextPostingsFormat]
   [junit4]   2> java.lang.RuntimeException: java.lang.AssertionError: position is wrong expected:<28> but was:<-1>
   [junit4]   2> 	at __randomizedtesting.SeedInfo.seed([9FD3D7B7292D063A]:0)
   [junit4]   2> 	at org.apache.lucene.index.RandomPostingsTester$TestThread.run(RandomPostingsTester.java:1208)
   [junit4]   2> Caused by: java.lang.AssertionError: position is wrong expected:<28> but was:<-1>
   [junit4]   2> 	at org.junit.Assert.fail(Assert.java:93)
   [junit4]   2> 	at org.junit.Assert.failNotEquals(Assert.java:647)
   [junit4]   2> 	at org.junit.Assert.assertEquals(Assert.java:128)
   [junit4]   2> 	at org.junit.Assert.assertEquals(Assert.java:472)
   [junit4]   2> 	at org.apache.lucene.index.RandomPostingsTester.verifyEnum(RandomPostingsTester.java:1099)
   [junit4]   2> 	at org.apache.lucene.index.RandomPostingsTester.testTermsOneThread(RandomPostingsTester.java:1330)
   [junit4]   2> 	at org.apache.lucene.index.RandomPostingsTester.access$100(RandomPostingsTester.java:65)
   [junit4]   2> 	at org.apache.lucene.index.RandomPostingsTester$TestThread.run(RandomPostingsTester.java:1206)
   [junit4]   2> 
   [junit4]   2> Feb 01, 2018 7:13:45 AM com.carrotsearch.randomizedtesting.RandomizedRunner$QueueUncaughtExceptionsHandler uncaughtException
   [junit4]   2> WARNING: Uncaught exception in thread: Thread[Thread-319,5,TGRP-TestSimpleTextPostingsFormat]
   [junit4]   2> java.lang.RuntimeException: java.lang.AssertionError: position is wrong expected:<0> but was:<-1>
   [junit4]   2> 	at __randomizedtesting.SeedInfo.seed([9FD3D7B7292D063A]:0)
   [junit4]   2> 	at org.apache.lucene.index.RandomPostingsTester$TestThread.run(RandomPostingsTester.java:1208)
   [junit4]   2> Caused by: java.lang.AssertionError: position is wrong expected:<0> but was:<-1>
   [junit4]   2> 	at org.junit.Assert.fail(Assert.java:93)
   [junit4]   2> 	at org.junit.Assert.failNotEquals(Assert.java:647)
   [junit4]   2> 	at org.junit.Assert.assertEquals(Assert.java:128)
   [junit4]   2> 	at org.junit.Assert.assertEquals(Assert.java:472)
   [junit4]   2> 	at org.apache.lucene.index.RandomPostingsTester.verifyEnum(RandomPostingsTester.java:1099)
   [junit4]   2> 	at org.apache.lucene.index.RandomPostingsTester.testTermsOneThread(RandomPostingsTester.java:1330)
   [junit4]   2> 	at org.apache.lucene.index.RandomPostingsTester.access$100(RandomPostingsTester.java:65)
   [junit4]   2> 	at org.apache.lucene.index.RandomPostingsTester$TestThread.run(RandomPostingsTester.java:1206)
   [junit4]   2> 
   [junit4]   2> Feb 01, 2018 7:13:45 AM com.carrotsearch.randomizedtesting.RandomizedRunner$QueueUncaughtExceptionsHandler uncaughtException
   [junit4]   2> WARNING: Uncaught exception in thread: Thread[Thread-323,5,TGRP-TestSimpleTextPostingsFormat]
   [junit4]   2> java.lang.RuntimeException: java.lang.AssertionError: position is wrong expected:<0> but was:<-1>
   [junit4]   2> 	at __randomizedtesting.SeedInfo.seed([9FD3D7B7292D063A]:0)
   [junit4]   2> 	at org.apache.lucene.index.RandomPostingsTester$TestThread.run(RandomPostingsTester.java:1208)
   [junit4]   2> Caused by: java.lang.AssertionError: position is wrong expected:<0> but was:<-1>
   [junit4]   2> 	at org.junit.Assert.fail(Assert.java:93)
   [junit4]   2> 	at org.junit.Assert.failNotEquals(Assert.java:647)
   [junit4]   2> 	at org.junit.Assert.assertEquals(Assert.java:128)
   [junit4]   2> 	at org.junit.Assert.assertEquals(Assert.java:472)
   [junit4]   2> 	at org.apache.lucene.index.RandomPostingsTester.verifyEnum(RandomPostingsTester.java:1099)
   [junit4]   2> 	at org.apache.lucene.index.RandomPostingsTester.testTermsOneThread(RandomPostingsTester.java:1330)
   [junit4]   2> 	at org.apache.lucene.index.RandomPostingsTester.access$100(RandomPostingsTester.java:65)
   [junit4]   2> 	at org.apache.lucene.index.RandomPostingsTester$TestThread.run(RandomPostingsTester.java:1206)
   [junit4]   2> 
   [junit4]   2> Feb 01, 2018 7:13:45 AM com.carrotsearch.randomizedtesting.RandomizedRunner$QueueUncaughtExceptionsHandler uncaughtException
   [junit4]   2> WARNING: Uncaught exception in thread: Thread[Thread-324,5,TGRP-TestSimpleTextPostingsFormat]
   [junit4]   2> java.lang.RuntimeException: java.lang.AssertionError: position is wrong expected:<5> but was:<-1>
   [junit4]   2> 	at __randomizedtesting.SeedInfo.seed([9FD3D7B7292D063A]:0)
   [junit4]   2> 	at org.apache.lucene.index.RandomPostingsTester$TestThread.run(RandomPostingsTester.java:1208)
   [junit4]   2> Caused by: java.lang.AssertionError: position is wrong expected:<5> but was:<-1>
   [junit4]   2> 	at org.junit.Assert.fail(Assert.java:93)
   [junit4]   2> 	at org.junit.Assert.failNotEquals(Assert.java:647)
   [junit4]   2> 	at org.junit.Assert.assertEquals(Assert.java:128)
   [junit4]   2> 	at org.junit.Assert.assertEquals(Assert.java:472)
   [junit4]   2> 	at org.apache.lucene.index.RandomPostingsTester.verifyEnum(RandomPostingsTester.java:1099)
   [junit4]   2> 	at org.apache.lucene.index.RandomPostingsTester.testTermsOneThread(RandomPostingsTester.java:1330)
   [junit4]   2> 	at org.apache.lucene.index.RandomPostingsTester.access$100(RandomPostingsTester.java:65)
   [junit4]   2> 	at org.apache.lucene.index.RandomPostingsTester$TestThread.run(RandomPostingsTester.java:1206)
   [junit4]   2> 
   [junit4]   2> Feb 01, 2018 7:13:45 AM com.carrotsearch.randomizedtesting.RandomizedRunner$QueueUncaughtExceptionsHandler uncaughtException
   [junit4]   2> WARNING: Uncaught exception in thread: Thread[Thread-325,5,TGRP-TestSimpleTextPostingsFormat]
   [junit4]   2> java.lang.RuntimeException: java.lang.AssertionError: position is wrong expected:<5> but was:<-1>
   [junit4]   2> 	at __randomizedtesting.SeedInfo.seed([9FD3D7B7292D063A]:0)
   [junit4]   2> 	at org.apache.lucene.index.RandomPostingsTester$TestThread.run(RandomPostingsTester.java:1208)
   [junit4]   2> Caused by: java.lang.AssertionError: position is wrong expected:<5> but was:<-1>
   [junit4]   2> 	at org.junit.Assert.fail(Assert.java:93)
   [junit4]   2> 	at org.junit.Assert.failNotEquals(Assert.java:647)
   [junit4]   2> 	at org.junit.Assert.assertEquals(Assert.java:128)
   [junit4]   2> 	at org.junit.Assert.assertEquals(Assert.java:472)
   [junit4]   2> 	at org.apache.lucene.index.RandomPostingsTester.verifyEnum(RandomPostingsTester.java:1099)
   [junit4]   2> 	at org.apache.lucene.index.RandomPostingsTester.testTermsOneThread(RandomPostingsTester.java:1330)
   [junit4]   2> 	at org.apache.lucene.index.RandomPostingsTester.access$100(RandomPostingsTester.java:65)
   [junit4]   2> 	at org.apache.lucene.index.RandomPostingsTester$TestThread.run(RandomPostingsTester.java:1206)
   [junit4]   2> 
   [junit4]   2> NOTE: download the large Jenkins line-docs file by running 'ant get-jenkins-line-docs' in the lucene directory.
   [junit4]   2> NOTE: reproduce with: ant test  -Dtestcase=TestSimpleTextPostingsFormat -Dtests.method=testRandom -Dtests.seed=9FD3D7B7292D063A -Dtests.multiplier=2 -Dtests.nightly=true -Dtests.slow=true -Dtests.linedocsfile=/home/jenkins/lucene-data/enwiki.random.lines.txt -Dtests.locale=en-MT -Dtests.timezone=W-SU -Dtests.asserts=true -Dtests.file.encoding=US-ASCII
   [junit4] ERROR   6.80s J5 | TestSimpleTextPostingsFormat.testRandom <<<
   [junit4]    > Throwable #1: com.carrotsearch.randomizedtesting.UncaughtExceptionError: Captured an uncaught exception in thread: Thread[id=340, name=Thread-313, state=RUNNABLE, group=TGRP-TestSimpleTextPostingsFormat]
   [junit4]    > Caused by: java.lang.RuntimeException: java.lang.AssertionError: position is wrong expected:<0> but was:<-1>
   [junit4]    > 	at __randomizedtesting.SeedInfo.seed([9FD3D7B7292D063A]:0)
   [junit4]    > 	at org.apache.lucene.index.RandomPostingsTester$TestThread.run(RandomPostingsTester.java:1208)
   [junit4]    > Caused by: java.lang.AssertionError: position is wrong expected:<0> but was:<-1>
   [junit4]    > 	at org.apache.lucene.index.RandomPostingsTester.verifyEnum(RandomPostingsTester.java:1099)
   [junit4]    > 	at org.apache.lucene.index.RandomPostingsTester.testTermsOneThread(RandomPostingsTester.java:1330)
   [junit4]    > 	at org.apache.lucene.index.RandomPostingsTester.access$100(RandomPostingsTester.java:65)
   [junit4]    > 	at org.apache.lucene.index.RandomPostingsTester$TestThread.run(RandomPostingsTester.java:1206)Throwable #2: com.carrotsearch.randomizedtesting.UncaughtExceptionError: Captured an uncaught exception in thread: Thread[id=337, name=Thread-310, state=RUNNABLE, group=TGRP-TestSimpleTextPostingsFormat]
   [junit4]    > Caused by: java.lang.RuntimeException: java.lang.AssertionError: position is wrong expected:<0> but was:<-1>
   [junit4]    > 	at __randomizedtesting.SeedInfo.seed([9FD3D7B7292D063A]:0)
   [junit4]    > 	at org.apache.lucene.index.RandomPostingsTester$TestThread.run(RandomPostingsTester.java:1208)
   [junit4]    > Caused by: java.lang.AssertionError: position is wrong expected:<0> but was:<-1>
   [junit4]    > 	at org.apache.lucene.index.RandomPostingsTester.verifyEnum(RandomPostingsTester.java:1099)
   [junit4]    > 	at org.apache.lucene.index.RandomPostingsTester.testTermsOneThread(RandomPostingsTester.java:1330)
   [junit4]    > 	at org.apache.lucene.index.RandomPostingsTester.access$100(RandomPostingsTester.java:65)
   [junit4]    > 	at org.apache.lucene.index.RandomPostingsTester$TestThread.run(RandomPostingsTester.java:1206)Throwable #3: com.carrotsearch.randomizedtesting.UncaughtExceptionError: Captured an uncaught exception in thread: Thread[id=341, name=Thread-314, state=RUNNABLE, group=TGRP-TestSimpleTextPostingsFormat]
   [junit4]    > Caused by: java.lang.RuntimeException: java.lang.AssertionError: position is wrong expected:<0> but was:<-1>
   [junit4]    > 	at __randomizedtesting.SeedInfo.seed([9FD3D7B7292D063A]:0)
   [junit4]    > 	at org.apache.lucene.index.RandomPostingsTester$TestThread.run(RandomPostingsTester.java:1208)
   [junit4]    > Caused by: java.lang.AssertionError: position is wrong expected:<0> but was:<-1>
   [junit4]    > 	at org.apache.lucene.index.RandomPostingsTester.verifyEnum(RandomPostingsTester.java:1099)
   [junit4]    > 	at org.apache.lucene.index.RandomPostingsTester.testTermsOneThread(RandomPostingsTester.java:1330)
   [junit4]    > 	at org.apache.lucene.index.RandomPostingsTester.access$100(RandomPostingsTester.java:65)
   [junit4]    > 	at org.apache.lucene.index.RandomPostingsTester$TestThread.run(RandomPostingsTester.java:1206)Throwable #4: com.carrotsearch.randomizedtesting.UncaughtExceptionError: Captured an uncaught exception in thread: Thread[id=339, name=Thread-312, state=RUNNABLE, group=TGRP-TestSimpleTextPostingsFormat]
   [junit4]    > Caused by: java.lang.RuntimeException: java.lang.AssertionError: position is wrong expected:<0> but was:<-1>
   [junit4]    > 	at __randomizedtesting.SeedInfo.seed([9FD3D7B7292D063A]:0)
   [junit4]    > 	at org.apache.lucene.index.RandomPostingsTester$TestThread.run(RandomPostingsTester.java:1208)
   [junit4]    > Caused by: java.lang.AssertionError: position is wrong expected:<0> but was:<-1>
   [junit4]    > 	at org.apache.lucene.index.RandomPostingsTester.verifyEnum(RandomPostingsTester.java:1099)
   [junit4]    > 	at org.apache.lucene.index.RandomPostingsTester.testTermsOneThread(RandomPostingsTester.java:1330)
   [junit4]    > 	at org.apache.lucene.index.RandomPostingsTester.access$100(RandomPostingsTester.java:65)
   [junit4]    > 	at org.apache.lucene.index.RandomPostingsTester$TestThread.run(RandomPostingsTester.java:1206)Throwable #5: com.carrotsearch.randomizedtesting.UncaughtExceptionError: Captured an uncaught exception in thread: Thread[id=338, name=Thread-311, state=RUNNABLE, group=TGRP-TestSimpleTextPostingsFormat]
   [junit4]    > Caused by: java.lang.RuntimeException: java.lang.AssertionError: position is wrong expected:<0> but was:<-1>
   [junit4]    > 	at __randomizedtesting.SeedInfo.seed([9FD3D7B7292D063A]:0)
   [junit4]    > 	at org.apache.lucene.index.RandomPostingsTester$TestThread.run(RandomPostingsTester.java:1208)
   [junit4]    > Caused by: java.lang.AssertionError: position is wrong expected:<0> but was:<-1>
   [junit4]    > 	at org.apache.lucene.index.RandomPostingsTester.verifyEnum(RandomPostingsTester.java:1099)
   [junit4]    > 	at org.apache.lucene.index.RandomPostingsTester.testTermsOneThread(RandomPostingsTester.java:1330)
   [junit4]    > 	at org.apache.lucene.index.RandomPostingsTester.access$100(RandomPostingsTester.java:65)
   [junit4]    > 	at org.apache.lucene.index.RandomPostingsTester$TestThread.run(RandomPostingsTester.java:1206)Throwable #6: com.carrotsearch.randomizedtesting.UncaughtExceptionError: Captured an uncaught exception in thread: Thread[id=342, name=Thread-315, state=RUNNABLE, group=TGRP-TestSimpleTextPostingsFormat]
   [junit4]    > Caused by: java.lang.RuntimeException: java.lang.AssertionError: position is wrong expected:<0> but was:<-1>
   [junit4]    > 	at __randomizedtesting.SeedInfo.seed([9FD3D7B7292D063A]:0)
   [junit4]    > 	at org.apache.lucene.index.RandomPostingsTester$TestThread.run(RandomPostingsTester.java:1208)
   [junit4]    > Caused by: java.lang.AssertionError: position is wrong expected:<0> but was:<-1>
   [junit4]    > 	at org.apache.lucene.index.RandomPostingsTester.verifyEnum(RandomPostingsTester.java:1099)
   [junit4]    > 	at org.apache.lucene.index.RandomPostingsTester.testTermsOneThread(RandomPostingsTester.java:1330)
   [junit4]    > 	at org.apache.lucene.index.RandomPostingsTester.access$100(RandomPostingsTester.java:65)
   [junit4]    > 	at org.apache.lucene.index.RandomPostingsTester$TestThread.run(RandomPostingsTester.java:1206)Throwable #7: com.carrotsearch.randomizedtesting.UncaughtExceptionError: Captured an uncaught exception in thread: Thread[id=343, name=Thread-316, state=RUNNABLE, group=TGRP-TestSimpleTextPostingsFormat]
   [junit4]    > Caused by: java.lang.RuntimeException: java.lang.AssertionError: position is wrong expected:<0> but was:<-1>
   [junit4]    > 	at __randomizedtesting.SeedInfo.seed([9FD3D7B7292D063A]:0)
   [junit4]    > 	at org.apache.lucene.index.RandomPostingsTester$TestThread.run(RandomPostingsTester.java:1208)
   [junit4]    > Caused by: java.lang.AssertionError: position is wrong expected:<0> but was:<-1>
   [junit4]    > 	at org.apache.lucene.index.RandomPostingsTester.verifyEnum(RandomPostingsTester.java:1099)
   [junit4]    > 	at org.apache.lucene.index.RandomPostingsTester.testTermsOneThread(RandomPostingsTester.java:1330)
   [junit4]    > 	at org.apache.lucene.index.RandomPostingsTester.access$100(RandomPostingsTester.java:65)
   [junit4]    > 	at org.apache.lucene.index.RandomPostingsTester$TestThread.run(RandomPostingsTester.java:1206)Throwable #8: com.carrotsearch.randomizedtesting.UncaughtExceptionError: Captured an uncaught exception in thread: Thread[id=344, name=Thread-317, state=RUNNABLE, group=TGRP-TestSimpleTextPostingsFormat]
   [junit4]    > Caused by: java.lang.RuntimeException: java.lang.AssertionError: position is wrong expected:<0> but was:<-1>
   [junit4]    > 	at __randomizedtesting.SeedInfo.seed([9FD3D7B7292D063A]:0)
   [junit4]    > 	at org.apache.lucene.index.RandomPostingsTester$TestThread.run(RandomPostingsTester.java:1208)
   [junit4]    > Caused by: java.lang.AssertionError: position is wrong expected:<0> but was:<-1>
   [junit4]    > 	at org.apache.lucene.index.RandomPostingsTester.verifyEnum(RandomPostingsTester.java:1099)
   [junit4]    > 	at org.apache.lucene.index.RandomPostingsTester.testTermsOneThread(RandomPostingsTester.java:1330)
   [junit4]    > 	at org.apache.lucene.index.RandomPostingsTester.access$100(RandomPostingsTester.java:65)
   [junit4]    > 	at org.apache.lucene.index.RandomPostingsTester$TestThread.run(RandomPostingsTester.java:1206)Throwable #9: com.carrotsearch.randomizedtesting.UncaughtExceptionError: Captured an uncaught exception in thread: Thread[id=345, name=Thread-318, state=RUNNABLE, group=TGRP-TestSimpleTextPostingsFormat]
   [junit4]    > Caused by: java.lang.RuntimeException: java.lang.AssertionError: position is wrong expected:<0> but was:<-1>
   [junit4]    > 	at __randomizedtesting.SeedInfo.seed([9FD3D7B7292D063A]:0)
   [junit4]    > 	at org.apache.lucene.index.RandomPostingsTester$TestThread.run(RandomPostingsTester.java:1208)
   [junit4]    > Caused by: java.lang.AssertionError: position is wrong expected:<0> but was:<-1>
   [junit4]    > 	at org.apache.lucene.index.RandomPostingsTester.verifyEnum(RandomPostingsTester.java:1099)
   [junit4]    > 	at org.apache.lucene.index.RandomPostingsTester.testTermsOneThread(RandomPostingsTester.java:1330)
   [junit4]    > 	at org.apache.lucene.index.RandomPostingsTester.access$100(RandomPostingsTester.java:65)
   [junit4]    > 	at org.apache.lucene.index.RandomPostingsTester$TestThread.run(RandomPostingsTester.java:1206)Throwable #10: com.carrotsearch.randomizedtesting.UncaughtExceptionError: Captured an uncaught exception in thread: Thread[id=348, name=Thread-321, state=RUNNABLE, group=TGRP-TestSimpleTextPostingsFormat]
   [junit4]    > Caused by: java.lang.RuntimeException: java.lang.AssertionError: position is wrong expected:<44> but was:<-1>
   [junit4]    > 	at __randomizedtesting.SeedInfo.seed([9FD3D7B7292D063A]:0)
   [junit4]    > 	at org.apache.lucene.index.RandomPostingsTester$TestThread.run(RandomPostingsTester.java:1208)
   [junit4]    > Caused by: java.lang.AssertionError: position is wrong expected:<44> but was:<-1>
   [junit4]    > 	at org.apache.lucene.index.RandomPostingsTester.verifyEnum(RandomPostingsTester.java:1099)
   [junit4]    > 	at org.apache.lucene.index.RandomPostingsTester.testTermsOneThread(RandomPostingsTester.java:1330)
   [junit4]    > 	at org.apache.lucene.index.RandomPostingsTester.access$100(RandomPostingsTester.java:65)
   [junit4]    > 	at org.apache.lucene.index.RandomPostingsTester$TestThread.run(RandomPostingsTester.java:1206)Throwable #11: com.carrotsearch.randomizedtesting.UncaughtExceptionError: Captured an uncaught exception in thread: Thread[id=346, name=Thread-319, state=RUNNABLE, group=TGRP-TestSimpleTextPostingsFormat]
   [junit4]    > Caused by: java.lang.RuntimeException: java.lang.AssertionError: position is wrong expected:<0> but was:<-1>
   [junit4]    > 	at __randomizedtesting.SeedInfo.seed([9FD3D7B7292D063A]:0)
   [junit4]    > 	at org.apache.lucene.index.RandomPostingsTester$TestThread.run(RandomPostingsTester.java:1208)
   [junit4]    > Caused by: java.lang.AssertionError: position is wrong expected:<0> but was:<-1>
   [junit4]    > 	at org.apache.lucene.index.RandomPostingsTester.verifyEnum(RandomPostingsTester.java:1099)
   [junit4]    > 	at org.apache.lucene.index.RandomPostingsTester.testTermsOneThread(RandomPostingsTester.java:1330)
   [junit4]    > 	at org.apache.lucene.index.RandomPostingsTester.access$100(RandomPostingsTester.java:65)
   [junit4]    > 	at org.apache.lucene.index.RandomPostingsTester$TestThread.run(RandomPostingsTester.java:1206)Throwable #12: com.carrotsearch.randomizedtesting.UncaughtExceptionError: Captured an uncaught exception in thread: Thread[id=349, name=Thread-322, state=RUNNABLE, group=TGRP-TestSimpleTextPostingsFormat]
   [junit4]    > Caused by: java.lang.RuntimeException: java.lang.AssertionError: position is wrong expected:<28> but was:<-1>
   [junit4]    > 	at __randomizedtesting.SeedInfo.seed([9FD3D7B7292D063A]:0)
   [junit4]    > 	at org.apache.lucene.index.RandomPostingsTester$TestThread.run(RandomPostingsTester.java:1208)
   [junit4]    > Caused by: java.lang.AssertionError: position is wrong expected:<28> but was:<-1>
   [junit4]    > 	at org.apache.lucene.index.RandomPostingsTester.verifyEnum(RandomPostingsTester.java:1099)
   [junit4]    > 	at org.apache.lucene.index.RandomPostingsTester.testTermsOneThread(RandomPostingsTester.java:1330)
   [junit4]    > 	at org.apache.lucene.index.RandomPostingsTester.access$100(RandomPostingsTester.java:65)
   [junit4]    > 	at org.apache.lucene.index.RandomPostingsTester$TestThread.run(RandomPostingsTester.java:1206)Throwable #13: com.carrotsearch.randomizedtesting.UncaughtExceptionError: Captured an uncaught exception in thread: Thread[id=347, name=Thread-320, state=RUNNABLE, group=TGRP-TestSimpleTextPostingsFormat]
   [junit4]    > Caused by: java.lang.RuntimeException: java.lang.AssertionError: position is wrong expected:<0> but was:<-1>
   [junit4]    > 	at __randomizedtesting.SeedInfo.seed([9FD3D7B7292D063A]:0)
   [junit4]    > 	at org.apache.lucene.index.RandomPostingsTester$TestThread.run(RandomPostingsTester.java:1208)
   [junit4]    > Caused by: java.lang.AssertionError: position is wrong expected:<0> but was:<-1>
   [junit4]    > 	at org.apache.lucene.index.RandomPostingsTester.verifyEnum(RandomPostingsTester.java:1099)
   [junit4]    > 	at org.apache.lucene.index.RandomPostingsTester.testTermsOneThread(RandomPostingsTester.java:1330)
   [junit4]    > 	at org.apache.lucene.index.RandomPostingsTester.access$100(RandomPostingsTester.java:65)
   [junit4]    > 	at org.apache.lucene.index.RandomPostingsTester$TestThread.run(RandomPostingsTester.java:1206)Throwable #14: com.carrotsearch.randomizedtesting.UncaughtExceptionError: Captured an uncaught exception in thread: Thread[id=350, name=Thread-323, state=RUNNABLE, group=TGRP-TestSimpleTextPostingsFormat]
   [junit4]    > Caused by: java.lang.RuntimeException: java.lang.AssertionError: position is wrong expected:<0> but was:<-1>
   [junit4]    > 	at __randomizedtesting.SeedInfo.seed([9FD3D7B7292D063A]:0)
   [junit4]    > 	at org.apache.lucene.index.RandomPostingsTester$TestThread.run(RandomPostingsTester.java:1208)
   [junit4]    > Caused by: java.lang.AssertionError: position is wrong expected:<0> but was:<-1>
   [junit4]    > 	at org.apache.lucene.index.RandomPostingsTester.verifyEnum(RandomPostingsTester.java:1099)
   [junit4]    > 	at org.apache.lucene.index.RandomPostingsTester.testTermsOneThread(RandomPostingsTester.java:1330)
   [junit4]    > 	at org.apache.lucene.index.RandomPostingsTester.access$100(RandomPostingsTester.java:65)
   [junit4]    > 	at org.apache.lucene.index.RandomPostingsTester$TestThread.run(RandomPostingsTester.java:1206)Throwable #15: com.carrotsearch.randomizedtesting.UncaughtExceptionError: Captured an uncaught exception in thread: Thread[id=351, name=Thread-324, state=RUNNABLE, group=TGRP-TestSimpleTextPostingsFormat]
   [junit4]    > Caused by: java.lang.RuntimeException: java.lang.AssertionError: position is wrong expected:<5> but was:<-1>
   [junit4]    > 	at __randomizedtesting.SeedInfo.seed([9FD3D7B7292D063A]:0)
   [junit4]    > 	at org.apache.lucene.index.RandomPostingsTester$TestThread.run(RandomPostingsTester.java:1208)
   [junit4]    > Caused by: java.lang.AssertionError: position is wrong expected:<5> but was:<-1>
   [junit4]    > 	at org.apache.lucene.index.RandomPostingsTester.verifyEnum(RandomPostingsTester.java:1099)
   [junit4]    > 	at org.apache.lucene.index.RandomPostingsTester.testTermsOneThread(RandomPostingsTester.java:1330)
   [junit4]    > 	at org.apache.lucene.index.RandomPostingsTester.access$100(RandomPostingsTester.java:65)
   [junit4]    > 	at org.apache.lucene.index.RandomPostingsTester$TestThread.run(RandomPostingsTester.java:1206)Throwable #16: com.carrotsearch.randomizedtesting.UncaughtExceptionError: Captured an uncaught exception in thread: Thread[id=352, name=Thread-325, state=RUNNABLE, group=TGRP-TestSimpleTextPostingsFormat]
   [junit4]    > Caused by: java.lang.RuntimeException: java.lang.AssertionError: position is wrong expected:<5> but was:<-1>
   [junit4]    > 	at __randomizedtesting.SeedInfo.seed([9FD3D7B7292D063A]:0)
   [junit4]    > 	at org.apache.lucene.index.RandomPostingsTester$TestThread.run(RandomPostingsTester.java:1208)
   [junit4]    > Caused by: java.lang.AssertionError: position is wrong expected:<5> but was:<-1>
   [junit4]    > 	at org.apache.lucene.index.RandomPostingsTester.verifyEnum(RandomPostingsTester.java:1099)
   [junit4]    > 	at org.apache.lucene.index.RandomPostingsTester.testTermsOneThread(RandomPostingsTester.java:1330)
   [junit4]    > 	at org.apache.lucene.index.RandomPostingsTester.access$100(RandomPostingsTester.java:65)
   [junit4]    > 	at org.apache.lucene.index.RandomPostingsTester$TestThread.run(RandomPostingsTester.java:1206)
   [junit4]   2> Feb 01, 2018 7:15:37 AM com.carrotsearch.randomizedtesting.RandomizedRunner$QueueUncaughtExceptionsHandler uncaughtException
   [junit4]   2> WARNING: Uncaught exception in thread: Thread[Thread-349,5,TGRP-TestSimpleTextPostingsFormat]
   [junit4]   2> java.lang.RuntimeException: java.lang.AssertionError: position is wrong expected:<46> but was:<-1>
   [junit4]   2> 	at __randomizedtesting.SeedInfo.seed([9FD3D7B7292D063A]:0)
   [junit4]   2> 	at org.apache.lucene.index.RandomPostingsTester$TestThread.run(RandomPostingsTester.java:1208)
   [junit4]   2> Caused by: java.lang.AssertionError: position is wrong expected:<46> but was:<-1>
   [junit4]   2> 	at org.junit.Assert.fail(Assert.java:93)
   [junit4]   2> 	at org.junit.Assert.failNotEquals(Assert.java:647)
   [junit4]   2> 	at org.junit.Assert.assertEquals(Assert.java:128)
   [junit4]   2> 	at org.junit.Assert.assertEquals(Assert.java:472)
   [junit4]   2> 	at org.apache.lucene.index.RandomPostingsTester.verifyEnum(RandomPostingsTester.java:1099)
   [junit4]   2> 	at org.apache.lucene.index.RandomPostingsTester.testTermsOneThread(RandomPostingsTester.java:1330)
   [junit4]   2> 	at org.apache.lucene.index.RandomPostingsTester.access$100(RandomPostingsTester.java:65)
   [junit4]   2> 	at org.apache.lucene.index.RandomPostingsTester$TestThread.run(RandomPostingsTester.java:1206)
   [junit4]   2> 
   [junit4]   2> Feb 01, 2018 7:15:37 AM com.carrotsearch.randomizedtesting.RandomizedRunner$QueueUncaughtExceptionsHandler uncaughtException
   [junit4]   2> WARNING: Uncaught exception in thread: Thread[Thread-348,5,TGRP-TestSimpleTextPostingsFormat]
   [junit4]   2> java.lang.RuntimeException: java.lang.AssertionError: position is wrong expected:<9> but was:<-1>
   [junit4]   2> 	at __randomizedtesting.SeedInfo.seed([9FD3D7B7292D063A]:0)
   [junit4]   2> 	at org.apache.lucene.index.RandomPostingsTester$TestThread.run(RandomPostingsTester.java:1208)
   [junit4]   2> Caused by: java.lang.AssertionError: position is wrong expected:<9> but was:<-1>
   [junit4]   2> 	at org.junit.Assert.fail(Assert.java:93)
   [junit4]   2> 	at org.junit.Assert.failNotEquals(Assert.java:647)
   [junit4]   2> 	at org.junit.Assert.assertEquals(Assert.java:128)
   [junit4]   2> 	at org.junit.Assert.assertEquals(Assert.java:472)
   [junit4]   2> 	at org.apache.lucene.index.RandomPostingsTester.verifyEnum(RandomPostingsTester.java:1099)
   [junit4]   2> 	at org.apache.lucene.index.RandomPostingsTester.testTermsOneThread(RandomPostingsTester.java:1330)
   [junit4]   2> 	at org.apache.lucene.index.RandomPostingsTester.access$100(RandomPostingsTester.java:65)
   [junit4]   2> 	at org.apache.lucene.index.RandomPostingsTester$TestThread.run(RandomPostingsTester.java:1206)
   [junit4]   2> 
   [junit4]   2> Feb 01, 2018 7:15:37 AM com.carrotsearch.randomizedtesting.RandomizedRunner$QueueUncaughtExceptionsHandler uncaughtException
   [junit4]   2> WARNING: Uncaught exception in thread: Thread[Thread-347,5,TGRP-TestSimpleTextPostingsFormat]
   [junit4]   2> java.lang.RuntimeException: java.lang.AssertionError: position is wrong expected:<0> but was:<-1>
   [junit4]   2> 	at __randomizedtesting.SeedInfo.seed([9FD3D7B7292D063A]:0)
   [junit4]   2> 	at org.apache.lucene.index.RandomPostingsTester$TestThread.run(RandomPostingsTester.java:1208)
   [junit4]   2> Caused by: java.lang.AssertionError: position is wrong expected:<0> but was:<-1>
   [junit4]   2> 	at org.junit.Assert.fail(Assert.java:93)
   [junit4]   2> 	at org.junit.Assert.failNotEquals(Assert.java:647)
   [junit4]   2> 	at org.junit.Assert.assertEquals(Assert.java:128)
   [junit4]   2> 	at org.junit.Assert.assertEquals(Assert.java:472)
   [junit4]   2> 	at org.apache.lucene.index.RandomPostingsTester.verifyEnum(RandomPostingsTester.java:1099)
   [junit4]   2> 	at org.apache.lucene.index.RandomPostingsTester.testTermsOneThread(RandomPostingsTester.java:1330)
   [junit4]   2> 	at org.apache.lucene.index.RandomPostingsTester.access$100(RandomPostingsTester.java:65)
   [junit4]   2> 	at org.apache.lucene.index.RandomPostingsTester$TestThread.run(RandomPostingsTester.java:1206)
   [junit4]   2> 
   [junit4]   2> Feb 01, 2018 7:15:37 AM com.carrotsearch.randomizedtesting.RandomizedRunner$QueueUncaughtExceptionsHandler uncaughtException
   [junit4]   2> WARNING: Uncaught exception in thread: Thread[Thread-351,5,TGRP-TestSimpleTextPostingsFormat]
   [junit4]   2> java.lang.RuntimeException: java.lang.AssertionError: position is wrong expected:<2> but was:<-1>
   [junit4]   2> 	at __randomizedtesting.SeedInfo.seed([9FD3D7B7292D063A]:0)
   [junit4]   2> 	at org.apache.lucene.index.RandomPostingsTester$TestThread.run(RandomPostingsTester.java:1208)
   [junit4]   2> Caused by: java.lang.AssertionError: position is wrong expected:<2> but was:<-1>
   [junit4]   2> 	at org.junit.Assert.fail(Assert.java:93)
   [junit4]   2> 	at org.junit.Assert.failNotEquals(Assert.java:647)
   [junit4]   2> 	at org.junit.Assert.assertEquals(Assert.java:128)
   [junit4]   2> 	at org.junit.Assert.assertEquals(Assert.java:472)
   [junit4]   2> 	at org.apache.lucene.index.RandomPostingsTester.verifyEnum(RandomPostingsTester.java:1099)
   [junit4]   2> 	at org.apache.lucene.index.RandomPostingsTester.testTermsOneThread(RandomPostingsTester.java:1330)
   [junit4]   2> 	at org.apache.lucene.index.RandomPostingsTester.access$100(RandomPostingsTester.java:65)
   [junit4]   2> 	at org.apache.lucene.index.RandomPostingsTester$TestThread.run(RandomPostingsTester.java:1206)
   [junit4]   2> 
   [junit4]   2> Feb 01, 2018 7:15:37 AM com.carrotsearch.randomizedtesting.RandomizedRunner$QueueUncaughtExceptionsHandler uncaughtException
   [junit4]   2> WARNING: Uncaught exception in thread: Thread[Thread-350,5,TGRP-TestSimpleTextPostingsFormat]
   [junit4]   2> java.lang.RuntimeException: java.lang.AssertionError: position is wrong expected:<20> but was:<-1>
   [junit4]   2> 	at __randomizedtesting.SeedInfo.seed([9FD3D7B7292D063A]:0)
   [junit4]   2> 	at org.apache.lucene.index.RandomPostingsTester$TestThread.run(RandomPostingsTester.java:1208)
   [junit4]   2> Caused by: java.lang.AssertionError: position is wrong expected:<20> but was:<-1>
   [junit4]   2> 	at org.junit.Assert.fail(Assert.java:93)
   [junit4]   2> 	at org.junit.Assert.failNotEquals(Assert.java:647)
   [junit4]   2> 	at org.junit.Assert.assertEquals(Assert.java:128)
   [junit4]   2> 	at org.junit.Assert.assertEquals(Assert.java:472)
   [junit4]   2> 	at org.apache.lucene.index.RandomPostingsTester.verifyEnum(RandomPostingsTester.java:1099)
   [junit4]   2> 	at org.apache.lucene.index.RandomPostingsTester.testTermsOneThread(RandomPostingsTester.java:1330)
   [junit4]   2> 	at org.apache.lucene.index.RandomPostingsTester.access$100(RandomPostingsTester.java:65)
   [junit4]   2> 	at org.apache.lucene.index.RandomPostingsTester$TestThread.run(RandomPostingsTester.java:1206)
   [junit4]   2> 
   [junit4]   2> Feb 01, 2018 7:15:37 AM com.carrotsearch.randomizedtesting.RandomizedRunner$QueueUncaughtExceptionsHandler uncaughtException
   [junit4]   2> WARNING: Uncaught exception in thread: Thread[Thread-352,5,TGRP-TestSimpleTextPostingsFormat]
   [junit4]   2> java.lang.RuntimeException: java.lang.AssertionError: position is wrong expected:<0> but was:<-1>
   [junit4]   2> 	at __randomizedtesting.SeedInfo.seed([9FD3D7B7292D063A]:0)
   [junit4]   2> 	at org.apache.lucene.index.RandomPostingsTester$TestThread.run(RandomPostingsTester.java:1208)
   [junit4]   2> Caused by: java.lang.AssertionError: position is wrong expected:<0> but was:<-1>
   [junit4]   2> 	at org.junit.Assert.fail(Assert.java:93)
   [junit4]   2> 	at org.junit.Assert.failNotEquals(Assert.java:647)
   [junit4]   2> 	at org.junit.Assert.assertEquals(Assert.java:128)
   [junit4]   2> 	at org.junit.Assert.assertEquals(Assert.java:472)
   [junit4]   2> 	at org.apache.lucene.index.RandomPostingsTester.verifyEnum(RandomPostingsTester.java:1099)
   [junit4]   2> 	at org.apache.lucene.index.RandomPostingsTester.testTermsOneThread(RandomPostingsTester.java:1330)
   [junit4]   2> 	at org.apache.lucene.index.RandomPostingsTester.access$100(RandomPostingsTester.java:65)
   [junit4]   2> 	at org.apache.lucene.index.RandomPostingsTester$TestThread.run(RandomPostingsTester.java:1206)
   [junit4]   2> 
   [junit4]   2> NOTE: download the large Jenkins line-docs file by running 'ant get-jenkins-line-docs' in the lucene directory.
   [junit4]   2> NOTE: reproduce with: ant test  -Dtestcase=TestSimpleTextPostingsFormat -Dtests.method=testDocsAndFreqsAndPositionsAndPayloads -Dtests.seed=9FD3D7B7292D063A -Dtests.multiplier=2 -Dtests.nightly=true -Dtests.slow=true -Dtests.linedocsfile=/home/jenkins/lucene-data/enwiki.random.lines.txt -Dtests.locale=en-MT -Dtests.timezone=W-SU -Dtests.asserts=true -Dtests.file.encoding=US-ASCII
   [junit4] ERROR    112s J5 | TestSimpleTextPostingsFormat.testDocsAndFreqsAndPositionsAndPayloads <<<
   [junit4]    > Throwable #1: com.carrotsearch.randomizedtesting.UncaughtExceptionError: Captured an uncaught exception in thread: Thread[id=376, name=Thread-349, state=RUNNABLE, group=TGRP-TestSimpleTextPostingsFormat]
   [junit4]    > Caused by: java.lang.RuntimeException: java.lang.AssertionError: position is wrong expected:<46> but was:<-1>
   [junit4]    > 	at __randomizedtesting.SeedInfo.seed([9FD3D7B7292D063A]:0)
   [junit4]    > 	at org.apache.lucene.index.RandomPostingsTester$TestThread.run(RandomPostingsTester.java:1208)
   [junit4]    > Caused by: java.lang.AssertionError: position is wrong expected:<46> but was:<-1>
   [junit4]    > 	at org.apache.lucene.index.RandomPostingsTester.verifyEnum(RandomPostingsTester.java:1099)
   [junit4]    > 	at org.apache.lucene.index.RandomPostingsTester.testTermsOneThread(RandomPostingsTester.java:1330)
   [junit4]    > 	at org.apache.lucene.index.RandomPostingsTester.access$100(RandomPostingsTester.java:65)
   [junit4]    > 	at org.apache.lucene.index.RandomPostingsTester$TestThread.run(RandomPostingsTester.java:1206)Throwable #2: com.carrotsearch.randomizedtesting.UncaughtExceptionError: Captured an uncaught exception in thread: Thread[id=374, name=Thread-347, state=RUNNABLE, group=TGRP-TestSimpleTextPostingsFormat]
   [junit4]    > Caused by: java.lang.RuntimeException: java.lang.AssertionError: position is wrong expected:<0> but was:<-1>
   [junit4]    > 	at __randomizedtesting.SeedInfo.seed([9FD3D7B7292D063A]:0)
   [junit4]    > 	at org.apache.lucene.index.RandomPostingsTester$TestThread.run(RandomPostingsTester.java:1208)
   [junit4]    > Caused by: java.lang.AssertionError: position is wrong expected:<0> but was:<-1>
   [junit4]    > 	at org.apache.lucene.index.RandomPostingsTester.verifyEnum(RandomPostingsTester.java:1099)
   [junit4]    > 	at org.apache.lucene.index.RandomPostingsTester.testTermsOneThread(RandomPostingsTester.java:1330)
   [junit4]    > 	at org.apache.lucene.index.RandomPostingsTester.access$100(RandomPostingsTester.java:65)
   [junit4]    > 	at org.apache.lucene.index.RandomPostingsTester$TestThread.run(RandomPostingsTester.java:1206)Throwable #3: com.carrotsearch.randomizedtesting.UncaughtExceptionError: Captured an uncaught exception in thread: Thread[id=375, name=Thread-348, state=RUNNABLE, group=TGRP-TestSimpleTextPostingsFormat]
   [junit4]    > Caused by: java.lang.RuntimeException: java.lang.AssertionError: position is wrong expected:<9> but was:<-1>
   [junit4]    > 	at __randomizedtesting.SeedInfo.seed([9FD3D7B7292D063A]:0)
   [junit4]    > 	at org.apache.lucene.index.RandomPostingsTester$TestThread.run(RandomPostingsTester.java:1208)
   [junit4]    > Caused by: java.lang.AssertionError: position is wrong expected:<9> but was:<-1>
   [junit4]    > 	at org.apache.lucene.index.RandomPostingsTester.verifyEnum(RandomPostingsTester.java:1099)
   [junit4]    > 	at org.apache.lucene.index.RandomPostingsTester.testTermsOneThread(RandomPostingsTester.java:1330)
   [junit4]    > 	at org.apache.lucene.index.RandomPostingsTester.access$100(RandomPostingsTester.java:65)
   [junit4]    > 	at org.apache.lucene.index.RandomPostingsTester$TestThread.run(RandomPostingsTester.java:1206)Throwable #4: com.carrotsearch.randomizedtesting.UncaughtExceptionError: Captured an uncaught exception in thread: Thread[id=378, name=Thread-351, state=RUNNABLE, group=TGRP-TestSimpleTextPostingsFormat]
   [junit4]    > Caused by: java.lang.RuntimeException: java.lang.AssertionError: position is wrong expected:<2> but was:<-1>
   [junit4]    > 	at __randomizedtesting.SeedInfo.seed([9FD3D7B7292D063A]:0)
   [junit4]    > 	at org.apache.lucene.index.RandomPostingsTester$TestThread.run(RandomPostingsTester.java:1208)
   [junit4]    > Caused by: java.lang.AssertionError: position is wrong expected:<2> but was:<-1>
   [junit4]    > 	at org.apache.lucene.index.RandomPostingsTester.verifyEnum(RandomPostingsTester.java:1099)
   [junit4]    > 	at org.apache.lucene.index.RandomPostingsTester.testTermsOneThread(RandomPostingsTester.java:1330)
   [junit4]    > 	at org.apache.lucene.index.RandomPostingsTester.access$100(RandomPostingsTester.java:65)
   [junit4]    > 	at org.apache.lucene.index.RandomPostingsTester$TestThread.run(RandomPostingsTester.java:1206)Throwable #5: com.carrotsearch.randomizedtesting.UncaughtExceptionError: Captured an uncaught exception in thread: Thread[id=379, name=Thread-352, state=RUNNABLE, group=TGRP-TestSimpleTextPostingsFormat]
   [junit4]    > Caused by: java.lang.RuntimeException: java.lang.AssertionError: position is wrong expected:<0> but was:<-1>
   [junit4]    > 	at __randomizedtesting.SeedInfo.seed([9FD3D7B7292D063A]:0)
   [junit4]    > 	at org.apache.lucene.index.RandomPostingsTester$TestThread.run(RandomPostingsTester.java:1208)
   [junit4]    > Caused by: java.lang.AssertionError: position is wrong expected:<0> but was:<-1>
   [junit4]    > 	at org.apache.lucene.index.RandomPostingsTester.verifyEnum(RandomPostingsTester.java:1099)
   [junit4]    > 	at org.apache.lucene.index.RandomPostingsTester.testTermsOneThread(RandomPostingsTester.java:1330)
   [junit4]    > 	at org.apache.lucene.index.RandomPostingsTester.access$100(RandomPostingsTester.java:65)
   [junit4]    > 	at org.apache.lucene.index.RandomPostingsTester$TestThread.run(RandomPostingsTester.java:1206)Throwable #6: com.carrotsearch.randomizedtesting.UncaughtExceptionError: Captured an uncaught exception in thread: Thread[id=377, name=Thread-350, state=RUNNABLE, group=TGRP-TestSimpleTextPostingsFormat]
   [junit4]    > Caused by: java.lang.RuntimeException: java.lang.AssertionError: position is wrong expected:<20> but was:<-1>
   [junit4]    > 	at __randomizedtesting.SeedInfo.seed([9FD3D7B7292D063A]:0)
   [junit4]    > 	at org.apache.lucene.index.RandomPostingsTester$TestThread.run(RandomPostingsTester.java:1208)
   [junit4]    > Caused by: java.lang.AssertionError: position is wrong expected:<20> but was:<-1>
   [junit4]    > 	at org.apache.lucene.index.RandomPostingsTester.verifyEnum(RandomPostingsTester.java:1099)
   [junit4]    > 	at org.apache.lucene.index.RandomPostingsTester.testTermsOneThread(RandomPostingsTester.java:1330)
   [junit4]    > 	at org.apache.lucene.index.RandomPostingsTester.access$100(RandomPostingsTester.java:65)
   [junit4]    > 	at org.apache.lucene.index.RandomPostingsTester$TestThread.run(RandomPostingsTester.java:1206)
   [junit4]   2> Feb 01, 2018 7:16:41 AM com.carrotsearch.randomizedtesting.RandomizedRunner$QueueUncaughtExceptionsHandler uncaughtException
   [junit4]   2> WARNING: Uncaught exception in thread: Thread[Thread-387,5,TGRP-TestSimpleTextPostingsFormat]
   [junit4]   2> java.lang.RuntimeException: java.lang.AssertionError: position is wrong expected:<0> but was:<-1>
   [junit4]   2> 	at __randomizedtesting.SeedInfo.seed([9FD3D7B7292D063A]:0)
   [junit4]   2> 	at org.apache.lucene.index.RandomPostingsTester$TestThread.run(RandomPostingsTester.java:1208)
   [junit4]   2> Caused by: java.lang.AssertionError: position is wrong expected:<0> but was:<-1>
   [junit4]   2> 	at org.junit.Assert.fail(Assert.java:93)
   [junit4]   2> 	at org.junit.Assert.failNotEquals(Assert.java:647)
   [junit4]   2> 	at org.junit.Assert.assertEquals(Assert.java:128)
   [junit4]   2> 	at org.junit.Assert.assertEquals(Assert.java:472)
   [junit4]   2> 	at org.apache.lucene.index.RandomPostingsTester.verifyEnum(RandomPostingsTester.java:1099)
   [junit4]   2> 	at org.apache.lucene.index.RandomPostingsTester.testTermsOneThread(RandomPostingsTester.java:1330)
   [junit4]   2> 	at org.apache.lucene.index.RandomPostingsTester.access$100(RandomPostingsTester.java:65)
   [junit4]   2> 	at org.apache.lucene.index.RandomPostingsTester$TestThread.run(RandomPostingsTester.java:1206)
   [junit4]   2> 
   [junit4]   2> Feb 01, 2018 7:16:41 AM com.carrotsearch.randomizedtesting.RandomizedRunner$QueueUncaughtExceptionsHandler uncaughtException
   [junit4]   2> WARNING: Uncaught exception in thread: Thread[Thread-386,5,TGRP-TestSimpleTextPostingsFormat]
   [junit4]   2> java.lang.RuntimeException: java.lang.AssertionError: position is wrong expected:<0> but was:<-1>
   [junit4]   2> 	at __randomizedtesting.SeedInfo.seed([9FD3D7B7292D063A]:0)
   [junit4]   2> 	at org.apache.lucene.index.RandomPostingsTester$TestThread.run(RandomPostingsTester.java:1208)
   [junit4]   2> Caused by: java.lang.AssertionError: position is wrong expected:<0> but was:<-1>
   [junit4]   2> 	at org.junit.Assert.fail(Assert.java:93)
   [junit4]   2> 	at org.junit.Assert.failNotEquals(Assert.java:647)
   [junit4]   2> 	at org.junit.Assert.assertEquals(Assert.java:128)
   [junit4]   2> 	at org.junit.Assert.assertEquals(Assert.java:472)
   [junit4]   2> 	at org.apache.lucene.index.RandomPostingsTester.verifyEnum(RandomPostingsTester.java:1099)
   [junit4]   2> 	at org.apache.lucene.index.RandomPostingsTester.testTermsOneThread(RandomPostingsTester.java:1330)
   [junit4]   2> 	at org.apache.lucene.index.RandomPostingsTester.access$100(RandomPostingsTester.java:65)
   [junit4]   2> 	at org.apache.lucene.index.RandomPostingsTester$TestThread.run(RandomPostingsTester.java:1206)
   [junit4]   2> 
   [junit4]   2> NOTE: download the large Jenkins line-docs file by running 'ant get-jenkins-line-docs' in the lucene directory.
   [junit4]   2> NOTE: reproduce with: ant test  -Dtestcase=TestSimpleTextPostingsFormat -Dtests.method=testDocsAndFreqsAndPositions -Dtests.seed=9FD3D7B7292D063A -Dtests.multiplier=2 -Dtests.nightly=true -Dtests.slow=true -Dtests.linedocsfile=/home/jenkins/lucene-data/enwiki.random.lines.txt -Dtests.locale=en-MT -Dtests.timezone=W-SU -Dtests.asserts=true -Dtests.file.encoding=US-ASCII
   [junit4] ERROR   38.2s J5 | TestSimpleTextPostingsFormat.testDocsAndFreqsAndPositions <<<
   [junit4]    > Throwable #1: com.carrotsearch.randomizedtesting.UncaughtExceptionError: Captured an uncaught exception in thread: Thread[id=414, name=Thread-387, state=RUNNABLE, group=TGRP-TestSimpleTextPostingsFormat]
   [junit4]    > Caused by: java.lang.RuntimeException: java.lang.AssertionError: position is wrong expected:<0> but was:<-1>
   [junit4]    > 	at __randomizedtesting.SeedInfo.seed([9FD3D7B7292D063A]:0)
   [junit4]    > 	at org.apache.lucene.index.RandomPostingsTester$TestThread.run(RandomPostingsTester.java:1208)
   [junit4]    > Caused by: java.lang.AssertionError: position is wrong expected:<0> but was:<-1>
   [junit4]    > 	at org.apache.lucene.index.RandomPostingsTester.verifyEnum(RandomPostingsTester.java:1099)
   [junit4]    > 	at org.apache.lucene.index.RandomPostingsTester.testTermsOneThread(RandomPostingsTester.java:1330)
   [junit4]    > 	at org.apache.lucene.index.RandomPostingsTester.access$100(RandomPostingsTester.java:65)
   [junit4]    > 	at org.apache.lucene.index.RandomPostingsTester$TestThread.run(RandomPostingsTester.java:1206)Throwable #2: com.carrotsearch.randomizedtesting.UncaughtExceptionError: Captured an uncaught exception in thread: Thread[id=413, name=Thread-386, state=RUNNABLE, group=TGRP-TestSimpleTextPostingsFormat]
   [junit4]    > Caused by: java.lang.RuntimeException: java.lang.AssertionError: position is wrong expected:<0> but was:<-1>
   [junit4]    > 	at __randomizedtesting.SeedInfo.seed([9FD3D7B7292D063A]:0)
   [junit4]    > 	at org.apache.lucene.index.RandomPostingsTester$TestThread.run(RandomPostingsTester.java:1208)
   [junit4]    > Caused by: java.lang.AssertionError: position is wrong expected:<0> but was:<-1>
   [junit4]    > 	at org.apache.lucene.index.RandomPostingsTester.verifyEnum(RandomPostingsTester.java:1099)
   [junit4]    > 	at org.apache.lucene.index.RandomPostingsTester.testTermsOneThread(RandomPostingsTester.java:1330)
   [junit4]    > 	at org.apache.lucene.index.RandomPostingsTester.access$100(RandomPostingsTester.java:65)
   [junit4]    > 	at org.apache.lucene.index.RandomPostingsTester$TestThread.run(RandomPostingsTester.java:1206)
   [junit4]   2> NOTE: test params are: codec=Asserting(Lucene70): {}, docValues:{}, maxPointsInLeafNode=1947, maxMBSortInHeap=5.202628794795883, sim=Asserting(org.apache.lucene.search.similarities.AssertingSimilarity@4e5a1865), locale=en-MT, timezone=W-SU
   [junit4]   2> NOTE: Linux 4.1.0-custom2-amd64 amd64/Oracle Corporation 1.8.0_151 (64-bit)/cpus=16,threads=1,free=216241168,total=495976448
   [junit4]   2> NOTE: All tests run in this JVM: [TestSimpleTextSegmentInfoFormat, TestFSTPostingsFormat, TestDirectPostingsFormat, TestSimpleTextPostingsFormat]
   [junit4]   2> NOTE: download the large Jenkins line-docs file by running 'ant get-jenkins-line-docs' in the lucene directory.
   [junit4]   2> NOTE: reproduce with: ant test  -Dtestcase=TestSimpleTextPostingsFormat -Dtests.seed=9FD3D7B7292D063A -Dtests.multiplier=2 -Dtests.nightly=true -Dtests.slow=true -Dtests.linedocsfile=/home/jenkins/lucene-data/enwiki.random.lines.txt -Dtests.locale=en-MT -Dtests.timezone=W-SU -Dtests.asserts=true -Dtests.file.encoding=US-ASCII
   [junit4] ERROR   0.00s J5 | TestSimpleTextPostingsFormat (suite) <<<
   [junit4]    > Throwable #1: java.lang.AssertionError: The test or suite printed 102010 bytes to stdout and stderr, even though the limit was set to 8192 bytes. Increase the limit with @Limit, ignore it completely with @SuppressSysoutChecks or run with -Dtests.verbose=true
   [junit4]    > 	at __randomizedtesting.SeedInfo.seed([9FD3D7B7292D063A]:0)
   [junit4]    > 	at java.lang.Thread.run(Thread.java:748)
   [junit4] Completed [20/20 (1!)] on J5 in 689.63s, 25 tests, 1 failure, 5 errors <<< FAILURES!
