# JRE version: Java(TM) SE Runtime Environment (7.0_40-b43) (build 1.7.0_40-b43)
# Java VM: Java HotSpot(TM) 64-Bit Server VM (24.0-b56 mixed mode linux-amd64 )
Heap
 PSYoungGen      total 166912K, used 34624K [0x00007f1632500000, 0x00007f163cf00000, 0x00007f163d000000)
  eden space 160768K, 20% used [0x00007f1632500000,0x00007f1634563b18,0x00007f163c200000)
  from space 6144K, 23% used [0x00007f163c900000,0x00007f163ca6c878,0x00007f163cf00000)
  to   space 6656K, 0% used [0x00007f163c200000,0x00007f163c200000,0x00007f163c880000)
 ParOldGen       total 203776K, used 91806K [0x00007f161d000000, 0x00007f1629700000, 0x00007f1632500000)
  object space 203776K, 45% used [0x00007f161d000000,0x00007f16229a7b90,0x00007f1629700000)
 PSPermGen       total 21504K, used 17231K [0x00007f1617e00000, 0x00007f1619300000, 0x00007f161d000000)
  object space 21504K, 80% used [0x00007f1617e00000,0x00007f1618ed3f88,0x00007f1619300000)
GC Heap History (10 events):
Event: 24.589 GC heap before
{Heap before GC invocations=35 (full 1):
 PSYoungGen      total 165376K, used 158640K [0x00007f1632500000, 0x00007f163cf80000, 0x00007f163d000000)
  eden space 156672K, 100% used [0x00007f1632500000,0x00007f163be00000,0x00007f163be00000)
  from space 8704K, 22% used [0x00007f163be00000,0x00007f163bfec060,0x00007f163c680000)
  to   space 8192K, 0% used [0x00007f163c780000,0x00007f163c780000,0x00007f163cf80000)
 ParOldGen       total 203776K, used 91294K [0x00007f161d000000, 0x00007f1629700000, 0x00007f1632500000)
  object space 203776K, 44% used [0x00007f161d000000,0x00007f1622927b90,0x00007f1629700000)
 PSPermGen       total 21504K, used 16928K [0x00007f1617e00000, 0x00007f1619300000, 0x00007f161d000000)
  object space 21504K, 78% used [0x00007f1617e00000,0x00007f1618e88228,0x00007f1619300000)
Event: 24.590 GC heap after
Heap after GC invocations=35 (full 1):
 PSYoungGen      total 166400K, used 1888K [0x00007f1632500000, 0x00007f163cf80000, 0x00007f163d000000)
  eden space 158208K, 0% used [0x00007f1632500000,0x00007f1632500000,0x00007f163bf80000)
  from space 8192K, 23% used [0x00007f163c780000,0x00007f163c958048,0x00007f163cf80000)
  to   space 8192K, 0% used [0x00007f163bf80000,0x00007f163bf80000,0x00007f163c780000)
 ParOldGen       total 203776K, used 91318K [0x00007f161d000000, 0x00007f1629700000, 0x00007f1632500000)
  object space 203776K, 44% used [0x00007f161d000000,0x00007f162292db90,0x00007f1629700000)
 PSPermGen       total 21504K, used 16928K [0x00007f1617e00000, 0x00007f1619300000, 0x00007f161d000000)
  object space 21504K, 78% used [0x00007f1617e00000,0x00007f1618e88228,0x00007f1619300000)
}
Event: 24.883 GC heap before
{Heap before GC invocations=36 (full 1):
 PSYoungGen      total 166400K, used 160096K [0x00007f1632500000, 0x00007f163cf80000, 0x00007f163d000000)
  eden space 158208K, 100% used [0x00007f1632500000,0x00007f163bf80000,0x00007f163bf80000)
  from space 8192K, 23% used [0x00007f163c780000,0x00007f163c958048,0x00007f163cf80000)
  to   space 8192K, 0% used [0x00007f163bf80000,0x00007f163bf80000,0x00007f163c780000)
 ParOldGen       total 203776K, used 91318K [0x00007f161d000000, 0x00007f1629700000, 0x00007f1632500000)
  object space 203776K, 44% used [0x00007f161d000000,0x00007f162292db90,0x00007f1629700000)
 PSPermGen       total 21504K, used 16932K [0x00007f1617e00000, 0x00007f1619300000, 0x00007f161d000000)
  object space 21504K, 78% used [0x00007f1617e00000,0x00007f1618e89260,0x00007f1619300000)
Event: 24.885 GC heap after
Heap after GC invocations=36 (full 1):
 PSYoungGen      total 166400K, used 1888K [0x00007f1632500000, 0x00007f163cf00000, 0x00007f163d000000)
  eden space 158208K, 0% used [0x00007f1632500000,0x00007f1632500000,0x00007f163bf80000)
  from space 8192K, 23% used [0x00007f163bf80000,0x00007f163c158048,0x00007f163c780000)
  to   space 7680K, 0% used [0x00007f163c780000,0x00007f163c780000,0x00007f163cf00000)
 ParOldGen       total 203776K, used 91414K [0x00007f161d000000, 0x00007f1629700000, 0x00007f1632500000)
  object space 203776K, 44% used [0x00007f161d000000,0x00007f1622945b90,0x00007f1629700000)
 PSPermGen       total 21504K, used 16932K [0x00007f1617e00000, 0x00007f1619300000, 0x00007f161d000000)
  object space 21504K, 78% used [0x00007f1617e00000,0x00007f1618e89260,0x00007f1619300000)
}
Event: 25.011 GC heap before
{Heap before GC invocations=37 (full 1):
 PSYoungGen      total 166400K, used 160096K [0x00007f1632500000, 0x00007f163cf00000, 0x00007f163d000000)
  eden space 158208K, 100% used [0x00007f1632500000,0x00007f163bf80000,0x00007f163bf80000)
  from space 8192K, 23% used [0x00007f163bf80000,0x00007f163c158048,0x00007f163c780000)
  to   space 7680K, 0% used [0x00007f163c780000,0x00007f163c780000,0x00007f163cf00000)
 ParOldGen       total 203776K, used 91414K [0x00007f161d000000, 0x00007f1629700000, 0x00007f1632500000)
  object space 203776K, 44% used [0x00007f161d000000,0x00007f1622945b90,0x00007f1629700000)
 PSPermGen       total 21504K, used 16934K [0x00007f1617e00000, 0x00007f1619300000, 0x00007f161d000000)
  object space 21504K, 78% used [0x00007f1617e00000,0x00007f1618e89ae8,0x00007f1619300000)
Event: 25.014 GC heap after
Heap after GC invocations=37 (full 1):
 PSYoungGen      total 166400K, used 1984K [0x00007f1632500000, 0x00007f163ce80000, 0x00007f163d000000)
  eden space 159232K, 0% used [0x00007f1632500000,0x00007f1632500000,0x00007f163c080000)
  from space 7168K, 27% used [0x00007f163c780000,0x00007f163c970048,0x00007f163ce80000)
  to   space 7168K, 0% used [0x00007f163c080000,0x00007f163c080000,0x00007f163c780000)
 ParOldGen       total 203776K, used 91446K [0x00007f161d000000, 0x00007f1629700000, 0x00007f1632500000)
  object space 203776K, 44% used [0x00007f161d000000,0x00007f162294db90,0x00007f1629700000)
 PSPermGen       total 21504K, used 16934K [0x00007f1617e00000, 0x00007f1619300000, 0x00007f161d000000)
  object space 21504K, 78% used [0x00007f1617e00000,0x00007f1618e89ae8,0x00007f1619300000)
}
Event: 25.363 GC heap before
{Heap before GC invocations=38 (full 1):
 PSYoungGen      total 166400K, used 161216K [0x00007f1632500000, 0x00007f163ce80000, 0x00007f163d000000)
  eden space 159232K, 100% used [0x00007f1632500000,0x00007f163c080000,0x00007f163c080000)
  from space 7168K, 27% used [0x00007f163c780000,0x00007f163c970048,0x00007f163ce80000)
  to   space 7168K, 0% used [0x00007f163c080000,0x00007f163c080000,0x00007f163c780000)
 ParOldGen       total 203776K, used 91446K [0x00007f161d000000, 0x00007f1629700000, 0x00007f1632500000)
  object space 203776K, 44% used [0x00007f161d000000,0x00007f162294db90,0x00007f1629700000)
 PSPermGen       total 21504K, used 16945K [0x00007f1617e00000, 0x00007f1619300000, 0x00007f161d000000)
  object space 21504K, 78% used [0x00007f1617e00000,0x00007f1618e8c640,0x00007f1619300000)
Event: 25.365 GC heap after
Heap after GC invocations=38 (full 1):
 PSYoungGen      total 166400K, used 2496K [0x00007f1632500000, 0x00007f163d000000, 0x00007f163d000000)
  eden space 159232K, 0% used [0x00007f1632500000,0x00007f1632500000,0x00007f163c080000)
  from space 7168K, 34% used [0x00007f163c080000,0x00007f163c2f0030,0x00007f163c780000)
  to   space 7168K, 0% used [0x00007f163c900000,0x00007f163c900000,0x00007f163d000000)
 ParOldGen       total 203776K, used 91470K [0x00007f161d000000, 0x00007f1629700000, 0x00007f1632500000)
  object space 203776K, 44% used [0x00007f161d000000,0x00007f1622953b90,0x00007f1629700000)
 PSPermGen       total 21504K, used 16945K [0x00007f1617e00000, 0x00007f1619300000, 0x00007f161d000000)
  object space 21504K, 78% used [0x00007f1617e00000,0x00007f1618e8c640,0x00007f1619300000)
}
Event: 25.940 GC heap before
{Heap before GC invocations=39 (full 1):
 PSYoungGen      total 166400K, used 161728K [0x00007f1632500000, 0x00007f163d000000, 0x00007f163d000000)
  eden space 159232K, 100% used [0x00007f1632500000,0x00007f163c080000,0x00007f163c080000)
  from space 7168K, 34% used [0x00007f163c080000,0x00007f163c2f0030,0x00007f163c780000)
  to   space 7168K, 0% used [0x00007f163c900000,0x00007f163c900000,0x00007f163d000000)
 ParOldGen       total 203776K, used 91470K [0x00007f161d000000, 0x00007f1629700000, 0x00007f1632500000)
  object space 203776K, 44% used [0x00007f161d000000,0x00007f1622953b90,0x00007f1629700000)
 PSPermGen       total 21504K, used 17207K [0x00007f1617e00000, 0x00007f1619300000, 0x00007f161d000000)
  object space 21504K, 80% used [0x00007f1617e00000,0x00007f1618ecdf48,0x00007f1619300000)
Event: 25.942 GC heap after
Heap after GC invocations=39 (full 1):
 PSYoungGen      total 166912K, used 1458K [0x00007f1632500000, 0x00007f163cf00000, 0x00007f163d000000)
  eden space 160768K, 0% used [0x00007f1632500000,0x00007f1632500000,0x00007f163c200000)
  from space 6144K, 23% used [0x00007f163c900000,0x00007f163ca6c878,0x00007f163cf00000)
  to   space 6656K, 0% used [0x00007f163c200000,0x00007f163c200000,0x00007f163c880000)
 ParOldGen       total 203776K, used 91806K [0x00007f161d000000, 0x00007f1629700000, 0x00007f1632500000)
  object space 203776K, 45% used [0x00007f161d000000,0x00007f16229a7b90,0x00007f1629700000)
 PSPermGen       total 21504K, used 17207K [0x00007f1617e00000, 0x00007f1619300000, 0x00007f161d000000)
  object space 21504K, 80% used [0x00007f1617e00000,0x00007f1618ecdf48,0x00007f1619300000)
}

