# JRE version: Java(TM) SE Runtime Environment (9.0-b72) (build 1.9.0-ea-b72)
# Java VM: Java HotSpot(TM) 64-Bit Server VM (1.9.0-ea-b72 mixed mode linux-amd64 )
Heap:
 def new generation   total 154560K, used 147194K [0x00007f8249000000, 0x00007f82537b0000, 0x00007f8253aa0000)
  eden space 137408K, 100% used [0x00007f8249000000, 0x00007f8251630000, 0x00007f8251630000)
  from space 17152K,  57% used [0x00007f82526f0000, 0x00007f825307ebc0, 0x00007f82537b0000)
  to   space 17152K,  44% used [0x00007f8251630000, 0x00007f8251db4c28, 0x00007f82526f0000)
 tenured generation   total 342720K, used 151477K [0x00007f8253aa0000, 0x00007f8268950000, 0x00007f8269000000)
   the space 342720K,  44% used [0x00007f8253aa0000, 0x00007f825ce8d720, 0x00007f825ce8d800, 0x00007f8268950000)
 Metaspace       used 47571K, capacity 48417K, committed 48640K, reserved 49152K
GC Heap History (10 events):
Event: 79.152 GC heap after
Heap after GC invocations=199 (full 2):
 def new generation   total 154560K, used 7499K [0x00007f8249000000, 0x00007f82537b0000, 0x00007f8253aa0000)
  eden space 137408K,   0% used [0x00007f8249000000, 0x00007f8249000000, 0x00007f8251630000)
  from space 17152K,  43% used [0x00007f82526f0000, 0x00007f8252e42e28, 0x00007f82537b0000)
  to   space 17152K,   0% used [0x00007f8251630000, 0x00007f8251630000, 0x00007f82526f0000)
 tenured generation   total 342720K, used 149318K [0x00007f8253aa0000, 0x00007f8268950000, 0x00007f8269000000)
   the space 342720K,  43% used [0x00007f8253aa0000, 0x00007f825cc71bd0, 0x00007f825cc71c00, 0x00007f8268950000)
 Metaspace       used 47541K, capacity 48417K, committed 48640K, reserved 49152K
}
Event: 81.311 GC heap before
{Heap before GC invocations=199 (full 2):
 def new generation   total 154560K, used 144907K [0x00007f8249000000, 0x00007f82537b0000, 0x00007f8253aa0000)
  eden space 137408K, 100% used [0x00007f8249000000, 0x00007f8251630000, 0x00007f8251630000)
  from space 17152K,  43% used [0x00007f82526f0000, 0x00007f8252e42e28, 0x00007f82537b0000)
  to   space 17152K,   0% used [0x00007f8251630000, 0x00007f8251630000, 0x00007f82526f0000)
 tenured generation   total 342720K, used 149318K [0x00007f8253aa0000, 0x00007f8268950000, 0x00007f8269000000)
   the space 342720K,  43% used [0x00007f8253aa0000, 0x00007f825cc71bd0, 0x00007f825cc71c00, 0x00007f8268950000)
 Metaspace       used 47547K, capacity 48417K, committed 48640K, reserved 49152K
Event: 81.325 GC heap after
Heap after GC invocations=200 (full 2):
 def new generation   total 154560K, used 7494K [0x00007f8249000000, 0x00007f82537b0000, 0x00007f8253aa0000)
  eden space 137408K,   0% used [0x00007f8249000000, 0x00007f8249000000, 0x00007f8251630000)
  from space 17152K,  43% used [0x00007f8251630000, 0x00007f8251d81a50, 0x00007f82526f0000)
  to   space 17152K,   0% used [0x00007f82526f0000, 0x00007f82526f0000, 0x00007f82537b0000)
 tenured generation   total 342720K, used 149318K [0x00007f8253aa0000, 0x00007f8268950000, 0x00007f8269000000)
   the space 342720K,  43% used [0x00007f8253aa0000, 0x00007f825cc71bd0, 0x00007f825cc71c00, 0x00007f8268950000)
 Metaspace       used 47547K, capacity 48417K, committed 48640K, reserved 49152K
}
Event: 83.554 GC heap before
{Heap before GC invocations=200 (full 2):
 def new generation   total 154560K, used 144902K [0x00007f8249000000, 0x00007f82537b0000, 0x00007f8253aa0000)
  eden space 137408K, 100% used [0x00007f8249000000, 0x00007f8251630000, 0x00007f8251630000)
  from space 17152K,  43% used [0x00007f8251630000, 0x00007f8251d81a50, 0x00007f82526f0000)
  to   space 17152K,   0% used [0x00007f82526f0000, 0x00007f82526f0000, 0x00007f82537b0000)
 tenured generation   total 342720K, used 149318K [0x00007f8253aa0000, 0x00007f8268950000, 0x00007f8269000000)
   the space 342720K,  43% used [0x00007f8253aa0000, 0x00007f825cc71bd0, 0x00007f825cc71c00, 0x00007f8268950000)
 Metaspace       used 47550K, capacity 48417K, committed 48640K, reserved 49152K
Event: 83.569 GC heap after
Heap after GC invocations=201 (full 2):
 def new generation   total 154560K, used 8271K [0x00007f8249000000, 0x00007f82537b0000, 0x00007f8253aa0000)
  eden space 137408K,   0% used [0x00007f8249000000, 0x00007f8249000000, 0x00007f8251630000)
  from space 17152K,  48% used [0x00007f82526f0000, 0x00007f8252f03f40, 0x00007f82537b0000)
  to   space 17152K,   0% used [0x00007f8251630000, 0x00007f8251630000, 0x00007f82526f0000)
 tenured generation   total 342720K, used 149318K [0x00007f8253aa0000, 0x00007f8268950000, 0x00007f8269000000)
   the space 342720K,  43% used [0x00007f8253aa0000, 0x00007f825cc71bd0, 0x00007f825cc71c00, 0x00007f8268950000)
 Metaspace       used 47550K, capacity 48417K, committed 48640K, reserved 49152K
}
Event: 86.623 GC heap before
{Heap before GC invocations=201 (full 2):
 def new generation   total 154560K, used 145679K [0x00007f8249000000, 0x00007f82537b0000, 0x00007f8253aa0000)
  eden space 137408K, 100% used [0x00007f8249000000, 0x00007f8251630000, 0x00007f8251630000)
  from space 17152K,  48% used [0x00007f82526f0000, 0x00007f8252f03f40, 0x00007f82537b0000)
  to   space 17152K,   0% used [0x00007f8251630000, 0x00007f8251630000, 0x00007f82526f0000)
 tenured generation   total 342720K, used 149318K [0x00007f8253aa0000, 0x00007f8268950000, 0x00007f8269000000)
   the space 342720K,  43% used [0x00007f8253aa0000, 0x00007f825cc71bd0, 0x00007f825cc71c00, 0x00007f8268950000)
 Metaspace       used 47563K, capacity 48417K, committed 48640K, reserved 49152K
Event: 86.638 GC heap after
Heap after GC invocations=202 (full 2):
 def new generation   total 154560K, used 9133K [0x00007f8249000000, 0x00007f82537b0000, 0x00007f8253aa0000)
  eden space 137408K,   0% used [0x00007f8249000000, 0x00007f8249000000, 0x00007f8251630000)
  from space 17152K,  53% used [0x00007f8251630000, 0x00007f8251f1b408, 0x00007f82526f0000)
  to   space 17152K,   0% used [0x00007f82526f0000, 0x00007f82526f0000, 0x00007f82537b0000)
 tenured generation   total 342720K, used 149318K [0x00007f8253aa0000, 0x00007f8268950000, 0x00007f8269000000)
   the space 342720K,  43% used [0x00007f8253aa0000, 0x00007f825cc71bd0, 0x00007f825cc71c00, 0x00007f8268950000)
 Metaspace       used 47563K, capacity 48417K, committed 48640K, reserved 49152K
}
Event: 89.737 GC heap before
{Heap before GC invocations=202 (full 2):
 def new generation   total 154560K, used 146541K [0x00007f8249000000, 0x00007f82537b0000, 0x00007f8253aa0000)
  eden space 137408K, 100% used [0x00007f8249000000, 0x00007f8251630000, 0x00007f8251630000)
  from space 17152K,  53% used [0x00007f8251630000, 0x00007f8251f1b408, 0x00007f82526f0000)
  to   space 17152K,   0% used [0x00007f82526f0000, 0x00007f82526f0000, 0x00007f82537b0000)
 tenured generation   total 342720K, used 149318K [0x00007f8253aa0000, 0x00007f8268950000, 0x00007f8269000000)
   the space 342720K,  43% used [0x00007f8253aa0000, 0x00007f825cc71bd0, 0x00007f825cc71c00, 0x00007f8268950000)
 Metaspace       used 47565K, capacity 48417K, committed 48640K, reserved 49152K
Event: 89.749 GC heap after
Heap after GC invocations=203 (full 2):
 def new generation   total 154560K, used 9786K [0x00007f8249000000, 0x00007f82537b0000, 0x00007f8253aa0000)
  eden space 137408K,   0% used [0x00007f8249000000, 0x00007f8249000000, 0x00007f8251630000)
  from space 17152K,  57% used [0x00007f82526f0000, 0x00007f825307ebc0, 0x00007f82537b0000)
  to   space 17152K,   0% used [0x00007f8251630000, 0x00007f8251630000, 0x00007f82526f0000)
 tenured generation   total 342720K, used 150151K [0x00007f8253aa0000, 0x00007f8268950000, 0x00007f8269000000)
   the space 342720K,  43% used [0x00007f8253aa0000, 0x00007f825cd41cd0, 0x00007f825cd41e00, 0x00007f8268950000)
 Metaspace       used 47565K, capacity 48417K, committed 48640K, reserved 49152K
}
Event: 92.294 GC heap before
{Heap before GC invocations=203 (full 2):
 def new generation   total 154560K, used 147194K [0x00007f8249000000, 0x00007f82537b0000, 0x00007f8253aa0000)
  eden space 137408K, 100% used [0x00007f8249000000, 0x00007f8251630000, 0x00007f8251630000)
  from space 17152K,  57% used [0x00007f82526f0000, 0x00007f825307ebc0, 0x00007f82537b0000)
  to   space 17152K,   0% used [0x00007f8251630000, 0x00007f8251630000, 0x00007f82526f0000)
 tenured generation   total 342720K, used 150151K [0x00007f8253aa0000, 0x00007f8268950000, 0x00007f8269000000)
   the space 342720K,  43% used [0x00007f8253aa0000, 0x00007f825cd41cd0, 0x00007f825cd41e00, 0x00007f8268950000)
 Metaspace       used 47571K, capacity 48417K, committed 48640K, reserved 49152K

