# JRE version: Java(TM) SE Runtime Environment (9.0-b60) (build 1.9.0-ea-b60)
# Java VM: Java HotSpot(TM) 64-Bit Server VM (1.9.0-ea-b60 mixed mode linux-amd64 )
Heap:
 garbage-first heap   total 524288K, used 63034K [0x00007f34bc000000, 0x00007f34bc101000, 0x00007f34dc000000)
  region size 1024K, 6 young (6144K), 3 survivors (3072K)
 Metaspace       used 25915K, capacity 26430K, committed 26624K, reserved 26624K
GC Heap History (10 events):
Event: 170.932 GC heap before
{Heap before GC invocations=282 (full 0):
 garbage-first heap   total 524288K, used 244901K [0x00007f34bc000000, 0x00007f34bc101000, 0x00007f34dc000000)
  region size 1024K, 7 young (7168K), 1 survivors (1024K)
 Metaspace       used 25933K, capacity 26475K, committed 26624K, reserved 26624K
Event: 170.947 GC heap after
Heap after GC invocations=283 (full 0):
 garbage-first heap   total 524288K, used 243366K [0x00007f34bc000000, 0x00007f34bc101000, 0x00007f34dc000000)
  region size 1024K, 5 young (5120K), 5 survivors (5120K)
 Metaspace       used 25933K, capacity 26475K, committed 26624K, reserved 26624K
}
Event: 171.348 GC heap before
{Heap before GC invocations=284 (full 0):
 garbage-first heap   total 524288K, used 423871K [0x00007f34bc000000, 0x00007f34bc101000, 0x00007f34dc000000)
  region size 1024K, 89 young (91136K), 5 survivors (5120K)
 Metaspace       used 25938K, capacity 26475K, committed 26624K, reserved 26624K
Event: 171.590 GC heap after
Heap after GC invocations=285 (full 0):
 garbage-first heap   total 524288K, used 378320K [0x00007f34bc000000, 0x00007f34bc101000, 0x00007f34dc000000)
  region size 1024K, 12 young (12288K), 12 survivors (12288K)
 Metaspace       used 25938K, capacity 26475K, committed 26624K, reserved 26624K
}
Event: 171.617 GC heap before
{Heap before GC invocations=285 (full 0):
 garbage-first heap   total 524288K, used 424158K [0x00007f34bc000000, 0x00007f34bc101000, 0x00007f34dc000000)
  region size 1024K, 25 young (25600K), 12 survivors (12288K)
 Metaspace       used 25938K, capacity 26475K, committed 26624K, reserved 26624K
Event: 171.746 GC heap after
Heap after GC invocations=286 (full 0):
 garbage-first heap   total 524288K, used 374494K [0x00007f34bc000000, 0x00007f34bc101000, 0x00007f34dc000000)
  region size 1024K, 4 young (4096K), 4 survivors (4096K)
 Metaspace       used 25938K, capacity 26475K, committed 26624K, reserved 26624K
}
Event: 172.121 GC heap before
{Heap before GC invocations=286 (full 0):
 garbage-first heap   total 524288K, used 449366K [0x00007f34bc000000, 0x00007f34bc101000, 0x00007f34dc000000)
  region size 1024K, 25 young (25600K), 4 survivors (4096K)
 Metaspace       used 25938K, capacity 26475K, committed 26624K, reserved 26624K
Event: 172.138 GC heap after
Heap after GC invocations=287 (full 0):
 garbage-first heap   total 524288K, used 393418K [0x00007f34bc000000, 0x00007f34bc101000, 0x00007f34dc000000)
  region size 1024K, 4 young (4096K), 4 survivors (4096K)
 Metaspace       used 25938K, capacity 26475K, committed 26624K, reserved 26624K
}
Event: 172.139 GC heap before
{Heap before GC invocations=287 (full 0):
 garbage-first heap   total 524288K, used 393418K [0x00007f34bc000000, 0x00007f34bc101000, 0x00007f34dc000000)
  region size 1024K, 5 young (5120K), 4 survivors (4096K)
 Metaspace       used 25938K, capacity 26475K, committed 26624K, reserved 26624K
Event: 172.150 GC heap after
Heap after GC invocations=288 (full 0):
 garbage-first heap   total 524288K, used 391704K [0x00007f34bc000000, 0x00007f34bc101000, 0x00007f34dc000000)
  region size 1024K, 3 young (3072K), 3 survivors (3072K)
 Metaspace       used 25938K, capacity 26475K, committed 26624K, reserved 26624K
}

