# JRE version: Java(TM) SE Runtime Environment (9.0-b72) (build 1.9.0-ea-b72)
# Java VM: Java HotSpot(TM) 64-Bit Server VM (1.9.0-ea-b72 mixed mode linux-amd64 )
Heap:
 def new generation   total 156608K, used 145688K [0x00007fecc4600000, 0x00007feccefe0000, 0x00007feccf0a0000)
  eden space 139264K, 100% used [0x00007fecc4600000, 0x00007feccce00000, 0x00007feccce00000)
  from space 17344K,  37% used [0x00007feccce00000, 0x00007feccd4460e8, 0x00007feccdef0000)
  to   space 17344K,  48% used [0x00007feccdef0000, 0x00007fecce725680, 0x00007feccefe0000)
 tenured generation   total 349568K, used 241316K [0x00007feccf0a0000, 0x00007fece4600000, 0x00007fece4600000)
   the space 349568K,  69% used [0x00007feccf0a0000, 0x00007fecddc49200, 0x00007fecddc49200, 0x00007fece4600000)
 Metaspace       used 70160K, capacity 71134K, committed 71424K, reserved 71680K
GC Heap History (10 events):
Event: 639.349 GC heap after
Heap after GC invocations=3544 (full 12):
 def new generation   total 156608K, used 5684K [0x00007fecc4600000, 0x00007feccefe0000, 0x00007feccf0a0000)
  eden space 139264K,   0% used [0x00007fecc4600000, 0x00007fecc4600000, 0x00007feccce00000)
  from space 17344K,  32% used [0x00007feccce00000, 0x00007feccd38d098, 0x00007feccdef0000)
  to   space 17344K,   0% used [0x00007feccdef0000, 0x00007feccdef0000, 0x00007feccefe0000)
 tenured generation   total 346420K, used 237846K [0x00007feccf0a0000, 0x00007fece42ed000, 0x00007fece4600000)
   the space 346420K,  68% used [0x00007feccf0a0000, 0x00007fecdd8e58b0, 0x00007fecdd8e5a00, 0x00007fece42ed000)
 Metaspace       used 70131K, capacity 71070K, committed 71424K, reserved 71680K
}
Event: 639.426 GC heap before
{Heap before GC invocations=3544 (full 12):
 def new generation   total 156608K, used 144948K [0x00007fecc4600000, 0x00007feccefe0000, 0x00007feccf0a0000)
  eden space 139264K, 100% used [0x00007fecc4600000, 0x00007feccce00000, 0x00007feccce00000)
  from space 17344K,  32% used [0x00007feccce00000, 0x00007feccd38d098, 0x00007feccdef0000)
  to   space 17344K,   0% used [0x00007feccdef0000, 0x00007feccdef0000, 0x00007feccefe0000)
 tenured generation   total 346420K, used 237846K [0x00007feccf0a0000, 0x00007fece42ed000, 0x00007fece4600000)
   the space 346420K,  68% used [0x00007feccf0a0000, 0x00007fecdd8e58b0, 0x00007fecdd8e5a00, 0x00007fece42ed000)
 Metaspace       used 70131K, capacity 71070K, committed 71424K, reserved 71680K
Event: 639.435 GC heap after
Heap after GC invocations=3545 (full 12):
 def new generation   total 156608K, used 5471K [0x00007fecc4600000, 0x00007feccefe0000, 0x00007feccf0a0000)
  eden space 139264K,   0% used [0x00007fecc4600000, 0x00007fecc4600000, 0x00007feccce00000)
  from space 17344K,  31% used [0x00007feccdef0000, 0x00007fecce447eb8, 0x00007feccefe0000)
  to   space 17344K,   0% used [0x00007feccce00000, 0x00007feccce00000, 0x00007feccdef0000)
 tenured generation   total 346420K, used 237846K [0x00007feccf0a0000, 0x00007fece42ed000, 0x00007fece4600000)
   the space 346420K,  68% used [0x00007feccf0a0000, 0x00007fecdd8e58b0, 0x00007fecdd8e5a00, 0x00007fece42ed000)
 Metaspace       used 70131K, capacity 71070K, committed 71424K, reserved 71680K
}
Event: 648.359 GC heap before
{Heap before GC invocations=3545 (full 12):
 def new generation   total 156608K, used 144735K [0x00007fecc4600000, 0x00007feccefe0000, 0x00007feccf0a0000)
  eden space 139264K, 100% used [0x00007fecc4600000, 0x00007feccce00000, 0x00007feccce00000)
  from space 17344K,  31% used [0x00007feccdef0000, 0x00007fecce447eb8, 0x00007feccefe0000)
  to   space 17344K,   0% used [0x00007feccce00000, 0x00007feccce00000, 0x00007feccdef0000)
 tenured generation   total 346420K, used 237846K [0x00007feccf0a0000, 0x00007fece42ed000, 0x00007fece4600000)
   the space 346420K,  68% used [0x00007feccf0a0000, 0x00007fecdd8e58b0, 0x00007fecdd8e5a00, 0x00007fece42ed000)
 Metaspace       used 70158K, capacity 71134K, committed 71424K, reserved 71680K
Event: 648.371 GC heap after
Heap after GC invocations=3546 (full 12):
 def new generation   total 156608K, used 7903K [0x00007fecc4600000, 0x00007feccefe0000, 0x00007feccf0a0000)
  eden space 139264K,   0% used [0x00007fecc4600000, 0x00007fecc4600000, 0x00007feccce00000)
  from space 17344K,  45% used [0x00007feccce00000, 0x00007feccd5b7f28, 0x00007feccdef0000)
  to   space 17344K,   0% used [0x00007feccdef0000, 0x00007feccdef0000, 0x00007feccefe0000)
 tenured generation   total 346420K, used 237846K [0x00007feccf0a0000, 0x00007fece42ed000, 0x00007fece4600000)
   the space 346420K,  68% used [0x00007feccf0a0000, 0x00007fecdd8e58b0, 0x00007fecdd8e5a00, 0x00007fece42ed000)
 Metaspace       used 70158K, capacity 71134K, committed 71424K, reserved 71680K
}
Event: 649.612 GC heap before
{Heap before GC invocations=3546 (full 12):
 def new generation   total 156608K, used 147154K [0x00007fecc4600000, 0x00007feccefe0000, 0x00007feccf0a0000)
  eden space 139264K,  99% used [0x00007fecc4600000, 0x00007fecccdfcc50, 0x00007feccce00000)
  from space 17344K,  45% used [0x00007feccce00000, 0x00007feccd5b7f28, 0x00007feccdef0000)
  to   space 17344K,   0% used [0x00007feccdef0000, 0x00007feccdef0000, 0x00007feccefe0000)
 tenured generation   total 346420K, used 237846K [0x00007feccf0a0000, 0x00007fece42ed000, 0x00007fece4600000)
   the space 346420K,  68% used [0x00007feccf0a0000, 0x00007fecdd8e58b0, 0x00007fecdd8e5a00, 0x00007fece42ed000)
 Metaspace       used 70160K, capacity 71134K, committed 71424K, reserved 71680K
Event: 649.625 GC heap after
Heap after GC invocations=3547 (full 12):
 def new generation   total 156608K, used 9952K [0x00007fecc4600000, 0x00007feccefe0000, 0x00007feccf0a0000)
  eden space 139264K,   0% used [0x00007fecc4600000, 0x00007fecc4600000, 0x00007feccce00000)
  from space 17344K,  57% used [0x00007feccdef0000, 0x00007fecce8a81c8, 0x00007feccefe0000)
  to   space 17344K,   0% used [0x00007feccce00000, 0x00007feccce00000, 0x00007feccdef0000)
 tenured generation   total 346420K, used 237846K [0x00007feccf0a0000, 0x00007fece42ed000, 0x00007fece4600000)
   the space 346420K,  68% used [0x00007feccf0a0000, 0x00007fecdd8e58b0, 0x00007fecdd8e5a00, 0x00007fece42ed000)
 Metaspace       used 70160K, capacity 71134K, committed 71424K, reserved 71680K
}
Event: 649.662 GC heap before
{Heap before GC invocations=3547 (full 12):
 def new generation   total 156608K, used 149216K [0x00007fecc4600000, 0x00007feccefe0000, 0x00007feccf0a0000)
  eden space 139264K, 100% used [0x00007fecc4600000, 0x00007feccce00000, 0x00007feccce00000)
  from space 17344K,  57% used [0x00007feccdef0000, 0x00007fecce8a81c8, 0x00007feccefe0000)
  to   space 17344K,   0% used [0x00007feccce00000, 0x00007feccce00000, 0x00007feccdef0000)
 tenured generation   total 346420K, used 237846K [0x00007feccf0a0000, 0x00007fece42ed000, 0x00007fece4600000)
   the space 346420K,  68% used [0x00007feccf0a0000, 0x00007fecdd8e58b0, 0x00007fecdd8e5a00, 0x00007fece42ed000)
 Metaspace       used 70160K, capacity 71134K, committed 71424K, reserved 71680K
Event: 649.674 GC heap after
Heap after GC invocations=3548 (full 12):
 def new generation   total 156608K, used 6424K [0x00007fecc4600000, 0x00007feccefe0000, 0x00007feccf0a0000)
  eden space 139264K,   0% used [0x00007fecc4600000, 0x00007fecc4600000, 0x00007feccce00000)
  from space 17344K,  37% used [0x00007feccce00000, 0x00007feccd4460e8, 0x00007feccdef0000)
  to   space 17344K,   0% used [0x00007feccdef0000, 0x00007feccdef0000, 0x00007feccefe0000)
 tenured generation   total 346420K, used 241316K [0x00007feccf0a0000, 0x00007fece42ed000, 0x00007fece4600000)
   the space 346420K,  69% used [0x00007feccf0a0000, 0x00007fecddc49200, 0x00007fecddc49200, 0x00007fece42ed000)
 Metaspace       used 70160K, capacity 71134K, committed 71424K, reserved 71680K
}
Event: 652.190 GC heap before
{Heap before GC invocations=3548 (full 12):
 def new generation   total 156608K, used 145688K [0x00007fecc4600000, 0x00007feccefe0000, 0x00007feccf0a0000)
  eden space 139264K, 100% used [0x00007fecc4600000, 0x00007feccce00000, 0x00007feccce00000)
  from space 17344K,  37% used [0x00007feccce00000, 0x00007feccd4460e8, 0x00007feccdef0000)
  to   space 17344K,   0% used [0x00007feccdef0000, 0x00007feccdef0000, 0x00007feccefe0000)
 tenured generation   total 346420K, used 241316K [0x00007feccf0a0000, 0x00007fece42ed000, 0x00007fece4600000)
   the space 346420K,  69% used [0x00007feccf0a0000, 0x00007fecddc49200, 0x00007fecddc49200, 0x00007fece42ed000)
 Metaspace       used 70160K, capacity 71134K, committed 71424K, reserved 71680K

