# JRE version: Java(TM) SE Runtime Environment (7.0_60-b19) (build 1.7.0_60-b19)
# Java VM: Java HotSpot(TM) 64-Bit Server VM (24.60-b09 mixed mode linux-amd64 )
Heap
 par new generation   total 7225344K, used 6679082K [0x00007fd7f1200000, 0x00007fd9e9200000, 0x00007fd9e9200000)
  eden space 6193152K,  96% used [0x00007fd7f1200000, 0x00007fd95fb88890, 0x00007fd96b200000)
  from space 1032192K,  65% used [0x00007fd9aa200000, 0x00007fd9d3302108, 0x00007fd9e9200000)
  to   space 1032192K,   0% used [0x00007fd96b200000, 0x00007fd96b200000, 0x00007fd9aa200000)
 concurrent mark-sweep generation total 43358208K, used 35203954K [0x00007fd9e9200000, 0x00007fe43f800000, 0x00007fe43f800000)
 concurrent-mark-sweep perm gen total 1048576K, used 103350K [0x00007fe43f800000, 0x00007fe47f800000, 0x00007fe47f800000)
GC Heap History (10 events):
Event: 57871.733 GC heap before
{Heap before GC invocations=3102 (full 69):
 par new generation   total 7225344K, used 7000301K [0x00007fd7f1200000, 0x00007fd9e9200000, 0x00007fd9e9200000)
  eden space 6193152K, 100% used [0x00007fd7f1200000, 0x00007fd96b200000, 0x00007fd96b200000)
  from space 1032192K,  78% used [0x00007fd96b200000, 0x00007fd99c63b4b0, 0x00007fd9aa200000)
  to   space 1032192K,   0% used [0x00007fd9aa200000, 0x00007fd9aa200000, 0x00007fd9e9200000)
 concurrent mark-sweep generation total 43358208K, used 35368603K [0x00007fd9e9200000, 0x00007fe43f800000, 0x00007fe43f800000)
 concurrent-mark-sweep perm gen total 1048576K, used 103350K [0x00007fe43f800000, 0x00007fe47f800000, 0x00007fe47f800000)
Event: 57871.866 GC heap after
Heap after GC invocations=3103 (full 69):
 par new generation   total 7225344K, used 915529K [0x00007fd7f1200000, 0x00007fd9e9200000, 0x00007fd9e9200000)
  eden space 6193152K,   0% used [0x00007fd7f1200000, 0x00007fd7f1200000, 0x00007fd96b200000)
  from space 1032192K,  88% used [0x00007fd9aa200000, 0x00007fd9e20124c0, 0x00007fd9e9200000)
  to   space 1032192K,   0% used [0x00007fd96b200000, 0x00007fd96b200000, 0x00007fd9aa200000)
 concurrent mark-sweep generation total 43358208K, used 35448691K [0x00007fd9e9200000, 0x00007fe43f800000, 0x00007fe43f800000)
 concurrent-mark-sweep perm gen total 1048576K, used 103350K [0x00007fe43f800000, 0x00007fe47f800000, 0x00007fe47f800000)
}
Event: 57882.059 GC heap before
{Heap before GC invocations=3103 (full 69):
 par new generation   total 7225344K, used 7108681K [0x00007fd7f1200000, 0x00007fd9e9200000, 0x00007fd9e9200000)
  eden space 6193152K, 100% used [0x00007fd7f1200000, 0x00007fd96b200000, 0x00007fd96b200000)
  from space 1032192K,  88% used [0x00007fd9aa200000, 0x00007fd9e20124c0, 0x00007fd9e9200000)
  to   space 1032192K,   0% used [0x00007fd96b200000, 0x00007fd96b200000, 0x00007fd9aa200000)
 concurrent mark-sweep generation total 43358208K, used 35448691K [0x00007fd9e9200000, 0x00007fe43f800000, 0x00007fe43f800000)
 concurrent-mark-sweep perm gen total 1048576K, used 103350K [0x00007fe43f800000, 0x00007fe47f800000, 0x00007fe47f800000)
Event: 57882.207 GC heap after
Heap after GC invocations=3104 (full 69):
 par new generation   total 7225344K, used 981277K [0x00007fd7f1200000, 0x00007fd9e9200000, 0x00007fd9e9200000)
  eden space 6193152K,   0% used [0x00007fd7f1200000, 0x00007fd7f1200000, 0x00007fd96b200000)
  from space 1032192K,  95% used [0x00007fd96b200000, 0x00007fd9a7047400, 0x00007fd9aa200000)
  to   space 1032192K,   0% used [0x00007fd9aa200000, 0x00007fd9aa200000, 0x00007fd9e9200000)
 concurrent mark-sweep generation total 43358208K, used 35618214K [0x00007fd9e9200000, 0x00007fe43f800000, 0x00007fe43f800000)
 concurrent-mark-sweep perm gen total 1048576K, used 103350K [0x00007fe43f800000, 0x00007fe47f800000, 0x00007fe47f800000)
}
Event: 57887.782 GC heap before
{Heap before GC invocations=3104 (full 69):
 par new generation   total 7225344K, used 7174429K [0x00007fd7f1200000, 0x00007fd9e9200000, 0x00007fd9e9200000)
  eden space 6193152K, 100% used [0x00007fd7f1200000, 0x00007fd96b200000, 0x00007fd96b200000)
  from space 1032192K,  95% used [0x00007fd96b200000, 0x00007fd9a7047400, 0x00007fd9aa200000)
  to   space 1032192K,   0% used [0x00007fd9aa200000, 0x00007fd9aa200000, 0x00007fd9e9200000)
 concurrent mark-sweep generation total 43358208K, used 35318591K [0x00007fd9e9200000, 0x00007fe43f800000, 0x00007fe43f800000)
 concurrent-mark-sweep perm gen total 1048576K, used 103350K [0x00007fe43f800000, 0x00007fe47f800000, 0x00007fe47f800000)
Event: 57887.927 GC heap after
Heap after GC invocations=3105 (full 69):
 par new generation   total 7225344K, used 811460K [0x00007fd7f1200000, 0x00007fd9e9200000, 0x00007fd9e9200000)
  eden space 6193152K,   0% used [0x00007fd7f1200000, 0x00007fd7f1200000, 0x00007fd96b200000)
  from space 1032192K,  78% used [0x00007fd9aa200000, 0x00007fd9dba71348, 0x00007fd9e9200000)
  to   space 1032192K,   0% used [0x00007fd96b200000, 0x00007fd96b200000, 0x00007fd9aa200000)
 concurrent mark-sweep generation total 43358208K, used 35553905K [0x00007fd9e9200000, 0x00007fe43f800000, 0x00007fe43f800000)
 concurrent-mark-sweep perm gen total 1048576K, used 103350K [0x00007fe43f800000, 0x00007fe47f800000, 0x00007fe47f800000)
}
Event: 57891.217 GC heap before
{Heap before GC invocations=3105 (full 69):
 par new generation   total 7225344K, used 7004612K [0x00007fd7f1200000, 0x00007fd9e9200000, 0x00007fd9e9200000)
  eden space 6193152K, 100% used [0x00007fd7f1200000, 0x00007fd96b200000, 0x00007fd96b200000)
  from space 1032192K,  78% used [0x00007fd9aa200000, 0x00007fd9dba71348, 0x00007fd9e9200000)
  to   space 1032192K,   0% used [0x00007fd96b200000, 0x00007fd96b200000, 0x00007fd9aa200000)
 concurrent mark-sweep generation total 43358208K, used 34977895K [0x00007fd9e9200000, 0x00007fe43f800000, 0x00007fe43f800000)
 concurrent-mark-sweep perm gen total 1048576K, used 103350K [0x00007fe43f800000, 0x00007fe47f800000, 0x00007fe47f800000)
Event: 57891.303 GC heap after
Heap after GC invocations=3106 (full 69):
 par new generation   total 7225344K, used 605069K [0x00007fd7f1200000, 0x00007fd9e9200000, 0x00007fd9e9200000)
  eden space 6193152K,   0% used [0x00007fd7f1200000, 0x00007fd7f1200000, 0x00007fd96b200000)
  from space 1032192K,  58% used [0x00007fd96b200000, 0x00007fd9900e3668, 0x00007fd9aa200000)
  to   space 1032192K,   0% used [0x00007fd9aa200000, 0x00007fd9aa200000, 0x00007fd9e9200000)
 concurrent mark-sweep generation total 43358208K, used 35203954K [0x00007fd9e9200000, 0x00007fe43f800000, 0x00007fe43f800000)
 concurrent-mark-sweep perm gen total 1048576K, used 103350K [0x00007fe43f800000, 0x00007fe47f800000, 0x00007fe47f800000)
}
Event: 57896.431 GC heap before
{Heap before GC invocations=3106 (full 70):
 par new generation   total 7225344K, used 6798221K [0x00007fd7f1200000, 0x00007fd9e9200000, 0x00007fd9e9200000)
  eden space 6193152K, 100% used [0x00007fd7f1200000, 0x00007fd96b200000, 0x00007fd96b200000)
  from space 1032192K,  58% used [0x00007fd96b200000, 0x00007fd9900e3668, 0x00007fd9aa200000)
  to   space 1032192K,   0% used [0x00007fd9aa200000, 0x00007fd9aa200000, 0x00007fd9e9200000)
 concurrent mark-sweep generation total 43358208K, used 35203954K [0x00007fd9e9200000, 0x00007fe43f800000, 0x00007fe43f800000)
 concurrent-mark-sweep perm gen total 1048576K, used 103350K [0x00007fe43f800000, 0x00007fe47f800000, 0x00007fe47f800000)
Event: 57896.499 GC heap after
Heap after GC invocations=3107 (full 70):
 par new generation   total 7225344K, used 672776K [0x00007fd7f1200000, 0x00007fd9e9200000, 0x00007fd9e9200000)
  eden space 6193152K,   0% used [0x00007fd7f1200000, 0x00007fd7f1200000, 0x00007fd96b200000)
  from space 1032192K,  65% used [0x00007fd9aa200000, 0x00007fd9d3302108, 0x00007fd9e9200000)
  to   space 1032192K,   0% used [0x00007fd96b200000, 0x00007fd96b200000, 0x00007fd9aa200000)
 concurrent mark-sweep generation total 43358208K, used 35203954K [0x00007fd9e9200000, 0x00007fe43f800000, 0x00007fe43f800000)
 concurrent-mark-sweep perm gen total 1048576K, used 103350K [0x00007fe43f800000, 0x00007fe47f800000, 0x00007fe47f800000)
}

