# JRE version: Java(TM) SE Runtime Environment (7.0_60-b19) (build 1.7.0_60-b19)
# Java VM: Java HotSpot(TM) 64-Bit Server VM (24.60-b09 mixed mode linux-amd64 )
Heap
 par new generation   total 7225344K, used 875302K [0x00007f498da00000, 0x00007f4b85a00000, 0x00007f4b85a00000)
  eden space 6193152K,   5% used [0x00007f498da00000, 0x00007f49a2659348, 0x00007f4b07a00000)
  from space 1032192K,  51% used [0x00007f4b07a00000, 0x00007f4b28470610, 0x00007f4b46a00000)
  to   space 1032192K,   0% used [0x00007f4b46a00000, 0x00007f4b46a00000, 0x00007f4b85a00000)
 concurrent mark-sweep generation total 43358208K, used 39564870K [0x00007f4b85a00000, 0x00007f55dc000000, 0x00007f55dc000000)
 concurrent-mark-sweep perm gen total 1048576K, used 103922K [0x00007f55dc000000, 0x00007f561c000000, 0x00007f561c000000)
GC Heap History (10 events):
Event: 499881.248 GC heap before
{Heap before GC invocations=165798 (full 4843):
 par new generation   total 7225344K, used 6673170K [0x00007f498da00000, 0x00007f4b85a00000, 0x00007f4b85a00000)
  eden space 6193152K, 100% used [0x00007f498da00000, 0x00007f4b07a00000, 0x00007f4b07a00000)
  from space 1032192K,  46% used [0x00007f4b46a00000, 0x00007f4b63ec4810, 0x00007f4b85a00000)
  to   space 1032192K,   0% used [0x00007f4b07a00000, 0x00007f4b07a00000, 0x00007f4b46a00000)
 concurrent mark-sweep generation total 43358208K, used 39564870K [0x00007f4b85a00000, 0x00007f55dc000000, 0x00007f55dc000000)
 concurrent-mark-sweep perm gen total 1048576K, used 103922K [0x00007f55dc000000, 0x00007f561c000000, 0x00007f561c000000)
Event: 499881.356 GC heap after
Heap after GC invocations=165799 (full 4843):
 par new generation   total 7225344K, used 442927K [0x00007f498da00000, 0x00007f4b85a00000, 0x00007f4b85a00000)
  eden space 6193152K,   0% used [0x00007f498da00000, 0x00007f498da00000, 0x00007f4b07a00000)
  from space 1032192K,  42% used [0x00007f4b07a00000, 0x00007f4b22a8bc40, 0x00007f4b46a00000)
  to   space 1032192K,   0% used [0x00007f4b46a00000, 0x00007f4b46a00000, 0x00007f4b85a00000)
 concurrent mark-sweep generation total 43358208K, used 39564870K [0x00007f4b85a00000, 0x00007f55dc000000, 0x00007f55dc000000)
 concurrent-mark-sweep perm gen total 1048576K, used 103922K [0x00007f55dc000000, 0x00007f561c000000, 0x00007f561c000000)
}
Event: 499882.127 GC heap before
{Heap before GC invocations=165799 (full 4843):
 par new generation   total 7225344K, used 6636079K [0x00007f498da00000, 0x00007f4b85a00000, 0x00007f4b85a00000)
  eden space 6193152K, 100% used [0x00007f498da00000, 0x00007f4b07a00000, 0x00007f4b07a00000)
  from space 1032192K,  42% used [0x00007f4b07a00000, 0x00007f4b22a8bc40, 0x00007f4b46a00000)
  to   space 1032192K,   0% used [0x00007f4b46a00000, 0x00007f4b46a00000, 0x00007f4b85a00000)
 concurrent mark-sweep generation total 43358208K, used 39564870K [0x00007f4b85a00000, 0x00007f55dc000000, 0x00007f55dc000000)
 concurrent-mark-sweep perm gen total 1048576K, used 103922K [0x00007f55dc000000, 0x00007f561c000000, 0x00007f561c000000)
Event: 499882.227 GC heap after
Heap after GC invocations=165800 (full 4843):
 par new generation   total 7225344K, used 553329K [0x00007f498da00000, 0x00007f4b85a00000, 0x00007f4b85a00000)
  eden space 6193152K,   0% used [0x00007f498da00000, 0x00007f498da00000, 0x00007f4b07a00000)
  from space 1032192K,  53% used [0x00007f4b46a00000, 0x00007f4b6865c530, 0x00007f4b85a00000)
  to   space 1032192K,   0% used [0x00007f4b07a00000, 0x00007f4b07a00000, 0x00007f4b46a00000)
 concurrent mark-sweep generation total 43358208K, used 39564870K [0x00007f4b85a00000, 0x00007f55dc000000, 0x00007f55dc000000)
 concurrent-mark-sweep perm gen total 1048576K, used 103922K [0x00007f55dc000000, 0x00007f561c000000, 0x00007f561c000000)
}
Event: 499883.011 GC heap before
{Heap before GC invocations=165800 (full 4843):
 par new generation   total 7225344K, used 6740978K [0x00007f498da00000, 0x00007f4b85a00000, 0x00007f4b85a00000)
  eden space 6193152K,  99% used [0x00007f498da00000, 0x00007f4b074a0530, 0x00007f4b07a00000)
  from space 1032192K,  53% used [0x00007f4b46a00000, 0x00007f4b6865c530, 0x00007f4b85a00000)
  to   space 1032192K,   0% used [0x00007f4b07a00000, 0x00007f4b07a00000, 0x00007f4b46a00000)
 concurrent mark-sweep generation total 43358208K, used 39564870K [0x00007f4b85a00000, 0x00007f55dc000000, 0x00007f55dc000000)
 concurrent-mark-sweep perm gen total 1048576K, used 103922K [0x00007f55dc000000, 0x00007f561c000000, 0x00007f561c000000)
Event: 499883.114 GC heap after
Heap after GC invocations=165801 (full 4843):
 par new generation   total 7225344K, used 454160K [0x00007f498da00000, 0x00007f4b85a00000, 0x00007f4b85a00000)
  eden space 6193152K,   0% used [0x00007f498da00000, 0x00007f498da00000, 0x00007f4b07a00000)
  from space 1032192K,  43% used [0x00007f4b07a00000, 0x00007f4b235843f8, 0x00007f4b46a00000)
  to   space 1032192K,   0% used [0x00007f4b46a00000, 0x00007f4b46a00000, 0x00007f4b85a00000)
 concurrent mark-sweep generation total 43358208K, used 39564870K [0x00007f4b85a00000, 0x00007f55dc000000, 0x00007f55dc000000)
 concurrent-mark-sweep perm gen total 1048576K, used 103922K [0x00007f55dc000000, 0x00007f561c000000, 0x00007f561c000000)
}
Event: 499883.910 GC heap before
{Heap before GC invocations=165801 (full 4843):
 par new generation   total 7225344K, used 6647312K [0x00007f498da00000, 0x00007f4b85a00000, 0x00007f4b85a00000)
  eden space 6193152K, 100% used [0x00007f498da00000, 0x00007f4b07a00000, 0x00007f4b07a00000)
  from space 1032192K,  43% used [0x00007f4b07a00000, 0x00007f4b235843f8, 0x00007f4b46a00000)
  to   space 1032192K,   0% used [0x00007f4b46a00000, 0x00007f4b46a00000, 0x00007f4b85a00000)
 concurrent mark-sweep generation total 43358208K, used 39564870K [0x00007f4b85a00000, 0x00007f55dc000000, 0x00007f55dc000000)
 concurrent-mark-sweep perm gen total 1048576K, used 103922K [0x00007f55dc000000, 0x00007f561c000000, 0x00007f561c000000)
Event: 499884.013 GC heap after
Heap after GC invocations=165802 (full 4843):
 par new generation   total 7225344K, used 499796K [0x00007f498da00000, 0x00007f4b85a00000, 0x00007f4b85a00000)
  eden space 6193152K,   0% used [0x00007f498da00000, 0x00007f498da00000, 0x00007f4b07a00000)
  from space 1032192K,  48% used [0x00007f4b46a00000, 0x00007f4b652152d0, 0x00007f4b85a00000)
  to   space 1032192K,   0% used [0x00007f4b07a00000, 0x00007f4b07a00000, 0x00007f4b46a00000)
 concurrent mark-sweep generation total 43358208K, used 39564870K [0x00007f4b85a00000, 0x00007f55dc000000, 0x00007f55dc000000)
 concurrent-mark-sweep perm gen total 1048576K, used 103922K [0x00007f55dc000000, 0x00007f561c000000, 0x00007f561c000000)
}
Event: 499886.822 GC heap before
{Heap before GC invocations=165802 (full 4843):
 par new generation   total 7225344K, used 6692948K [0x00007f498da00000, 0x00007f4b85a00000, 0x00007f4b85a00000)
  eden space 6193152K, 100% used [0x00007f498da00000, 0x00007f4b07a00000, 0x00007f4b07a00000)
  from space 1032192K,  48% used [0x00007f4b46a00000, 0x00007f4b652152d0, 0x00007f4b85a00000)
  to   space 1032192K,   0% used [0x00007f4b07a00000, 0x00007f4b07a00000, 0x00007f4b46a00000)
 concurrent mark-sweep generation total 43358208K, used 39564870K [0x00007f4b85a00000, 0x00007f55dc000000, 0x00007f55dc000000)
 concurrent-mark-sweep perm gen total 1048576K, used 103922K [0x00007f55dc000000, 0x00007f561c000000, 0x00007f561c000000)
Event: 499886.956 GC heap after
Heap after GC invocations=165803 (full 4843):
 par new generation   total 7225344K, used 534977K [0x00007f498da00000, 0x00007f4b85a00000, 0x00007f4b85a00000)
  eden space 6193152K,   0% used [0x00007f498da00000, 0x00007f498da00000, 0x00007f4b07a00000)
  from space 1032192K,  51% used [0x00007f4b07a00000, 0x00007f4b28470610, 0x00007f4b46a00000)
  to   space 1032192K,   0% used [0x00007f4b46a00000, 0x00007f4b46a00000, 0x00007f4b85a00000)
 concurrent mark-sweep generation total 43358208K, used 39564870K [0x00007f4b85a00000, 0x00007f55dc000000, 0x00007f55dc000000)
 concurrent-mark-sweep perm gen total 1048576K, used 103922K [0x00007f55dc000000, 0x00007f561c000000, 0x00007f561c000000)
}

