# JRE version: OpenJDK Runtime Environment (7.0) (build 1.7.0-internal-fastdebug-rmuir_2014_04_01_23_31-b00)
# Java VM: OpenJDK 64-Bit Server VM (24.80-b05-fastdebug mixed mode linux-amd64 compressed oops)
Heap
 PSYoungGen      total 165888K, used 57754K [0x00000000f5500000, 0x00000000fff00000, 0x0000000100000000)
  eden space 157696K, 36% used [0x00000000f5500000,0x00000000f8d569f0,0x00000000fef00000)
  from space 8192K, 0% used [0x00000000fef00000,0x00000000fef10000,0x00000000ff700000)
  to   space 7680K, 0% used [0x00000000ff780000,0x00000000ff780000,0x00000000fff00000)
 ParOldGen       total 171008K, used 23269K [0x00000000e0000000, 0x00000000ea700000, 0x00000000f5500000)
  object space 171008K, 13% used [0x00000000e0000000,0x00000000e16b9798,0x00000000ea700000)
 PSPermGen       total 21504K, used 14472K [0x00000000dae00000, 0x00000000dc300000, 0x00000000e0000000)
  object space 21504K, 67% used [0x00000000dae00000,0x00000000dbc221f8,0x00000000dc300000)
GC Heap History (10 events):
Event: 62.097 GC heap before
{Heap before GC invocations=25 (full 0):
 PSYoungGen      total 164352K, used 158489K [0x00000000f5500000, 0x00000000ffe00000, 0x0000000100000000)
  eden space 155136K, 100% used [0x00000000f5500000,0x00000000fec80000,0x00000000fec80000)
  from space 9216K, 36% used [0x00000000ff500000,0x00000000ff8465c0,0x00000000ffe00000)
  to   space 8704K, 0% used [0x00000000fec80000,0x00000000fec80000,0x00000000ff500000)
 ParOldGen       total 171008K, used 22791K [0x00000000e0000000, 0x00000000ea700000, 0x00000000f5500000)
  object space 171008K, 13% used [0x00000000e0000000,0x00000000e1641e90,0x00000000ea700000)
 PSPermGen       total 21504K, used 14184K [0x00000000dae00000, 0x00000000dc300000, 0x00000000e0000000)
  object space 21504K, 65% used [0x00000000dae00000,0x00000000dbbda238,0x00000000dc300000)
Event: 62.141 GC heap after
Heap after GC invocations=25 (full 0):
 PSYoungGen      total 163840K, used 128K [0x00000000f5500000, 0x00000000fff80000, 0x0000000100000000)
  eden space 155136K, 0% used [0x00000000f5500000,0x00000000f5500000,0x00000000fec80000)
  from space 8704K, 1% used [0x00000000fec80000,0x00000000feca0000,0x00000000ff500000)
  to   space 8704K, 0% used [0x00000000ff700000,0x00000000ff700000,0x00000000fff80000)
 ParOldGen       total 171008K, used 22823K [0x00000000e0000000, 0x00000000ea700000, 0x00000000f5500000)
  object space 171008K, 13% used [0x00000000e0000000,0x00000000e1649e90,0x00000000ea700000)
 PSPermGen       total 21504K, used 14184K [0x00000000dae00000, 0x00000000dc300000, 0x00000000e0000000)
  object space 21504K, 65% used [0x00000000dae00000,0x00000000dbbda238,0x00000000dc300000)
}
Event: 65.166 GC heap before
{Heap before GC invocations=26 (full 0):
 PSYoungGen      total 163840K, used 155264K [0x00000000f5500000, 0x00000000fff80000, 0x0000000100000000)
  eden space 155136K, 100% used [0x00000000f5500000,0x00000000fec80000,0x00000000fec80000)
  from space 8704K, 1% used [0x00000000fec80000,0x00000000feca0000,0x00000000ff500000)
  to   space 8704K, 0% used [0x00000000ff700000,0x00000000ff700000,0x00000000fff80000)
 ParOldGen       total 171008K, used 22823K [0x00000000e0000000, 0x00000000ea700000, 0x00000000f5500000)
  object space 171008K, 13% used [0x00000000e0000000,0x00000000e1649ea8,0x00000000ea700000)
 PSPermGen       total 21504K, used 14255K [0x00000000dae00000, 0x00000000dc300000, 0x00000000e0000000)
  object space 21504K, 66% used [0x00000000dae00000,0x00000000dbbebe48,0x00000000dc300000)
Event: 65.196 GC heap after
Heap after GC invocations=26 (full 0):
 PSYoungGen      total 165888K, used 384K [0x00000000f5500000, 0x0000000100000000, 0x0000000100000000)
  eden space 157184K, 0% used [0x00000000f5500000,0x00000000f5500000,0x00000000fee80000)
  from space 8704K, 4% used [0x00000000ff700000,0x00000000ff760010,0x00000000fff80000)
  to   space 8704K, 0% used [0x00000000fee80000,0x00000000fee80000,0x00000000ff700000)
 ParOldGen       total 171008K, used 22839K [0x00000000e0000000, 0x00000000ea700000, 0x00000000f5500000)
  object space 171008K, 13% used [0x00000000e0000000,0x00000000e164dea8,0x00000000ea700000)
 PSPermGen       total 21504K, used 14255K [0x00000000dae00000, 0x00000000dc300000, 0x00000000e0000000)
  object space 21504K, 66% used [0x00000000dae00000,0x00000000dbbebe48,0x00000000dc300000)
}
Event: 65.484 GC heap before
{Heap before GC invocations=27 (full 0):
 PSYoungGen      total 165888K, used 157568K [0x00000000f5500000, 0x0000000100000000, 0x0000000100000000)
  eden space 157184K, 100% used [0x00000000f5500000,0x00000000fee80000,0x00000000fee80000)
  from space 8704K, 4% used [0x00000000ff700000,0x00000000ff760010,0x00000000fff80000)
  to   space 8704K, 0% used [0x00000000fee80000,0x00000000fee80000,0x00000000ff700000)
 ParOldGen       total 171008K, used 22909K [0x00000000e0000000, 0x00000000ea700000, 0x00000000f5500000)
  object space 171008K, 13% used [0x00000000e0000000,0x00000000e165f768,0x00000000ea700000)
 PSPermGen       total 21504K, used 14262K [0x00000000dae00000, 0x00000000dc300000, 0x00000000e0000000)
  object space 21504K, 66% used [0x00000000dae00000,0x00000000dbbeda58,0x00000000dc300000)
Event: 65.511 GC heap after
Heap after GC invocations=27 (full 0):
 PSYoungGen      total 165888K, used 288K [0x00000000f5500000, 0x00000000fff00000, 0x0000000100000000)
  eden space 157184K, 0% used [0x00000000f5500000,0x00000000f5500000,0x00000000fee80000)
  from space 8704K, 3% used [0x00000000fee80000,0x00000000feec8010,0x00000000ff700000)
  to   space 8192K, 0% used [0x00000000ff700000,0x00000000ff700000,0x00000000fff00000)
 ParOldGen       total 171008K, used 23069K [0x00000000e0000000, 0x00000000ea700000, 0x00000000f5500000)
  object space 171008K, 13% used [0x00000000e0000000,0x00000000e1687768,0x00000000ea700000)
 PSPermGen       total 21504K, used 14262K [0x00000000dae00000, 0x00000000dc300000, 0x00000000e0000000)
  object space 21504K, 66% used [0x00000000dae00000,0x00000000dbbeda58,0x00000000dc300000)
}
Event: 65.688 GC heap before
{Heap before GC invocations=28 (full 0):
 PSYoungGen      total 165888K, used 157472K [0x00000000f5500000, 0x00000000fff00000, 0x0000000100000000)
  eden space 157184K, 100% used [0x00000000f5500000,0x00000000fee80000,0x00000000fee80000)
  from space 8704K, 3% used [0x00000000fee80000,0x00000000feec8010,0x00000000ff700000)
  to   space 8192K, 0% used [0x00000000ff700000,0x00000000ff700000,0x00000000fff00000)
 ParOldGen       total 171008K, used 23069K [0x00000000e0000000, 0x00000000ea700000, 0x00000000f5500000)
  object space 171008K, 13% used [0x00000000e0000000,0x00000000e1687768,0x00000000ea700000)
 PSPermGen       total 21504K, used 14266K [0x00000000dae00000, 0x00000000dc300000, 0x00000000e0000000)
  object space 21504K, 66% used [0x00000000dae00000,0x00000000dbbee9e0,0x00000000dc300000)
Event: 65.740 GC heap after
Heap after GC invocations=28 (full 0):
 PSYoungGen      total 165888K, used 608K [0x00000000f5500000, 0x00000000fff80000, 0x0000000100000000)
  eden space 157696K, 0% used [0x00000000f5500000,0x00000000f5500000,0x00000000fef00000)
  from space 8192K, 7% used [0x00000000ff700000,0x00000000ff798050,0x00000000fff00000)
  to   space 8192K, 0% used [0x00000000fef00000,0x00000000fef00000,0x00000000ff700000)
 ParOldGen       total 171008K, used 23101K [0x00000000e0000000, 0x00000000ea700000, 0x00000000f5500000)
  object space 171008K, 13% used [0x00000000e0000000,0x00000000e168f768,0x00000000ea700000)
 PSPermGen       total 21504K, used 14266K [0x00000000dae00000, 0x00000000dc300000, 0x00000000e0000000)
  object space 21504K, 66% used [0x00000000dae00000,0x00000000dbbee9e0,0x00000000dc300000)
}
Event: 65.805 GC heap before
{Heap before GC invocations=29 (full 0):
 PSYoungGen      total 165888K, used 158304K [0x00000000f5500000, 0x00000000fff80000, 0x0000000100000000)
  eden space 157696K, 100% used [0x00000000f5500000,0x00000000fef00000,0x00000000fef00000)
  from space 8192K, 7% used [0x00000000ff700000,0x00000000ff798050,0x00000000fff00000)
  to   space 8192K, 0% used [0x00000000fef00000,0x00000000fef00000,0x00000000ff700000)
 ParOldGen       total 171008K, used 23101K [0x00000000e0000000, 0x00000000ea700000, 0x00000000f5500000)
  object space 171008K, 13% used [0x00000000e0000000,0x00000000e168f768,0x00000000ea700000)
 PSPermGen       total 21504K, used 14266K [0x00000000dae00000, 0x00000000dc300000, 0x00000000e0000000)
  object space 21504K, 66% used [0x00000000dae00000,0x00000000dbbeebc8,0x00000000dc300000)
Event: 65.832 GC heap after
Heap after GC invocations=29 (full 0):
 PSYoungGen      total 165888K, used 64K [0x00000000f5500000, 0x00000000fff00000, 0x0000000100000000)
  eden space 157696K, 0% used [0x00000000f5500000,0x00000000f5500000,0x00000000fef00000)
  from space 8192K, 0% used [0x00000000fef00000,0x00000000fef10000,0x00000000ff700000)
  to   space 7680K, 0% used [0x00000000ff780000,0x00000000ff780000,0x00000000fff00000)
 ParOldGen       total 171008K, used 23269K [0x00000000e0000000, 0x00000000ea700000, 0x00000000f5500000)
  object space 171008K, 13% used [0x00000000e0000000,0x00000000e16b9798,0x00000000ea700000)
 PSPermGen       total 21504K, used 14266K [0x00000000dae00000, 0x00000000dc300000, 0x00000000e0000000)
  object space 21504K, 66% used [0x00000000dae00000,0x00000000dbbeebc8,0x00000000dc300000)
}

