<testResult _class='hudson.tasks.junit.TestResult'><duration>263.06</duration><empty>false</empty><failCount>4</failCount><passCount>63</passCount><skipCount>4</skipCount><suite><case><age>0</age><className>org.apache.solr.cloud.MoveReplicaHDFSTest</className><duration>36.08</duration><failedSince>0</failedSince><name>testNormalMove</name><skipped>false</skipped><status>PASSED</status><stderr></stderr><stdout></stdout></case><case><age>3761</age><className>org.apache.solr.cloud.MoveReplicaHDFSTest</className><duration>0.003</duration><failedSince>0</failedSince><name>testFailedMove</name><skipped>true</skipped><skippedMessage></skippedMessage><status>SKIPPED</status><stderr></stderr><stdout></stdout></case><case><age>1</age><className>org.apache.solr.cloud.MoveReplicaHDFSTest</className><duration>13.879</duration><errorDetails>expected not same</errorDetails><errorStackTrace>java.lang.AssertionError: expected not same
	at __randomizedtesting.SeedInfo.seed([4B008229FE5903DC:C354BDF350A56E24]:0)
	at org.junit.Assert.fail(Assert.java:88)
	at org.junit.Assert.failSame(Assert.java:819)
	at org.junit.Assert.assertNotSame(Assert.java:798)
	at org.junit.Assert.assertNotSame(Assert.java:811)
	at org.apache.solr.cloud.MoveReplicaTest.test(MoveReplicaTest.java:147)
	at sun.reflect.NativeMethodAccessorImpl.invoke0(Native Method)
	at sun.reflect.NativeMethodAccessorImpl.invoke(NativeMethodAccessorImpl.java:62)
	at sun.reflect.DelegatingMethodAccessorImpl.invoke(DelegatingMethodAccessorImpl.java:43)
	at java.lang.reflect.Method.invoke(Method.java:498)
	at com.carrotsearch.randomizedtesting.RandomizedRunner.invoke(RandomizedRunner.java:1750)
	at com.carrotsearch.randomizedtesting.RandomizedRunner$8.evaluate(RandomizedRunner.java:938)
	at com.carrotsearch.randomizedtesting.RandomizedRunner$9.evaluate(RandomizedRunner.java:974)
	at com.carrotsearch.randomizedtesting.RandomizedRunner$10.evaluate(RandomizedRunner.java:988)
	at com.carrotsearch.randomizedtesting.rules.SystemPropertiesRestoreRule$1.evaluate(SystemPropertiesRestoreRule.java:57)
	at org.apache.lucene.util.TestRuleSetupTeardownChained$1.evaluate(TestRuleSetupTeardownChained.java:49)
	at org.apache.lucene.util.AbstractBeforeAfterRule$1.evaluate(AbstractBeforeAfterRule.java:45)
	at org.apache.lucene.util.TestRuleThreadAndTestName$1.evaluate(TestRuleThreadAndTestName.java:48)
	at org.apache.lucene.util.TestRuleIgnoreAfterMaxFailures$1.evaluate(TestRuleIgnoreAfterMaxFailures.java:64)
	at org.apache.lucene.util.TestRuleMarkFailure$1.evaluate(TestRuleMarkFailure.java:47)
	at com.carrotsearch.randomizedtesting.rules.StatementAdapter.evaluate(StatementAdapter.java:36)
	at com.carrotsearch.randomizedtesting.ThreadLeakControl$StatementRunner.run(ThreadLeakControl.java:368)
	at com.carrotsearch.randomizedtesting.ThreadLeakControl.forkTimeoutingTask(ThreadLeakControl.java:817)
	at com.carrotsearch.randomizedtesting.ThreadLeakControl$3.evaluate(ThreadLeakControl.java:468)
	at com.carrotsearch.randomizedtesting.RandomizedRunner.runSingleTest(RandomizedRunner.java:947)
	at com.carrotsearch.randomizedtesting.RandomizedRunner$5.evaluate(RandomizedRunner.java:832)
	at com.carrotsearch.randomizedtesting.RandomizedRunner$6.evaluate(RandomizedRunner.java:883)
	at com.carrotsearch.randomizedtesting.RandomizedRunner$7.evaluate(RandomizedRunner.java:894)
	at com.carrotsearch.randomizedtesting.rules.StatementAdapter.evaluate(StatementAdapter.java:36)
	at com.carrotsearch.randomizedtesting.rules.SystemPropertiesRestoreRule$1.evaluate(SystemPropertiesRestoreRule.java:57)
	at org.apache.lucene.util.AbstractBeforeAfterRule$1.evaluate(AbstractBeforeAfterRule.java:45)
	at com.carrotsearch.randomizedtesting.rules.StatementAdapter.evaluate(StatementAdapter.java:36)
	at org.apache.lucene.util.TestRuleStoreClassName$1.evaluate(TestRuleStoreClassName.java:41)
	at com.carrotsearch.randomizedtesting.rules.NoShadowingOrOverridesOnMethodsRule$1.evaluate(NoShadowingOrOverridesOnMethodsRule.java:40)
	at com.carrotsearch.randomizedtesting.rules.NoShadowingOrOverridesOnMethodsRule$1.evaluate(NoShadowingOrOverridesOnMethodsRule.java:40)
	at com.carrotsearch.randomizedtesting.rules.StatementAdapter.evaluate(StatementAdapter.java:36)
	at com.carrotsearch.randomizedtesting.rules.StatementAdapter.evaluate(StatementAdapter.java:36)
	at com.carrotsearch.randomizedtesting.rules.StatementAdapter.evaluate(StatementAdapter.java:36)
	at org.apache.lucene.util.TestRuleAssertionsRequired$1.evaluate(TestRuleAssertionsRequired.java:53)
	at org.apache.lucene.util.TestRuleMarkFailure$1.evaluate(TestRuleMarkFailure.java:47)
	at org.apache.lucene.util.TestRuleIgnoreAfterMaxFailures$1.evaluate(TestRuleIgnoreAfterMaxFailures.java:64)
	at org.apache.lucene.util.TestRuleIgnoreTestSuites$1.evaluate(TestRuleIgnoreTestSuites.java:54)
	at com.carrotsearch.randomizedtesting.rules.StatementAdapter.evaluate(StatementAdapter.java:36)
	at com.carrotsearch.randomizedtesting.ThreadLeakControl$StatementRunner.run(ThreadLeakControl.java:368)
	at java.lang.Thread.run(Thread.java:748)
</errorStackTrace><failedSince>3760</failedSince><name>test</name><skipped>false</skipped><status>FAILED</status><stderr></stderr><stdout></stdout></case><case><age>0</age><className>org.apache.solr.cloud.MoveReplicaHDFSTest</className><duration>10.861</duration><failedSince>0</failedSince><name>testNormalFailedMove</name><skipped>false</skipped><status>PASSED</status><stderr></stderr><stdout></stdout></case><case><age>0</age><className>org.apache.solr.cloud.MoveReplicaHDFSTest</className><duration>28.444</duration><failedSince>0</failedSince><name>testNormalMove</name><skipped>false</skipped><status>PASSED</status><stderr></stderr><stdout></stdout></case><case><age>3761</age><className>org.apache.solr.cloud.MoveReplicaHDFSTest</className><duration>0.003</duration><failedSince>0</failedSince><name>testFailedMove</name><skipped>true</skipped><skippedMessage></skippedMessage><status>SKIPPED</status><stderr></stderr><stdout></stdout></case><case><age>1</age><className>org.apache.solr.cloud.MoveReplicaHDFSTest</className><duration>12.515</duration><errorDetails>expected not same</errorDetails><errorStackTrace>java.lang.AssertionError: expected not same
	at __randomizedtesting.SeedInfo.seed([4B008229FE5903DC:C354BDF350A56E24]:0)
	at org.junit.Assert.fail(Assert.java:88)
	at org.junit.Assert.failSame(Assert.java:819)
	at org.junit.Assert.assertNotSame(Assert.java:798)
	at org.junit.Assert.assertNotSame(Assert.java:811)
	at org.apache.solr.cloud.MoveReplicaTest.test(MoveReplicaTest.java:147)
	at sun.reflect.NativeMethodAccessorImpl.invoke0(Native Method)
	at sun.reflect.NativeMethodAccessorImpl.invoke(NativeMethodAccessorImpl.java:62)
	at sun.reflect.DelegatingMethodAccessorImpl.invoke(DelegatingMethodAccessorImpl.java:43)
	at java.lang.reflect.Method.invoke(Method.java:498)
	at com.carrotsearch.randomizedtesting.RandomizedRunner.invoke(RandomizedRunner.java:1750)
	at com.carrotsearch.randomizedtesting.RandomizedRunner$8.evaluate(RandomizedRunner.java:938)
	at com.carrotsearch.randomizedtesting.RandomizedRunner$9.evaluate(RandomizedRunner.java:974)
	at com.carrotsearch.randomizedtesting.RandomizedRunner$10.evaluate(RandomizedRunner.java:988)
	at com.carrotsearch.randomizedtesting.rules.SystemPropertiesRestoreRule$1.evaluate(SystemPropertiesRestoreRule.java:57)
	at org.apache.lucene.util.TestRuleSetupTeardownChained$1.evaluate(TestRuleSetupTeardownChained.java:49)
	at org.apache.lucene.util.AbstractBeforeAfterRule$1.evaluate(AbstractBeforeAfterRule.java:45)
	at org.apache.lucene.util.TestRuleThreadAndTestName$1.evaluate(TestRuleThreadAndTestName.java:48)
	at org.apache.lucene.util.TestRuleIgnoreAfterMaxFailures$1.evaluate(TestRuleIgnoreAfterMaxFailures.java:64)
	at org.apache.lucene.util.TestRuleMarkFailure$1.evaluate(TestRuleMarkFailure.java:47)
	at com.carrotsearch.randomizedtesting.rules.StatementAdapter.evaluate(StatementAdapter.java:36)
	at com.carrotsearch.randomizedtesting.ThreadLeakControl$StatementRunner.run(ThreadLeakControl.java:368)
	at com.carrotsearch.randomizedtesting.ThreadLeakControl.forkTimeoutingTask(ThreadLeakControl.java:817)
	at com.carrotsearch.randomizedtesting.ThreadLeakControl$3.evaluate(ThreadLeakControl.java:468)
	at com.carrotsearch.randomizedtesting.RandomizedRunner.runSingleTest(RandomizedRunner.java:947)
	at com.carrotsearch.randomizedtesting.RandomizedRunner$5.evaluate(RandomizedRunner.java:832)
	at com.carrotsearch.randomizedtesting.RandomizedRunner$6.evaluate(RandomizedRunner.java:883)
	at com.carrotsearch.randomizedtesting.RandomizedRunner$7.evaluate(RandomizedRunner.java:894)
	at com.carrotsearch.randomizedtesting.rules.StatementAdapter.evaluate(StatementAdapter.java:36)
	at com.carrotsearch.randomizedtesting.rules.SystemPropertiesRestoreRule$1.evaluate(SystemPropertiesRestoreRule.java:57)
	at org.apache.lucene.util.AbstractBeforeAfterRule$1.evaluate(AbstractBeforeAfterRule.java:45)
	at com.carrotsearch.randomizedtesting.rules.StatementAdapter.evaluate(StatementAdapter.java:36)
	at org.apache.lucene.util.TestRuleStoreClassName$1.evaluate(TestRuleStoreClassName.java:41)
	at com.carrotsearch.randomizedtesting.rules.NoShadowingOrOverridesOnMethodsRule$1.evaluate(NoShadowingOrOverridesOnMethodsRule.java:40)
	at com.carrotsearch.randomizedtesting.rules.NoShadowingOrOverridesOnMethodsRule$1.evaluate(NoShadowingOrOverridesOnMethodsRule.java:40)
	at com.carrotsearch.randomizedtesting.rules.StatementAdapter.evaluate(StatementAdapter.java:36)
	at com.carrotsearch.randomizedtesting.rules.StatementAdapter.evaluate(StatementAdapter.java:36)
	at com.carrotsearch.randomizedtesting.rules.StatementAdapter.evaluate(StatementAdapter.java:36)
	at org.apache.lucene.util.TestRuleAssertionsRequired$1.evaluate(TestRuleAssertionsRequired.java:53)
	at org.apache.lucene.util.TestRuleMarkFailure$1.evaluate(TestRuleMarkFailure.java:47)
	at org.apache.lucene.util.TestRuleIgnoreAfterMaxFailures$1.evaluate(TestRuleIgnoreAfterMaxFailures.java:64)
	at org.apache.lucene.util.TestRuleIgnoreTestSuites$1.evaluate(TestRuleIgnoreTestSuites.java:54)
	at com.carrotsearch.randomizedtesting.rules.StatementAdapter.evaluate(StatementAdapter.java:36)
	at com.carrotsearch.randomizedtesting.ThreadLeakControl$StatementRunner.run(ThreadLeakControl.java:368)
	at java.lang.Thread.run(Thread.java:748)
</errorStackTrace><failedSince>3760</failedSince><name>test</name><skipped>false</skipped><status>FAILED</status><stderr></stderr><stdout></stdout></case><case><age>0</age><className>org.apache.solr.cloud.MoveReplicaHDFSTest</className><duration>11.808</duration><failedSince>0</failedSince><name>testNormalFailedMove</name><skipped>false</skipped><status>PASSED</status><stderr></stderr><stdout></stdout></case><case><age>0</age><className>org.apache.solr.cloud.MoveReplicaHDFSTest</className><duration>16.155</duration><failedSince>0</failedSince><name>testNormalMove</name><skipped>false</skipped><status>PASSED</status><stderr></stderr><stdout></stdout></case><case><age>3761</age><className>org.apache.solr.cloud.MoveReplicaHDFSTest</className><duration>0.0</duration><failedSince>0</failedSince><name>testFailedMove</name><skipped>true</skipped><skippedMessage></skippedMessage><status>SKIPPED</status><stderr></stderr><stdout></stdout></case><case><age>1</age><className>org.apache.solr.cloud.MoveReplicaHDFSTest</className><duration>13.272</duration><errorDetails>expected not same</errorDetails><errorStackTrace>java.lang.AssertionError: expected not same
	at __randomizedtesting.SeedInfo.seed([4B008229FE5903DC:C354BDF350A56E24]:0)
	at org.junit.Assert.fail(Assert.java:88)
	at org.junit.Assert.failSame(Assert.java:819)
	at org.junit.Assert.assertNotSame(Assert.java:798)
	at org.junit.Assert.assertNotSame(Assert.java:811)
	at org.apache.solr.cloud.MoveReplicaTest.test(MoveReplicaTest.java:147)
	at sun.reflect.NativeMethodAccessorImpl.invoke0(Native Method)
	at sun.reflect.NativeMethodAccessorImpl.invoke(NativeMethodAccessorImpl.java:62)
	at sun.reflect.DelegatingMethodAccessorImpl.invoke(DelegatingMethodAccessorImpl.java:43)
	at java.lang.reflect.Method.invoke(Method.java:498)
	at com.carrotsearch.randomizedtesting.RandomizedRunner.invoke(RandomizedRunner.java:1750)
	at com.carrotsearch.randomizedtesting.RandomizedRunner$8.evaluate(RandomizedRunner.java:938)
	at com.carrotsearch.randomizedtesting.RandomizedRunner$9.evaluate(RandomizedRunner.java:974)
	at com.carrotsearch.randomizedtesting.RandomizedRunner$10.evaluate(RandomizedRunner.java:988)
	at com.carrotsearch.randomizedtesting.rules.SystemPropertiesRestoreRule$1.evaluate(SystemPropertiesRestoreRule.java:57)
	at org.apache.lucene.util.TestRuleSetupTeardownChained$1.evaluate(TestRuleSetupTeardownChained.java:49)
	at org.apache.lucene.util.AbstractBeforeAfterRule$1.evaluate(AbstractBeforeAfterRule.java:45)
	at org.apache.lucene.util.TestRuleThreadAndTestName$1.evaluate(TestRuleThreadAndTestName.java:48)
	at org.apache.lucene.util.TestRuleIgnoreAfterMaxFailures$1.evaluate(TestRuleIgnoreAfterMaxFailures.java:64)
	at org.apache.lucene.util.TestRuleMarkFailure$1.evaluate(TestRuleMarkFailure.java:47)
	at com.carrotsearch.randomizedtesting.rules.StatementAdapter.evaluate(StatementAdapter.java:36)
	at com.carrotsearch.randomizedtesting.ThreadLeakControl$StatementRunner.run(ThreadLeakControl.java:368)
	at com.carrotsearch.randomizedtesting.ThreadLeakControl.forkTimeoutingTask(ThreadLeakControl.java:817)
	at com.carrotsearch.randomizedtesting.ThreadLeakControl$3.evaluate(ThreadLeakControl.java:468)
	at com.carrotsearch.randomizedtesting.RandomizedRunner.runSingleTest(RandomizedRunner.java:947)
	at com.carrotsearch.randomizedtesting.RandomizedRunner$5.evaluate(RandomizedRunner.java:832)
	at com.carrotsearch.randomizedtesting.RandomizedRunner$6.evaluate(RandomizedRunner.java:883)
	at com.carrotsearch.randomizedtesting.RandomizedRunner$7.evaluate(RandomizedRunner.java:894)
	at com.carrotsearch.randomizedtesting.rules.StatementAdapter.evaluate(StatementAdapter.java:36)
	at com.carrotsearch.randomizedtesting.rules.SystemPropertiesRestoreRule$1.evaluate(SystemPropertiesRestoreRule.java:57)
	at org.apache.lucene.util.AbstractBeforeAfterRule$1.evaluate(AbstractBeforeAfterRule.java:45)
	at com.carrotsearch.randomizedtesting.rules.StatementAdapter.evaluate(StatementAdapter.java:36)
	at org.apache.lucene.util.TestRuleStoreClassName$1.evaluate(TestRuleStoreClassName.java:41)
	at com.carrotsearch.randomizedtesting.rules.NoShadowingOrOverridesOnMethodsRule$1.evaluate(NoShadowingOrOverridesOnMethodsRule.java:40)
	at com.carrotsearch.randomizedtesting.rules.NoShadowingOrOverridesOnMethodsRule$1.evaluate(NoShadowingOrOverridesOnMethodsRule.java:40)
	at com.carrotsearch.randomizedtesting.rules.StatementAdapter.evaluate(StatementAdapter.java:36)
	at com.carrotsearch.randomizedtesting.rules.StatementAdapter.evaluate(StatementAdapter.java:36)
	at com.carrotsearch.randomizedtesting.rules.StatementAdapter.evaluate(StatementAdapter.java:36)
	at org.apache.lucene.util.TestRuleAssertionsRequired$1.evaluate(TestRuleAssertionsRequired.java:53)
	at org.apache.lucene.util.TestRuleMarkFailure$1.evaluate(TestRuleMarkFailure.java:47)
	at org.apache.lucene.util.TestRuleIgnoreAfterMaxFailures$1.evaluate(TestRuleIgnoreAfterMaxFailures.java:64)
	at org.apache.lucene.util.TestRuleIgnoreTestSuites$1.evaluate(TestRuleIgnoreTestSuites.java:54)
	at com.carrotsearch.randomizedtesting.rules.StatementAdapter.evaluate(StatementAdapter.java:36)
	at com.carrotsearch.randomizedtesting.ThreadLeakControl$StatementRunner.run(ThreadLeakControl.java:368)
	at java.lang.Thread.run(Thread.java:748)
</errorStackTrace><failedSince>3760</failedSince><name>test</name><skipped>false</skipped><status>FAILED</status><stderr></stderr><stdout></stdout></case><case><age>0</age><className>org.apache.solr.cloud.MoveReplicaHDFSTest</className><duration>10.928</duration><failedSince>0</failedSince><name>testNormalFailedMove</name><skipped>false</skipped><status>PASSED</status><stderr></stderr><stdout></stdout></case><case><age>0</age><className>org.apache.solr.cloud.MoveReplicaHDFSTest</className><duration>21.539</duration><failedSince>0</failedSince><name>testNormalMove</name><skipped>false</skipped><status>PASSED</status><stderr></stderr><stdout></stdout></case><case><age>3761</age><className>org.apache.solr.cloud.MoveReplicaHDFSTest</className><duration>0.001</duration><failedSince>0</failedSince><name>testFailedMove</name><skipped>true</skipped><skippedMessage></skippedMessage><status>SKIPPED</status><stderr></stderr><stdout></stdout></case><case><age>1</age><className>org.apache.solr.cloud.MoveReplicaHDFSTest</className><duration>10.936</duration><errorDetails>expected not same</errorDetails><errorStackTrace>java.lang.AssertionError: expected not same
	at __randomizedtesting.SeedInfo.seed([4B008229FE5903DC:C354BDF350A56E24]:0)
	at org.junit.Assert.fail(Assert.java:88)
	at org.junit.Assert.failSame(Assert.java:819)
	at org.junit.Assert.assertNotSame(Assert.java:798)
	at org.junit.Assert.assertNotSame(Assert.java:811)
	at org.apache.solr.cloud.MoveReplicaTest.test(MoveReplicaTest.java:147)
	at sun.reflect.NativeMethodAccessorImpl.invoke0(Native Method)
	at sun.reflect.NativeMethodAccessorImpl.invoke(NativeMethodAccessorImpl.java:62)
	at sun.reflect.DelegatingMethodAccessorImpl.invoke(DelegatingMethodAccessorImpl.java:43)
	at java.lang.reflect.Method.invoke(Method.java:498)
	at com.carrotsearch.randomizedtesting.RandomizedRunner.invoke(RandomizedRunner.java:1750)
	at com.carrotsearch.randomizedtesting.RandomizedRunner$8.evaluate(RandomizedRunner.java:938)
	at com.carrotsearch.randomizedtesting.RandomizedRunner$9.evaluate(RandomizedRunner.java:974)
	at com.carrotsearch.randomizedtesting.RandomizedRunner$10.evaluate(RandomizedRunner.java:988)
	at com.carrotsearch.randomizedtesting.rules.SystemPropertiesRestoreRule$1.evaluate(SystemPropertiesRestoreRule.java:57)
	at org.apache.lucene.util.TestRuleSetupTeardownChained$1.evaluate(TestRuleSetupTeardownChained.java:49)
	at org.apache.lucene.util.AbstractBeforeAfterRule$1.evaluate(AbstractBeforeAfterRule.java:45)
	at org.apache.lucene.util.TestRuleThreadAndTestName$1.evaluate(TestRuleThreadAndTestName.java:48)
	at org.apache.lucene.util.TestRuleIgnoreAfterMaxFailures$1.evaluate(TestRuleIgnoreAfterMaxFailures.java:64)
	at org.apache.lucene.util.TestRuleMarkFailure$1.evaluate(TestRuleMarkFailure.java:47)
	at com.carrotsearch.randomizedtesting.rules.StatementAdapter.evaluate(StatementAdapter.java:36)
	at com.carrotsearch.randomizedtesting.ThreadLeakControl$StatementRunner.run(ThreadLeakControl.java:368)
	at com.carrotsearch.randomizedtesting.ThreadLeakControl.forkTimeoutingTask(ThreadLeakControl.java:817)
	at com.carrotsearch.randomizedtesting.ThreadLeakControl$3.evaluate(ThreadLeakControl.java:468)
	at com.carrotsearch.randomizedtesting.RandomizedRunner.runSingleTest(RandomizedRunner.java:947)
	at com.carrotsearch.randomizedtesting.RandomizedRunner$5.evaluate(RandomizedRunner.java:832)
	at com.carrotsearch.randomizedtesting.RandomizedRunner$6.evaluate(RandomizedRunner.java:883)
	at com.carrotsearch.randomizedtesting.RandomizedRunner$7.evaluate(RandomizedRunner.java:894)
	at com.carrotsearch.randomizedtesting.rules.StatementAdapter.evaluate(StatementAdapter.java:36)
	at com.carrotsearch.randomizedtesting.rules.SystemPropertiesRestoreRule$1.evaluate(SystemPropertiesRestoreRule.java:57)
	at org.apache.lucene.util.AbstractBeforeAfterRule$1.evaluate(AbstractBeforeAfterRule.java:45)
	at com.carrotsearch.randomizedtesting.rules.StatementAdapter.evaluate(StatementAdapter.java:36)
	at org.apache.lucene.util.TestRuleStoreClassName$1.evaluate(TestRuleStoreClassName.java:41)
	at com.carrotsearch.randomizedtesting.rules.NoShadowingOrOverridesOnMethodsRule$1.evaluate(NoShadowingOrOverridesOnMethodsRule.java:40)
	at com.carrotsearch.randomizedtesting.rules.NoShadowingOrOverridesOnMethodsRule$1.evaluate(NoShadowingOrOverridesOnMethodsRule.java:40)
	at com.carrotsearch.randomizedtesting.rules.StatementAdapter.evaluate(StatementAdapter.java:36)
	at com.carrotsearch.randomizedtesting.rules.StatementAdapter.evaluate(StatementAdapter.java:36)
	at com.carrotsearch.randomizedtesting.rules.StatementAdapter.evaluate(StatementAdapter.java:36)
	at org.apache.lucene.util.TestRuleAssertionsRequired$1.evaluate(TestRuleAssertionsRequired.java:53)
	at org.apache.lucene.util.TestRuleMarkFailure$1.evaluate(TestRuleMarkFailure.java:47)
	at org.apache.lucene.util.TestRuleIgnoreAfterMaxFailures$1.evaluate(TestRuleIgnoreAfterMaxFailures.java:64)
	at org.apache.lucene.util.TestRuleIgnoreTestSuites$1.evaluate(TestRuleIgnoreTestSuites.java:54)
	at com.carrotsearch.randomizedtesting.rules.StatementAdapter.evaluate(StatementAdapter.java:36)
	at com.carrotsearch.randomizedtesting.ThreadLeakControl$StatementRunner.run(ThreadLeakControl.java:368)
	at java.lang.Thread.run(Thread.java:748)
</errorStackTrace><failedSince>3760</failedSince><name>test</name><skipped>false</skipped><status>FAILED</status><stderr></stderr><stdout></stdout></case><case><age>0</age><className>org.apache.solr.cloud.MoveReplicaHDFSTest</className><duration>10.196</duration><failedSince>0</failedSince><name>testNormalFailedMove</name><skipped>false</skipped><status>PASSED</status><stderr></stderr><stdout></stdout></case><duration>236.91801</duration><name>org.apache.solr.cloud.MoveReplicaHDFSTest</name><stderr></stderr><stdout></stdout><timestamp>2019-11-18T23:25:26</timestamp></suite><suite><case><age>0</age><className>org.apache.solr.spelling.SpellCheckCollatorTest</className><duration>0.07</duration><failedSince>0</failedSince><name>testCollateWithGrouping</name><skipped>false</skipped><status>PASSED</status><stderr></stderr><stdout></stdout></case><case><age>0</age><className>org.apache.solr.spelling.SpellCheckCollatorTest</className><duration>0.182</duration><failedSince>0</failedSince><name>testEstimatedHitCounts</name><skipped>false</skipped><status>PASSED</status><stderr></stderr><stdout></stdout></case><case><age>0</age><className>org.apache.solr.spelling.SpellCheckCollatorTest</className><duration>0.089</duration><failedSince>0</failedSince><name>testCollateWithMultipleRequestHandlers</name><skipped>false</skipped><status>PASSED</status><stderr></stderr><stdout></stdout></case><case><age>0</age><className>org.apache.solr.spelling.SpellCheckCollatorTest</className><duration>0.155</duration><failedSince>0</failedSince><name>testCollationWithHypens</name><skipped>false</skipped><status>PASSED</status><stderr></stderr><stdout></stdout></case><case><age>0</age><className>org.apache.solr.spelling.SpellCheckCollatorTest</className><duration>0.089</duration><failedSince>0</failedSince><name>testZeroTries</name><skipped>false</skipped><status>PASSED</status><stderr></stderr><stdout></stdout></case><case><age>0</age><className>org.apache.solr.spelling.SpellCheckCollatorTest</className><duration>0.123</duration><failedSince>0</failedSince><name>testCollateWithFilter</name><skipped>false</skipped><status>PASSED</status><stderr></stderr><stdout></stdout></case><case><age>0</age><className>org.apache.solr.spelling.SpellCheckCollatorTest</className><duration>0.084</duration><failedSince>0</failedSince><name>testCollationWithRangeQuery</name><skipped>false</skipped><status>PASSED</status><stderr></stderr><stdout></stdout></case><case><age>0</age><className>org.apache.solr.spelling.SpellCheckCollatorTest</className><duration>0.11</duration><failedSince>0</failedSince><name>testContextSensitiveCollate</name><skipped>false</skipped><status>PASSED</status><stderr></stderr><stdout></stdout></case><case><age>0</age><className>org.apache.solr.spelling.SpellCheckCollatorTest</className><duration>0.072</duration><failedSince>0</failedSince><name>testWithCursorMark</name><skipped>false</skipped><status>PASSED</status><stderr></stderr><stdout></stdout></case><case><age>0</age><className>org.apache.solr.spelling.SpellCheckCollatorTest</className><duration>0.02</duration><failedSince>0</failedSince><name>testCollateWithOverride</name><skipped>false</skipped><status>PASSED</status><stderr></stderr><stdout></stdout></case><case><age>0</age><className>org.apache.solr.spelling.SpellCheckCollatorTest</className><duration>0.078</duration><failedSince>0</failedSince><name>testExtendedCollate</name><skipped>false</skipped><status>PASSED</status><stderr></stderr><stdout></stdout></case><case><age>0</age><className>org.apache.solr.spelling.SpellCheckCollatorTest</className><duration>0.07</duration><failedSince>0</failedSince><name>testCollateWithGrouping</name><skipped>false</skipped><status>PASSED</status><stderr></stderr><stdout></stdout></case><case><age>0</age><className>org.apache.solr.spelling.SpellCheckCollatorTest</className><duration>0.14</duration><failedSince>0</failedSince><name>testEstimatedHitCounts</name><skipped>false</skipped><status>PASSED</status><stderr></stderr><stdout></stdout></case><case><age>0</age><className>org.apache.solr.spelling.SpellCheckCollatorTest</className><duration>0.068</duration><failedSince>0</failedSince><name>testCollateWithMultipleRequestHandlers</name><skipped>false</skipped><status>PASSED</status><stderr></stderr><stdout></stdout></case><case><age>0</age><className>org.apache.solr.spelling.SpellCheckCollatorTest</className><duration>0.126</duration><failedSince>0</failedSince><name>testCollationWithHypens</name><skipped>false</skipped><status>PASSED</status><stderr></stderr><stdout></stdout></case><case><age>0</age><className>org.apache.solr.spelling.SpellCheckCollatorTest</className><duration>0.065</duration><failedSince>0</failedSince><name>testZeroTries</name><skipped>false</skipped><status>PASSED</status><stderr></stderr><stdout></stdout></case><case><age>0</age><className>org.apache.solr.spelling.SpellCheckCollatorTest</className><duration>0.069</duration><failedSince>0</failedSince><name>testCollateWithFilter</name><skipped>false</skipped><status>PASSED</status><stderr></stderr><stdout></stdout></case><case><age>0</age><className>org.apache.solr.spelling.SpellCheckCollatorTest</className><duration>0.072</duration><failedSince>0</failedSince><name>testCollationWithRangeQuery</name><skipped>false</skipped><status>PASSED</status><stderr></stderr><stdout></stdout></case><case><age>0</age><className>org.apache.solr.spelling.SpellCheckCollatorTest</className><duration>0.086</duration><failedSince>0</failedSince><name>testContextSensitiveCollate</name><skipped>false</skipped><status>PASSED</status><stderr></stderr><stdout></stdout></case><case><age>0</age><className>org.apache.solr.spelling.SpellCheckCollatorTest</className><duration>0.064</duration><failedSince>0</failedSince><name>testWithCursorMark</name><skipped>false</skipped><status>PASSED</status><stderr></stderr><stdout></stdout></case><case><age>0</age><className>org.apache.solr.spelling.SpellCheckCollatorTest</className><duration>0.013</duration><failedSince>0</failedSince><name>testCollateWithOverride</name><skipped>false</skipped><status>PASSED</status><stderr></stderr><stdout></stdout></case><case><age>0</age><className>org.apache.solr.spelling.SpellCheckCollatorTest</className><duration>0.081</duration><failedSince>0</failedSince><name>testExtendedCollate</name><skipped>false</skipped><status>PASSED</status><stderr></stderr><stdout></stdout></case><case><age>0</age><className>org.apache.solr.spelling.SpellCheckCollatorTest</className><duration>0.066</duration><failedSince>0</failedSince><name>testCollateWithGrouping</name><skipped>false</skipped><status>PASSED</status><stderr></stderr><stdout></stdout></case><case><age>0</age><className>org.apache.solr.spelling.SpellCheckCollatorTest</className><duration>0.146</duration><failedSince>0</failedSince><name>testEstimatedHitCounts</name><skipped>false</skipped><status>PASSED</status><stderr></stderr><stdout></stdout></case><case><age>0</age><className>org.apache.solr.spelling.SpellCheckCollatorTest</className><duration>0.085</duration><failedSince>0</failedSince><name>testCollateWithMultipleRequestHandlers</name><skipped>false</skipped><status>PASSED</status><stderr></stderr><stdout></stdout></case><case><age>0</age><className>org.apache.solr.spelling.SpellCheckCollatorTest</className><duration>0.125</duration><failedSince>0</failedSince><name>testCollationWithHypens</name><skipped>false</skipped><status>PASSED</status><stderr></stderr><stdout></stdout></case><case><age>0</age><className>org.apache.solr.spelling.SpellCheckCollatorTest</className><duration>0.064</duration><failedSince>0</failedSince><name>testZeroTries</name><skipped>false</skipped><status>PASSED</status><stderr></stderr><stdout></stdout></case><case><age>0</age><className>org.apache.solr.spelling.SpellCheckCollatorTest</className><duration>0.067</duration><failedSince>0</failedSince><name>testCollateWithFilter</name><skipped>false</skipped><status>PASSED</status><stderr></stderr><stdout></stdout></case><case><age>0</age><className>org.apache.solr.spelling.SpellCheckCollatorTest</className><duration>0.062</duration><failedSince>0</failedSince><name>testCollationWithRangeQuery</name><skipped>false</skipped><status>PASSED</status><stderr></stderr><stdout></stdout></case><case><age>0</age><className>org.apache.solr.spelling.SpellCheckCollatorTest</className><duration>0.077</duration><failedSince>0</failedSince><name>testContextSensitiveCollate</name><skipped>false</skipped><status>PASSED</status><stderr></stderr><stdout></stdout></case><case><age>0</age><className>org.apache.solr.spelling.SpellCheckCollatorTest</className><duration>0.063</duration><failedSince>0</failedSince><name>testWithCursorMark</name><skipped>false</skipped><status>PASSED</status><stderr></stderr><stdout></stdout></case><case><age>0</age><className>org.apache.solr.spelling.SpellCheckCollatorTest</className><duration>0.012</duration><failedSince>0</failedSince><name>testCollateWithOverride</name><skipped>false</skipped><status>PASSED</status><stderr></stderr><stdout></stdout></case><case><age>0</age><className>org.apache.solr.spelling.SpellCheckCollatorTest</className><duration>0.069</duration><failedSince>0</failedSince><name>testExtendedCollate</name><skipped>false</skipped><status>PASSED</status><stderr></stderr><stdout></stdout></case><case><age>0</age><className>org.apache.solr.spelling.SpellCheckCollatorTest</className><duration>0.063</duration><failedSince>0</failedSince><name>testCollateWithGrouping</name><skipped>false</skipped><status>PASSED</status><stderr></stderr><stdout></stdout></case><case><age>0</age><className>org.apache.solr.spelling.SpellCheckCollatorTest</className><duration>0.153</duration><failedSince>0</failedSince><name>testEstimatedHitCounts</name><skipped>false</skipped><status>PASSED</status><stderr></stderr><stdout></stdout></case><case><age>0</age><className>org.apache.solr.spelling.SpellCheckCollatorTest</className><duration>0.069</duration><failedSince>0</failedSince><name>testCollateWithMultipleRequestHandlers</name><skipped>false</skipped><status>PASSED</status><stderr></stderr><stdout></stdout></case><case><age>0</age><className>org.apache.solr.spelling.SpellCheckCollatorTest</className><duration>0.144</duration><failedSince>0</failedSince><name>testCollationWithHypens</name><skipped>false</skipped><status>PASSED</status><stderr></stderr><stdout></stdout></case><case><age>0</age><className>org.apache.solr.spelling.SpellCheckCollatorTest</className><duration>0.064</duration><failedSince>0</failedSince><name>testZeroTries</name><skipped>false</skipped><status>PASSED</status><stderr></stderr><stdout></stdout></case><case><age>0</age><className>org.apache.solr.spelling.SpellCheckCollatorTest</className><duration>0.066</duration><failedSince>0</failedSince><name>testCollateWithFilter</name><skipped>false</skipped><status>PASSED</status><stderr></stderr><stdout></stdout></case><case><age>0</age><className>org.apache.solr.spelling.SpellCheckCollatorTest</className><duration>0.069</duration><failedSince>0</failedSince><name>testCollationWithRangeQuery</name><skipped>false</skipped><status>PASSED</status><stderr></stderr><stdout></stdout></case><case><age>0</age><className>org.apache.solr.spelling.SpellCheckCollatorTest</className><duration>0.118</duration><failedSince>0</failedSince><name>testContextSensitiveCollate</name><skipped>false</skipped><status>PASSED</status><stderr></stderr><stdout></stdout></case><case><age>0</age><className>org.apache.solr.spelling.SpellCheckCollatorTest</className><duration>0.069</duration><failedSince>0</failedSince><name>testWithCursorMark</name><skipped>false</skipped><status>PASSED</status><stderr></stderr><stdout></stdout></case><case><age>0</age><className>org.apache.solr.spelling.SpellCheckCollatorTest</className><duration>0.017</duration><failedSince>0</failedSince><name>testCollateWithOverride</name><skipped>false</skipped><status>PASSED</status><stderr></stderr><stdout></stdout></case><case><age>0</age><className>org.apache.solr.spelling.SpellCheckCollatorTest</className><duration>0.077</duration><failedSince>0</failedSince><name>testExtendedCollate</name><skipped>false</skipped><status>PASSED</status><stderr></stderr><stdout></stdout></case><case><age>0</age><className>org.apache.solr.spelling.SpellCheckCollatorTest</className><duration>0.597</duration><failedSince>0</failedSince><name>testCollateWithGrouping</name><skipped>false</skipped><status>PASSED</status><stderr></stderr><stdout></stdout></case><case><age>0</age><className>org.apache.solr.spelling.SpellCheckCollatorTest</className><duration>0.9</duration><failedSince>0</failedSince><name>testEstimatedHitCounts</name><skipped>false</skipped><status>PASSED</status><stderr></stderr><stdout></stdout></case><case><age>0</age><className>org.apache.solr.spelling.SpellCheckCollatorTest</className><duration>0.327</duration><failedSince>0</failedSince><name>testCollateWithMultipleRequestHandlers</name><skipped>false</skipped><status>PASSED</status><stderr></stderr><stdout></stdout></case><case><age>0</age><className>org.apache.solr.spelling.SpellCheckCollatorTest</className><duration>0.412</duration><failedSince>0</failedSince><name>testCollationWithHypens</name><skipped>false</skipped><status>PASSED</status><stderr></stderr><stdout></stdout></case><case><age>0</age><className>org.apache.solr.spelling.SpellCheckCollatorTest</className><duration>0.07</duration><failedSince>0</failedSince><name>testZeroTries</name><skipped>false</skipped><status>PASSED</status><stderr></stderr><stdout></stdout></case><case><age>0</age><className>org.apache.solr.spelling.SpellCheckCollatorTest</className><duration>0.349</duration><failedSince>0</failedSince><name>testCollateWithFilter</name><skipped>false</skipped><status>PASSED</status><stderr></stderr><stdout></stdout></case><case><age>0</age><className>org.apache.solr.spelling.SpellCheckCollatorTest</className><duration>0.09</duration><failedSince>0</failedSince><name>testCollationWithRangeQuery</name><skipped>false</skipped><status>PASSED</status><stderr></stderr><stdout></stdout></case><case><age>0</age><className>org.apache.solr.spelling.SpellCheckCollatorTest</className><duration>0.131</duration><failedSince>0</failedSince><name>testContextSensitiveCollate</name><skipped>false</skipped><status>PASSED</status><stderr></stderr><stdout></stdout></case><case><age>0</age><className>org.apache.solr.spelling.SpellCheckCollatorTest</className><duration>0.418</duration><failedSince>0</failedSince><name>testWithCursorMark</name><skipped>false</skipped><status>PASSED</status><stderr></stderr><stdout></stdout></case><case><age>0</age><className>org.apache.solr.spelling.SpellCheckCollatorTest</className><duration>0.036</duration><failedSince>0</failedSince><name>testCollateWithOverride</name><skipped>false</skipped><status>PASSED</status><stderr></stderr><stdout></stdout></case><case><age>0</age><className>org.apache.solr.spelling.SpellCheckCollatorTest</className><duration>0.094</duration><failedSince>0</failedSince><name>testExtendedCollate</name><skipped>false</skipped><status>PASSED</status><stderr></stderr><stdout></stdout></case><duration>26.142</duration><name>org.apache.solr.spelling.SpellCheckCollatorTest</name><stderr></stderr><stdout></stdout><timestamp>2019-11-18T23:26:50</timestamp></suite></testResult>