Executing 1 suite with 1 JVM.
[15:58:20.268] ERROR    150s | RecoveryZkTest.testDistribSearch {#14 seed=[2D2ED71D5793DC59:16E85ABA2A80CB79]}
   > Throwable #1: java.lang.RuntimeException: Thread threw an uncaught exception, thread: Thread[Lucene Merge Thread #3,6,]
   > 	at com.carrotsearch.randomizedtesting.RunnerThreadGroup.processUncaught(RunnerThreadGroup.java:96)
   > 	at com.carrotsearch.randomizedtesting.RandomizedRunner.runSingleTest(RandomizedRunner.java:859)
   > 	at com.carrotsearch.randomizedtesting.RandomizedRunner.access$700(RandomizedRunner.java:132)
   > 	at com.carrotsearch.randomizedtesting.RandomizedRunner$3$1.run(RandomizedRunner.java:671)
   > 	at com.carrotsearch.randomizedtesting.RandomizedRunner$3.evaluate(RandomizedRunner.java:697)
   > 	at com.carrotsearch.randomizedtesting.RandomizedRunner$4.evaluate(RandomizedRunner.java:736)
   > 	at com.carrotsearch.randomizedtesting.RandomizedRunner$5.evaluate(RandomizedRunner.java:747)
   > 	at com.carrotsearch.randomizedtesting.rules.SystemPropertiesRestoreRule$1.evaluate(SystemPropertiesRestoreRule.java:53)
   > 	at org.apache.lucene.util.AbstractBeforeAfterRule$1.evaluate(AbstractBeforeAfterRule.java:45)
   > 	at org.apache.lucene.util.TestRuleReportUncaughtExceptions$1.evaluate(TestRuleReportUncaughtExceptions.java:68)
   > 	at org.apache.lucene.util.TestRuleStoreClassName$1.evaluate(TestRuleStoreClassName.java:38)
   > 	at org.apache.lucene.util.TestRuleIcuHack$1.evaluate(TestRuleIcuHack.java:51)
   > 	at com.carrotsearch.randomizedtesting.rules.SystemPropertiesInvariantRule$1.evaluate(SystemPropertiesInvariantRule.java:55)
   > 	at org.apache.lucene.util.TestRuleNoInstanceHooksOverrides$1.evaluate(TestRuleNoInstanceHooksOverrides.java:53)
   > 	at org.apache.lucene.util.TestRuleNoStaticHooksShadowing$1.evaluate(TestRuleNoStaticHooksShadowing.java:52)
   > 	at org.apache.lucene.util.TestRuleAssertionsRequired$1.evaluate(TestRuleAssertionsRequired.java:36)
   > 	at org.apache.lucene.util.TestRuleMarkFailure$1.evaluate(TestRuleMarkFailure.java:48)
   > 	at org.apache.lucene.util.TestRuleIgnoreAfterMaxFailures$1.evaluate(TestRuleIgnoreAfterMaxFailures.java:70)
   > 	at org.apache.lucene.util.TestRuleIgnoreTestSuites$1.evaluate(TestRuleIgnoreTestSuites.java:55)
   > 	at com.carrotsearch.randomizedtesting.RandomizedRunner.runSuite(RandomizedRunner.java:605)
   > 	at com.carrotsearch.randomizedtesting.RandomizedRunner.access$400(RandomizedRunner.java:132)
   > 	at com.carrotsearch.randomizedtesting.RandomizedRunner$2.run(RandomizedRunner.java:551)
   > Caused by: org.apache.lucene.index.MergePolicy$MergeException: java.lang.AssertionError: name=_i7_MockSep_0.pos
   > 	at __randomizedtesting.SeedInfo.seed([2D2ED71D5793DC59]:0)
   > 	at org.apache.lucene.index.ConcurrentMergeScheduler.handleMergeException(ConcurrentMergeScheduler.java:507)
   > 	at org.apache.lucene.index.ConcurrentMergeScheduler$MergeThread.run(ConcurrentMergeScheduler.java:480)
   > Caused by: java.lang.AssertionError: name=_i7_MockSep_0.pos
   > 	at org.apache.lucene.store.NRTCachingDirectory.deleteFile(NRTCachingDirectory.java:165)
   > 	at org.apache.lucene.index.IndexFileDeleter.deleteFile(IndexFileDeleter.java:568)
   > 	at org.apache.lucene.index.IndexFileDeleter.decRef(IndexFileDeleter.java:507)
   > 	at org.apache.lucene.index.IndexFileDeleter.decRef(IndexFileDeleter.java:492)
   > 	at org.apache.lucene.index.IndexFileDeleter.checkpoint(IndexFileDeleter.java:453)
   > 	at org.apache.lucene.index.IndexWriter.checkpoint(IndexWriter.java:2000)
   > 	at org.apache.lucene.index.IndexWriter.commitMerge(IndexWriter.java:3052)
   > 	at org.apache.lucene.index.IndexWriter.mergeMiddle(IndexWriter.java:3634)
   > 	at org.apache.lucene.index.IndexWriter.merge(IndexWriter.java:3121)
   > 	at org.apache.lucene.index.ConcurrentMergeScheduler.doMerge(ConcurrentMergeScheduler.java:382)
   > 	at org.apache.lucene.index.ConcurrentMergeScheduler$MergeThread.run(ConcurrentMergeScheduler.java:451)
   > 
  2>
[17:24:07.351] ERROR    146s | RecoveryZkTest.testDistribSearch {#54 seed=[2D2ED71D5793DC59:5CAC3C32A5EF9696]}
   > Throwable #1: java.lang.RuntimeException: Thread threw an uncaught exception, thread: Thread[Lucene Merge Thread #3,6,]
   > 	at com.carrotsearch.randomizedtesting.RunnerThreadGroup.processUncaught(RunnerThreadGroup.java:96)
   > 	at com.carrotsearch.randomizedtesting.RandomizedRunner.runSingleTest(RandomizedRunner.java:859)
   > 	at com.carrotsearch.randomizedtesting.RandomizedRunner.access$700(RandomizedRunner.java:132)
   > 	at com.carrotsearch.randomizedtesting.RandomizedRunner$3$1.run(RandomizedRunner.java:671)
   > 	at com.carrotsearch.randomizedtesting.RandomizedRunner$3.evaluate(RandomizedRunner.java:697)
   > 	at com.carrotsearch.randomizedtesting.RandomizedRunner$4.evaluate(RandomizedRunner.java:736)
   > 	at com.carrotsearch.randomizedtesting.RandomizedRunner$5.evaluate(RandomizedRunner.java:747)
   > 	at com.carrotsearch.randomizedtesting.rules.SystemPropertiesRestoreRule$1.evaluate(SystemPropertiesRestoreRule.java:53)
   > 	at org.apache.lucene.util.AbstractBeforeAfterRule$1.evaluate(AbstractBeforeAfterRule.java:45)
   > 	at org.apache.lucene.util.TestRuleReportUncaughtExceptions$1.evaluate(TestRuleReportUncaughtExceptions.java:68)
   > 	at org.apache.lucene.util.TestRuleStoreClassName$1.evaluate(TestRuleStoreClassName.java:38)
   > 	at org.apache.lucene.util.TestRuleIcuHack$1.evaluate(TestRuleIcuHack.java:51)
   > 	at com.carrotsearch.randomizedtesting.rules.SystemPropertiesInvariantRule$1.evaluate(SystemPropertiesInvariantRule.java:55)
   > 	at org.apache.lucene.util.TestRuleNoInstanceHooksOverrides$1.evaluate(TestRuleNoInstanceHooksOverrides.java:53)
   > 	at org.apache.lucene.util.TestRuleNoStaticHooksShadowing$1.evaluate(TestRuleNoStaticHooksShadowing.java:52)
   > 	at org.apache.lucene.util.TestRuleAssertionsRequired$1.evaluate(TestRuleAssertionsRequired.java:36)
   > 	at org.apache.lucene.util.TestRuleMarkFailure$1.evaluate(TestRuleMarkFailure.java:48)
   > 	at org.apache.lucene.util.TestRuleIgnoreAfterMaxFailures$1.evaluate(TestRuleIgnoreAfterMaxFailures.java:70)
   > 	at org.apache.lucene.util.TestRuleIgnoreTestSuites$1.evaluate(TestRuleIgnoreTestSuites.java:55)
   > 	at com.carrotsearch.randomizedtesting.RandomizedRunner.runSuite(RandomizedRunner.java:605)
   > 	at com.carrotsearch.randomizedtesting.RandomizedRunner.access$400(RandomizedRunner.java:132)
   > 	at com.carrotsearch.randomizedtesting.RandomizedRunner$2.run(RandomizedRunner.java:551)
   > Caused by: org.apache.lucene.index.MergePolicy$MergeException: java.lang.AssertionError: name=_j9.si
   > 	at __randomizedtesting.SeedInfo.seed([2D2ED71D5793DC59]:0)
   > 	at org.apache.lucene.index.ConcurrentMergeScheduler.handleMergeException(ConcurrentMergeScheduler.java:507)
   > 	at org.apache.lucene.index.ConcurrentMergeScheduler$MergeThread.run(ConcurrentMergeScheduler.java:480)
   > Caused by: java.lang.AssertionError: name=_j9.si
   > 	at org.apache.lucene.store.NRTCachingDirectory.deleteFile(NRTCachingDirectory.java:165)
   > 	at org.apache.lucene.index.IndexFileDeleter.deleteFile(IndexFileDeleter.java:568)
   > 	at org.apache.lucene.index.IndexFileDeleter.decRef(IndexFileDeleter.java:507)
   > 	at org.apache.lucene.index.IndexFileDeleter.decRef(IndexFileDeleter.java:492)
   > 	at org.apache.lucene.index.IndexFileDeleter.checkpoint(IndexFileDeleter.java:453)
   > 	at org.apache.lucene.index.IndexWriter.checkpoint(IndexWriter.java:2000)
   > 	at org.apache.lucene.index.IndexWriter.commitMerge(IndexWriter.java:3052)
   > 	at org.apache.lucene.index.IndexWriter.mergeMiddle(IndexWriter.java:3634)
   > 	at org.apache.lucene.index.IndexWriter.merge(IndexWriter.java:3121)
   > 	at org.apache.lucene.index.ConcurrentMergeScheduler.doMerge(ConcurrentMergeScheduler.java:382)
   > 	at org.apache.lucene.index.ConcurrentMergeScheduler$MergeThread.run(ConcurrentMergeScheduler.java:451)
   > 
  2>
[17:37:00.709] ERROR    147s | RecoveryZkTest.testDistribSearch {#60 seed=[2D2ED71D5793DC59:FE2B0E6D631955C2]}
   > Throwable #1: java.lang.RuntimeException: Thread threw an uncaught exception, thread: Thread[Lucene Merge Thread #1,6,]
   > 	at com.carrotsearch.randomizedtesting.RunnerThreadGroup.processUncaught(RunnerThreadGroup.java:96)
   > 	at com.carrotsearch.randomizedtesting.RandomizedRunner.runSingleTest(RandomizedRunner.java:859)
   > 	at com.carrotsearch.randomizedtesting.RandomizedRunner.access$700(RandomizedRunner.java:132)
   > 	at com.carrotsearch.randomizedtesting.RandomizedRunner$3$1.run(RandomizedRunner.java:671)
   > 	at com.carrotsearch.randomizedtesting.RandomizedRunner$3.evaluate(RandomizedRunner.java:697)
   > 	at com.carrotsearch.randomizedtesting.RandomizedRunner$4.evaluate(RandomizedRunner.java:736)
   > 	at com.carrotsearch.randomizedtesting.RandomizedRunner$5.evaluate(RandomizedRunner.java:747)
   > 	at com.carrotsearch.randomizedtesting.rules.SystemPropertiesRestoreRule$1.evaluate(SystemPropertiesRestoreRule.java:53)
   > 	at org.apache.lucene.util.AbstractBeforeAfterRule$1.evaluate(AbstractBeforeAfterRule.java:45)
   > 	at org.apache.lucene.util.TestRuleReportUncaughtExceptions$1.evaluate(TestRuleReportUncaughtExceptions.java:68)
   > 	at org.apache.lucene.util.TestRuleStoreClassName$1.evaluate(TestRuleStoreClassName.java:38)
   > 	at org.apache.lucene.util.TestRuleIcuHack$1.evaluate(TestRuleIcuHack.java:51)
   > 	at com.carrotsearch.randomizedtesting.rules.SystemPropertiesInvariantRule$1.evaluate(SystemPropertiesInvariantRule.java:55)
   > 	at org.apache.lucene.util.TestRuleNoInstanceHooksOverrides$1.evaluate(TestRuleNoInstanceHooksOverrides.java:53)
   > 	at org.apache.lucene.util.TestRuleNoStaticHooksShadowing$1.evaluate(TestRuleNoStaticHooksShadowing.java:52)
   > 	at org.apache.lucene.util.TestRuleAssertionsRequired$1.evaluate(TestRuleAssertionsRequired.java:36)
   > 	at org.apache.lucene.util.TestRuleMarkFailure$1.evaluate(TestRuleMarkFailure.java:48)
   > 	at org.apache.lucene.util.TestRuleIgnoreAfterMaxFailures$1.evaluate(TestRuleIgnoreAfterMaxFailures.java:70)
   > 	at org.apache.lucene.util.TestRuleIgnoreTestSuites$1.evaluate(TestRuleIgnoreTestSuites.java:55)
   > 	at com.carrotsearch.randomizedtesting.RandomizedRunner.runSuite(RandomizedRunner.java:605)
   > 	at com.carrotsearch.randomizedtesting.RandomizedRunner.access$400(RandomizedRunner.java:132)
   > 	at com.carrotsearch.randomizedtesting.RandomizedRunner$2.run(RandomizedRunner.java:551)
   > Caused by: org.apache.lucene.index.MergePolicy$MergeException: java.lang.AssertionError: name=_d5_MockSep_0.frq
   > 	at __randomizedtesting.SeedInfo.seed([2D2ED71D5793DC59]:0)
   > 	at org.apache.lucene.index.ConcurrentMergeScheduler.handleMergeException(ConcurrentMergeScheduler.java:507)
   > 	at org.apache.lucene.index.ConcurrentMergeScheduler$MergeThread.run(ConcurrentMergeScheduler.java:480)
   > Caused by: java.lang.AssertionError: name=_d5_MockSep_0.frq
   > 	at org.apache.lucene.store.NRTCachingDirectory.deleteFile(NRTCachingDirectory.java:165)
   > 	at org.apache.lucene.index.IndexFileDeleter.deleteFile(IndexFileDeleter.java:568)
   > 	at org.apache.lucene.index.IndexFileDeleter.decRef(IndexFileDeleter.java:507)
   > 	at org.apache.lucene.index.IndexFileDeleter.decRef(IndexFileDeleter.java:492)
   > 	at org.apache.lucene.index.IndexFileDeleter.checkpoint(IndexFileDeleter.java:453)
   > 	at org.apache.lucene.index.IndexWriter.checkpoint(IndexWriter.java:2000)
   > 	at org.apache.lucene.index.IndexWriter.commitMerge(IndexWriter.java:3052)
   > 	at org.apache.lucene.index.IndexWriter.mergeMiddle(IndexWriter.java:3634)
   > 	at org.apache.lucene.index.IndexWriter.merge(IndexWriter.java:3121)
   > 	at org.apache.lucene.index.ConcurrentMergeScheduler.doMerge(ConcurrentMergeScheduler.java:382)
   > 	at org.apache.lucene.index.ConcurrentMergeScheduler$MergeThread.run(ConcurrentMergeScheduler.java:451)
   > 
  2>
[18:48:22.635] ERROR    683s | RecoveryZkTest.testDistribSearch {#92 seed=[2D2ED71D5793DC59:87F497B0951F291F]}
   > Throwable #1: java.lang.AssertionError: There are still nodes recoverying
   > 	at __randomizedtesting.SeedInfo.seed([2D2ED71D5793DC59:87F497B0951F291F]:0)
   > 	at org.junit.Assert.fail(Assert.java:93)
   > 	at org.apache.solr.cloud.AbstractDistributedZkTestCase.waitForRecoveriesToFinish(AbstractDistributedZkTestCase.java:147)
   > 	at org.apache.solr.cloud.RecoveryZkTest.doTest(RecoveryZkTest.java:86)
   > 	at org.apache.solr.BaseDistributedSearchTestCase.testDistribSearch(BaseDistributedSearchTestCase.java:679)
   > 	at sun.reflect.GeneratedMethodAccessor6.invoke(Unknown Source)
   > 	at sun.reflect.DelegatingMethodAccessorImpl.invoke(DelegatingMethodAccessorImpl.java:43)
   > 	at java.lang.reflect.Method.invoke(Method.java:616)
   > 	at com.carrotsearch.randomizedtesting.RandomizedRunner.invoke(RandomizedRunner.java:1995)
   > 	at com.carrotsearch.randomizedtesting.RandomizedRunner.access$1100(RandomizedRunner.java:132)
   > 	at com.carrotsearch.randomizedtesting.RandomizedRunner$6.evaluate(RandomizedRunner.java:818)
   > 	at com.carrotsearch.randomizedtesting.RandomizedRunner$7.evaluate(RandomizedRunner.java:877)
   > 	at com.carrotsearch.randomizedtesting.RandomizedRunner$8.evaluate(RandomizedRunner.java:891)
   > 	at com.carrotsearch.randomizedtesting.rules.SystemPropertiesRestoreRule$1.evaluate(SystemPropertiesRestoreRule.java:53)
   > 	at org.apache.lucene.util.TestRuleSetupTeardownChained$1.evaluate(TestRuleSetupTeardownChained.java:50)
   > 	at org.apache.lucene.util.TestRuleFieldCacheSanity$1.evaluate(TestRuleFieldCacheSanity.java:32)
   > 	at org.apache.lucene.util.AbstractBeforeAfterRule$1.evaluate(AbstractBeforeAfterRule.java:45)
   > 	at com.carrotsearch.randomizedtesting.rules.SystemPropertiesInvariantRule$1.evaluate(SystemPropertiesInvariantRule.java:55)
   > 	at org.apache.lucene.util.TestRuleReportUncaughtExceptions$1.evaluate(TestRuleReportUncaughtExceptions.java:68)
   > 	at org.apache.lucene.util.TestRuleThreadAndTestName$1.evaluate(TestRuleThreadAndTestName.java:48)
   > 	at org.apache.lucene.util.TestRuleIgnoreAfterMaxFailures$1.evaluate(TestRuleIgnoreAfterMaxFailures.java:70)
   > 	at org.apache.lucene.util.TestRuleMarkFailure$1.evaluate(TestRuleMarkFailure.java:48)
   > 	at com.carrotsearch.randomizedtesting.RandomizedRunner.runSingleTest(RandomizedRunner.java:825)
   > 	at com.carrotsearch.randomizedtesting.RandomizedRunner.access$700(RandomizedRunner.java:132)
   > 	at com.carrotsearch.randomizedtesting.RandomizedRunner$3$1.run(RandomizedRunner.java:671)
   > 	at com.carrotsearch.randomizedtesting.RandomizedRunner$3.evaluate(RandomizedRunner.java:697)
   > 	at com.carrotsearch.randomizedtesting.RandomizedRunner$4.evaluate(RandomizedRunner.java:736)
   > 	at com.carrotsearch.randomizedtesting.RandomizedRunner$5.evaluate(RandomizedRunner.java:747)
   > 	at com.carrotsearch.randomizedtesting.rules.SystemPropertiesRestoreRule$1.evaluate(SystemPropertiesRestoreRule.java:53)
   > 	at org.apache.lucene.util.AbstractBeforeAfterRule$1.evaluate(AbstractBeforeAfterRule.java:45)
   > 	at org.apache.lucene.util.TestRuleReportUncaughtExceptions$1.evaluate(TestRuleReportUncaughtExceptions.java:68)
   > 	at org.apache.lucene.util.TestRuleStoreClassName$1.evaluate(TestRuleStoreClassName.java:38)
   > 	at org.apache.lucene.util.TestRuleIcuHack$1.evaluate(TestRuleIcuHack.java:51)
   > 	at com.carrotsearch.randomizedtesting.rules.SystemPropertiesInvariantRule$1.evaluate(SystemPropertiesInvariantRule.java:55)
   > 	at org.apache.lucene.util.TestRuleNoInstanceHooksOverrides$1.evaluate(TestRuleNoInstanceHooksOverrides.java:53)
   > 	at org.apache.lucene.util.TestRuleNoStaticHooksShadowing$1.evaluate(TestRuleNoStaticHooksShadowing.java:52)
   > 	at org.apache.lucene.util.TestRuleAssertionsRequired$1.evaluate(TestRuleAssertionsRequired.java:36)
   > 	at org.apache.lucene.util.TestRuleMarkFailure$1.evaluate(TestRuleMarkFailure.java:48)
   > 	at org.apache.lucene.util.TestRuleIgnoreAfterMaxFailures$1.evaluate(TestRuleIgnoreAfterMaxFailures.java:70)
   > 	at org.apache.lucene.util.TestRuleIgnoreTestSuites$1.evaluate(TestRuleIgnoreTestSuites.java:55)
   > 	at com.carrotsearch.randomizedtesting.RandomizedRunner.runSuite(RandomizedRunner.java:605)
   > 	at com.carrotsearch.randomizedtesting.RandomizedRunner.access$400(RandomizedRunner.java:132)
   > 	at com.carrotsearch.randomizedtesting.RandomizedRunner$2.run(RandomizedRunner.java:551)
   > Throwable #2: java.lang.RuntimeException: Thread threw an uncaught exception, thread: Thread[Thread-55979,5,]
   > 	at com.carrotsearch.randomizedtesting.RunnerThreadGroup.processUncaught(RunnerThreadGroup.java:96)
   > 	at com.carrotsearch.randomizedtesting.RandomizedRunner.runSingleTest(RandomizedRunner.java:859)
   > 	at com.carrotsearch.randomizedtesting.RandomizedRunner.access$700(RandomizedRunner.java:132)
   > 	at com.carrotsearch.randomizedtesting.RandomizedRunner$3$1.run(RandomizedRunner.java:671)
   > 	at com.carrotsearch.randomizedtesting.RandomizedRunner$3.evaluate(RandomizedRunner.java:697)
   > 	at com.carrotsearch.randomizedtesting.RandomizedRunner$4.evaluate(RandomizedRunner.java:736)
   > 	at com.carrotsearch.randomizedtesting.RandomizedRunner$5.evaluate(RandomizedRunner.java:747)
   > 	at com.carrotsearch.randomizedtesting.rules.SystemPropertiesRestoreRule$1.evaluate(SystemPropertiesRestoreRule.java:53)
   > 	at org.apache.lucene.util.AbstractBeforeAfterRule$1.evaluate(AbstractBeforeAfterRule.java:45)
   > 	at org.apache.lucene.util.TestRuleReportUncaughtExceptions$1.evaluate(TestRuleReportUncaughtExceptions.java:68)
   > 	at org.apache.lucene.util.TestRuleStoreClassName$1.evaluate(TestRuleStoreClassName.java:38)
   > 	at org.apache.lucene.util.TestRuleIcuHack$1.evaluate(TestRuleIcuHack.java:51)
   > 	at com.carrotsearch.randomizedtesting.rules.SystemPropertiesInvariantRule$1.evaluate(SystemPropertiesInvariantRule.java:55)
   > 	at org.apache.lucene.util.TestRuleNoInstanceHooksOverrides$1.evaluate(TestRuleNoInstanceHooksOverrides.java:53)
   > 	at org.apache.lucene.util.TestRuleNoStaticHooksShadowing$1.evaluate(TestRuleNoStaticHooksShadowing.java:52)
   > 	at org.apache.lucene.util.TestRuleAssertionsRequired$1.evaluate(TestRuleAssertionsRequired.java:36)
   > 	at org.apache.lucene.util.TestRuleMarkFailure$1.evaluate(TestRuleMarkFailure.java:48)
   > 	at org.apache.lucene.util.TestRuleIgnoreAfterMaxFailures$1.evaluate(TestRuleIgnoreAfterMaxFailures.java:70)
   > 	at org.apache.lucene.util.TestRuleIgnoreTestSuites$1.evaluate(TestRuleIgnoreTestSuites.java:55)
   > 	at com.carrotsearch.randomizedtesting.RandomizedRunner.runSuite(RandomizedRunner.java:605)
   > 	at com.carrotsearch.randomizedtesting.RandomizedRunner.access$400(RandomizedRunner.java:132)
   > 	at com.carrotsearch.randomizedtesting.RandomizedRunner$2.run(RandomizedRunner.java:551)
   > Caused by: java.lang.OutOfMemoryError: GC overhead limit exceeded
   > 	at org.apache.solr.common.cloud.SolrZkClient.getData(SolrZkClient.java:286)
   > 	at org.apache.solr.cloud.Overseer$CloudStateUpdater.amILeader(Overseer.java:187)
   > 	at org.apache.solr.cloud.Overseer$CloudStateUpdater.run(Overseer.java:113)
   > 	at java.lang.Thread.run(Thread.java:679)
   > 
  2>
HEARTBEAT J0: 2012-07-19T19:23:11, no events in: 68.8s, approx. at: RecoveryZkTest.testDistribSearch {#99 seed=[2D2ED71D5793DC59:CA3EF14052C1D702]}
HEARTBEAT J0: 2012-07-19T19:25:11, no events in: 68.1s, approx. at: RecoveryZkTest.testDistribSearch {#99 seed=[2D2ED71D5793DC59:CA3EF14052C1D702]}
HEARTBEAT J0: 2012-07-19T19:26:13, no events in:  130s, approx. at: RecoveryZkTest.testDistribSearch {#99 seed=[2D2ED71D5793DC59:CA3EF14052C1D702]}
HEARTBEAT J0: 2012-07-19T19:27:14, no events in:  191s, approx. at: RecoveryZkTest.testDistribSearch {#99 seed=[2D2ED71D5793DC59:CA3EF14052C1D702]}
HEARTBEAT J0: 2012-07-19T19:28:23, no events in:  259s, approx. at: RecoveryZkTest.testDistribSearch {#99 seed=[2D2ED71D5793DC59:CA3EF14052C1D702]}
HEARTBEAT J0: 2012-07-19T19:29:28, no events in:  325s, approx. at: RecoveryZkTest.testDistribSearch {#99 seed=[2D2ED71D5793DC59:CA3EF14052C1D702]}
HEARTBEAT J0: 2012-07-19T19:30:31, no events in:  388s, approx. at: RecoveryZkTest.testDistribSearch {#99 seed=[2D2ED71D5793DC59:CA3EF14052C1D702]}
HEARTBEAT J0: 2012-07-19T19:31:34, no events in:  450s, approx. at: RecoveryZkTest.testDistribSearch {#99 seed=[2D2ED71D5793DC59:CA3EF14052C1D702]}
HEARTBEAT J0: 2012-07-19T19:32:43, no events in:  519s, approx. at: RecoveryZkTest.testDistribSearch {#99 seed=[2D2ED71D5793DC59:CA3EF14052C1D702]}
HEARTBEAT J0: 2012-07-19T19:33:52, no events in:  589s, approx. at: RecoveryZkTest.testDistribSearch {#99 seed=[2D2ED71D5793DC59:CA3EF14052C1D702]}
HEARTBEAT J0: 2012-07-19T19:34:56, no events in:  653s, approx. at: RecoveryZkTest.testDistribSearch {#99 seed=[2D2ED71D5793DC59:CA3EF14052C1D702]}
HEARTBEAT J0: 2012-07-19T19:36:00, no events in:  717s, approx. at: RecoveryZkTest.testDistribSearch {#99 seed=[2D2ED71D5793DC59:CA3EF14052C1D702]}
HEARTBEAT J0: 2012-07-19T19:37:05, no events in:  781s, approx. at: RecoveryZkTest.testDistribSearch {#99 seed=[2D2ED71D5793DC59:CA3EF14052C1D702]}
HEARTBEAT J0: 2012-07-19T19:38:05, no events in:  842s, approx. at: RecoveryZkTest.testDistribSearch {#99 seed=[2D2ED71D5793DC59:CA3EF14052C1D702]}
HEARTBEAT J0: 2012-07-19T19:39:17, no events in:  914s, approx. at: RecoveryZkTest.testDistribSearch {#99 seed=[2D2ED71D5793DC59:CA3EF14052C1D702]}
HEARTBEAT J0: 2012-07-19T19:40:25, no events in:  981s, approx. at: RecoveryZkTest.testDistribSearch {#99 seed=[2D2ED71D5793DC59:CA3EF14052C1D702]}
HEARTBEAT J0: 2012-07-19T19:41:36, no events in: 1053s, approx. at: RecoveryZkTest.testDistribSearch {#99 seed=[2D2ED71D5793DC59:CA3EF14052C1D702]}
HEARTBEAT J0: 2012-07-19T19:42:45, no events in: 1122s, approx. at: RecoveryZkTest.testDistribSearch {#99 seed=[2D2ED71D5793DC59:CA3EF14052C1D702]}
HEARTBEAT J0: 2012-07-19T19:44:17, no events in: 1213s, approx. at: RecoveryZkTest.testDistribSearch {#99 seed=[2D2ED71D5793DC59:CA3EF14052C1D702]}
[15:31:47.123] ERROR   0.00s | RecoveryZkTest (suite)
   > Throwable #1: java.lang.AssertionError: ERROR: SolrIndexSearcher opens=1658 closes=1652
   > 	at __randomizedtesting.SeedInfo.seed([2D2ED71D5793DC59]:0)
   > 	at org.junit.Assert.fail(Assert.java:93)
   > 	at org.apache.solr.SolrTestCaseJ4.endTrackingSearchers(SolrTestCaseJ4.java:216)
   > 	at org.apache.solr.SolrTestCaseJ4.afterClass(SolrTestCaseJ4.java:82)
   > 	at sun.reflect.NativeMethodAccessorImpl.invoke0(Native Method)
   > 	at sun.reflect.NativeMethodAccessorImpl.invoke(NativeMethodAccessorImpl.java:57)
   > 	at sun.reflect.DelegatingMethodAccessorImpl.invoke(DelegatingMethodAccessorImpl.java:43)
   > 	at java.lang.reflect.Method.invoke(Method.java:616)
   > 	at com.carrotsearch.randomizedtesting.RandomizedRunner.invoke(RandomizedRunner.java:1995)
   > 	at com.carrotsearch.randomizedtesting.RandomizedRunner.access$1100(RandomizedRunner.java:132)
   > 	at com.carrotsearch.randomizedtesting.RandomizedRunner$5.evaluate(RandomizedRunner.java:754)
   > 	at com.carrotsearch.randomizedtesting.rules.SystemPropertiesRestoreRule$1.evaluate(SystemPropertiesRestoreRule.java:53)
   > 	at org.apache.lucene.util.AbstractBeforeAfterRule$1.evaluate(AbstractBeforeAfterRule.java:45)
   > 	at org.apache.lucene.util.TestRuleReportUncaughtExceptions$1.evaluate(TestRuleReportUncaughtExceptions.java:68)
   > 	at org.apache.lucene.util.TestRuleStoreClassName$1.evaluate(TestRuleStoreClassName.java:38)
   > 	at org.apache.lucene.util.TestRuleIcuHack$1.evaluate(TestRuleIcuHack.java:51)
   > 	at com.carrotsearch.randomizedtesting.rules.SystemPropertiesInvariantRule$1.evaluate(SystemPropertiesInvariantRule.java:55)
   > 	at org.apache.lucene.util.TestRuleNoInstanceHooksOverrides$1.evaluate(TestRuleNoInstanceHooksOverrides.java:53)
   > 	at org.apache.lucene.util.TestRuleNoStaticHooksShadowing$1.evaluate(TestRuleNoStaticHooksShadowing.java:52)
   > 	at org.apache.lucene.util.TestRuleAssertionsRequired$1.evaluate(TestRuleAssertionsRequired.java:36)
   > 	at org.apache.lucene.util.TestRuleMarkFailure$1.evaluate(TestRuleMarkFailure.java:48)
   > 	at org.apache.lucene.util.TestRuleIgnoreAfterMaxFailures$1.evaluate(TestRuleIgnoreAfterMaxFailures.java:70)
   > 	at org.apache.lucene.util.TestRuleIgnoreTestSuites$1.evaluate(TestRuleIgnoreTestSuites.java:55)
   > 	at com.carrotsearch.randomizedtesting.RandomizedRunner.runSuite(RandomizedRunner.java:605)
   > 	at com.carrotsearch.randomizedtesting.RandomizedRunner.access$400(RandomizedRunner.java:132)
   > 	at com.carrotsearch.randomizedtesting.RandomizedRunner$2.run(RandomizedRunner.java:551)
   >
