# JRE version: Java(TM) SE Runtime Environment (8.0_91-b14) (build 1.8.0_91-b14)
# Java VM: Java HotSpot(TM) 64-Bit Server VM (25.91-b14 mixed mode linux-amd64 compressed oops)
Heap:
 PSYoungGen      total 1027072K, used 661890K [0x000000077ff00000, 0x00000007c0000000, 0x00000007c0000000)
  eden space 1006592K, 65% used [0x000000077ff00000,0x00000007a8502d98,0x00000007bd600000)
  from space 20480K, 1% used [0x00000007bec00000,0x00000007bec5dab0,0x00000007c0000000)
  to   space 21504K, 0% used [0x00000007bd600000,0x00000007bd600000,0x00000007beb00000)
 ParOldGen       total 2100224K, used 662822K [0x00000006ffc00000, 0x000000077ff00000, 0x000000077ff00000)
  object space 2100224K, 31% used [0x00000006ffc00000,0x0000000728349a98,0x000000077ff00000)
 Metaspace       used 50321K, capacity 51278K, committed 51624K, reserved 1095680K
  class space    used 4799K, capacity 5022K, committed 5032K, reserved 1048576K
GC Heap History (10 events):
Event: 2397940.339 GC heap before
{Heap before GC invocations=37281 (full 125):
 PSYoungGen      total 1034240K, used 1034231K [0x000000077ff00000, 0x00000007c0000000, 0x00000007c0000000)
  eden space 1018880K, 100% used [0x000000077ff00000,0x00000007be200000,0x00000007be200000)
  from space 15360K, 99% used [0x00000007be200000,0x00000007bf0fde00,0x00000007bf100000)
  to   space 15360K, 0% used [0x00000007bf100000,0x00000007bf100000,0x00000007c0000000)
 ParOldGen       total 2100224K, used 660326K [0x00000006ffc00000, 0x000000077ff00000, 0x000000077ff00000)
  object space 2100224K, 31% used [0x00000006ffc00000,0x00000007280d9b48,0x000000077ff00000)
 Metaspace       used 50321K, capacity 51278K, committed 51624K, reserved 1095680K
  class space    used 4799K, capacity 5022K, committed 5032K, reserved 1048576K
Event: 2397940.604 GC heap after
Heap after GC invocations=37281 (full 125):
 PSYoungGen      total 1030144K, used 13062K [0x000000077ff00000, 0x00000007c0000000, 0x00000007c0000000)
  eden space 1014784K, 0% used [0x000000077ff00000,0x000000077ff00000,0x00000007bde00000)
  from space 15360K, 85% used [0x00000007bf100000,0x00000007bfdc19b8,0x00000007c0000000)
  to   space 17408K, 0% used [0x00000007bde00000,0x00000007bde00000,0x00000007bef00000)
 ParOldGen       total 2100224K, used 660923K [0x00000006ffc00000, 0x000000077ff00000, 0x000000077ff00000)
  object space 2100224K, 31% used [0x00000006ffc00000,0x000000072816ec08,0x000000077ff00000)
 Metaspace       used 50321K, capacity 51278K, committed 51624K, reserved 1095680K
  class space    used 4799K, capacity 5022K, committed 5032K, reserved 1048576K
}
Event: 2397943.283 GC heap before
{Heap before GC invocations=37282 (full 125):
 PSYoungGen      total 1030144K, used 1027846K [0x000000077ff00000, 0x00000007c0000000, 0x00000007c0000000)
  eden space 1014784K, 100% used [0x000000077ff00000,0x00000007bde00000,0x00000007bde00000)
  from space 15360K, 85% used [0x00000007bf100000,0x00000007bfdc19b8,0x00000007c0000000)
  to   space 17408K, 0% used [0x00000007bde00000,0x00000007bde00000,0x00000007bef00000)
 ParOldGen       total 2100224K, used 660923K [0x00000006ffc00000, 0x000000077ff00000, 0x000000077ff00000)
  object space 2100224K, 31% used [0x00000006ffc00000,0x000000072816ec08,0x000000077ff00000)
 Metaspace       used 50321K, capacity 51278K, committed 51624K, reserved 1095680K
  class space    used 4799K, capacity 5022K, committed 5032K, reserved 1048576K
Event: 2397943.294 GC heap after
Heap after GC invocations=37282 (full 125):
 PSYoungGen      total 1024000K, used 8854K [0x000000077ff00000, 0x00000007c0000000, 0x00000007c0000000)
  eden space 1014784K, 0% used [0x000000077ff00000,0x000000077ff00000,0x00000007bde00000)
  from space 9216K, 96% used [0x00000007bde00000,0x00000007be6a5ad8,0x00000007be700000)
  to   space 17920K, 0% used [0x00000007bee80000,0x00000007bee80000,0x00000007c0000000)
 ParOldGen       total 2100224K, used 661087K [0x00000006ffc00000, 0x000000077ff00000, 0x000000077ff00000)
  object space 2100224K, 31% used [0x00000006ffc00000,0x0000000728197da0,0x000000077ff00000)
 Metaspace       used 50321K, capacity 51278K, committed 51624K, reserved 1095680K
  class space    used 4799K, capacity 5022K, committed 5032K, reserved 1048576K
}
Event: 2397945.584 GC heap before
{Heap before GC invocations=37283 (full 125):
 PSYoungGen      total 1024000K, used 1023638K [0x000000077ff00000, 0x00000007c0000000, 0x00000007c0000000)
  eden space 1014784K, 100% used [0x000000077ff00000,0x00000007bde00000,0x00000007bde00000)
  from space 9216K, 96% used [0x00000007bde00000,0x00000007be6a5ad8,0x00000007be700000)
  to   space 17920K, 0% used [0x00000007bee80000,0x00000007bee80000,0x00000007c0000000)
 ParOldGen       total 2100224K, used 661087K [0x00000006ffc00000, 0x000000077ff00000, 0x000000077ff00000)
  object space 2100224K, 31% used [0x00000006ffc00000,0x0000000728197da0,0x000000077ff00000)
 Metaspace       used 50321K, capacity 51278K, committed 51624K, reserved 1095680K
  class space    used 4799K, capacity 5022K, committed 5032K, reserved 1048576K
Event: 2397945.610 GC heap after
Heap after GC invocations=37283 (full 125):
 PSYoungGen      total 1030656K, used 16894K [0x000000077ff00000, 0x00000007c0000000, 0x00000007c0000000)
  eden space 1012736K, 0% used [0x000000077ff00000,0x000000077ff00000,0x00000007bdc00000)
  from space 17920K, 94% used [0x00000007bee80000,0x00000007bfeffa08,0x00000007c0000000)
  to   space 18432K, 0% used [0x00000007bdc00000,0x00000007bdc00000,0x00000007bee00000)
 ParOldGen       total 2100224K, used 661196K [0x00000006ffc00000, 0x000000077ff00000, 0x000000077ff00000)
  object space 2100224K, 31% used [0x00000006ffc00000,0x00000007281b31f8,0x000000077ff00000)
 Metaspace       used 50321K, capacity 51278K, committed 51624K, reserved 1095680K
  class space    used 4799K, capacity 5022K, committed 5032K, reserved 1048576K
}
Event: 2397947.301 GC heap before
{Heap before GC invocations=37284 (full 125):
 PSYoungGen      total 1030656K, used 1029630K [0x000000077ff00000, 0x00000007c0000000, 0x00000007c0000000)
  eden space 1012736K, 100% used [0x000000077ff00000,0x00000007bdc00000,0x00000007bdc00000)
  from space 17920K, 94% used [0x00000007bee80000,0x00000007bfeffa08,0x00000007c0000000)
  to   space 18432K, 0% used [0x00000007bdc00000,0x00000007bdc00000,0x00000007bee00000)
 ParOldGen       total 2100224K, used 661196K [0x00000006ffc00000, 0x000000077ff00000, 0x000000077ff00000)
  object space 2100224K, 31% used [0x00000006ffc00000,0x00000007281b31f8,0x000000077ff00000)
 Metaspace       used 50321K, capacity 51278K, committed 51624K, reserved 1095680K
  class space    used 4799K, capacity 5022K, committed 5032K, reserved 1048576K
Event: 2397947.329 GC heap after
Heap after GC invocations=37284 (full 125):
 PSYoungGen      total 1014272K, used 1515K [0x000000077ff00000, 0x00000007c0000000, 0x00000007c0000000)
  eden space 1012736K, 0% used [0x000000077ff00000,0x000000077ff00000,0x00000007bdc00000)
  from space 1536K, 98% used [0x00000007bdc00000,0x00000007bdd7ac68,0x00000007bdd80000)
  to   space 20480K, 0% used [0x00000007bec00000,0x00000007bec00000,0x00000007c0000000)
 ParOldGen       total 2100224K, used 661436K [0x00000006ffc00000, 0x000000077ff00000, 0x000000077ff00000)
  object space 2100224K, 31% used [0x00000006ffc00000,0x00000007281ef338,0x000000077ff00000)
 Metaspace       used 50321K, capacity 51278K, committed 51624K, reserved 1095680K
  class space    used 4799K, capacity 5022K, committed 5032K, reserved 1048576K
}
Event: 2397948.703 GC heap before
{Heap before GC invocations=37285 (full 125):
 PSYoungGen      total 1014272K, used 1014251K [0x000000077ff00000, 0x00000007c0000000, 0x00000007c0000000)
  eden space 1012736K, 100% used [0x000000077ff00000,0x00000007bdc00000,0x00000007bdc00000)
  from space 1536K, 98% used [0x00000007bdc00000,0x00000007bdd7ac68,0x00000007bdd80000)
  to   space 20480K, 0% used [0x00000007bec00000,0x00000007bec00000,0x00000007c0000000)
 ParOldGen       total 2100224K, used 661436K [0x00000006ffc00000, 0x000000077ff00000, 0x000000077ff00000)
  object space 2100224K, 31% used [0x00000006ffc00000,0x00000007281ef338,0x000000077ff00000)
 Metaspace       used 50321K, capacity 51278K, committed 51624K, reserved 1095680K
  class space    used 4799K, capacity 5022K, committed 5032K, reserved 1048576K
Event: 2397948.907 GC heap after
Heap after GC invocations=37285 (full 125):
 PSYoungGen      total 1027072K, used 374K [0x000000077ff00000, 0x00000007c0000000, 0x00000007c0000000)
  eden space 1006592K, 0% used [0x000000077ff00000,0x000000077ff00000,0x00000007bd600000)
  from space 20480K, 1% used [0x00000007bec00000,0x00000007bec5dab0,0x00000007c0000000)
  to   space 21504K, 0% used [0x00000007bd600000,0x00000007bd600000,0x00000007beb00000)
 ParOldGen       total 2100224K, used 662822K [0x00000006ffc00000, 0x000000077ff00000, 0x000000077ff00000)
  object space 2100224K, 31% used [0x00000006ffc00000,0x0000000728349a98,0x000000077ff00000)
 Metaspace       used 50321K, capacity 51278K, committed 51624K, reserved 1095680K
  class space    used 4799K, capacity 5022K, committed 5032K, reserved 1048576K
}

