# JRE version: 7.0_25-b15
# Java VM: Java HotSpot(TM) 64-Bit Server VM (23.25-b01 mixed mode linux-amd64 compressed oops)
Heap
 PSYoungGen      total 169920K, used 58545K [0x00000000f5560000, 0x00000000fffe0000, 0x0000000100000000)
  eden space 165568K, 33% used [0x00000000f5560000,0x00000000f8c43488,0x00000000ff710000)
  from space 4352K, 53% used [0x00000000ff710000,0x00000000ff959198,0x00000000ffb50000)
  to   space 4160K, 0% used [0x00000000ffbd0000,0x00000000ffbd0000,0x00000000fffe0000)
 ParOldGen       total 349568K, used 302869K [0x00000000e0000000, 0x00000000f5560000, 0x00000000f5560000)
  object space 349568K, 86% used [0x00000000e0000000,0x00000000f27c56f0,0x00000000f5560000)
 PSPermGen       total 58496K, used 56554K [0x00000000dae00000, 0x00000000de720000, 0x00000000e0000000)
  object space 58496K, 96% used [0x00000000dae00000,0x00000000de53a8d8,0x00000000de720000)
GC Heap History (10 events):
Event: 1031.611 GC heap before
{Heap before GC invocations=2935 (full 90):
 PSYoungGen      total 170112K, used 168902K [0x00000000f5560000, 0x0000000100000000, 0x0000000100000000)
  eden space 165952K, 100% used [0x00000000f5560000,0x00000000ff770000,0x00000000ff770000)
  from space 4160K, 70% used [0x00000000ffba0000,0x00000000ffe81a18,0x00000000fffb0000)
  to   space 4288K, 0% used [0x00000000ff770000,0x00000000ff770000,0x00000000ffba0000)
 ParOldGen       total 349568K, used 207263K [0x00000000e0000000, 0x00000000f5560000, 0x00000000f5560000)
  object space 349568K, 59% used [0x00000000e0000000,0x00000000eca67ff0,0x00000000f5560000)
 PSPermGen       total 58496K, used 56435K [0x00000000dae00000, 0x00000000de720000, 0x00000000e0000000)
  object space 58496K, 96% used [0x00000000dae00000,0x00000000de51cf18,0x00000000de720000)
Event: 1031.632 GC heap after
Heap after GC invocations=2935 (full 90):
 PSYoungGen      total 170240K, used 2244K [0x00000000f5560000, 0x00000000fffc0000, 0x0000000100000000)
  eden space 165952K, 0% used [0x00000000f5560000,0x00000000f5560000,0x00000000ff770000)
  from space 4288K, 52% used [0x00000000ff770000,0x00000000ff9a1188,0x00000000ffba0000)
  to   space 4096K, 0% used [0x00000000ffbc0000,0x00000000ffbc0000,0x00000000fffc0000)
 ParOldGen       total 349568K, used 207271K [0x00000000e0000000, 0x00000000f5560000, 0x00000000f5560000)
  object space 349568K, 59% used [0x00000000e0000000,0x00000000eca69ff0,0x00000000f5560000)
 PSPermGen       total 58496K, used 56435K [0x00000000dae00000, 0x00000000de720000, 0x00000000e0000000)
  object space 58496K, 96% used [0x00000000dae00000,0x00000000de51cf18,0x00000000de720000)
}
Event: 1032.064 GC heap before
{Heap before GC invocations=2936 (full 90):
 PSYoungGen      total 170240K, used 168196K [0x00000000f5560000, 0x00000000fffc0000, 0x0000000100000000)
  eden space 165952K, 100% used [0x00000000f5560000,0x00000000ff770000,0x00000000ff770000)
  from space 4288K, 52% used [0x00000000ff770000,0x00000000ff9a1188,0x00000000ffba0000)
  to   space 4096K, 0% used [0x00000000ffbc0000,0x00000000ffbc0000,0x00000000fffc0000)
 ParOldGen       total 349568K, used 302805K [0x00000000e0000000, 0x00000000f5560000, 0x00000000f5560000)
  object space 349568K, 86% used [0x00000000e0000000,0x00000000f27b56f0,0x00000000f5560000)
 PSPermGen       total 58496K, used 56435K [0x00000000dae00000, 0x00000000de720000, 0x00000000e0000000)
  object space 58496K, 96% used [0x00000000dae00000,0x00000000de51cf18,0x00000000de720000)
Event: 1032.117 GC heap after
Heap after GC invocations=2936 (full 90):
 PSYoungGen      total 169600K, used 3963K [0x00000000f5560000, 0x0000000100000000, 0x0000000100000000)
  eden space 165504K, 0% used [0x00000000f5560000,0x00000000f5560000,0x00000000ff700000)
  from space 4096K, 96% used [0x00000000ffbc0000,0x00000000fff9ef30,0x00000000fffc0000)
  to   space 4608K, 0% used [0x00000000ff700000,0x00000000ff700000,0x00000000ffb80000)
 ParOldGen       total 349568K, used 302813K [0x00000000e0000000, 0x00000000f5560000, 0x00000000f5560000)
  object space 349568K, 86% used [0x00000000e0000000,0x00000000f27b76f0,0x00000000f5560000)
 PSPermGen       total 58496K, used 56435K [0x00000000dae00000, 0x00000000de720000, 0x00000000e0000000)
  object space 58496K, 96% used [0x00000000dae00000,0x00000000de51cf18,0x00000000de720000)
}
Event: 1035.146 GC heap before
{Heap before GC invocations=2937 (full 90):
 PSYoungGen      total 169600K, used 169467K [0x00000000f5560000, 0x0000000100000000, 0x0000000100000000)
  eden space 165504K, 100% used [0x00000000f5560000,0x00000000ff700000,0x00000000ff700000)
  from space 4096K, 96% used [0x00000000ffbc0000,0x00000000fff9ef30,0x00000000fffc0000)
  to   space 4608K, 0% used [0x00000000ff700000,0x00000000ff700000,0x00000000ffb80000)
 ParOldGen       total 349568K, used 302813K [0x00000000e0000000, 0x00000000f5560000, 0x00000000f5560000)
  object space 349568K, 86% used [0x00000000e0000000,0x00000000f27b76f0,0x00000000f5560000)
 PSPermGen       total 58496K, used 56436K [0x00000000dae00000, 0x00000000de720000, 0x00000000e0000000)
  object space 58496K, 96% used [0x00000000dae00000,0x00000000de51d238,0x00000000de720000)
Event: 1035.192 GC heap after
Heap after GC invocations=2937 (full 90):
 PSYoungGen      total 170112K, used 2756K [0x00000000f5560000, 0x0000000100000000, 0x0000000100000000)
  eden space 165504K, 0% used [0x00000000f5560000,0x00000000f5560000,0x00000000ff700000)
  from space 4608K, 59% used [0x00000000ff700000,0x00000000ff9b11c8,0x00000000ffb80000)
  to   space 4544K, 0% used [0x00000000ffb90000,0x00000000ffb90000,0x0000000100000000)
 ParOldGen       total 349568K, used 302813K [0x00000000e0000000, 0x00000000f5560000, 0x00000000f5560000)
  object space 349568K, 86% used [0x00000000e0000000,0x00000000f27b76f0,0x00000000f5560000)
 PSPermGen       total 58496K, used 56436K [0x00000000dae00000, 0x00000000de720000, 0x00000000e0000000)
  object space 58496K, 96% used [0x00000000dae00000,0x00000000de51d238,0x00000000de720000)
}
Event: 1035.820 GC heap before
{Heap before GC invocations=2938 (full 90):
 PSYoungGen      total 170112K, used 168260K [0x00000000f5560000, 0x0000000100000000, 0x0000000100000000)
  eden space 165504K, 100% used [0x00000000f5560000,0x00000000ff700000,0x00000000ff700000)
  from space 4608K, 59% used [0x00000000ff700000,0x00000000ff9b11c8,0x00000000ffb80000)
  to   space 4544K, 0% used [0x00000000ffb90000,0x00000000ffb90000,0x0000000100000000)
 ParOldGen       total 349568K, used 302813K [0x00000000e0000000, 0x00000000f5560000, 0x00000000f5560000)
  object space 349568K, 86% used [0x00000000e0000000,0x00000000f27b76f0,0x00000000f5560000)
 PSPermGen       total 58496K, used 56478K [0x00000000dae00000, 0x00000000de720000, 0x00000000e0000000)
  object space 58496K, 96% used [0x00000000dae00000,0x00000000de527bd0,0x00000000de720000)
Event: 1035.871 GC heap after
Heap after GC invocations=2938 (full 90):
 PSYoungGen      total 169664K, used 2276K [0x00000000f5560000, 0x00000000fff90000, 0x0000000100000000)
  eden space 165568K, 0% used [0x00000000f5560000,0x00000000f5560000,0x00000000ff710000)
  from space 4096K, 55% used [0x00000000ffb90000,0x00000000ffdc9188,0x00000000fff90000)
  to   space 4352K, 0% used [0x00000000ff710000,0x00000000ff710000,0x00000000ffb50000)
 ParOldGen       total 349568K, used 302813K [0x00000000e0000000, 0x00000000f5560000, 0x00000000f5560000)
  object space 349568K, 86% used [0x00000000e0000000,0x00000000f27b76f0,0x00000000f5560000)
 PSPermGen       total 58496K, used 56478K [0x00000000dae00000, 0x00000000de720000, 0x00000000e0000000)
  object space 58496K, 96% used [0x00000000dae00000,0x00000000de527bd0,0x00000000de720000)
}
Event: 1036.156 GC heap before
{Heap before GC invocations=2939 (full 90):
 PSYoungGen      total 169664K, used 167844K [0x00000000f5560000, 0x00000000fff90000, 0x0000000100000000)
  eden space 165568K, 100% used [0x00000000f5560000,0x00000000ff710000,0x00000000ff710000)
  from space 4096K, 55% used [0x00000000ffb90000,0x00000000ffdc9188,0x00000000fff90000)
  to   space 4352K, 0% used [0x00000000ff710000,0x00000000ff710000,0x00000000ffb50000)
 ParOldGen       total 349568K, used 302813K [0x00000000e0000000, 0x00000000f5560000, 0x00000000f5560000)
  object space 349568K, 86% used [0x00000000e0000000,0x00000000f27b76f0,0x00000000f5560000)
 PSPermGen       total 58496K, used 56478K [0x00000000dae00000, 0x00000000de720000, 0x00000000e0000000)
  object space 58496K, 96% used [0x00000000dae00000,0x00000000de527bf0,0x00000000de720000)
Event: 1036.187 GC heap after
Heap after GC invocations=2939 (full 90):
 PSYoungGen      total 169920K, used 2340K [0x00000000f5560000, 0x00000000fffe0000, 0x0000000100000000)
  eden space 165568K, 0% used [0x00000000f5560000,0x00000000f5560000,0x00000000ff710000)
  from space 4352K, 53% used [0x00000000ff710000,0x00000000ff959198,0x00000000ffb50000)
  to   space 4160K, 0% used [0x00000000ffbd0000,0x00000000ffbd0000,0x00000000fffe0000)
 ParOldGen       total 349568K, used 302869K [0x00000000e0000000, 0x00000000f5560000, 0x00000000f5560000)
  object space 349568K, 86% used [0x00000000e0000000,0x00000000f27c56f0,0x00000000f5560000)
 PSPermGen       total 58496K, used 56478K [0x00000000dae00000, 0x00000000de720000, 0x00000000e0000000)
  object space 58496K, 96% used [0x00000000dae00000,0x00000000de527bf0,0x00000000de720000)
}

