<testsuite errors="0" failures="1" tests="1" skipped="0" name="org.apache.lucene.TestSearch" hostname="nohost.nodomain" time="0.37" timestamp="2012-06-14T17:51:01">
   <properties class="java.util.ArrayList">
      <property name="file.encoding" value="UTF-8"/>
      <property name="file.encoding.pkg" value="sun.io"/>
      <property name="file.separator" value="/"/>
      <property name="java.awt.graphicsenv" value="sun.awt.X11GraphicsEnvironment"/>
      <property name="java.awt.printerjob" value="sun.print.PSPrinterJob"/>
      <property name="java.class.path" value="/home/hossman/lucene/4x_dev/lucene/build/test-framework/classes/java:/home/hossman/lucene/4x_dev/lucene/test-framework/lib/junit-4.10.jar:/home/hossman/lucene/4x_dev/lucene/test-framework/lib/randomizedtesting-runner-1.5.0.jar:/home/hossman/lucene/4x_dev/lucene/build/core/classes/java:/home/hossman/lucene/4x_dev/lucene/build/core/classes/test:/opt/ant/default/lib/ant-launcher.jar:/home/hossman/.ant/lib/ivy-2.2.0.jar:/opt/ant/default/lib/ant-jsch.jar:/opt/ant/default/lib/ant-apache-xalan2.jar:/opt/ant/default/lib/ant-apache-bsf.jar:/opt/ant/default/lib/ant-netrexx.jar:/opt/ant/default/lib/ant-javamail.jar:/opt/ant/default/lib/ant.jar:/opt/ant/default/lib/ant-apache-regexp.jar:/opt/ant/default/lib/ant-apache-resolver.jar:/opt/ant/default/lib/ant-apache-bcel.jar:/opt/ant/default/lib/ant-swing.jar:/opt/ant/default/lib/ant-apache-oro.jar:/opt/ant/default/lib/ant-junit.jar:/opt/ant/default/lib/ant-jdepend.jar:/opt/ant/default/lib/ant-commons-logging.jar:/opt/ant/default/lib/ant-jai.jar:/opt/ant/default/lib/ant-antlr.jar:/opt/ant/default/lib/ant-apache-log4j.jar:/opt/ant/default/lib/ant-jmf.jar:/opt/ant/default/lib/ant-commons-net.jar:/opt/ant/default/lib/ant-testutil.jar:/opt/ant/default/lib/ant-junit4.jar:/usr/lib/jvm/java-6-sun-1.6.0.24/lib/tools.jar:/home/hossman/lucene/4x_dev/lucene/test-framework/lib/junit4-ant-1.5.0.jar"/>
      <property name="java.class.version" value="50.0"/>
      <property name="java.endorsed.dirs" value="/usr/lib/jvm/java-6-sun-1.6.0.24/jre/lib/endorsed"/>
      <property name="java.ext.dirs" value="/usr/lib/jvm/java-6-sun-1.6.0.24/jre/lib/ext:/usr/java/packages/lib/ext"/>
      <property name="java.home" value="/usr/lib/jvm/java-6-sun-1.6.0.24/jre"/>
      <property name="java.io.tmpdir" value="/tmp"/>
      <property name="java.library.path" value="/usr/lib/jvm/java-6-sun-1.6.0.24/jre/lib/amd64/server:/usr/lib/jvm/java-6-sun-1.6.0.24/jre/lib/amd64:/usr/lib/jvm/java-6-sun-1.6.0.24/jre/../lib/amd64:/usr/java/packages/lib/amd64:/usr/lib64:/lib64:/lib:/usr/lib"/>
      <property name="java.runtime.name" value="Java(TM) SE Runtime Environment"/>
      <property name="java.runtime.version" value="1.6.0_24-b07"/>
      <property name="java.specification.name" value="Java Platform API Specification"/>
      <property name="java.specification.vendor" value="Sun Microsystems Inc."/>
      <property name="java.specification.version" value="1.6"/>
      <property name="java.util.logging.config.file" value="/dev/null"/>
      <property name="java.vendor" value="Sun Microsystems Inc."/>
      <property name="java.vendor.url" value="http://java.sun.com/"/>
      <property name="java.vendor.url.bug" value="http://java.sun.com/cgi-bin/bugreport.cgi"/>
      <property name="java.version" value="1.6.0_24"/>
      <property name="java.vm.info" value="mixed mode"/>
      <property name="java.vm.name" value="Java HotSpot(TM) 64-Bit Server VM"/>
      <property name="java.vm.specification.name" value="Java Virtual Machine Specification"/>
      <property name="java.vm.specification.vendor" value="Sun Microsystems Inc."/>
      <property name="java.vm.specification.version" value="1.0"/>
      <property name="java.vm.vendor" value="Sun Microsystems Inc."/>
      <property name="java.vm.version" value="19.1-b02"/>
      <property name="jetty.insecurerandom" value="1"/>
      <property name="jetty.testMode" value="1"/>
      <property name="junit4.memory.total" value="124125184"/>
      <property name="junit4.processors" value="2"/>
      <property name="line.separator" value="
"/>
      <property name="lucene.version" value="4.0-SNAPSHOT"/>
      <property name="os.arch" value="amd64"/>
      <property name="os.name" value="Linux"/>
      <property name="os.version" value="2.6.31-23-generic"/>
      <property name="path.separator" value=":"/>
      <property name="solr.directoryFactory" value="org.apache.solr.core.MockDirectoryFactory"/>
      <property name="sun.arch.data.model" value="64"/>
      <property name="sun.boot.class.path" value="/usr/lib/jvm/java-6-sun-1.6.0.24/jre/lib/resources.jar:/usr/lib/jvm/java-6-sun-1.6.0.24/jre/lib/rt.jar:/usr/lib/jvm/java-6-sun-1.6.0.24/jre/lib/sunrsasign.jar:/usr/lib/jvm/java-6-sun-1.6.0.24/jre/lib/jsse.jar:/usr/lib/jvm/java-6-sun-1.6.0.24/jre/lib/jce.jar:/usr/lib/jvm/java-6-sun-1.6.0.24/jre/lib/charsets.jar:/usr/lib/jvm/java-6-sun-1.6.0.24/jre/lib/modules/jdk.boot.jar:/usr/lib/jvm/java-6-sun-1.6.0.24/jre/classes"/>
      <property name="sun.boot.library.path" value="/usr/lib/jvm/java-6-sun-1.6.0.24/jre/lib/amd64"/>
      <property name="sun.cpu.endian" value="little"/>
      <property name="sun.cpu.isalist" value=""/>
      <property name="sun.desktop" value="gnome"/>
      <property name="sun.io.unicode.encoding" value="UnicodeLittle"/>
      <property name="sun.java.launcher" value="SUN_STANDARD"/>
      <property name="sun.jnu.encoding" value="UTF-8"/>
      <property name="sun.management.compiler" value="HotSpot 64-Bit Server Compiler"/>
      <property name="sun.os.patch.level" value="unknown"/>
      <property name="tempDir" value="."/>
      <property name="tests.asserts.gracious" value="false"/>
      <property name="tests.cleanthreads" value="perMethod"/>
      <property name="tests.codec" value="random"/>
      <property name="tests.directory" value="random"/>
      <property name="tests.infostream" value="false"/>
      <property name="tests.iters" value=""/>
      <property name="tests.linedocsfile" value="europarl.lines.txt.gz"/>
      <property name="tests.locale" value="random"/>
      <property name="tests.lockdir" value="/home/hossman/lucene/4x_dev/lucene/build"/>
      <property name="tests.luceneMatchVersion" value="4.0"/>
      <property name="tests.method" value="testFailure"/>
      <property name="tests.multiplier" value="1"/>
      <property name="tests.nightly" value="false"/>
      <property name="tests.postingsformat" value="random"/>
      <property name="tests.prefix" value="tests"/>
      <property name="tests.seed" value="E9EE2618BEEE855E"/>
      <property name="tests.slow" value="false"/>
      <property name="tests.timezone" value="random"/>
      <property name="tests.verbose" value="false"/>
      <property name="tests.weekly" value="false"/>
      <property name="user.country" value="US"/>
      <property name="user.dir" value="/home/hossman/lucene/4x_dev/lucene/build/core/test/J0"/>
      <property name="user.home" value="/home/hossman"/>
      <property name="user.language" value="en"/>
      <property name="user.name" value="hossman"/>
      <property name="user.timezone" value=""/>
   </properties>
   <testcase classname="org.apache.lucene.TestSearch" name="testFailure" time="0.143">
      <failure message="This statement is false" type="java.lang.AssertionError">java.lang.AssertionError: This statement is false
	at __randomizedtesting.SeedInfo.seed([E9EE2618BEEE855E:8153D5F484DEE7F1]:0)
	at org.junit.Assert.fail(Assert.java:93)
	at org.junit.Assert.assertTrue(Assert.java:43)
	at org.apache.lucene.TestSearch.testFailure(TestSearch.java:39)
	at sun.reflect.NativeMethodAccessorImpl.invoke0(Native Method)
	at sun.reflect.NativeMethodAccessorImpl.invoke(NativeMethodAccessorImpl.java:39)
	at sun.reflect.DelegatingMethodAccessorImpl.invoke(DelegatingMethodAccessorImpl.java:25)
	at java.lang.reflect.Method.invoke(Method.java:597)
	at com.carrotsearch.randomizedtesting.RandomizedRunner.invoke(RandomizedRunner.java:1969)
	at com.carrotsearch.randomizedtesting.RandomizedRunner.access$1100(RandomizedRunner.java:132)
	at com.carrotsearch.randomizedtesting.RandomizedRunner$6.evaluate(RandomizedRunner.java:814)
	at com.carrotsearch.randomizedtesting.RandomizedRunner$7.evaluate(RandomizedRunner.java:875)
	at com.carrotsearch.randomizedtesting.RandomizedRunner$8.evaluate(RandomizedRunner.java:889)
	at org.apache.lucene.util.TestRuleSetupTeardownChained$1.evaluate(TestRuleSetupTeardownChained.java:50)
	at org.apache.lucene.util.TestRuleFieldCacheSanity$1.evaluate(TestRuleFieldCacheSanity.java:32)
	at org.apache.lucene.util.AbstractBeforeAfterRule$1.evaluate(AbstractBeforeAfterRule.java:45)
	at com.carrotsearch.randomizedtesting.rules.SystemPropertiesInvariantRule$1.evaluate(SystemPropertiesInvariantRule.java:55)
	at org.apache.lucene.util.TestRuleReportUncaughtExceptions$1.evaluate(TestRuleReportUncaughtExceptions.java:68)
	at org.apache.lucene.util.TestRuleThreadAndTestName$1.evaluate(TestRuleThreadAndTestName.java:48)
	at org.apache.lucene.util.TestRuleMarkFailure$1.evaluate(TestRuleMarkFailure.java:48)
	at com.carrotsearch.randomizedtesting.RandomizedRunner.runSingleTest(RandomizedRunner.java:821)
	at com.carrotsearch.randomizedtesting.RandomizedRunner.access$700(RandomizedRunner.java:132)
	at com.carrotsearch.randomizedtesting.RandomizedRunner$3$1.run(RandomizedRunner.java:669)
	at com.carrotsearch.randomizedtesting.RandomizedRunner$3.evaluate(RandomizedRunner.java:695)
	at com.carrotsearch.randomizedtesting.RandomizedRunner$4.evaluate(RandomizedRunner.java:734)
	at com.carrotsearch.randomizedtesting.RandomizedRunner$5.evaluate(RandomizedRunner.java:745)
	at org.apache.lucene.util.AbstractBeforeAfterRule$1.evaluate(AbstractBeforeAfterRule.java:45)
	at org.apache.lucene.util.TestRuleReportUncaughtExceptions$1.evaluate(TestRuleReportUncaughtExceptions.java:68)
	at org.apache.lucene.util.TestRuleStoreClassName$1.evaluate(TestRuleStoreClassName.java:38)
	at org.apache.lucene.util.TestRuleIcuHack$1.evaluate(TestRuleIcuHack.java:51)
	at com.carrotsearch.randomizedtesting.rules.SystemPropertiesInvariantRule$1.evaluate(SystemPropertiesInvariantRule.java:55)
	at org.apache.lucene.util.TestRuleNoInstanceHooksOverrides$1.evaluate(TestRuleNoInstanceHooksOverrides.java:53)
	at org.apache.lucene.util.TestRuleNoStaticHooksShadowing$1.evaluate(TestRuleNoStaticHooksShadowing.java:52)
	at org.apache.lucene.util.TestRuleAssertionsRequired$1.evaluate(TestRuleAssertionsRequired.java:36)
	at org.apache.lucene.util.TestRuleMarkFailure$1.evaluate(TestRuleMarkFailure.java:48)
	at org.apache.lucene.util.TestRuleIgnoreTestSuites$1.evaluate(TestRuleIgnoreTestSuites.java:56)
	at com.carrotsearch.randomizedtesting.RandomizedRunner.runSuite(RandomizedRunner.java:605)
	at com.carrotsearch.randomizedtesting.RandomizedRunner.access$400(RandomizedRunner.java:132)
	at com.carrotsearch.randomizedtesting.RandomizedRunner$2.run(RandomizedRunner.java:551)
</failure>
   </testcase>
   <system-out><![CDATA[]]></system-out>
   <system-err><![CDATA[NOTE: reproduce with: ant test  -Dtestcase=TestSearch -Dtests.method=testFailure -Dtests.seed=E9EE2618BEEE855E -Dtests.locale=es_PA -Dtests.timezone=Pacific/Chatham -Dargs="-Dfile.encoding=UTF-8"
NOTE: test params are: codec=Lucene40: {}, sim=RandomSimilarityProvider(queryNorm=false,coord=false): {}, locale=es_PA, timezone=Pacific/Chatham
NOTE: Linux 2.6.31-23-generic amd64/Sun Microsystems Inc. 1.6.0_24 (64-bit)/cpus=2,threads=1,free=105287320,total=124125184
NOTE: All tests run in this JVM: [TestSearch]
]]></system-err>
</testsuite>