http://jenkins.thetaphi.de/job/Lucene-Solr-4.x-Linux/7486/consoleText

Started by upstream project "Lucene-Solr-trunk-Linux" build number 7576
originally caused by:
 Started by timer
 Started by timer
 Started by upstream project "Lucene-Solr-4.x-Linux" build number 7485
 originally caused by:
  Started by upstream project "Lucene-Solr-trunk-Linux" build number 7575
  originally caused by:
   Started by timer
   Started by timer
[EnvInject] - Loading node environment variables.
[EnvInject] - Preparing an environment for the build.
[EnvInject] - Keeping Jenkins system variables.
[EnvInject] - Keeping Jenkins build variables.
[EnvInject] - Evaluation the following Groovy script content: 
return evaluate(new java.io.File(JENKINS_HOME, "scripts/linux-random-java.groovy"))

Using Java: 32bit/jdk1.6.0_45 -client -XX:+UseConcMarkSweepGC
[EnvInject] - Injecting contributions.
Building on master in workspace /var/lib/jenkins/workspace/Lucene-Solr-4.x-Linux
Cleaning up /var/lib/jenkins/workspace/Lucene-Solr-4.x-Linux/.
Deleting /var/lib/jenkins/workspace/Lucene-Solr-4.x-Linux/.caches
Deleting /var/lib/jenkins/workspace/Lucene-Solr-4.x-Linux/lucene/build
Deleting /var/lib/jenkins/workspace/Lucene-Solr-4.x-Linux/lucene/test-framework/lib/ant-1.8.2.jar
Deleting /var/lib/jenkins/workspace/Lucene-Solr-4.x-Linux/lucene/test-framework/lib/junit-4.10.jar
Deleting /var/lib/jenkins/workspace/Lucene-Solr-4.x-Linux/lucene/test-framework/lib/junit4-ant-2.0.10.jar
Deleting /var/lib/jenkins/workspace/Lucene-Solr-4.x-Linux/lucene/test-framework/lib/randomizedtesting-runner-2.0.10.jar
Deleting /var/lib/jenkins/workspace/Lucene-Solr-4.x-Linux/lucene/spatial/lib/spatial4j-0.3.jar
Deleting /var/lib/jenkins/workspace/Lucene-Solr-4.x-Linux/lucene/sandbox/lib/jakarta-regexp-1.4.jar
Deleting /var/lib/jenkins/workspace/Lucene-Solr-4.x-Linux/lucene/expressions/lib/antlr-runtime-3.5.jar
Deleting /var/lib/jenkins/workspace/Lucene-Solr-4.x-Linux/lucene/expressions/lib/asm-4.1.jar
Deleting /var/lib/jenkins/workspace/Lucene-Solr-4.x-Linux/lucene/expressions/lib/asm-commons-4.1.jar
Deleting /var/lib/jenkins/workspace/Lucene-Solr-4.x-Linux/lucene/analysis/phonetic/lib/commons-codec-1.7.jar
Deleting /var/lib/jenkins/workspace/Lucene-Solr-4.x-Linux/lucene/analysis/uima/lib/Tagger-2.3.1.jar
Deleting /var/lib/jenkins/workspace/Lucene-Solr-4.x-Linux/lucene/analysis/uima/lib/WhitespaceTokenizer-2.3.1.jar
Deleting /var/lib/jenkins/workspace/Lucene-Solr-4.x-Linux/lucene/analysis/uima/lib/uimaj-core-2.3.1.jar
Deleting /var/lib/jenkins/workspace/Lucene-Solr-4.x-Linux/lucene/analysis/icu/lib/icu4j-49.1.jar
Deleting /var/lib/jenkins/workspace/Lucene-Solr-4.x-Linux/lucene/analysis/morfologik/lib/morfologik-fsa-1.7.1.jar
Deleting /var/lib/jenkins/workspace/Lucene-Solr-4.x-Linux/lucene/analysis/morfologik/lib/morfologik-polish-1.7.1.jar
Deleting /var/lib/jenkins/workspace/Lucene-Solr-4.x-Linux/lucene/analysis/morfologik/lib/morfologik-stemming-1.7.1.jar
Deleting /var/lib/jenkins/workspace/Lucene-Solr-4.x-Linux/lucene/replicator/lib/commons-logging-1.1.1.jar
Deleting /var/lib/jenkins/workspace/Lucene-Solr-4.x-Linux/lucene/replicator/lib/httpclient-4.2.3.jar
Deleting /var/lib/jenkins/workspace/Lucene-Solr-4.x-Linux/lucene/replicator/lib/httpcore-4.2.2.jar
Deleting /var/lib/jenkins/workspace/Lucene-Solr-4.x-Linux/lucene/replicator/lib/javax.servlet-3.0.0.v201112011016.jar
Deleting /var/lib/jenkins/workspace/Lucene-Solr-4.x-Linux/lucene/replicator/lib/jetty-continuation-8.1.10.v20130312.jar
Deleting /var/lib/jenkins/workspace/Lucene-Solr-4.x-Linux/lucene/replicator/lib/jetty-http-8.1.10.v20130312.jar
Deleting /var/lib/jenkins/workspace/Lucene-Solr-4.x-Linux/lucene/replicator/lib/jetty-io-8.1.10.v20130312.jar
Deleting /var/lib/jenkins/workspace/Lucene-Solr-4.x-Linux/lucene/replicator/lib/jetty-server-8.1.10.v20130312.jar
Deleting /var/lib/jenkins/workspace/Lucene-Solr-4.x-Linux/lucene/replicator/lib/jetty-servlet-8.1.10.v20130312.jar
Deleting /var/lib/jenkins/workspace/Lucene-Solr-4.x-Linux/lucene/replicator/lib/jetty-util-8.1.10.v20130312.jar
Deleting /var/lib/jenkins/workspace/Lucene-Solr-4.x-Linux/lucene/demo/lib/servlet-api-2.4.jar
Deleting /var/lib/jenkins/workspace/Lucene-Solr-4.x-Linux/lucene/benchmark/lib/commons-compress-1.4.1.jar
Deleting /var/lib/jenkins/workspace/Lucene-Solr-4.x-Linux/lucene/benchmark/lib/nekohtml-1.9.17.jar
Deleting /var/lib/jenkins/workspace/Lucene-Solr-4.x-Linux/lucene/benchmark/lib/xercesImpl-2.9.1.jar
Deleting /var/lib/jenkins/workspace/Lucene-Solr-4.x-Linux/solr/build
Deleting /var/lib/jenkins/workspace/Lucene-Solr-4.x-Linux/solr/test-framework/lib/ant-1.8.2.jar
Deleting /var/lib/jenkins/workspace/Lucene-Solr-4.x-Linux/solr/test-framework/lib/junit-4.10.jar
Deleting /var/lib/jenkins/workspace/Lucene-Solr-4.x-Linux/solr/test-framework/lib/junit4-ant-2.0.10.jar
Deleting /var/lib/jenkins/workspace/Lucene-Solr-4.x-Linux/solr/test-framework/lib/randomizedtesting-runner-2.0.10.jar
Deleting /var/lib/jenkins/workspace/Lucene-Solr-4.x-Linux/solr/solrj/lib/commons-io-2.1.jar
Deleting /var/lib/jenkins/workspace/Lucene-Solr-4.x-Linux/solr/solrj/lib/httpclient-4.2.3.jar
Deleting /var/lib/jenkins/workspace/Lucene-Solr-4.x-Linux/solr/solrj/lib/httpcore-4.2.2.jar
Deleting /var/lib/jenkins/workspace/Lucene-Solr-4.x-Linux/solr/solrj/lib/httpmime-4.2.3.jar
Deleting /var/lib/jenkins/workspace/Lucene-Solr-4.x-Linux/solr/solrj/lib/jcl-over-slf4j-1.6.6.jar
Deleting /var/lib/jenkins/workspace/Lucene-Solr-4.x-Linux/solr/solrj/lib/jul-to-slf4j-1.6.6.jar
Deleting /var/lib/jenkins/workspace/Lucene-Solr-4.x-Linux/solr/solrj/lib/log4j-1.2.16.jar
Deleting /var/lib/jenkins/workspace/Lucene-Solr-4.x-Linux/solr/solrj/lib/noggit-0.5.jar
Deleting /var/lib/jenkins/workspace/Lucene-Solr-4.x-Linux/solr/solrj/lib/slf4j-api-1.6.6.jar
Deleting /var/lib/jenkins/workspace/Lucene-Solr-4.x-Linux/solr/solrj/lib/slf4j-log4j12-1.6.6.jar
Deleting /var/lib/jenkins/workspace/Lucene-Solr-4.x-Linux/solr/solrj/lib/wstx-asl-3.2.7.jar
Deleting /var/lib/jenkins/workspace/Lucene-Solr-4.x-Linux/solr/solrj/lib/zookeeper-3.4.5.jar
Deleting /var/lib/jenkins/workspace/Lucene-Solr-4.x-Linux/solr/example/start.jar
Deleting /var/lib/jenkins/workspace/Lucene-Solr-4.x-Linux/solr/example/example-DIH/solr/db/lib/derby-10.9.1.0.jar
Deleting /var/lib/jenkins/workspace/Lucene-Solr-4.x-Linux/solr/example/example-DIH/solr/db/lib/hsqldb-1.8.0.10.jar
Deleting /var/lib/jenkins/workspace/Lucene-Solr-4.x-Linux/solr/example/lib/ext
Deleting /var/lib/jenkins/workspace/Lucene-Solr-4.x-Linux/solr/example/lib/jetty-continuation-8.1.10.v20130312.jar
Deleting /var/lib/jenkins/workspace/Lucene-Solr-4.x-Linux/solr/example/lib/jetty-deploy-8.1.10.v20130312.jar
Deleting /var/lib/jenkins/workspace/Lucene-Solr-4.x-Linux/solr/example/lib/jetty-http-8.1.10.v20130312.jar
Deleting /var/lib/jenkins/workspace/Lucene-Solr-4.x-Linux/solr/example/lib/jetty-io-8.1.10.v20130312.jar
Deleting /var/lib/jenkins/workspace/Lucene-Solr-4.x-Linux/solr/example/lib/jetty-jmx-8.1.10.v20130312.jar
Deleting /var/lib/jenkins/workspace/Lucene-Solr-4.x-Linux/solr/example/lib/jetty-security-8.1.10.v20130312.jar
Deleting /var/lib/jenkins/workspace/Lucene-Solr-4.x-Linux/solr/example/lib/jetty-server-8.1.10.v20130312.jar
Deleting /var/lib/jenkins/workspace/Lucene-Solr-4.x-Linux/solr/example/lib/jetty-servlet-8.1.10.v20130312.jar
Deleting /var/lib/jenkins/workspace/Lucene-Solr-4.x-Linux/solr/example/lib/jetty-util-8.1.10.v20130312.jar
Deleting /var/lib/jenkins/workspace/Lucene-Solr-4.x-Linux/solr/example/lib/jetty-webapp-8.1.10.v20130312.jar
Deleting /var/lib/jenkins/workspace/Lucene-Solr-4.x-Linux/solr/example/lib/jetty-xml-8.1.10.v20130312.jar
Deleting /var/lib/jenkins/workspace/Lucene-Solr-4.x-Linux/solr/example/lib/servlet-api-3.0.jar
Deleting /var/lib/jenkins/workspace/Lucene-Solr-4.x-Linux/solr/contrib/analysis-extras/lib/icu4j-49.1.jar
Deleting /var/lib/jenkins/workspace/Lucene-Solr-4.x-Linux/solr/contrib/analysis-extras/lib/morfologik-fsa-1.7.1.jar
Deleting /var/lib/jenkins/workspace/Lucene-Solr-4.x-Linux/solr/contrib/analysis-extras/lib/morfologik-polish-1.7.1.jar
Deleting /var/lib/jenkins/workspace/Lucene-Solr-4.x-Linux/solr/contrib/analysis-extras/lib/morfologik-stemming-1.7.1.jar
Deleting /var/lib/jenkins/workspace/Lucene-Solr-4.x-Linux/solr/contrib/extraction/lib/apache-mime4j-core-0.7.2.jar
Deleting /var/lib/jenkins/workspace/Lucene-Solr-4.x-Linux/solr/contrib/extraction/lib/apache-mime4j-dom-0.7.2.jar
Deleting /var/lib/jenkins/workspace/Lucene-Solr-4.x-Linux/solr/contrib/extraction/lib/bcmail-jdk15-1.45.jar
Deleting /var/lib/jenkins/workspace/Lucene-Solr-4.x-Linux/solr/contrib/extraction/lib/bcprov-jdk15-1.45.jar
Deleting /var/lib/jenkins/workspace/Lucene-Solr-4.x-Linux/solr/contrib/extraction/lib/boilerpipe-1.1.0.jar
Deleting /var/lib/jenkins/workspace/Lucene-Solr-4.x-Linux/solr/contrib/extraction/lib/commons-compress-1.4.1.jar
Deleting /var/lib/jenkins/workspace/Lucene-Solr-4.x-Linux/solr/contrib/extraction/lib/dom4j-1.6.1.jar
Deleting /var/lib/jenkins/workspace/Lucene-Solr-4.x-Linux/solr/contrib/extraction/lib/fontbox-1.8.1.jar
Deleting /var/lib/jenkins/workspace/Lucene-Solr-4.x-Linux/solr/contrib/extraction/lib/icu4j-49.1.jar
Deleting /var/lib/jenkins/workspace/Lucene-Solr-4.x-Linux/solr/contrib/extraction/lib/isoparser-1.0-RC-1.jar
Deleting /var/lib/jenkins/workspace/Lucene-Solr-4.x-Linux/solr/contrib/extraction/lib/jdom-1.0.jar
Deleting /var/lib/jenkins/workspace/Lucene-Solr-4.x-Linux/solr/contrib/extraction/lib/jempbox-1.8.1.jar
Deleting /var/lib/jenkins/workspace/Lucene-Solr-4.x-Linux/solr/contrib/extraction/lib/juniversalchardet-1.0.3.jar
Deleting /var/lib/jenkins/workspace/Lucene-Solr-4.x-Linux/solr/contrib/extraction/lib/metadata-extractor-2.6.2.jar
Deleting /var/lib/jenkins/workspace/Lucene-Solr-4.x-Linux/solr/contrib/extraction/lib/netcdf-4.2-min.jar
Deleting /var/lib/jenkins/workspace/Lucene-Solr-4.x-Linux/solr/contrib/extraction/lib/pdfbox-1.8.1.jar
Deleting /var/lib/jenkins/workspace/Lucene-Solr-4.x-Linux/solr/contrib/extraction/lib/poi-3.9.jar
Deleting /var/lib/jenkins/workspace/Lucene-Solr-4.x-Linux/solr/contrib/extraction/lib/poi-ooxml-3.9.jar
Deleting /var/lib/jenkins/workspace/Lucene-Solr-4.x-Linux/solr/contrib/extraction/lib/poi-ooxml-schemas-3.9.jar
Deleting /var/lib/jenkins/workspace/Lucene-Solr-4.x-Linux/solr/contrib/extraction/lib/poi-scratchpad-3.9.jar
Deleting /var/lib/jenkins/workspace/Lucene-Solr-4.x-Linux/solr/contrib/extraction/lib/rome-0.9.jar
Deleting /var/lib/jenkins/workspace/Lucene-Solr-4.x-Linux/solr/contrib/extraction/lib/tagsoup-1.2.1.jar
Deleting /var/lib/jenkins/workspace/Lucene-Solr-4.x-Linux/solr/contrib/extraction/lib/tika-core-1.4.jar
Deleting /var/lib/jenkins/workspace/Lucene-Solr-4.x-Linux/solr/contrib/extraction/lib/tika-parsers-1.4.jar
Deleting /var/lib/jenkins/workspace/Lucene-Solr-4.x-Linux/solr/contrib/extraction/lib/vorbis-java-core-0.1.jar
Deleting /var/lib/jenkins/workspace/Lucene-Solr-4.x-Linux/solr/contrib/extraction/lib/vorbis-java-tika-0.1.jar
Deleting /var/lib/jenkins/workspace/Lucene-Solr-4.x-Linux/solr/contrib/extraction/lib/xercesImpl-2.9.1.jar
Deleting /var/lib/jenkins/workspace/Lucene-Solr-4.x-Linux/solr/contrib/extraction/lib/xmlbeans-2.3.0.jar
Deleting /var/lib/jenkins/workspace/Lucene-Solr-4.x-Linux/solr/contrib/extraction/lib/xz-1.0.jar
Deleting /var/lib/jenkins/workspace/Lucene-Solr-4.x-Linux/solr/contrib/clustering/lib/attributes-binder-1.2.0.jar
Deleting /var/lib/jenkins/workspace/Lucene-Solr-4.x-Linux/solr/contrib/clustering/lib/carrot2-mini-3.8.0.jar
Deleting /var/lib/jenkins/workspace/Lucene-Solr-4.x-Linux/solr/contrib/clustering/lib/hppc-0.5.2.jar
Deleting /var/lib/jenkins/workspace/Lucene-Solr-4.x-Linux/solr/contrib/clustering/lib/jackson-core-asl-1.7.4.jar
Deleting /var/lib/jenkins/workspace/Lucene-Solr-4.x-Linux/solr/contrib/clustering/lib/jackson-mapper-asl-1.7.4.jar
Deleting /var/lib/jenkins/workspace/Lucene-Solr-4.x-Linux/solr/contrib/clustering/lib/mahout-collections-1.0.jar
Deleting /var/lib/jenkins/workspace/Lucene-Solr-4.x-Linux/solr/contrib/clustering/lib/mahout-math-0.6.jar
Deleting /var/lib/jenkins/workspace/Lucene-Solr-4.x-Linux/solr/contrib/clustering/lib/simple-xml-2.7.jar
Deleting /var/lib/jenkins/workspace/Lucene-Solr-4.x-Linux/solr/contrib/uima/lib/AlchemyAPIAnnotator-2.3.1.jar
Deleting /var/lib/jenkins/workspace/Lucene-Solr-4.x-Linux/solr/contrib/uima/lib/OpenCalaisAnnotator-2.3.1.jar
Deleting /var/lib/jenkins/workspace/Lucene-Solr-4.x-Linux/solr/contrib/uima/lib/Tagger-2.3.1.jar
Deleting /var/lib/jenkins/workspace/Lucene-Solr-4.x-Linux/solr/contrib/uima/lib/WhitespaceTokenizer-2.3.1.jar
Deleting /var/lib/jenkins/workspace/Lucene-Solr-4.x-Linux/solr/contrib/uima/lib/commons-digester-2.0.jar
Deleting /var/lib/jenkins/workspace/Lucene-Solr-4.x-Linux/solr/contrib/uima/lib/uimaj-core-2.3.1.jar
Deleting /var/lib/jenkins/workspace/Lucene-Solr-4.x-Linux/solr/contrib/langid/lib/jsonic-1.2.7.jar
Deleting /var/lib/jenkins/workspace/Lucene-Solr-4.x-Linux/solr/contrib/langid/lib/langdetect-1.1-20120112.jar
Deleting /var/lib/jenkins/workspace/Lucene-Solr-4.x-Linux/solr/contrib/dataimporthandler/lib/activation-1.1.jar
Deleting /var/lib/jenkins/workspace/Lucene-Solr-4.x-Linux/solr/contrib/dataimporthandler/lib/mail-1.4.1.jar
Deleting /var/lib/jenkins/workspace/Lucene-Solr-4.x-Linux/solr/contrib/dataimporthandler/test-lib/easymock-3.0.jar
Deleting /var/lib/jenkins/workspace/Lucene-Solr-4.x-Linux/solr/contrib/velocity/lib/commons-beanutils-1.7.0.jar
Deleting /var/lib/jenkins/workspace/Lucene-Solr-4.x-Linux/solr/contrib/velocity/lib/commons-collections-3.2.1.jar
Deleting /var/lib/jenkins/workspace/Lucene-Solr-4.x-Linux/solr/contrib/velocity/lib/velocity-1.7.jar
Deleting /var/lib/jenkins/workspace/Lucene-Solr-4.x-Linux/solr/contrib/velocity/lib/velocity-tools-2.0.jar
Deleting /var/lib/jenkins/workspace/Lucene-Solr-4.x-Linux/solr/core/lib/commons-cli-1.2.jar
Deleting /var/lib/jenkins/workspace/Lucene-Solr-4.x-Linux/solr/core/lib/commons-codec-1.7.jar
Deleting /var/lib/jenkins/workspace/Lucene-Solr-4.x-Linux/solr/core/lib/commons-configuration-1.6.jar
Deleting /var/lib/jenkins/workspace/Lucene-Solr-4.x-Linux/solr/core/lib/commons-fileupload-1.2.1.jar
Deleting /var/lib/jenkins/workspace/Lucene-Solr-4.x-Linux/solr/core/lib/commons-lang-2.6.jar
Deleting /var/lib/jenkins/workspace/Lucene-Solr-4.x-Linux/solr/core/lib/concurrentlinkedhashmap-lru-1.2.jar
Deleting /var/lib/jenkins/workspace/Lucene-Solr-4.x-Linux/solr/core/lib/dom4j-1.6.1.jar
Deleting /var/lib/jenkins/workspace/Lucene-Solr-4.x-Linux/solr/core/lib/guava-14.0.1.jar
Deleting /var/lib/jenkins/workspace/Lucene-Solr-4.x-Linux/solr/core/lib/hadoop-annotations-2.0.5-alpha.jar
Deleting /var/lib/jenkins/workspace/Lucene-Solr-4.x-Linux/solr/core/lib/hadoop-auth-2.0.5-alpha.jar
Deleting /var/lib/jenkins/workspace/Lucene-Solr-4.x-Linux/solr/core/lib/hadoop-common-2.0.5-alpha.jar
Deleting /var/lib/jenkins/workspace/Lucene-Solr-4.x-Linux/solr/core/lib/hadoop-hdfs-2.0.5-alpha.jar
Deleting /var/lib/jenkins/workspace/Lucene-Solr-4.x-Linux/solr/core/lib/joda-time-2.2.jar
Deleting /var/lib/jenkins/workspace/Lucene-Solr-4.x-Linux/solr/core/lib/org.restlet-2.1.1.jar
Deleting /var/lib/jenkins/workspace/Lucene-Solr-4.x-Linux/solr/core/lib/org.restlet.ext.servlet-2.1.1.jar
Deleting /var/lib/jenkins/workspace/Lucene-Solr-4.x-Linux/solr/core/lib/protobuf-java-2.4.0a.jar
Deleting /var/lib/jenkins/workspace/Lucene-Solr-4.x-Linux/solr/core/lib/spatial4j-0.3.jar
Deleting /var/lib/jenkins/workspace/Lucene-Solr-4.x-Linux/solr/core/test-lib/cglib-nodep-2.2.jar
Deleting /var/lib/jenkins/workspace/Lucene-Solr-4.x-Linux/solr/core/test-lib/commons-collections-3.2.1.jar
Deleting /var/lib/jenkins/workspace/Lucene-Solr-4.x-Linux/solr/core/test-lib/dom4j-1.6.1.jar
Deleting /var/lib/jenkins/workspace/Lucene-Solr-4.x-Linux/solr/core/test-lib/easymock-3.0.jar
Deleting /var/lib/jenkins/workspace/Lucene-Solr-4.x-Linux/solr/core/test-lib/hadoop-common-2.0.5-alpha-tests.jar
Deleting /var/lib/jenkins/workspace/Lucene-Solr-4.x-Linux/solr/core/test-lib/hadoop-hdfs-2.0.5-alpha-tests.jar
Deleting /var/lib/jenkins/workspace/Lucene-Solr-4.x-Linux/solr/core/test-lib/javax.servlet-api-3.0.1.jar
Deleting /var/lib/jenkins/workspace/Lucene-Solr-4.x-Linux/solr/core/test-lib/jersey-core-1.16.jar
Deleting /var/lib/jenkins/workspace/Lucene-Solr-4.x-Linux/solr/core/test-lib/jetty-6.1.26.jar
Deleting /var/lib/jenkins/workspace/Lucene-Solr-4.x-Linux/solr/core/test-lib/jetty-util-6.1.26.jar
Deleting /var/lib/jenkins/workspace/Lucene-Solr-4.x-Linux/solr/core/test-lib/objenesis-1.2.jar
Updating http://svn.apache.org/repos/asf/lucene/dev/branches/branch_4x at revision '2013-09-22T14:35:09.273 +0000'
At revision 1525368
no change for http://svn.apache.org/repos/asf/lucene/dev/branches/branch_4x since the previous build
No emails were triggered.
[Lucene-Solr-4.x-Linux] $ /bin/sh -xe /tmp/hudson3561166227218512540.sh
+ echo Using JDK: 32bit/jdk1.6.0_45 -client -XX:+UseConcMarkSweepGC
Using JDK: 32bit/jdk1.6.0_45 -client -XX:+UseConcMarkSweepGC
+ /var/lib/jenkins/tools/java/32bit/jdk1.6.0_45/bin/java -client -XX:+UseConcMarkSweepGC -version
java version "1.6.0_45"
Java(TM) SE Runtime Environment (build 1.6.0_45-b06)
Java HotSpot(TM) Client VM (build 20.45-b01, mixed mode)
[Lucene-Solr-4.x-Linux] $ /var/lib/jenkins/tools/hudson.tasks.Ant_AntInstallation/ANT_1.8.2/bin/ant "-Dargs=-client -XX:+UseConcMarkSweepGC" -Dtests.disableHdfs=true -Dtests.multiplier=3 -Dtests.jvms=2 jenkins-hourly
Buildfile: /mnt/ssd/jenkins/workspace/Lucene-Solr-4.x-Linux/build.xml

jenkins-hourly:

clean:

clean:
     [echo] Building solr...

clean:

-test-with-heapdumps-enabled:
     [echo] Java HotSpot(TM) Server VM: Enabling heap dumps on OutOfMemoryError to dir '/mnt/ssd/jenkins/workspace/Lucene-Solr-4.x-Linux/heapdumps'.
    [mkdir] Created dir: /mnt/ssd/jenkins/workspace/Lucene-Solr-4.x-Linux/heapdumps

test:

-clover.load:

test-core:

-clover.disable:

-clover.load:

-clover.classpath:

-clover.setup:

clover:

ivy-availability-check:

ivy-fail:

ivy-configure:
[ivy:configure] :: Apache Ivy 2.3.0 - 20130110142753 :: http://ant.apache.org/ivy/ ::
[ivy:configure] :: loading settings :: file = /mnt/ssd/jenkins/workspace/Lucene-Solr-4.x-Linux/lucene/ivy-settings.xml

resolve:

init:

compile-core:
    [mkdir] Created dir: /mnt/ssd/jenkins/workspace/Lucene-Solr-4.x-Linux/lucene/build/core/classes/java
    [javac] Compiling 693 source files to /mnt/ssd/jenkins/workspace/Lucene-Solr-4.x-Linux/lucene/build/core/classes/java
    [javac] Note: Some input files use or override a deprecated API.
    [javac] Note: Recompile with -Xlint:deprecation for details.
     [copy] Copying 3 files to /mnt/ssd/jenkins/workspace/Lucene-Solr-4.x-Linux/lucene/build/core/classes/java

compile-test-framework:

ivy-availability-check:

ivy-fail:

ivy-configure:
[ivy:configure] :: loading settings :: file = /mnt/ssd/jenkins/workspace/Lucene-Solr-4.x-Linux/lucene/ivy-settings.xml

resolve:

init:

compile-lucene-core:

ivy-availability-check:

ivy-fail:

ivy-configure:
[ivy:configure] :: loading settings :: file = /mnt/ssd/jenkins/workspace/Lucene-Solr-4.x-Linux/lucene/ivy-settings.xml

resolve:

init:

-clover.disable:

-clover.load:

-clover.classpath:

-clover.setup:

clover:

compile-core:

compile-codecs:
     [echo] Building codecs...

ivy-availability-check:
     [echo] Building codecs...

ivy-fail:

ivy-configure:
[ivy:configure] :: loading settings :: file = /mnt/ssd/jenkins/workspace/Lucene-Solr-4.x-Linux/lucene/ivy-settings.xml

resolve:

common.init:

compile-lucene-core:

init:

-clover.disable:

-clover.load:

-clover.classpath:

-clover.setup:

clover:

compile-core:
    [mkdir] Created dir: /mnt/ssd/jenkins/workspace/Lucene-Solr-4.x-Linux/lucene/build/codecs/classes/java
    [javac] Compiling 62 source files to /mnt/ssd/jenkins/workspace/Lucene-Solr-4.x-Linux/lucene/build/codecs/classes/java
    [javac] Note: Some input files use or override a deprecated API.
    [javac] Note: Recompile with -Xlint:deprecation for details.
     [copy] Copying 3 files to /mnt/ssd/jenkins/workspace/Lucene-Solr-4.x-Linux/lucene/build/codecs/classes/java

-clover.disable:

-clover.load:

-clover.classpath:

-clover.setup:

clover:

common.compile-core:
    [mkdir] Created dir: /mnt/ssd/jenkins/workspace/Lucene-Solr-4.x-Linux/lucene/build/test-framework/classes/java
    [javac] Compiling 141 source files to /mnt/ssd/jenkins/workspace/Lucene-Solr-4.x-Linux/lucene/build/test-framework/classes/java
    [javac] Note: Some input files use or override a deprecated API.
    [javac] Note: Recompile with -Xlint:deprecation for details.
     [copy] Copying 4 files to /mnt/ssd/jenkins/workspace/Lucene-Solr-4.x-Linux/lucene/build/test-framework/classes/java

compile-core:

compile-test:
    [mkdir] Created dir: /mnt/ssd/jenkins/workspace/Lucene-Solr-4.x-Linux/lucene/build/core/classes/test
    [javac] Compiling 391 source files to /mnt/ssd/jenkins/workspace/Lucene-Solr-4.x-Linux/lucene/build/core/classes/test
    [javac] Note: Some input files use or override a deprecated API.
    [javac] Note: Recompile with -Xlint:deprecation for details.
     [copy] Copying 40 files to /mnt/ssd/jenkins/workspace/Lucene-Solr-4.x-Linux/lucene/build/core/classes/test

install-junit4-taskdef:

validate:

test:
    [mkdir] Created dir: /mnt/ssd/jenkins/workspace/Lucene-Solr-4.x-Linux/lucene/build/core/test
    [mkdir] Created dir: /mnt/ssd/jenkins/workspace/Lucene-Solr-4.x-Linux/lucene/build/core/test/temp
    [mkdir] Created dir: /mnt/ssd/jenkins/workspace/Lucene-Solr-4.x-Linux/.caches/test-stats/core
   [junit4] <JUnit4> says ahoj! Master seed: 4B7F292A927C08A
   [junit4] Executing 375 suites with 2 JVMs.
   [junit4] 
   [junit4] Started J0 PID(11786@serv1.sd-datasolutions.de).
   [junit4] Started J1 PID(11788@serv1.sd-datasolutions.de).
   [junit4] Suite: org.apache.lucene.util.junitcompat.TestSeedFromUncaught
   [junit4] Completed on J0 in 0.62s, 1 test
   [junit4] 
   [junit4] Suite: org.apache.lucene.index.TestTwoPhaseCommitTool
   [junit4] Completed on J0 in 0.07s, 3 tests
   [junit4] 
   [junit4] Suite: org.apache.lucene.search.TestPhrasePrefixQuery
   [junit4] Completed on J0 in 0.37s, 1 test
   [junit4] 
   [junit4] Suite: org.apache.lucene.index.TestParallelAtomicReader
   [junit4] Completed on J0 in 0.47s, 7 tests
   [junit4] 
   [junit4] Suite: org.apache.lucene.TestDemo
   [junit4] Completed on J0 in 0.04s, 1 test
   [junit4] 
   [junit4] Suite: org.apache.lucene.analysis.TestReusableStringReader
   [junit4] Completed on J0 in 0.02s, 1 test
   [junit4] 
   [junit4] JVM J1: stdout was not empty, see: /mnt/ssd/jenkins/workspace/Lucene-Solr-4.x-Linux/lucene/build/core/test/temp/junit4-J1-20130922_143530_945.sysout
   [junit4] >>> JVM J1: stdout (verbatim) ----
   [junit4] #
   [junit4] # A fatal error has been detected by the Java Runtime Environment:
   [junit4] #
   [junit4] #  SIGSEGV (0xb) at pc=0xf4af4f17, pid=11788, tid=3457669952
   [junit4] #
   [junit4] # JRE version: 6.0_45-b06
   [junit4] # Java VM: Java HotSpot(TM) Client VM (20.45-b01 mixed mode linux-x86 )
   [junit4] # Problematic frame:
   [junit4] # J  org.apache.lucene.store.TestDirectory.testDirectInstantiation()V
   [junit4] #
   [junit4] # An error report file with more information is saved as:
   [junit4] # /mnt/ssd/jenkins/workspace/Lucene-Solr-4.x-Linux/lucene/build/core/test/J1/hs_err_pid11788.log
   [junit4] #
   [junit4] # If you would like to submit a bug report, please visit:
   [junit4] #   http://java.sun.com/webapps/bugreport/crash.jsp
   [junit4] #
   [junit4] <<< JVM J1: EOF ----
   [junit4] Suite: org.apache.lucene.index.TestIndexWriterMerging
   [junit4] Completed on J0 in 14.27s, 6 tests
   [junit4] 
   [junit4] Suite: org.apache.lucene.search.TestFilteredQuery
   [junit4] Completed on J0 in 0.55s, 12 tests
   [junit4] 
   [junit4] Suite: org.apache.lucene.search.TestNumericRangeQuery32
   [junit4] Completed on J0 in 26.83s, 27 tests
   [junit4] 
   [junit4] Suite: org.apache.lucene.search.TestConstantScoreQuery
   [junit4] Completed on J0 in 0.07s, 3 tests
   [junit4] 
   [junit4] Suite: org.apache.lucene.util.TestCloseableThreadLocal
   [junit4] Completed on J0 in 0.04s, 3 tests
   [junit4] 
   [junit4] Suite: org.apache.lucene.util.junitcompat.TestReproduceMessageWithRepeated
   [junit4] Completed on J0 in 0.07s, 1 test
   [junit4] 
   [junit4] Suite: org.apache.lucene.index.TestNoMergeScheduler
   [junit4] Completed on J0 in 0.03s, 3 tests
   [junit4] 
   [junit4] Suite: org.apache.lucene.index.TestDeletionPolicy
   [junit4] Completed on J0 in 4.62s, 6 tests
   [junit4] 
   [junit4] Suite: org.apache.lucene.search.spans.TestSpansAdvanced2
   [junit4] Completed on J0 in 0.22s, 4 tests
   [junit4] 
   [junit4] Suite: org.apache.lucene.util.TestFilterIterator
   [junit4] Completed on J0 in 0.05s, 8 tests
   [junit4] 
   [junit4] Suite: org.apache.lucene.index.TestCrashCausesCorruptIndex
   [junit4] Completed on J0 in 0.19s, 1 test
   [junit4] 
   [junit4] Suite: org.apache.lucene.index.TestTransactionRollback
   [junit4] Completed on J0 in 0.49s, 2 tests
   [junit4] 
   [junit4] Suite: org.apache.lucene.index.TestStressAdvance
   [junit4] Completed on J0 in 1.22s, 1 test
   [junit4] 
   [junit4] Suite: org.apache.lucene.codecs.lucene40.TestReuseDocsEnum
   [junit4] Completed on J0 in 0.94s, 3 tests
   [junit4] 
   [junit4] Suite: org.apache.lucene.analysis.tokenattributes.TestCharTermAttributeImpl
   [junit4] Completed on J0 in 0.98s, 12 tests
   [junit4] 
   [junit4] Suite: org.apache.lucene.index.TestParallelReaderEmptyIndex
   [junit4] Completed on J0 in 0.10s, 2 tests
   [junit4] 
   [junit4] Suite: org.apache.lucene.util.TestPagedBytes
   [junit4] Completed on J0 in 8.64s, 3 tests, 1 skipped
   [junit4] 
   [junit4] Suite: org.apache.lucene.search.TestDocTermOrdsRewriteMethod
   [junit4] Completed on J0 in 17.07s, 2 tests
   [junit4] 
   [junit4] Suite: org.apache.lucene.search.TestTopFieldCollector
   [junit4] Completed on J0 in 0.16s, 8 tests
   [junit4] 
   [junit4] Suite: org.apache.lucene.index.TestMultiFields
   [junit4] Completed on J0 in 4.68s, 3 tests
   [junit4] 
   [junit4] Suite: org.apache.lucene.search.FuzzyTermOnShortTermsTest
   [junit4] Completed on J0 in 0.13s, 1 test
   [junit4] 
   [junit4] Suite: org.apache.lucene.index.TestParallelTermEnum
   [junit4] Completed on J0 in 0.03s, 1 test
   [junit4] 
   [junit4] Suite: org.apache.lucene.index.TestIndexWriterOnDiskFull
   [junit4] Completed on J0 in 0.50s, 4 tests
   [junit4] 
   [junit4] Suite: org.apache.lucene.index.TestIndexWriter
   [junit4] Completed on J0 in 31.40s, 58 tests
   [junit4] 
   [junit4] Suite: org.apache.lucene.codecs.compressing.TestFastDecompressionMode
   [junit4] Completed on J0 in 3.55s, 11 tests
   [junit4] 
   [junit4] Suite: org.apache.lucene.util.TestSentinelIntSet
   [junit4] Completed on J0 in 0.16s, 2 tests
   [junit4] 
   [junit4] Suite: org.apache.lucene.index.Test2BBinaryDocValues
   [junit4] Completed on J0 in 0.00s, 0 tests
   [junit4] 
   [junit4] Suite: org.apache.lucene.util.TestPForDeltaDocIdSet
   [junit4] Completed on J0 in 0.71s, 4 tests
   [junit4] 
   [junit4] Suite: org.apache.lucene.util.junitcompat.TestReproduceMessage
   [junit4] Completed on J0 in 0.50s, 21 tests
   [junit4] 
   [junit4] Suite: org.apache.lucene.index.TestPersistentSnapshotDeletionPolicy
   [junit4] Completed on J0 in 1.94s, 13 tests
   [junit4] 
   [junit4] Suite: org.apache.lucene.index.TestPostingsFormat
   [junit4] Completed on J0 in 3.72s, 7 tests
   [junit4] 
   [junit4] Suite: org.apache.lucene.search.TestFilteredSearch
   [junit4] Completed on J0 in 0.03s, 1 test
   [junit4] 
   [junit4] Suite: org.apache.lucene.util.TestVirtualMethod
   [junit4] Completed on J0 in 0.02s, 2 tests
   [junit4] 
   [junit4] Suite: org.apache.lucene.search.TestBooleanMinShouldMatch
   [junit4] Completed on J0 in 3.96s, 17 tests
   [junit4] 
   [junit4] Suite: org.apache.lucene.codecs.lucene41.TestBlockPostingsFormat3
   [junit4] Completed on J0 in 9.29s, 1 test
   [junit4] 
   [junit4] Suite: org.apache.lucene.search.TestSimpleExplanations
   [junit4] Completed on J0 in 1.36s, 69 tests
   [junit4] 
   [junit4] Suite: org.apache.lucene.index.TestFlushByRamOrCountsPolicy
   [junit4] Completed on J0 in 2.54s, 5 tests
   [junit4] 
   [junit4] Suite: org.apache.lucene.search.spans.TestSpanFirstQuery
   [junit4] Completed on J0 in 0.02s, 1 test
   [junit4] 
   [junit4] Suite: org.apache.lucene.search.TestSimilarity
   [junit4] Completed on J0 in 0.03s, 1 test
   [junit4] 
   [junit4] Suite: org.apache.lucene.search.TestCachingCollector
   [junit4] Completed on J0 in 0.06s, 5 tests
   [junit4] 
   [junit4] Suite: org.apache.lucene.index.TestCustomNorms
   [junit4] Completed on J0 in 1.13s, 1 test
   [junit4] 
   [junit4] Suite: org.apache.lucene.search.TestRegexpRandom
   [junit4] Completed on J0 in 0.07s, 1 test
   [junit4] 
   [junit4] Suite: org.apache.lucene.index.TestTermsEnum2
   [junit4] Completed on J0 in 0.91s, 4 tests
   [junit4] 
   [junit4] Suite: org.apache.lucene.util.automaton.TestUTF32ToUTF8
   [junit4] Completed on J0 in 14.80s, 5 tests
   [junit4] 
   [junit4] Suite: org.apache.lucene.search.TestPrefixFilter
   [junit4] Completed on J0 in 0.02s, 1 test
   [junit4] 
   [junit4] Suite: org.apache.lucene.index.Test2BTerms
   [junit4] Completed on J0 in 0.02s, 1 test, 1 skipped
   [junit4] 
   [junit4] Suite: org.apache.lucene.search.TestDisjunctionMaxQuery
   [junit4] Completed on J0 in 0.38s, 11 tests
   [junit4] 
   [junit4] Suite: org.apache.lucene.index.TestDocumentsWriterDeleteQueue
   [junit4] Completed on J0 in 0.13s, 5 tests
   [junit4] 
   [junit4] Suite: org.apache.lucene.search.TestDocIdSet
   [junit4] Completed on J0 in 0.04s, 3 tests
   [junit4] 
   [junit4] Suite: org.apache.lucene.index.TestNRTThreads
   [junit4] Completed on J0 in 8.56s, 1 test
   [junit4] 
   [junit4] Suite: org.apache.lucene.store.TestLock
   [junit4] Completed on J0 in 0.03s, 1 test
   [junit4] 
   [junit4] Suite: org.apache.lucene.index.TestNoDeletionPolicy
   [junit4] Completed on J0 in 0.12s, 4 tests
   [junit4] 
   [junit4] Suite: org.apache.lucene.util.Test2BPagedBytes
   [junit4] Completed on J0 in 0.00s, 0 tests
   [junit4] 
   [junit4] Suite: org.apache.lucene.codecs.lucene42.TestLucene42DocValuesFormat
   [junit4] IGNOR/A 0.10s J0 | TestLucene42DocValuesFormat.testThreads2
   [junit4]    > Assumption #1: Codec does not support getDocsWithField
   [junit4] IGNOR/A 0.01s J0 | TestLucene42DocValuesFormat.testTwoBytesOneMissingWithMerging
   [junit4]    > Assumption #1: Codec does not support getDocsWithField
   [junit4] IGNOR/A 0.00s J0 | TestLucene42DocValuesFormat.testTwoBytesOneMissing
   [junit4]    > Assumption #1: Codec does not support getDocsWithField
   [junit4] IGNOR/A 0.01s J0 | TestLucene42DocValuesFormat.testThreeNumbersOneMissingWithMerging
   [junit4]    > Assumption #1: Codec does not support getDocsWithField
   [junit4] IGNOR/A 0.01s J0 | TestLucene42DocValuesFormat.testTwoNumbersOneMissing
   [junit4]    > Assumption #1: Codec does not support getDocsWithField
   [junit4] IGNOR/A 0.01s J0 | TestLucene42DocValuesFormat.testByteMissingVsFieldCache
   [junit4]    > Assumption #1: Codec does not support getDocsWithField
   [junit4] IGNOR/A 0.00s J0 | TestLucene42DocValuesFormat.testTwoNumbersOneMissingWithMerging
   [junit4]    > Assumption #1: Codec does not support getDocsWithField
   [junit4] IGNOR/A 0.01s J0 | TestLucene42DocValuesFormat.testShortMissingVsFieldCache
   [junit4]    > Assumption #1: Codec does not support getDocsWithField
   [junit4] IGNOR/A 0.01s J0 | TestLucene42DocValuesFormat.testThreeBytesOneMissingWithMerging
   [junit4]    > Assumption #1: Codec does not support getDocsWithField
   [junit4] IGNOR/A 0.01s J0 | TestLucene42DocValuesFormat.testIntMissingVsFieldCache
   [junit4]    > Assumption #1: Codec does not support getDocsWithField
   [junit4] IGNOR/A 0.01s J0 | TestLucene42DocValuesFormat.testLongMissingVsFieldCache
   [junit4]    > Assumption #1: Codec does not support getDocsWithField
   [junit4] Completed on J0 in 17.39s, 77 tests, 11 skipped
   [junit4] 
   [junit4] Suite: org.apache.lucene.search.TestPhraseQuery
   [junit4] Completed on J0 in 1.75s, 17 tests
   [junit4] 
   [junit4] Suite: org.apache.lucene.search.TestSearcherManager
   [junit4] Completed on J0 in 5.91s, 7 tests
   [junit4] 
   [junit4] Suite: org.apache.lucene.util.fst.TestBytesStore
   [junit4] Completed on J0 in 43.55s, 1 test
   [junit4] 
   [junit4] Suite: org.apache.lucene.util.junitcompat.TestCodecReported
   [junit4] Completed on J0 in 0.03s, 1 test
   [junit4] 
   [junit4] Suite: org.apache.lucene.index.TestPostingsOffsets
   [junit4] Completed on J0 in 1.09s, 11 tests
   [junit4] 
   [junit4] Suite: org.apache.lucene.analysis.TestMockCharFilter
   [junit4] Completed on J0 in 0.02s, 1 test
   [junit4] 
   [junit4] Suite: org.apache.lucene.search.TestPrefixRandom
   [junit4] Completed on J0 in 1.06s, 1 test
   [junit4] 
   [junit4] Suite: org.apache.lucene.index.TestPayloadsOnVectors
   [junit4] Completed on J0 in 0.08s, 3 tests
   [junit4] 
   [junit4] Suite: org.apache.lucene.util.TestFieldCacheSanityChecker
   [junit4] Completed on J0 in 0.47s, 3 tests
   [junit4] 
   [junit4] Suite: org.apache.lucene.search.TestTopScoreDocCollector
   [junit4] Completed on J0 in 0.02s, 1 test
   [junit4] 
   [junit4] Suite: org.apache.lucene.search.TestFieldCacheRangeFilter
   [junit4] Completed on J0 in 0.48s, 9 tests
   [junit4] 
   [junit4] Suite: org.apache.lucene.index.TestStressIndexing2
   [junit4] Completed on J0 in 0.54s, 3 tests
   [junit4] 
   [junit4] Suite: org.apache.lucene.codecs.lucene3x.TestSurrogates
   [junit4] Completed on J0 in 0.40s, 1 test
   [junit4] 
   [junit4] Suite: org.apache.lucene.index.TestIndexCommit
   [junit4] Completed on J0 in 0.02s, 1 test
   [junit4] 
   [junit4] Suite: org.apache.lucene.index.TestRollback
   [junit4] Completed on J0 in 0.02s, 1 test
   [junit4] 
   [junit4] Suite: org.apache.lucene.index.TestAllFilesHaveCodecHeader
   [junit4] Completed on J0 in 0.04s, 1 test
   [junit4] 
   [junit4] Suite: org.apache.lucene.search.TestShardSearching
   [junit4] Completed on J0 in 14.68s, 1 test
   [junit4] 
   [junit4] Suite: org.apache.lucene.index.Test2BPositions
   [junit4] Completed on J0 in 0.01s, 1 test, 1 skipped
   [junit4] 
   [junit4] Suite: org.apache.lucene.index.TestPayloads
   [junit4] Completed on J0 in 0.18s, 7 tests
   [junit4] 
   [junit4] Suite: org.apache.lucene.search.TestWildcardRandom
   [junit4] Completed on J0 in 0.05s, 1 test
   [junit4] 
   [junit4] Suite: org.apache.lucene.search.TestMultiValuedNumericRangeQuery
   [junit4] Completed on J0 in 1.10s, 1 test
   [junit4] 
   [junit4] Suite: org.apache.lucene.search.TestComplexExplanations
   [junit4] Completed on J0 in 0.90s, 22 tests
   [junit4] 
   [junit4] Suite: org.apache.lucene.codecs.lucene40.TestLucene40DocValuesFormat
   [junit4] IGNOR/A 0.01s J0 | TestLucene40DocValuesFormat.testSortedSetOneValue
   [junit4]    > Assumption #1: Codec does not support SORTED_SET
   [junit4] IGNOR/A 0.01s J0 | TestLucene40DocValuesFormat.testSortedSetTwoValues
   [junit4]    > Assumption #1: Codec does not support SORTED_SET
   [junit4] IGNOR/A 0.00s J0 | TestLucene40DocValuesFormat.testSortedSetTwoDocumentsLastMissing
   [junit4]    > Assumption #1: Codec does not support SORTED_SET
   [junit4] IGNOR/A 0.00s J0 | TestLucene40DocValuesFormat.testSortedSetMergeAwayAllValues
   [junit4]    > Assumption #1: Codec does not support SORTED_SET
   [junit4] IGNOR/A 0.01s J0 | TestLucene40DocValuesFormat.testSortedSetTwoDocumentsMerged
   [junit4]    > Assumption #1: Codec does not support SORTED_SET
   [junit4] IGNOR/A 0.00s J0 | TestLucene40DocValuesFormat.testSortedSetVariableLengthVsUninvertedField
   [junit4]    > Assumption #1: Codec does not support SORTED_SET
   [junit4] IGNOR/A 0.00s J0 | TestLucene40DocValuesFormat.testIntMissingVsFieldCache
   [junit4]    > Assumption #1: Codec does not support getDocsWithField
   [junit4] IGNOR/A 0.00s J0 | TestLucene40DocValuesFormat.testThreeBytesOneMissingWithMerging
   [junit4]    > Assumption #1: Codec does not support getDocsWithField
   [junit4] IGNOR/A 0.00s J0 | TestLucene40DocValuesFormat.testSortedSetTermsEnum
   [junit4]    > Assumption #1: Codec does not support SORTED_SET
   [junit4] IGNOR/A 0.00s J0 | TestLucene40DocValuesFormat.testByteMissingVsFieldCache
   [junit4]    > Assumption #1: Codec does not support getDocsWithField
   [junit4] IGNOR/A 0.01s J0 | TestLucene40DocValuesFormat.testTwoNumbersOneMissingWithMerging
   [junit4]    > Assumption #1: Codec does not support getDocsWithField
   [junit4] IGNOR/A 0.00s J0 | TestLucene40DocValuesFormat.testSortedSetFixedLengthVsStoredFields
   [junit4]    > Assumption #1: Codec does not support SORTED_SET
   [junit4] IGNOR/A 0.00s J0 | TestLucene40DocValuesFormat.testSortedSetThreeValuesTwoDocs
   [junit4]    > Assumption #1: Codec does not support SORTED_SET
   [junit4] IGNOR/A 0.00s J0 | TestLucene40DocValuesFormat.testTwoBytesOneMissingWithMerging
   [junit4]    > Assumption #1: Codec does not support getDocsWithField
   [junit4] IGNOR/A 0.00s J0 | TestLucene40DocValuesFormat.testThreads2
   [junit4]    > Assumption #1: Codec does not support getDocsWithField
   [junit4] IGNOR/A 0.00s J0 | TestLucene40DocValuesFormat.testShortMissingVsFieldCache
   [junit4]    > Assumption #1: Codec does not support getDocsWithField
   [junit4] IGNOR/A 0.00s J0 | TestLucene40DocValuesFormat.testSortedSetTwoDocumentsLastMissingMerge
   [junit4]    > Assumption #1: Codec does not support SORTED_SET
   [junit4] IGNOR/A 0.00s J0 | TestLucene40DocValuesFormat.testSortedSetTwoFields
   [junit4]    > Assumption #1: Codec does not support SORTED_SET
   [junit4] IGNOR/A 0.00s J0 | TestLucene40DocValuesFormat.testSortedSetTwoValuesUnordered
   [junit4]    > Assumption #1: Codec does not support SORTED_SET
   [junit4] IGNOR/A 0.00s J0 | TestLucene40DocValuesFormat.testLongMissingVsFieldCache
   [junit4]    > Assumption #1: Codec does not support getDocsWithField
   [junit4] IGNOR/A 0.01s J0 | TestLucene40DocValuesFormat.testTwoNumbersOneMissing
   [junit4]    > Assumption #1: Codec does not support getDocsWithField
   [junit4] IGNOR/A 0.01s J0 | TestLucene40DocValuesFormat.testSortedSetTwoDocumentsFirstMissingMerge
   [junit4]    > Assumption #1: Codec does not support SORTED_SET
   [junit4] IGNOR/A 0.00s J0 | TestLucene40DocValuesFormat.testTwoBytesOneMissing
   [junit4]    > Assumption #1: Codec does not support getDocsWithField
   [junit4] IGNOR/A 0.00s J0 | TestLucene40DocValuesFormat.testSortedSetFixedLengthVsUninvertedField
   [junit4]    > Assumption #1: Codec does not support SORTED_SET
   [junit4] IGNOR/A 0.01s J0 | TestLucene40DocValuesFormat.testSortedSetTwoDocumentsFirstMissing
   [junit4]    > Assumption #1: Codec does not support SORTED_SET
   [junit4] IGNOR/A 0.00s J0 | TestLucene40DocValuesFormat.testSortedSetVariableLengthVsStoredFields
   [junit4]    > Assumption #1: Codec does not support SORTED_SET
   [junit4] IGNOR/A 0.00s J0 | TestLucene40DocValuesFormat.testThreeNumbersOneMissingWithMerging
   [junit4]    > Assumption #1: Codec does not support getDocsWithField
   [junit4] Completed on J0 in 9.24s, 74 tests, 27 skipped
   [junit4] 
   [junit4] Suite: org.apache.lucene.TestMergeSchedulerExternal
   [junit4] Completed on J0 in 0.43s, 2 tests
   [junit4] 
   [junit4] Suite: org.apache.lucene.index.TestNRTReaderWithThreads
   [junit4] Completed on J0 in 1.31s, 1 test
   [junit4] 
   [junit4] Suite: org.apache.lucene.index.TestSegmentTermEnum
   [junit4] Completed on J0 in 0.03s, 2 tests
   [junit4] 
   [junit4] Suite: org.apache.lucene.index.TestIsCurrent
   [junit4] Completed on J0 in 0.02s, 2 tests
   [junit4] 
   [junit4] Suite: org.apache.lucene.util.automaton.TestSpecialOperations
   [junit4] Completed on J0 in 0.24s, 2 tests
   [junit4] 
   [junit4] Suite: org.apache.lucene.search.TestCustomSearcherSort
   [junit4] Completed on J0 in 1.17s, 2 tests
   [junit4] 
   [junit4] Suite: org.apache.lucene.index.TestTryDelete
   [junit4] Completed on J0 in 0.02s, 3 tests
   [junit4] 
   [junit4] Suite: org.apache.lucene.store.TestLockFactory
   [junit4] IGNOR/A 0.01s J0 | TestLockFactory.testStressLocks
   [junit4]    > Assumption #1: 'nightly' test group is disabled (@Nightly)
   [junit4] IGNOR/A 0.00s J0 | TestLockFactory.testStressLocksNativeFSLockFactory
   [junit4]    > Assumption #1: 'nightly' test group is disabled (@Nightly)
   [junit4] Completed on J0 in 1.06s, 11 tests, 2 skipped
   [junit4] 
   [junit4] Suite: org.apache.lucene.index.TestDocValuesWithThreads
   [junit4] Completed on J0 in 0.09s, 2 tests
   [junit4] 
   [junit4] Suite: org.apache.lucene.util.TestMathUtil
   [junit4] Completed on J0 in 0.03s, 5 tests
   [junit4] 
   [junit4] Suite: org.apache.lucene.index.TestMaxTermFrequency
   [junit4] Completed on J0 in 0.20s, 1 test
   [junit4] 
   [junit4] Suite: org.apache.lucene.search.TestPrefixInBooleanQuery
   [junit4] Completed on J0 in 0.22s, 4 tests
   [junit4] 
   [junit4] Suite: org.apache.lucene.index.TestDocValuesFormat
   [junit4] IGNOR/A 0.00s J0 | TestDocValuesFormat.testHugeBinaryValueLimit
   [junit4]    > Assumption #1: test requires codec with limits on max binary field length
   [junit4] Completed on J0 in 26.73s, 74 tests, 1 skipped
   [junit4] 
   [junit4] Suite: org.apache.lucene.index.TestIndexWriterReader
   [junit4] Completed on J0 in 16.27s, 21 tests
   [junit4] 
   [junit4] Suite: org.apache.lucene.index.TestTermVectorsFormat
   [junit4] Completed on J0 in 12.59s, 7 tests
   [junit4] 
   [junit4] Suite: org.apache.lucene.codecs.compressing.TestCompressingTermVectorsFormat
   [junit4] Completed on J0 in 46.53s, 40 tests
   [junit4] 
   [junit4] Suite: org.apache.lucene.util.fst.TestFSTs
   [junit4] IGNOR/A 0.00s J0 | TestFSTs.testBigSet
   [junit4]    > Assumption #1: 'nightly' test group is disabled (@Nightly)
   [junit4] Completed on J0 in 24.46s, 18 tests, 1 skipped
   [junit4] 
   [junit4] Suite: org.apache.lucene.search.TestNumericRangeQuery64
   [junit4] Completed on J0 in 10.37s, 34 tests
   [junit4] 
   [junit4] Suite: org.apache.lucene.util.packed.TestPackedInts
   [junit4] IGNOR/A 0.00s J0 | TestPackedInts.testBlockReaderOverflow
   [junit4]    > Assumption #1: 'nightly' test group is disabled (@Nightly)
   [junit4] Completed on J0 in 30.03s, 27 tests, 3 skipped
   [junit4] 
   [junit4] Suite: org.apache.lucene.index.TestIndexWriterWithThreads
   [junit4] Completed on J0 in 3.94s, 12 tests
   [junit4] 
   [junit4] Suite: org.apache.lucene.analysis.TestLookaheadTokenFilter
   [junit4] Completed on J0 in 13.63s, 3 tests
   [junit4] 
   [junit4] Suite: org.apache.lucene.index.TestAddIndexes
   [junit4] Completed on J0 in 2.53s, 22 tests
   [junit4] 
   [junit4] Suite: org.apache.lucene.search.TestSloppyPhraseQuery
   [junit4] Completed on J0 in 2.68s, 9 tests
   [junit4] 
   [junit4] Suite: org.apache.lucene.index.TestIndexWriterDelete
   [junit4] IGNOR/A 0.00s J0 | TestIndexWriterDelete.testApplyDeletesOnFlush
   [junit4]    > Assumption #1: 'nightly' test group is disabled (@Nightly)
   [junit4] Completed on J0 in 5.87s, 22 tests, 1 skipped
   [junit4] 
   [junit4] Suite: org.apache.lucene.index.TestDuelingCodecs
   [junit4] Completed on J0 in 21.88s, 1 test
   [junit4] 
   [junit4] Suite: org.apache.lucene.index.TestAtomicUpdate
   [junit4] Completed on J0 in 4.28s, 1 test
   [junit4] 
   [junit4] Suite: org.apache.lucene.index.TestIndexWriterCommit
   [junit4] Completed on J0 in 1.87s, 12 tests
   [junit4] 
   [junit4] Suite: org.apache.lucene.index.TestDirectoryReaderReopen
   [junit4] Completed on J0 in 1.36s, 6 tests
   [junit4] 
   [junit4] Suite: org.apache.lucene.search.TestTimeLimitingCollector
   [junit4] Completed on J0 in 1.94s, 6 tests
   [junit4] 
   [junit4] Suite: org.apache.lucene.search.TestSearchAfter
   [junit4] Completed on J0 in 12.44s, 1 test
   [junit4] 
   [junit4] Suite: org.apache.lucene.index.TestConcurrentMergeScheduler
   [junit4] Completed on J0 in 2.28s, 6 tests
   [junit4] 
   [junit4] Suite: org.apache.lucene.util.TestOpenBitSet
   [junit4] Completed on J0 in 39.59s, 8 tests
   [junit4] 
   [junit4] Suite: org.apache.lucene.index.TestDocumentsWriterStallControl
   [junit4] Completed on J0 in 4.99s, 3 tests
   [junit4] 
   [junit4] Suite: org.apache.lucene.search.TestTopDocsMerge
   [junit4] Completed on J0 in 31.39s, 1 test
   [junit4] 
   [junit4] Suite: org.apache.lucene.index.TestCompoundFile
   [junit4] Completed on J0 in 1.73s, 18 tests
   [junit4] 
   [junit4] Suite: org.apache.lucene.index.TestLongPostings
   [junit4] Completed on J0 in 3.69s, 2 tests
   [junit4] 
   [junit4] Suite: org.apache.lucene.index.TestStressIndexing
   [junit4] Completed on J0 in 3.41s, 1 test
   [junit4] 
   [junit4] Suite: org.apache.lucene.util.automaton.TestMinimize
   [junit4] Completed on J0 in 2.16s, 3 tests
   [junit4] 
   [junit4] Suite: org.apache.lucene.index.TestRollingUpdates
   [junit4] Completed on J0 in 1.54s, 2 tests
   [junit4] 
   [junit4] Suite: org.apache.lucene.index.TestSnapshotDeletionPolicy
   [junit4] Completed on J0 in 1.42s, 7 tests
   [junit4] 
   [junit4] Suite: org.apache.lucene.codecs.lucene40.TestLucene40PostingsReader
   [junit4] Completed on J0 in 5.09s, 1 test
   [junit4] 
   [junit4] Suite: org.apache.lucene.index.TestIndexWriterUnicode
   [junit4] Completed on J0 in 5.41s, 5 tests
   [junit4] 
   [junit4] Suite: org.apache.lucene.index.TestTieredMergePolicy
   [junit4] Completed on J0 in 4.08s, 4 tests
   [junit4] 
   [junit4] Suite: org.apache.lucene.index.TestIndexWriterForceMerge
   [junit4] Completed on J0 in 1.55s, 4 tests
   [junit4] 
   [junit4] Suite: org.apache.lucene.codecs.perfield.TestPerFieldPostingsFormat
   [junit4] Completed on J0 in 1.63s, 7 tests
   [junit4] 
   [junit4] Suite: org.apache.lucene.util.TestArrayUtil
   [junit4] Completed on J0 in 4.39s, 11 tests
   [junit4] 
   [junit4] Suite: org.apache.lucene.index.TestByteSlices
   [junit4] Completed on J0 in 7.57s, 1 test
   [junit4] 
   [junit4] Suite: org.apache.lucene.index.TestTermsEnum
   [junit4] Completed on J0 in 7.42s, 7 tests
   [junit4] 
   [junit4] Suite: org.apache.lucene.util.TestWeakIdentityMap
   [junit4] Completed on J0 in 9.53s, 2 tests
   [junit4] 
   [junit4] Suite: org.apache.lucene.index.TestDirectoryReader
   [junit4] IGNOR/A 0.01s J0 | TestDirectoryReader.testTotalTermFreqCached
   [junit4]    > Assumption #1: got: <false>, expected: is <true>
   [junit4] IGNOR/A 0.01s J0 | TestDirectoryReader.testGetSumDocFreq
   [junit4]    > Assumption #1: got: <false>, expected: is <true>
   [junit4] IGNOR/A 0.01s J0 | TestDirectoryReader.testGetDocCount
   [junit4]    > Assumption #1: got: <false>, expected: is <true>
   [junit4] IGNOR/A 0.06s J0 | TestDirectoryReader.testGetSumTotalTermFreq
   [junit4]    > Assumption #1: got: <false>, expected: is <true>
   [junit4] Completed on J0 in 1.08s, 27 tests, 4 skipped
   [junit4] 
   [junit4] Suite: org.apache.lucene.search.TestDocTermOrdsRangeFilter
   [junit4] Completed on J0 in 2.51s, 1 test
   [junit4] 
   [junit4] Suite: org.apache.lucene.codecs.compressing.TestCompressingStoredFieldsFormat
   [junit4] IGNOR/A 0.00s J0 | TestCompressingStoredFieldsFormat.testBigDocuments {#0 seed=[4B7F292A927C08A:F59DA8CD1A0B6EAD]}
   [junit4]    > Assumption #1: 'nightly' test group is disabled (@Nightly)
   [junit4] IGNOR/A 0.00s J0 | TestCompressingStoredFieldsFormat.testBigDocuments {#1 seed=[4B7F292A927C08A:41CB14312EC9A581]}
   [junit4]    > Assumption #1: 'nightly' test group is disabled (@Nightly)
   [junit4] IGNOR/A 0.00s J0 | TestCompressingStoredFieldsFormat.testBigDocuments {#2 seed=[4B7F292A927C08A:CF2282ED7F0DED4A]}
   [junit4]    > Assumption #1: 'nightly' test group is disabled (@Nightly)
   [junit4] IGNOR/A 0.00s J0 | TestCompressingStoredFieldsFormat.testBigDocuments {#3 seed=[4B7F292A927C08A:FECC290813F3B663]}
   [junit4]    > Assumption #1: 'nightly' test group is disabled (@Nightly)
   [junit4] IGNOR/A 0.00s J0 | TestCompressingStoredFieldsFormat.testBigDocuments {#4 seed=[4B7F292A927C08A:B20DACA5B2FB76D8]}
   [junit4]    > Assumption #1: 'nightly' test group is disabled (@Nightly)
   [junit4] Completed on J0 in 19.46s, 55 tests, 5 skipped
   [junit4] 
   [junit4] Suite: org.apache.lucene.index.TestBagOfPositions
   [junit4] Completed on J0 in 26.78s, 1 test
   [junit4] 
   [junit4] Suite: org.apache.lucene.util.TestFixedBitSet
   [junit4] Completed on J0 in 18.97s, 10 tests
   [junit4] 
   [junit4] Suite: org.apache.lucene.util.TestDoubleBarrelLRUCache
   [junit4] Completed on J0 in 1.04s, 2 tests
   [junit4] 
   [junit4] Suite: org.apache.lucene.analysis.TestMockAnalyzer
   [junit4] Completed on J0 in 1.89s, 10 tests
   [junit4] 
   [junit4] Suite: org.apache.lucene.index.TestSegmentReader
   [junit4] Completed on J0 in 0.82s, 7 tests
   [junit4] 
   [junit4] Suite: org.apache.lucene.search.TestFieldCacheRewriteMethod
   [junit4] Completed on J0 in 0.40s, 2 tests
   [junit4] 
   [junit4] Suite: org.apache.lucene.index.TestTransactions
   [junit4] Completed on J0 in 1.99s, 1 test
   [junit4] 
   [junit4] Suite: org.apache.lucene.index.TestCrash
   [junit4] Completed on J0 in 0.65s, 5 tests
   [junit4] 
   [junit4] Suite: org.apache.lucene.index.TestSegmentTermDocs
   [junit4] Completed on J0 in 0.67s, 5 tests
   [junit4] 
   [junit4] Suite: org.apache.lucene.codecs.perfield.TestPerFieldPostingsFormat2
   [junit4] Completed on J0 in 1.17s, 5 tests
   [junit4] 
   [junit4] Suite: org.apache.lucene.search.TestSort
   [junit4] Completed on J0 in 0.37s, 49 tests
   [junit4] 
   [junit4] Suite: org.apache.lucene.index.TestMultiDocValues
   [junit4] Completed on J0 in 1.66s, 7 tests
   [junit4] 
   [junit4] Suite: org.apache.lucene.analysis.TestToken
   [junit4] Completed on J0 in 1.52s, 10 tests
   [junit4] 
   [junit4] Suite: org.apache.lucene.index.TestFieldsReader
   [junit4] Completed on J0 in 0.52s, 2 tests
   [junit4] 
   [junit4] Suite: org.apache.lucene.search.TestSimpleSearchEquivalence
   [junit4] Completed on J0 in 0.96s, 12 tests
   [junit4] 
   [junit4] Suite: org.apache.lucene.search.payloads.TestPayloadTermQuery
   [junit4] Completed on J0 in 0.32s, 6 tests
   [junit4] 
   [junit4] Suite: org.apache.lucene.store.TestHugeRamFile
   [junit4] Completed on J0 in 1.21s, 1 test
   [junit4] 
   [junit4] Suite: org.apache.lucene.util.automaton.TestDeterminizeLexicon
   [junit4] Completed on J0 in 2.04s, 1 test
   [junit4] 
   [junit4] Suite: org.apache.lucene.index.Test2BDocs
   [junit4] Completed on J0 in 0.92s, 2 tests
   [junit4] 
   [junit4] Suite: org.apache.lucene.search.TestFieldCache
   [junit4] Completed on J0 in 1.70s, 10 tests
   [junit4] 
   [junit4] Suite: org.apache.lucene.index.TestMixedCodecs
   [junit4] Completed on J0 in 1.21s, 1 test
   [junit4] 
   [junit4] Suite: org.apache.lucene.search.spans.TestPayloadSpans
   [junit4] Completed on J0 in 0.56s, 10 tests
   [junit4] 
   [junit4] Suite: org.apache.lucene.codecs.lucene40.TestLucene40PostingsFormat
   [junit4] Completed on J0 in 1.19s, 7 tests
   [junit4] 
   [junit4] Suite: org.apache.lucene.search.spans.TestSpanExplanations
   [junit4] Completed on J0 in 0.49s, 31 tests
   [junit4] 
   [junit4] Suite: org.apache.lucene.index.TestDocTermOrds
   [junit4] Completed on J0 in 0.62s, 5 tests
   [junit4] 
   [junit4] Suite: org.apache.lucene.codecs.compressing.TestFastCompressionMode
   [junit4] Completed on J0 in 1.90s, 11 tests
   [junit4] 
   [junit4] Suite: org.apache.lucene.search.TestMultiPhraseQuery
   [junit4] Completed on J0 in 0.37s, 16 tests, 1 skipped
   [junit4] 
   [junit4] Suite: org.apache.lucene.util.automaton.TestDeterminism
   [junit4] Completed on J0 in 0.64s, 2 tests
   [junit4] 
   [junit4] Suite: org.apache.lucene.index.TestDocsAndPositions
   [junit4] Completed on J0 in 0.55s, 6 tests
   [junit4] 
   [junit4] Suite: org.apache.lucene.index.TestBagOfPostings
   [junit4] Completed on J0 in 9.61s, 1 test
   [junit4] 
   [junit4] Suite: org.apache.lucene.index.TestTermVectorsWriter
   [junit4] Completed on J0 in 0.15s, 13 tests
   [junit4] 
   [junit4] Suite: org.apache.lucene.index.TestOmitPositions
   [junit4] Completed on J0 in 0.19s, 4 tests
   [junit4] 
   [junit4] Suite: org.apache.lucene.search.payloads.TestPayloadExplanations
   [junit4] Completed on J0 in 0.26s, 5 tests
   [junit4] 
   [junit4] Suite: org.apache.lucene.util.TestBytesRefHash
   [junit4] Completed on J0 in 2.12s, 8 tests
   [junit4] 
   [junit4] Suite: org.apache.lucene.index.TestThreadedForceMerge
   [junit4] Completed on J0 in 0.57s, 1 test
   [junit4] 
   [junit4] Suite: org.apache.lucene.index.TestStressNRT
   [junit4] Completed on J0 in 3.37s, 1 test
   [junit4] 
   [junit4] Suite: org.apache.lucene.index.TestIndexInput
   [junit4] Completed on J0 in 0.82s, 3 tests
   [junit4] 
   [junit4] Suite: org.apache.lucene.store.TestCopyBytes
   [junit4] Completed on J0 in 1.45s, 2 tests
   [junit4] 
   [junit4] Suite: org.apache.lucene.search.TestSloppyPhraseQuery2
   [junit4] Completed on J0 in 1.01s, 9 tests
   [junit4] 
   [junit4] Suite: org.apache.lucene.index.TestOmitTf
   [junit4] Completed on J0 in 0.17s, 6 tests
   [junit4] 
   [junit4] Suite: org.apache.lucene.search.TestSameScoresWithThreads
   [junit4] Completed on J0 in 0.97s, 1 test
   [junit4] 
   [junit4] Suite: org.apache.lucene.search.TestQueryWrapperFilter
   [junit4] Completed on J0 in 0.41s, 3 tests
   [junit4] 
   [junit4] Suite: org.apache.lucene.search.TestTermRangeQuery
   [junit4] Completed on J0 in 0.17s, 7 tests
   [junit4] 
   [junit4] Suite: org.apache.lucene.index.TestDocumentWriter
   [junit4] Completed on J0 in 0.16s, 7 tests
   [junit4] 
   [junit4] Suite: org.apache.lucene.search.TestScorerPerf
   [junit4] Completed on J0 in 38.79s, 1 test
   [junit4] 
   [junit4] Suite: org.apache.lucene.search.TestLiveFieldValues
   [junit4] Completed on J0 in 0.42s, 1 test
   [junit4] 
   [junit4] Suite: org.apache.lucene.index.TestForTooMuchCloning
   [junit4] Completed on J0 in 0.07s, 1 test
   [junit4] 
   [junit4] Suite: org.apache.lucene.search.TestFuzzyQuery
   [junit4] Completed on J0 in 0.24s, 6 tests
   [junit4] 
   [junit4] Suite: org.apache.lucene.index.TestDoc
   [junit4] Completed on J0 in 0.10s, 1 test
   [junit4] 
   [junit4] Suite: org.apache.lucene.search.TestWildcard
   [junit4] Completed on J0 in 0.19s, 8 tests
   [junit4] 
   [junit4] Suite: org.apache.lucene.search.similarities.TestSimilarity2
   [junit4] Completed on J0 in 0.11s, 7 tests
   [junit4] 
   [junit4] Suite: org.apache.lucene.search.TestTermRangeFilter
   [junit4] Completed on J0 in 0.58s, 3 tests
   [junit4] 
   [junit4] Suite: org.apache.lucene.TestExternalCodecs
   [junit4] Completed on J0 in 0.21s, 1 test
   [junit4] 
   [junit4] Suite: org.apache.lucene.search.TestRegexpQuery
   [junit4] Completed on J0 in 0.05s, 7 tests
   [junit4] 
   [junit4] Suite: org.apache.lucene.index.TestTermVectorsReader
   [junit4] Completed on J0 in 0.07s, 6 tests
   [junit4] 
   [junit4] Suite: org.apache.lucene.index.TestUniqueTermCount
   [junit4] Completed on J0 in 0.04s, 1 test
   [junit4] 
   [junit4] Suite: org.apache.lucene.search.TestBooleanQuery
   [junit4] Completed on J0 in 0.19s, 6 tests
   [junit4] 
   [junit4] Suite: org.apache.lucene.search.TestComplexExplanationsOfNonMatches
   [junit4] Completed on J0 in 0.08s, 22 tests
   [junit4] 
   [junit4] Suite: org.apache.lucene.util.automaton.TestBasicOperations
   [junit4] Completed on J0 in 0.67s, 8 tests
   [junit4] 
   [junit4] Suite: org.apache.lucene.search.TestSortRandom
   [junit4] Completed on J0 in 0.34s, 1 test
   [junit4] 
   [junit4] Suite: org.apache.lucene.index.TestPrefixCodedTerms
   [junit4] Completed on J0 in 0.28s, 6 tests
   [junit4] 
   [junit4] Suite: org.apache.lucene.codecs.lucene41.TestForUtil
   [junit4] Completed on J0 in 0.09s, 1 test
   [junit4] 
   [junit4] Suite: org.apache.lucene.document.TestDocument
   [junit4] Completed on J0 in 0.07s, 10 tests
   [junit4] 
   [junit4] Suite: org.apache.lucene.search.TestTermScorer
   [junit4] Completed on J0 in 0.05s, 3 tests
   [junit4] 
   [junit4] Suite: org.apache.lucene.index.TestSumDocFreq
   [junit4] Completed on J0 in 0.18s, 1 test
   [junit4] 
   [junit4] Suite: org.apache.lucene.index.TestIndexableField
   [junit4] Completed on J0 in 0.43s, 1 test
   [junit4] 
   [junit4] Suite: org.apache.lucene.search.TestDocValuesScoring
   [junit4] Completed on J0 in 0.06s, 1 test
   [junit4] 
   [junit4] Suite: org.apache.lucene.store.TestWindowsMMap
   [junit4] Completed on J0 in 0.23s, 1 test
   [junit4] 
   [junit4] Suite: org.apache.lucene.util.junitcompat.TestExceptionInBeforeClassHooks
   [junit4] Completed on J0 in 0.10s, 3 tests
   [junit4] 
   [junit4] Suite: org.apache.lucene.search.spans.TestSpanMultiTermQueryWrapper
   [junit4] Completed on J0 in 0.22s, 4 tests
   [junit4] 
   [junit4] Suite: org.apache.lucene.TestSearchForDuplicates
   [junit4] Completed on J0 in 0.10s, 1 test
   [junit4] 
   [junit4] Suite: org.apache.lucene.util.junitcompat.TestSystemPropertiesInvariantRule
   [junit4] Completed on J0 in 0.10s, 5 tests
   [junit4] 
   [junit4] Suite: org.apache.lucene.index.TestSizeBoundedForceMerge
   [junit4] Completed on J0 in 0.07s, 11 tests
   [junit4] 
   [junit4] Suite: org.apache.lucene.util.automaton.TestCompiledAutomaton
   [junit4] Completed on J0 in 0.24s, 2 tests
   [junit4] 
   [junit4] Suite: org.apache.lucene.search.TestMatchAllDocsQuery
   [junit4] Completed on J0 in 0.05s, 2 tests
   [junit4] 
   [junit4] Suite: org.apache.lucene.search.TestPrefixQuery
   [junit4] Completed on J0 in 0.04s, 1 test
   [junit4] 
   [junit4] Suite: org.apache.lucene.util.junitcompat.TestBeforeAfterOverrides
   [junit4] Completed on J0 in 0.05s, 2 tests
   [junit4] 
   [junit4] Suite: org.apache.lucene.search.TestElevationComparator
   [junit4] Completed on J0 in 0.03s, 1 test
   [junit4] 
   [junit4] Suite: org.apache.lucene.index.TestBinaryTerms
   [junit4] Completed on J0 in 0.08s, 2 tests
   [junit4] 
   [junit4] Suite: org.apache.lucene.search.TestSubScorerFreqs
   [junit4] Completed on J0 in 0.03s, 3 tests
   [junit4] 
   [junit4] Suite: org.apache.lucene.index.TestIndexWriterConfig
   [junit4] Completed on J0 in 0.06s, 9 tests
   [junit4] 
   [junit4] Suite: org.apache.lucene.search.TestMultiTermQueryRewrites
   [junit4] Completed on J0 in 0.04s, 3 tests
   [junit4] 
   [junit4] Suite: org.apache.lucene.search.TestPositionIncrement
   [junit4] Completed on J0 in 0.03s, 2 tests
   [junit4] 
   [junit4] Suite: org.apache.lucene.util.junitcompat.TestSameRandomnessLocalePassedOrNot
   [junit4] Completed on J0 in 0.07s, 1 test
   [junit4] 
   [junit4] Suite: org.apache.lucene.document.TestField
   [junit4] Completed on J0 in 0.06s, 18 tests
   [junit4] 
   [junit4] Suite: org.apache.lucene.search.TestDateSort
   [junit4] Completed on J0 in 0.02s, 1 test
   [junit4] 
   [junit4] Suite: org.apache.lucene.search.spans.TestSpanExplanationsOfNonMatches
   [junit4] Completed on J0 in 0.09s, 31 tests
   [junit4] 
   [junit4] Suite: org.apache.lucene.util.TestRollingBuffer
   [junit4] Completed on J0 in 0.69s, 1 test
   [junit4] 
   [junit4] Suite: org.apache.lucene.search.TestSimilarityProvider
   [junit4] Completed on J0 in 0.02s, 1 test
   [junit4] 
   [junit4] Suite: org.apache.lucene.util.TestSetOnce
   [junit4] Completed on J0 in 0.03s, 4 tests
   [junit4] 
   [junit4] Suite: org.apache.lucene.index.TestFilterAtomicReader
   [junit4] Completed on J0 in 0.03s, 2 tests
   [junit4] 
   [junit4] Suite: org.apache.lucene.TestSearch
   [junit4] Completed on J0 in 0.04s, 2 tests
   [junit4] 
   [junit4] Suite: org.apache.lucene.analysis.TestCachingTokenFilter
   [junit4] Completed on J0 in 0.07s, 1 test
   [junit4] 
   [junit4] Suite: org.apache.lucene.search.spans.TestSpansAdvanced
   [junit4] Completed on J0 in 0.04s, 1 test
   [junit4] 
   [junit4] Suite: org.apache.lucene.document.TestDateTools
   [junit4] Completed on J0 in 0.04s, 5 tests
   [junit4] 
   [junit4] Suite: org.apache.lucene.util.TestCharsRef
   [junit4] Completed on J0 in 0.04s, 8 tests
   [junit4] 
   [junit4] Suite: org.apache.lucene.util.TestPriorityQueue
   [junit4] Completed on J0 in 0.05s, 4 tests
   [junit4] 
   [junit4] Suite: org.apache.lucene.index.Test2BPostings
   [junit4] IGNOR/A 0.00s J0 | Test2BPostings.test
   [junit4]    > Assumption #1: 'nightly' test group is disabled (@Nightly)
   [junit4] Completed on J0 in 0.02s, 1 test, 1 skipped
   [junit4] 
   [junit4] Suite: org.apache.lucene.index.TestDocCount
   [junit4] Completed on J0 in 0.09s, 1 test
   [junit4] 
   [junit4] Suite: org.apache.lucene.document.TestBinaryDocument
   [junit4] Completed on J0 in 0.02s, 2 tests
   [junit4] 
   [junit4] Suite: org.apache.lucene.search.TestAutomatonQueryUnicode
   [junit4] Completed on J0 in 0.02s, 1 test
   [junit4] 
   [junit4] Suite: org.apache.lucene.search.TestFieldCacheTermsFilter
   [junit4] Completed on J0 in 0.03s, 1 test
   [junit4] 
   [junit4] Suite: org.apache.lucene.util.junitcompat.TestFailOnFieldCacheInsanity
   [junit4] Completed on J0 in 0.03s, 1 test
   [junit4] 
   [junit4] Suite: org.apache.lucene.util.TestRecyclingByteBlockAllocator
   [junit4] Completed on J0 in 0.04s, 3 tests
   [junit4] 
   [junit4] Suite: org.apache.lucene.store.TestMockDirectoryWrapper
   [junit4] Completed on J0 in 0.02s, 3 tests
   [junit4] 
   [junit4] Suite: org.apache.lucene.util.TestRamUsageEstimator
   [junit4] Completed on J0 in 0.02s, 3 tests
   [junit4] 
   [junit4] Suite: org.apache.lucene.util.junitcompat.TestFailIfUnreferencedFiles
   [junit4] Completed on J0 in 0.02s, 1 test
   [junit4] 
   [junit4] Suite: org.apache.lucene.util.junitcompat.TestJUnitRuleOrder
   [junit4] Completed on J0 in 0.02s, 1 test
   [junit4] 
   [junit4] Suite: org.apache.lucene.index.TestNoMergePolicy
   [junit4] Completed on J0 in 0.02s, 4 tests
   [junit4] 
   [junit4] Suite: org.apache.lucene.util.TestNamedSPILoader
   [junit4] Completed on J0 in 0.02s, 3 tests
   [junit4] 
   [junit4] Suite: org.apache.lucene.index.TestIndexWriterLockRelease
   [junit4] Completed on J0 in 0.02s, 1 test
   [junit4] 
   [junit4] Suite: org.apache.lucene.util.TestByteBlockPool
   [junit4] Completed on J0 in 0.09s, 1 test
   [junit4] 
   [junit4] Suite: org.apache.lucene.util.TestBytesRef
   [junit4] Completed on J0 in 0.02s, 5 tests
   [junit4] 
   [junit4] Suite: org.apache.lucene.analysis.TestCharFilter
   [junit4] Completed on J0 in 0.02s, 4 tests
   [junit4] 
   [junit4] Suite: org.apache.lucene.search.TestExplanations
   [junit4] Completed on J0 in 0.02s, 1 test
   [junit4] 
   [junit4] Suite: org.apache.lucene.index.TestIndexWriterOnJRECrash
   [junit4] IGNOR/A 0.00s J0 | TestIndexWriterOnJRECrash.testNRTThreads
   [junit4]    > Assumption #1: 'nightly' test group is disabled (@Nightly)
   [junit4] Completed on J0 in 0.02s, 1 test, 1 skipped
   [junit4] 
   [junit4] Suite: org.apache.lucene.util.TestVersion
   [junit4] Completed on J0 in 0.02s, 3 tests
   [junit4] 
   [junit4] Suite: org.apache.lucene.index.TestReaderClosed
   [junit4] Completed on J0 in 0.07s, 2 tests
   [junit4] 
   [junit4] Suite: org.apache.lucene.search.MultiCollectorTest
   [junit4] Completed on J0 in 0.02s, 3 tests
   [junit4] 
   [junit4] Suite: org.apache.lucene.search.TestDocBoost
   [junit4] Completed on J0 in 0.02s, 1 test
   [junit4] 
   [junit4] Suite: org.apache.lucene.search.TestScoreCachingWrappingScorer
   [junit4] Completed on J0 in 0.02s, 1 test
   [junit4] 
   [junit4] Suite: org.apache.lucene.util.junitcompat.TestFailIfDirectoryNotClosed
   [junit4] Completed on J0 in 0.02s, 1 test
   [junit4] 
   [junit4] Suite: org.apache.lucene.analysis.tokenattributes.TestSimpleAttributeImpl
   [junit4] Completed on J0 in 0.02s, 1 test
   [junit4] 
   [junit4] Suite: org.apache.lucene.index.TestTermdocPerf
   [junit4] Completed on J0 in 0.02s, 1 test
   [junit4] 
   [junit4] Suite: org.apache.lucene.index.TestTerm
   [junit4] Completed on J0 in 0.02s, 1 test
   [junit4] 
   [junit4] Suite: org.apache.lucene.index.Test2BPostingsBytes
   [junit4] Completed on J0 in 0.01s, 1 test, 1 skipped
   [junit4] 
   [junit4] Suite: org.apache.lucene.search.TestPositiveScoresOnlyCollector
   [junit4] Completed on J0 in 0.02s, 1 test
   [junit4] 
   [junit4] Suite: org.apache.lucene.index.TestNewestSegment
   [junit4] Completed on J0 in 0.02s, 1 test
   [junit4] 
   [junit4] Suite: org.apache.lucene.index.Test2BNumericDocValues
   [junit4] Completed on J0 in 0.00s, 0 tests
   [junit4] 
   [junit4] Suite: org.apache.lucene.index.Test2BSortedDocValues
   [junit4] Completed on J0 in 0.00s, 0 tests
   [junit4] 
   [junit4] Suite: org.apache.lucene.util.fst.Test2BFST
   [junit4] Completed on J0 in 0.00s, 0 tests
   [junit4] 
   [junit4] Suite: org.apache.lucene.codecs.lucene3x.TestImpersonation
   [junit4] Completed on J0 in 0.02s, 1 test
   [junit4] 
   [junit4] Suite: org.apache.lucene.codecs.lucene3x.TestLucene3xPostingsFormat
   [junit4] Completed on J0 in 2.74s, 7 tests
   [junit4] 
   [junit4] Suite: org.apache.lucene.codecs.lucene3x.TestLucene3xStoredFieldsFormat
   [junit4] IGNOR/A 0.01s J0 | TestLucene3xStoredFieldsFormat.testWriteReadMerge
   [junit4]    > Assumption #1: impersonation isnt good enough
   [junit4] IGNOR/A 0.00s J0 | TestLucene3xStoredFieldsFormat.testBigDocuments
   [junit4]    > Assumption #1: 'nightly' test group is disabled (@Nightly)
   [junit4] Completed on J0 in 14.86s, 10 tests, 2 skipped
   [junit4] 
   [junit4] Suite: org.apache.lucene.codecs.lucene3x.TestLucene3xTermVectorsFormat
   [junit4] Completed on J0 in 7.81s, 7 tests
   [junit4] 
   [junit4] Suite: org.apache.lucene.codecs.lucene41.TestLucene41StoredFieldsFormat
   [junit4] IGNOR/A 0.00s J0 | TestLucene41StoredFieldsFormat.testBigDocuments
   [junit4]    > Assumption #1: 'nightly' test group is disabled (@Nightly)
   [junit4] Completed on J0 in 2.75s, 10 tests, 1 skipped
   [junit4] 
   [junit4] Suite: org.apache.lucene.codecs.lucene45.TestLucene45DocValuesFormat
   [junit4] IGNOR/A 0.00s J0 | TestLucene45DocValuesFormat.testHugeBinaryValueLimit
   [junit4]    > Assumption #1: test requires codec with limits on max binary field length
   [junit4] Completed on J0 in 21.14s, 77 tests, 1 skipped
   [junit4] 
   [junit4] Suite: org.apache.lucene.index.TestBackwardsCompatibility3x
   [junit4] Completed on J0 in 5.10s, 16 tests
   [junit4] 
   [junit4] Suite: org.apache.lucene.index.TestIndexWriterOutOfFileDescriptors
   [junit4] Completed on J0 in 4.83s, 1 test
   [junit4] 
   [junit4] Suite: org.apache.lucene.search.TestEarlyTermination
   [junit4] Completed on J0 in 0.19s, 1 test
   [junit4] 
   [junit4] Suite: org.apache.lucene.search.TestIndexSearcher
   [junit4] Completed on J0 in 0.08s, 2 tests
   [junit4] 
   [junit4] Suite: org.apache.lucene.store.TestRateLimiter
   [junit4] Completed on J0 in 1.22s, 1 test
   [junit4] 
   [junit4] Suite: org.apache.lucene.util.TestDocIdBitSet
   [junit4] Completed on J0 in 0.99s, 4 tests
   [junit4] 
   [junit4] Suite: org.apache.lucene.util.TestIntroSorter
   [junit4] Completed on J0 in 0.09s, 9 tests
   [junit4] 
   [junit4] Suite: org.apache.lucene.util.TestTimSorter
   [junit4] Completed on J0 in 0.08s, 9 tests
   [junit4] 
   [junit4] Suite: org.apache.lucene.util.packed.TestEliasFanoDocIdSet
   [junit4] Completed on J0 in 0.71s, 4 tests
   [junit4] 
   [junit4] Suite: org.apache.lucene.util.packed.TestEliasFanoSequence
   [junit4] Completed on J0 in 2.58s, 13 tests
   [junit4] 
   [junit4] JVM J0:     0.85 ..   913.24 =   912.39s
   [junit4] Execution time total: 15 minutes 13 seconds
   [junit4] ERROR: JVM J1 ended with an exception, command line: /var/lib/jenkins/tools/java/32bit/jdk1.6.0_45/jre/bin/java -client -XX:+UseConcMarkSweepGC -XX:+HeapDumpOnOutOfMemoryError -XX:HeapDumpPath=/mnt/ssd/jenkins/workspace/Lucene-Solr-4.x-Linux/heapdumps -Dtests.prefix=tests -Dtests.seed=4B7F292A927C08A -Xmx512M -Dtests.iters= -Dtests.verbose=false -Dtests.infostream=false -Dtests.codec=random -Dtests.postingsformat=random -Dtests.docvaluesformat=random -Dtests.locale=random -Dtests.timezone=random -Dtests.directory=random -Dtests.linedocsfile=europarl.lines.txt.gz -Dtests.luceneMatchVersion=4.6 -Dtests.cleanthreads=perMethod -Djava.util.logging.config.file=/mnt/ssd/jenkins/workspace/Lucene-Solr-4.x-Linux/lucene/tools/junit4/logging.properties -Dtests.nightly=false -Dtests.weekly=false -Dtests.slow=true -Dtests.asserts.gracious=false -Dtests.multiplier=3 -DtempDir=. -Djava.io.tmpdir=. -Djunit4.tempDir=/mnt/ssd/jenkins/workspace/Lucene-Solr-4.x-Linux/lucene/build/core/test/temp -Dclover.db.dir=/mnt/ssd/jenkins/workspace/Lucene-Solr-4.x-Linux/lucene/build/clover/db -Djava.security.manager=org.apache.lucene.util.TestSecurityManager -Djava.security.policy=/mnt/ssd/jenkins/workspace/Lucene-Solr-4.x-Linux/lucene/tools/junit4/tests.policy -Dlucene.version=4.6-SNAPSHOT -Djetty.testMode=1 -Djetty.insecurerandom=1 -Dsolr.directoryFactory=org.apache.solr.core.MockDirectoryFactory -Djava.awt.headless=true -Dtests.disableHdfs=true -Dfile.encoding=US-ASCII -classpath /mnt/ssd/jenkins/workspace/Lucene-Solr-4.x-Linux/lucene/build/test-framework/classes/java:/mnt/ssd/jenkins/workspace/Lucene-Solr-4.x-Linux/lucene/build/codecs/classes/java:/mnt/ssd/jenkins/workspace/Lucene-Solr-4.x-Linux/lucene/test-framework/lib/junit-4.10.jar:/mnt/ssd/jenkins/workspace/Lucene-Solr-4.x-Linux/lucene/test-framework/lib/randomizedtesting-runner-2.0.10.jar:/mnt/ssd/jenkins/workspace/Lucene-Solr-4.x-Linux/lucene/build/core/classes/java:/mnt/ssd/jenkins/workspace/Lucene-Solr-4.x-Linux/lucene/build/core/classes/test:/var/lib/jenkins/tools/hudson.tasks.Ant_AntInstallation/ANT_1.8.2/lib/ant-launcher.jar:/var/lib/jenkins/.ant/lib/ivy-2.3.0.jar:/var/lib/jenkins/tools/hudson.tasks.Ant_AntInstallation/ANT_1.8.2/lib/ant-jai.jar:/var/lib/jenkins/tools/hudson.tasks.Ant_AntInstallation/ANT_1.8.2/lib/ant-swing.jar:/var/lib/jenkins/tools/hudson.tasks.Ant_AntInstallation/ANT_1.8.2/lib/ant-apache-oro.jar:/var/lib/jenkins/tools/hudson.tasks.Ant_AntInstallation/ANT_1.8.2/lib/ant-jmf.jar:/var/lib/jenkins/tools/hudson.tasks.Ant_AntInstallation/ANT_1.8.2/lib/ant-apache-xalan2.jar:/var/lib/jenkins/tools/hudson.tasks.Ant_AntInstallation/ANT_1.8.2/lib/ant-javamail.jar:/var/lib/jenkins/tools/hudson.tasks.Ant_AntInstallation/ANT_1.8.2/lib/ant-apache-resolver.jar:/var/lib/jenkins/tools/hudson.tasks.Ant_AntInstallation/ANT_1.8.2/lib/ant-testutil.jar:/var/lib/jenkins/tools/hudson.tasks.Ant_AntInstallation/ANT_1.8.2/lib/ant-commons-logging.jar:/var/lib/jenkins/tools/hudson.tasks.Ant_AntInstallation/ANT_1.8.2/lib/ant-apache-log4j.jar:/var/lib/jenkins/tools/hudson.tasks.Ant_AntInstallation/ANT_1.8.2/lib/ant-junit.jar:/var/lib/jenkins/tools/hudson.tasks.Ant_AntInstallation/ANT_1.8.2/lib/ant-jsch.jar:/var/lib/jenkins/tools/hudson.tasks.Ant_AntInstallation/ANT_1.8.2/lib/ant-commons-net.jar:/var/lib/jenkins/tools/hudson.tasks.Ant_AntInstallation/ANT_1.8.2/lib/ant-apache-bsf.jar:/var/lib/jenkins/tools/hudson.tasks.Ant_AntInstallation/ANT_1.8.2/lib/ant-jdepend.jar:/var/lib/jenkins/tools/hudson.tasks.Ant_AntInstallation/ANT_1.8.2/lib/ant-netrexx.jar:/var/lib/jenkins/tools/hudson.tasks.Ant_AntInstallation/ANT_1.8.2/lib/ant-apache-regexp.jar:/var/lib/jenkins/tools/hudson.tasks.Ant_AntInstallation/ANT_1.8.2/lib/ant-junit4.jar:/var/lib/jenkins/tools/hudson.tasks.Ant_AntInstallation/ANT_1.8.2/lib/ant.jar:/var/lib/jenkins/tools/hudson.tasks.Ant_AntInstallation/ANT_1.8.2/lib/ant-apache-bcel.jar:/var/lib/jenkins/tools/hudson.tasks.Ant_AntInstallation/ANT_1.8.2/lib/ant-antlr.jar:/var/lib/jenkins/tools/java/32bit/jdk1.6.0_45/lib/tools.jar:/var/lib/jenkins/.ivy2/cache/com.carrotsearch.randomizedtesting/junit4-ant/jars/junit4-ant-2.0.10.jar -ea:org.apache.lucene... -ea:org.apache.solr... com.carrotsearch.ant.tasks.junit4.slave.SlaveMainSafe -eventsfile /mnt/ssd/jenkins/workspace/Lucene-Solr-4.x-Linux/lucene/build/core/test/temp/junit4-J1-20130922_143530_945.events @/mnt/ssd/jenkins/workspace/Lucene-Solr-4.x-Linux/lucene/build/core/test/temp/junit4-J1-20130922_143530_945.suites
   [junit4] ERROR: JVM J1 ended with an exception: Forked process returned with error code: 134. Very likely a JVM crash.  Process output piped in logs above.
   [junit4] 	at com.carrotsearch.ant.tasks.junit4.JUnit4.executeSlave(JUnit4.java:1254)
   [junit4] 	at com.carrotsearch.ant.tasks.junit4.JUnit4.access$000(JUnit4.java:67)
   [junit4] 	at com.carrotsearch.ant.tasks.junit4.JUnit4$2.call(JUnit4.java:822)
   [junit4] 	at com.carrotsearch.ant.tasks.junit4.JUnit4$2.call(JUnit4.java:819)
   [junit4] 	at java.util.concurrent.FutureTask$Sync.innerRun(FutureTask.java:303)
   [junit4] 	at java.util.concurrent.FutureTask.run(FutureTask.java:138)
   [junit4] 	at java.util.concurrent.ThreadPoolExecutor$Worker.runTask(ThreadPoolExecutor.java:895)
   [junit4] 	at java.util.concurrent.ThreadPoolExecutor$Worker.run(ThreadPoolExecutor.java:918)
   [junit4] 	at java.lang.Thread.run(Thread.java:662)

BUILD FAILED
/mnt/ssd/jenkins/workspace/Lucene-Solr-4.x-Linux/build.xml:427: The following error occurred while executing this line:
/mnt/ssd/jenkins/workspace/Lucene-Solr-4.x-Linux/build.xml:407: The following error occurred while executing this line:
/mnt/ssd/jenkins/workspace/Lucene-Solr-4.x-Linux/build.xml:39: The following error occurred while executing this line:
/mnt/ssd/jenkins/workspace/Lucene-Solr-4.x-Linux/lucene/build.xml:49: The following error occurred while executing this line:
/mnt/ssd/jenkins/workspace/Lucene-Solr-4.x-Linux/lucene/common-build.xml:1233: The following error occurred while executing this line:
/mnt/ssd/jenkins/workspace/Lucene-Solr-4.x-Linux/lucene/common-build.xml:876: At least one slave process threw an exception, first: Forked process returned with error code: 134. Very likely a JVM crash.  Process output piped in logs above.

Total time: 15 minutes 29 seconds
Build step 'Invoke Ant' marked build as failure
Description set: Java: 32bit/jdk1.6.0_45 -client -XX:+UseConcMarkSweepGC
Archiving artifacts
Recording test results
Email was triggered for: Failure
Sending email for trigger: Failure
Sending email to: dev@lucene.apache.org
Executing pre-send script
[Email-ext] Notification email body length: 6709
Finished: FAILURE
