Executing 1 suite with 1 JVM.
Running org.apache.lucene.analysis.core.TestRandomChains
FAILURE 7.22s | TestRandomChains.testRandomChains
   > Throwable #1: java.lang.AssertionError: endOffset 1 expected:<7> but was:<8>
   > 	at __randomizedtesting.SeedInfo.seed([88CA02C2BB7B1DA:356D894D6CA5AC1A]:0)
   > 	at org.junit.Assert.fail(Assert.java:93)
   > 	at org.junit.Assert.failNotEquals(Assert.java:647)
   > 	at org.junit.Assert.assertEquals(Assert.java:128)
   > 	at org.junit.Assert.assertEquals(Assert.java:472)
   > 	at org.apache.lucene.analysis.BaseTokenStreamTestCase.assertTokenStreamContents(BaseTokenStreamTestCase.java:165)
   > 	at org.apache.lucene.analysis.BaseTokenStreamTestCase.checkAnalysisConsistency(BaseTokenStreamTestCase.java:662)
   > 	at org.apache.lucene.analysis.BaseTokenStreamTestCase.checkRandomData(BaseTokenStreamTestCase.java:486)
   > 	at org.apache.lucene.analysis.BaseTokenStreamTestCase.checkRandomData(BaseTokenStreamTestCase.java:429)
   > 	at org.apache.lucene.analysis.core.TestRandomChains.testRandomChains(TestRandomChains.java:820)
   > 	at sun.reflect.NativeMethodAccessorImpl.invoke0(Native Method)
   > 	at sun.reflect.NativeMethodAccessorImpl.invoke(NativeMethodAccessorImpl.java:39)
   > 	at sun.reflect.DelegatingMethodAccessorImpl.invoke(DelegatingMethodAccessorImpl.java:25)
   > 	at java.lang.reflect.Method.invoke(Method.java:597)
   > 	at com.carrotsearch.randomizedtesting.RandomizedRunner.invoke(RandomizedRunner.java:1844)
   > 	at com.carrotsearch.randomizedtesting.RandomizedRunner.access$1000(RandomizedRunner.java:142)
   > 	at com.carrotsearch.randomizedtesting.RandomizedRunner$6.evaluate(RandomizedRunner.java:748)
   > 	at com.carrotsearch.randomizedtesting.RandomizedRunner$7.evaluate(RandomizedRunner.java:809)
   > 	at com.carrotsearch.randomizedtesting.RandomizedRunner$8.evaluate(RandomizedRunner.java:823)
   > 	at org.apache.lucene.util.LuceneTestCase$SubclassSetupTeardownRule$1.evaluate(LuceneTestCase.java:758)
   > 	at org.apache.lucene.util.LuceneTestCase$InternalSetupTeardownRule$1.evaluate(LuceneTestCase.java:680)
   > 	at org.apache.lucene.util.SystemPropertiesInvariantRule$1.evaluate(SystemPropertiesInvariantRule.java:69)
   > 	at org.apache.lucene.util.LuceneTestCase$TestResultInterceptorRule$1.evaluate(LuceneTestCase.java:613)
   > 	at org.apache.lucene.util.UncaughtExceptionsRule$1.evaluate(UncaughtExceptionsRule.java:75)
   > 	at org.apache.lucene.util.LuceneTestCase$SaveThreadAndTestNameRule$1.evaluate(LuceneTestCase.java:652)
   > 	at com.carrotsearch.randomizedtesting.RandomizedRunner.runSingleTest(RandomizedRunner.java:755)
   > 	at com.carrotsearch.randomizedtesting.RandomizedRunner.access$600(RandomizedRunner.java:142)
   > 	at com.carrotsearch.randomizedtesting.RandomizedRunner$3$1.run(RandomizedRunner.java:606)
   > 	at com.carrotsearch.randomizedtesting.RandomizedRunner$3.evaluate(RandomizedRunner.java:625)
   > 	at com.carrotsearch.randomizedtesting.RandomizedRunner$4.evaluate(RandomizedRunner.java:661)
   > 	at com.carrotsearch.randomizedtesting.RandomizedRunner$5.evaluate(RandomizedRunner.java:672)
   > 	at org.apache.lucene.util.UncaughtExceptionsRule$1.evaluate(UncaughtExceptionsRule.java:75)
   > 	at org.apache.lucene.util.StoreClassNameRule$1.evaluate(StoreClassNameRule.java:38)
   > 	at org.apache.lucene.util.SystemPropertiesInvariantRule$1.evaluate(SystemPropertiesInvariantRule.java:69)
   > 	at com.carrotsearch.randomizedtesting.RandomizedRunner.runSuite(RandomizedRunner.java:553)
   > 	at com.carrotsearch.randomizedtesting.RandomizedRunner.access$400(RandomizedRunner.java:142)
   > 	at com.carrotsearch.randomizedtesting.RandomizedRunner$2.run(RandomizedRunner.java:499)
   > 
  2> TEST FAIL: useCharFilter=false text='wmgddzunizdomqyj'
  2> Exception from random analyzer: 
  2> charfilters=
  2>   org.apache.lucene.analysis.MockCharFilter(java.io.StringReader@a56c234, 0)
  2>   org.apache.lucene.analysis.charfilter.MappingCharFilter(org.apache.lucene.analysis.charfilter.NormalizeCharMap@45e7e939, org.apache.lucene.analysis.MockCharFilter@7c80c109)
  2> tokenizer=
  2>   org.apache.lucene.analysis.MockTokenizer(org.apache.lucene.analysis.core.TestRandomChains$CheckThatYouDidntReadAnythingReaderWrapper@690175ba, initial state: 0
  2> state 0 [reject]:
  2>  a -> 1
  2>  b -> 2
  2>  f -> 3
  2>  i -> 4
  2>  n -> 5
  2>  o -> 6
  2>  s -> 7
  2>  t -> 8
  2>  w -> 9
  2> state 1 [accept]:
  2>  n -> 10
  2>  r -> 11
  2>  s -> 12
  2>  t -> 13
  2> state 2 [reject]:
  2>  e -> 14
  2>  u -> 15
  2>  y -> 16
  2> state 3 [reject]:
  2>  o -> 17
  2> state 4 [reject]:
  2>  f -> 18
  2>  n -> 19
  2>  s -> 20
  2>  t -> 21
  2> state 5 [reject]:
  2>  o -> 22
  2> state 6 [reject]:
  2>  f -> 23
  2>  n -> 24
  2>  r -> 25
  2> state 7 [reject]:
  2>  u -> 26
  2> state 8 [reject]:
  2>  h -> 27
  2>  o -> 28
  2> state 9 [reject]:
  2>  a -> 29
  2>  i -> 30
  2> state 10 [accept]:
  2>  d -> 31
  2> state 11 [reject]:
  2>  e -> 32
  2> state 12 [accept]:
  2> state 13 [accept]:
  2> state 14 [accept]:
  2> state 15 [reject]:
  2>  t -> 33
  2> state 16 [accept]:
  2> state 17 [reject]:
  2>  r -> 34
  2> state 18 [accept]:
  2> state 19 [accept]:
  2>  t -> 35
  2> state 20 [accept]:
  2> state 21 [accept]:
  2> state 22 [accept]:
  2>  t -> 36
  2> state 23 [accept]:
  2> state 24 [accept]:
  2> state 25 [accept]:
  2> state 26 [reject]:
  2>  c -> 37
  2> state 27 [reject]:
  2>  a -> 38
  2>  e -> 39
  2>  i -> 40
  2> state 28 [accept]:
  2> state 29 [reject]:
  2>  s -> 41
  2> state 30 [reject]:
  2>  l -> 42
  2>  t -> 43
  2> state 31 [accept]:
  2> state 32 [accept]:
  2> state 33 [accept]:
  2> state 34 [accept]:
  2> state 35 [reject]:
  2>  o -> 44
  2> state 36 [accept]:
  2> state 37 [reject]:
  2>  h -> 45
  2> state 38 [reject]:
  2>  t -> 46
  2> state 39 [accept]:
  2>  i -> 47
  2>  n -> 48
  2>  r -> 49
  2>  s -> 50
  2>  y -> 51
  2> state 40 [reject]:
  2>  s -> 52
  2> state 41 [accept]:
  2> state 42 [reject]:
  2>  l -> 53
  2> state 43 [reject]:
  2>  h -> 54
  2> state 44 [accept]:
  2> state 45 [accept]:
  2> state 46 [accept]:
  2> state 47 [reject]:
  2>  r -> 55
  2> state 48 [accept]:
  2> state 49 [reject]:
  2>  e -> 56
  2> state 50 [reject]:
  2>  e -> 57
  2> state 51 [accept]:
  2> state 52 [accept]:
  2> state 53 [accept]:
  2> state 54 [accept]:
  2> state 55 [accept]:
  2> state 56 [accept]:
  2> state 57 [accept]:
  2> , false, -65)
  2> filters=
  2>   org.apache.lucene.analysis.commongrams.CommonGramsFilter(LUCENE_40, org.apache.lucene.analysis.ValidatingTokenFilter@d1622caa, [jjp, wlmwoknt, tcgyreo])
  2> offsetsAreCorrect=false
  2> NOTE: reproduce with: ant test -Dtests.class=*.TestRandomChains -Dtests.method=testRandomChains -Dtests.seed=88CA02C2BB7B1DA -Dargs="-Dfile.encoding=UTF-8"
  2> NOTE: reproduce with: ant test -Dtests.class=*.TestRandomChains -Dtests.method=testRandomChains -Dtests.seed=88CA02C2BB7B1DA -Dargs="-Dfile.encoding=UTF-8"
  2>
   > (@AfterClass output)
  2> NOTE: test params are: codec=Lucene40: {}, sim=DefaultSimilarity, locale=es_DO, timezone=Pacific/Tarawa
  2> NOTE: all tests run in this JVM:
  2> [TestRandomChains]
  2> NOTE: Windows 7 6.1 amd64/Sun Microsystems Inc. 1.6.0_21 (64-bit)/cpus=8,threads=1,free=222513352,total=263520256
  2> 

Tests run:   1, Failures:   1, Errors:   0, Skipped:   0, Time:  7.59s <<< FAILURES!
 
