# JRE version: OpenJDK Runtime Environment (10.0.1+10) (build 10.0.1+10)
# Java VM: OpenJDK 64-Bit Server VM (10.0.1+10, mixed mode, tiered, compressed oops, concurrent mark sweep gc, linux-amd64)
Heap:
 par new generation   total 157248K, used 13294K [0x00000000e0000000, 0x00000000eaaa0000, 0x00000000eaaa0000)
  eden space 139776K,   2% used [0x00000000e0000000, 0x00000000e03ff300, 0x00000000e8880000)
  from space 17472K,  52% used [0x00000000e8880000, 0x00000000e917c6b0, 0x00000000e9990000)
  to   space 17472K,   0% used [0x00000000e9990000, 0x00000000e9990000, 0x00000000eaaa0000)
 concurrent mark-sweep generation total 349568K, used 207712K [0x00000000eaaa0000, 0x0000000100000000, 0x0000000100000000)
 Metaspace       used 155093K, capacity 157878K, committed 158456K, reserved 1189888K
  class space    used 16069K, capacity 17195K, committed 17320K, reserved 1048576K
GC Heap History (10 events):
Event: 1564.748 GC heap before
{Heap before GC invocations=3331 (full 61):
 par new generation   total 157248K, used 149273K [0x00000000e0000000, 0x00000000eaaa0000, 0x00000000eaaa0000)
  eden space 139776K, 100% used [0x00000000e0000000, 0x00000000e8880000, 0x00000000e8880000)
  from space 17472K,  54% used [0x00000000e8880000, 0x00000000e91c6498, 0x00000000e9990000)
  to   space 17472K,   0% used [0x00000000e9990000, 0x00000000e9990000, 0x00000000eaaa0000)
 concurrent mark-sweep generation total 349568K, used 207457K [0x00000000eaaa0000, 0x0000000100000000, 0x0000000100000000)
 Metaspace       used 155086K, capacity 157873K, committed 158456K, reserved 1189888K
  class space    used 16068K, capacity 17193K, committed 17320K, reserved 1048576K
}
Event: 1564.752 GC heap after
{Heap after GC invocations=3332 (full 61):
 par new generation   total 157248K, used 2009K [0x00000000e0000000, 0x00000000eaaa0000, 0x00000000eaaa0000)
  eden space 139776K,   0% used [0x00000000e0000000, 0x00000000e0000000, 0x00000000e8880000)
  from space 17472K,  11% used [0x00000000e9990000, 0x00000000e9b86650, 0x00000000eaaa0000)
  to   space 17472K,   0% used [0x00000000e8880000, 0x00000000e8880000, 0x00000000e9990000)
 concurrent mark-sweep generation total 349568K, used 207606K [0x00000000eaaa0000, 0x0000000100000000, 0x0000000100000000)
 Metaspace       used 155086K, capacity 157873K, committed 158456K, reserved 1189888K
  class space    used 16068K, capacity 17193K, committed 17320K, reserved 1048576K
}
Event: 1564.817 GC heap before
{Heap before GC invocations=3332 (full 61):
 par new generation   total 157248K, used 141785K [0x00000000e0000000, 0x00000000eaaa0000, 0x00000000eaaa0000)
  eden space 139776K, 100% used [0x00000000e0000000, 0x00000000e8880000, 0x00000000e8880000)
  from space 17472K,  11% used [0x00000000e9990000, 0x00000000e9b86650, 0x00000000eaaa0000)
  to   space 17472K,   0% used [0x00000000e8880000, 0x00000000e8880000, 0x00000000e9990000)
 concurrent mark-sweep generation total 349568K, used 207606K [0x00000000eaaa0000, 0x0000000100000000, 0x0000000100000000)
 Metaspace       used 155087K, capacity 157873K, committed 158456K, reserved 1189888K
  class space    used 16068K, capacity 17193K, committed 17320K, reserved 1048576K
}
Event: 1564.820 GC heap after
{Heap after GC invocations=3333 (full 61):
 par new generation   total 157248K, used 2634K [0x00000000e0000000, 0x00000000eaaa0000, 0x00000000eaaa0000)
  eden space 139776K,   0% used [0x00000000e0000000, 0x00000000e0000000, 0x00000000e8880000)
  from space 17472K,  15% used [0x00000000e8880000, 0x00000000e8b12bf8, 0x00000000e9990000)
  to   space 17472K,   0% used [0x00000000e9990000, 0x00000000e9990000, 0x00000000eaaa0000)
 concurrent mark-sweep generation total 349568K, used 207606K [0x00000000eaaa0000, 0x0000000100000000, 0x0000000100000000)
 Metaspace       used 155087K, capacity 157873K, committed 158456K, reserved 1189888K
  class space    used 16068K, capacity 17193K, committed 17320K, reserved 1048576K
}
Event: 1565.871 GC heap before
{Heap before GC invocations=3333 (full 61):
 par new generation   total 157248K, used 142410K [0x00000000e0000000, 0x00000000eaaa0000, 0x00000000eaaa0000)
  eden space 139776K, 100% used [0x00000000e0000000, 0x00000000e8880000, 0x00000000e8880000)
  from space 17472K,  15% used [0x00000000e8880000, 0x00000000e8b12bf8, 0x00000000e9990000)
  to   space 17472K,   0% used [0x00000000e9990000, 0x00000000e9990000, 0x00000000eaaa0000)
 concurrent mark-sweep generation total 349568K, used 207606K [0x00000000eaaa0000, 0x0000000100000000, 0x0000000100000000)
 Metaspace       used 155089K, capacity 157873K, committed 158456K, reserved 1189888K
  class space    used 16068K, capacity 17193K, committed 17320K, reserved 1048576K
}
Event: 1565.886 GC heap after
{Heap after GC invocations=3334 (full 61):
 par new generation   total 157248K, used 9423K [0x00000000e0000000, 0x00000000eaaa0000, 0x00000000eaaa0000)
  eden space 139776K,   0% used [0x00000000e0000000, 0x00000000e0000000, 0x00000000e8880000)
  from space 17472K,  53% used [0x00000000e9990000, 0x00000000ea2c3e08, 0x00000000eaaa0000)
  to   space 17472K,   0% used [0x00000000e8880000, 0x00000000e8880000, 0x00000000e9990000)
 concurrent mark-sweep generation total 349568K, used 207606K [0x00000000eaaa0000, 0x0000000100000000, 0x0000000100000000)
 Metaspace       used 155089K, capacity 157873K, committed 158456K, reserved 1189888K
  class space    used 16068K, capacity 17193K, committed 17320K, reserved 1048576K
}
Event: 1566.112 GC heap before
{Heap before GC invocations=3334 (full 61):
 par new generation   total 157248K, used 149199K [0x00000000e0000000, 0x00000000eaaa0000, 0x00000000eaaa0000)
  eden space 139776K, 100% used [0x00000000e0000000, 0x00000000e8880000, 0x00000000e8880000)
  from space 17472K,  53% used [0x00000000e9990000, 0x00000000ea2c3e08, 0x00000000eaaa0000)
  to   space 17472K,   0% used [0x00000000e8880000, 0x00000000e8880000, 0x00000000e9990000)
 concurrent mark-sweep generation total 349568K, used 207606K [0x00000000eaaa0000, 0x0000000100000000, 0x0000000100000000)
 Metaspace       used 155089K, capacity 157873K, committed 158456K, reserved 1189888K
  class space    used 16068K, capacity 17193K, committed 17320K, reserved 1048576K
}
Event: 1566.115 GC heap after
{Heap after GC invocations=3335 (full 61):
 par new generation   total 157248K, used 2124K [0x00000000e0000000, 0x00000000eaaa0000, 0x00000000eaaa0000)
  eden space 139776K,   0% used [0x00000000e0000000, 0x00000000e0000000, 0x00000000e8880000)
  from space 17472K,  12% used [0x00000000e8880000, 0x00000000e8a93128, 0x00000000e9990000)
  to   space 17472K,   0% used [0x00000000e9990000, 0x00000000e9990000, 0x00000000eaaa0000)
 concurrent mark-sweep generation total 349568K, used 207712K [0x00000000eaaa0000, 0x0000000100000000, 0x0000000100000000)
 Metaspace       used 155089K, capacity 157873K, committed 158456K, reserved 1189888K
  class space    used 16068K, capacity 17193K, committed 17320K, reserved 1048576K
}
Event: 1566.215 GC heap before
{Heap before GC invocations=3335 (full 61):
 par new generation   total 157248K, used 141900K [0x00000000e0000000, 0x00000000eaaa0000, 0x00000000eaaa0000)
  eden space 139776K, 100% used [0x00000000e0000000, 0x00000000e8880000, 0x00000000e8880000)
  from space 17472K,  12% used [0x00000000e8880000, 0x00000000e8a93128, 0x00000000e9990000)
  to   space 17472K,   0% used [0x00000000e9990000, 0x00000000e9990000, 0x00000000eaaa0000)
 concurrent mark-sweep generation total 349568K, used 207712K [0x00000000eaaa0000, 0x0000000100000000, 0x0000000100000000)
 Metaspace       used 155089K, capacity 157873K, committed 158456K, reserved 1189888K
  class space    used 16068K, capacity 17193K, committed 17320K, reserved 1048576K
}
Event: 1566.217 GC heap after
{Heap after GC invocations=3336 (full 61):
 par new generation   total 157248K, used 3000K [0x00000000e0000000, 0x00000000eaaa0000, 0x00000000eaaa0000)
  eden space 139776K,   0% used [0x00000000e0000000, 0x00000000e0000000, 0x00000000e8880000)
  from space 17472K,  17% used [0x00000000e9990000, 0x00000000e9c7e1b8, 0x00000000eaaa0000)
  to   space 17472K,   0% used [0x00000000e8880000, 0x00000000e8880000, 0x00000000e9990000)
 concurrent mark-sweep generation total 349568K, used 207712K [0x00000000eaaa0000, 0x0000000100000000, 0x0000000100000000)
 Metaspace       used 155089K, capacity 157873K, committed 158456K, reserved 1189888K
  class space    used 16068K, capacity 17193K, committed 17320K, reserved 1048576K
}

